#
# A fatal error has been detected by the Java Runtime Environment:
#
#  EXCEPTION_ACCESS_VIOLATION (0xc0000005) at pc=0x0000026ad1cbada4, pid=12864, tid=16300
#
# JRE version: OpenJDK Runtime Environment Temurin-21.0.2+13 (21.0.2+13) (build 21.0.2+13-LTS)
# Java VM: OpenJDK 64-Bit Server VM Temurin-21.0.2+13 (21.0.2+13-LTS, mixed mode, emulated-client, sharing, tiered, compressed oops, compressed class ptrs, g1 gc, windows-amd64)
# Problematic frame:
# v  ~BufferBlob::MethodHandles adapters 0x0000026ad1cbada4
#
# No core dump will be written. Minidumps are not enabled by default on client versions of Windows
#
# If you would like to submit a bug report, please visit:
#   https://github.com/adoptium/adoptium-support/issues
#

---------------  S U M M A R Y ------------

Command Line: -XX:+ShowCodeDetailsInExceptionMessages -agentlib:jdwp=transport=dt_socket,suspend=y,address=localhost:54730 -Dcom.sun.management.jmxremote -Dcom.sun.management.jmxremote.port=60285 -Dcom.sun.management.jmxremote.authenticate=false -Dcom.sun.management.jmxremote.ssl=false -Djava.rmi.server.hostname=localhost -Dspring.jmx.enabled=true -Dmanagement.endpoints.jmx.exposure.include=* -Dspring.application.admin.enabled=true -XX:TieredStopAtLevel=1 -Dspring.boot.project.name=KintaiSystem -javaagent:C:\pleiades\2024-03\eclipse\configuration\org.eclipse.osgi\251\0\.cp\lib\javaagent-shaded.jar -Dfile.encoding=UTF-8 -Dstdout.encoding=UTF-8 -Dstderr.encoding=UTF-8 com.example.SpringBootSampleApplication --spring.output.ansi.enabled=always

Host: 11th Gen Intel(R) Core(TM) i5-1135G7 @ 2.40GHz, 8 cores, 31G,  Windows 11 , 64 bit Build 26100 (10.0.26100.5074)
Time: Sun Sep 14 13:38:15 2025  Windows 11 , 64 bit Build 26100 (10.0.26100.5074) elapsed time: 52335.806892 seconds (0d 14h 32m 15s)

---------------  T H R E A D  ---------------

Current thread (0x0000026ae706ffb0):  JavaThread "http-nio-8080-exec-9" daemon [_thread_in_Java, id=16300, stack(0x000000fe61100000,0x000000fe61200000) (1024K)]

Stack: [0x000000fe61100000,0x000000fe61200000],  sp=0x000000fe611f83c8,  free space=992k
Native frames: (J=compiled Java code, j=interpreted, Vv=VM code, C=native code)
C  0x0000026ad1cbada4

The last pc belongs to _linkToVirtual (printed below).

siginfo: EXCEPTION_ACCESS_VIOLATION (0xc0000005), reading address 0xffffffffffffffff


Registers:
RAX=0x0000026ad1c8958b, RBX=0x000000060982c678, RCX=0x000000fe611f83e0, RDX=0x0000000000000004
RSP=0x000000fe611f83c8, RBP=0x000000fe611f8428, RSI=0x0000026ae9b0ae58, RDI=0x0000026ae7e1e110
R8 =0x0000000000000004, R9 =0x0000000000000004, R10=0x0000026b63690276, R11=0xc130679200000000
R12=0x0000000000000000, R13=0x000000fe611f83c8, R14=0x000000fe611f8458, R15=0x0000026ae706ffb0
RIP=0x0000026ad1cbada4, EFLAGS=0x0000000000010202


Register to memory mapping:

RAX=0x0000026ad1c8958b is at code_begin+4363 in an Interpreter codelet
return entry points  [0x0000026ad1c88480, 0x0000026ad1c8a298]  7704 bytes
RBX=0x000000060982c678 is an oop: java.lang.String 
{0x000000060982c678} - klass: 'java/lang/String'
 - string: "defaultUser"
 - ---- fields (total size 3 words):
 - private 'hash' 'I' @12  -436916820 (0xe5f52dac)
 - private final 'coder' 'B' @16  0 (0x00)
 - private 'hashIsZero' 'Z' @17  false (0x00)
 - injected 'flags' 'B' @18  0 (0x00)
 - private final 'value' '[B' @20  [B{0x0000000609833c90} (0xc1306792)
RCX=0x000000fe611f83e0 is pointing into the stack for thread: 0x0000026ae706ffb0
RDX=0x0000000000000004 is an unknown value
RSP=0x000000fe611f83c8 is pointing into the stack for thread: 0x0000026ae706ffb0
RBP=0x000000fe611f8428 is pointing into the stack for thread: 0x0000026ae706ffb0
RSI=0x0000026ae9b0ae58 points into unknown readable memory: 0x8800252f3ac63911 | 11 39 c6 3a 2f 25 00 88
RDI=0x0000026ae7e1e110 points into unknown readable memory: 0x0000002800000080 | 80 00 00 00 28 00 00 00
R8 =0x0000000000000004 is an unknown value
R9 =0x0000000000000004 is an unknown value
R10=0x0000026b63690276 is an unknown value
R11=0xc130679200000000 is an unknown value
R12=0x0 is null
R13=0x000000fe611f83c8 is pointing into the stack for thread: 0x0000026ae706ffb0
R14=0x000000fe611f8458 is pointing into the stack for thread: 0x0000026ae706ffb0
R15=0x0000026ae706ffb0 is a thread

Top of Stack: (sp=0x000000fe611f83c8)
0x000000fe611f83c8:   0000026ad1c8958b 0000000605133108
0x000000fe611f83d8:   0000000607c31ac8 000000fe611f83e0
0x000000fe611f83e8:   0000026ae3690276 0000000000000006
0x000000fe611f83f8:   0000026ae36903c8 000000fe611f84d0
0x000000fe611f8408:   0000000605bfab20 0000026ae3690288
0x000000fe611f8418:   000000fe611f83c8 000000fe611f8460
0x000000fe611f8428:   000000fe611f84d0 0000026ad1c8958b
0x000000fe611f8438:   000000060982c710 000000060982c678
0x000000fe611f8448:   0000000605133108 0000000607c31ac8
0x000000fe611f8458:   000000060982c6e8 0000026ad1c8958b
0x000000fe611f8468:   000000060b5898f8 0000000605133108
0x000000fe611f8478:   0000000607c31ac8 000000060c07b330
0x000000fe611f8488:   000000fe611f8488 0000026aec980ee3
0x000000fe611f8498:   000000000000000b 0000026aec981030
0x000000fe611f84a8:   0000000000000000 00000006070f00f8
0x000000fe611f84b8:   0000026aec980ef0 000000fe611f8468
0x000000fe611f84c8:   000000fe611f8530 000000fe611f88b8
0x000000fe611f84d8:   0000026ad29238aa 000000060982c6e8
0x000000fe611f84e8:   0000000607c31ac8 000000060982c798
0x000000fe611f84f8:   0000000605133108 000000060982c678
0x000000fe611f8508:   000000060982c770 000000060982c678
0x000000fe611f8518:   0000000605133108 0000000607c31ac8
0x000000fe611f8528:   000000060982c740 000000fe611f7120
0x000000fe611f8538:   000000fe611f71b0 000000060c07e278
0x000000fe611f8548:   0000000605a28ff0 0000000000000000
0x000000fe611f8558:   00007fff276c9a66 0000000000000000
0x000000fe611f8568:   00000000000000f8 00000000000000f8
0x000000fe611f8578:   00007ff813a2a789 000000fe611f88b8
0x000000fe611f8588:   0000026ad20e49cc 0000026ae7070368
0x000000fe611f8598:   000000fe611f7180 0000000000000000
0x000000fe611f85a8:   0000000000000c00 0000000000000000
0x000000fe611f85b8:   0000000000000000 0000000000000000 

Instructions: (pc=0x0000026ad1cbada4)
0x0000026ad1cbaca4:   6a 02 00 00 00 ad cb d1 6a 02 00 00 80 bd cb d1
0x0000026ad1cbacb4:   6a 02 00 00 f0 ac cb d1 6a 02 00 00 f0 ac cb d1
0x0000026ad1cbacc4:   6a 02 00 00 00 00 00 00 00 00 00 00 b8 f6 c7 27
0x0000026ad1cbacd4:   ff 7f 00 00 f0 10 00 00 60 00 00 00 ff ff ff ff
0x0000026ad1cbace4:   f0 10 00 00 00 00 00 00 00 00 00 00 00 00 00 00
0x0000026ad1cbacf4:   00 00 00 00 00 00 00 00 00 00 00 00 f4 66 66 66
0x0000026ad1cbad04:   0f 1f 84 00 00 00 00 00 66 66 66 90 66 66 66 0f
0x0000026ad1cbad14:   1f 84 00 00 00 00 00 66 66 66 90 90 48 8b 53 08
0x0000026ad1cbad24:   0f b7 52 2e 48 8b 0c d4 8b 59 14 48 c1 e3 03 8b
0x0000026ad1cbad34:   5b 28 48 c1 e3 03 8b 5b 24 48 c1 e3 03 48 8b 5b
0x0000026ad1cbad44:   10 48 85 db 0f 84 10 00 00 00 41 80 bf e0 05 00
0x0000026ad1cbad54:   00 00 74 03 ff 63 38 ff 63 50 e9 9d 16 00 00 66
0x0000026ad1cbad64:   66 66 0f 1f 84 00 00 00 00 00 66 66 66 90 66 66
0x0000026ad1cbad74:   0f 1f 84 00 00 00 00 00 66 66 66 90 48 8b 53 08
0x0000026ad1cbad84:   0f b7 52 2e 48 8b 0c d4 58 5b 50 44 8b 51 08 49
0x0000026ad1cbad94:   bb 00 00 00 80 6a 02 00 00 4d 03 d3 4c 8b 5b 10
0x0000026ad1cbada4:   4b 8b 9c da c8 01 00 00 48 85 db 0f 84 10 00 00
0x0000026ad1cbadb4:   00 41 80 bf e0 05 00 00 00 74 03 ff 63 38 ff 63
0x0000026ad1cbadc4:   50 e9 36 16 00 00 66 66 66 0f 1f 84 00 00 00 00
0x0000026ad1cbadd4:   00 66 66 66 90 0f 1f 80 00 00 00 00 58 5b 50 8b
0x0000026ad1cbade4:   5b 24 48 c1 e3 03 48 8b 5b 10 48 85 db 0f 84 10
0x0000026ad1cbadf4:   00 00 00 41 80 bf e0 05 00 00 00 74 03 ff 63 38
0x0000026ad1cbae04:   ff 63 50 e9 f4 15 00 00 66 66 66 0f 1f 84 00 00
0x0000026ad1cbae14:   00 00 00 66 66 66 90 0f 1f 44 00 00 48 8b 53 08
0x0000026ad1cbae24:   0f b7 52 2e 48 8b 0c d4 58 5b 50 48 3b 01 8b 5b
0x0000026ad1cbae34:   24 48 c1 e3 03 48 8b 5b 10 48 85 db 0f 84 10 00
0x0000026ad1cbae44:   00 00 41 80 bf e0 05 00 00 00 74 03 ff 63 38 ff
0x0000026ad1cbae54:   63 50 e9 a5 15 00 00 0f 1f 44 00 00 48 8b 53 08
0x0000026ad1cbae64:   0f b7 52 2e 48 8b 0c d4 58 5b 50 44 8b 51 08 49
0x0000026ad1cbae74:   bb 00 00 00 80 6a 02 00 00 4d 03 d3 8b 43 18 48
0x0000026ad1cbae84:   c1 e0 03 48 8b 40 10 48 8b 5b 10 45 8b 9a a0 00
0x0000026ad1cbae94:   00 00 4f 8d 9c da c8 01 00 00 4d 8d 14 da 49 8b 


Stack slot to memory mapping:

stack at sp + 0 slots: 0x0000026ad1c8958b is at code_begin+4363 in an Interpreter codelet
return entry points  [0x0000026ad1c88480, 0x0000026ad1c8a298]  7704 bytes
stack at sp + 1 slots: 0x0000000605133108 is an oop: java.lang.String 
{0x0000000605133108} - klass: 'java/lang/String'
 - string: ""
 - ---- fields (total size 3 words):
 - private 'hash' 'I' @12  0 (0x00000000)
 - private final 'coder' 'B' @16  0 (0x00)
 - private 'hashIsZero' 'Z' @17  true (0x01)
 - injected 'flags' 'B' @18  0 (0x00)
 - private final 'value' '[B' @20  [B{0x0000000605132c40} (0xc0a26588)
stack at sp + 2 slots: 0x0000000607c31ac8 is an oop: com.example.controller.KoutsuhiKeihiController 
{0x0000000607c31ac8} - klass: 'com/example/controller/KoutsuhiKeihiController'
 - ---- fields (total size 4 words):
 - private 'userService' 'Lcom/example/domain/kintai/service/UserService;' @12  a 'com/example/domain/kintai/service/impl/UserServiceImpl$$SpringCGLIB$$0'{0x00000006074dd340} (0xc0e9ba68)
 - private 'keihiService' 'Lcom/example/domain/kintai/service/KeihiService;' @16  a 'com/example/domain/kintai/service/impl/KeihiServiceImpl$$SpringCGLIB$$0'{0x0000000607c31ae8} (0xc0f8635d)
 - private 'koutsuhiService' 'Lcom/example/domain/kintai/service/KoutsuhiService;' @20  a 'com/example/domain/kintai/service/impl/KoutsuhiServiceImpl'{0x0000000607c32188} (0xc0f86431)
 - private 'applicationService' 'Lcom/example/domain/kintai/service/ApplicationService;' @24  a 'com/example/domain/kintai/service/ApplicationService$$SpringCGLIB$$0'{0x00000006075df328} (0xc0ebbe65)
 - private 'mailService' 'Lcom/example/domain/kintai/service/MailService;' @28  a 'com/example/domain/kintai/service/impl/MailServiceImpl'{0x0000000607c32198} (0xc0f86433)
stack at sp + 3 slots: 0x000000fe611f83e0 is pointing into the stack for thread: 0x0000026ae706ffb0
stack at sp + 4 slots: 0x0000026ae3690276 is pointing into metadata
stack at sp + 5 slots: 0x0000000000000006 is an unknown value
stack at sp + 6 slots: 0x0000026ae36903c8 is pointing into metadata
stack at sp + 7 slots: 0x000000fe611f84d0 is pointing into the stack for thread: 0x0000026ae706ffb0

MethodHandle::interpreter_entry::_linkToVirtual [0x0000026ad1cbad63, 0x0000026ad1cbadca] (103 bytes)
[MachCode]
  0x0000026ad1cbad63: 6666 660f | 1f84 0000 | 0000 0066 | 6666 9066 | 660f 1f84 | 0000 0000 | 0066 6666 | 9048 8b53 
  0x0000026ad1cbad83: 080f b752 | 2e48 8b0c | d458 5b50 | 448b 5108 | 49bb 0000 | 0080 6a02 | 0000 4d03 | d34c 8b5b 
  0x0000026ad1cbada3: 104b 8b9c | dac8 0100 | 0048 85db | 0f84 1000 | 0000 4180 | bfe0 0500 | 0000 7403 | ff63 38ff 
  0x0000026ad1cbadc3: 6350 e936 | 
[/MachCode]

---------------  P R O C E S S  ---------------

Threads class SMR info:
_java_thread_list=0x0000026aea5f4ec0, length=37, elements={
0x0000026ae6013ca0, 0x0000026ae6014310, 0x0000026ae601b300, 0x0000026ae601bd20,
0x0000026ae6028b60, 0x0000026ae6029430, 0x0000026ae6032110, 0x0000026ae60e0ad0,
0x0000026ae61d9c30, 0x0000026ae61dc410, 0x0000026ae61dca90, 0x0000026ae6b36ed0,
0x0000026ae6d98650, 0x0000026ae6dd9bd0, 0x0000026ae6ddf290, 0x0000026ae74782d0,
0x0000026ae74a1490, 0x0000026ae706a3d0, 0x0000026ae706ec00, 0x0000026ae74a2ed0,
0x0000026ae74a21b0, 0x0000026ae74a1b20, 0x0000026ae706b0f0, 0x0000026ae7069d40,
0x0000026ae706c4a0, 0x0000026ae7069020, 0x0000026ae706cb30, 0x0000026ae70696b0,
0x0000026ae706f290, 0x0000026ae706f920, 0x0000026ae7070640, 0x0000026ae706ffb0,
0x0000026ae706d1c0, 0x0000026ae706d850, 0x0000026aea5489c0, 0x0000026aea546260,
0x0000026aea547610
}

Java Threads: ( => current thread )
  0x0000026ae6013ca0 JavaThread "Reference Handler"          daemon [_thread_blocked, id=5040, stack(0x000000fe5e600000,0x000000fe5e700000) (1024K)]
  0x0000026ae6014310 JavaThread "Finalizer"                  daemon [_thread_blocked, id=23276, stack(0x000000fe5e700000,0x000000fe5e800000) (1024K)]
  0x0000026ae601b300 JavaThread "Signal Dispatcher"          daemon [_thread_blocked, id=18104, stack(0x000000fe5e800000,0x000000fe5e900000) (1024K)]
  0x0000026ae601bd20 JavaThread "Attach Listener"            daemon [_thread_blocked, id=24004, stack(0x000000fe5e900000,0x000000fe5ea00000) (1024K)]
  0x0000026ae6028b60 JavaThread "Service Thread"             daemon [_thread_blocked, id=7860, stack(0x000000fe5ea00000,0x000000fe5eb00000) (1024K)]
  0x0000026ae6029430 JavaThread "Monitor Deflation Thread"   daemon [_thread_blocked, id=2948, stack(0x000000fe5eb00000,0x000000fe5ec00000) (1024K)]
  0x0000026ae6032110 JavaThread "C1 CompilerThread0"         daemon [_thread_blocked, id=15808, stack(0x000000fe5ec00000,0x000000fe5ed00000) (1024K)]
  0x0000026ae60e0ad0 JavaThread "Common-Cleaner"             daemon [_thread_blocked, id=12228, stack(0x000000fe5ed00000,0x000000fe5ee00000) (1024K)]
  0x0000026ae61d9c30 JavaThread "JDWP Transport Listener: dt_socket" daemon [_thread_blocked, id=9652, stack(0x000000fe5f000000,0x000000fe5f100000) (1024K)]
  0x0000026ae61dc410 JavaThread "JDWP Event Helper Thread"   daemon [_thread_blocked, id=15492, stack(0x000000fe5f100000,0x000000fe5f200000) (1024K)]
  0x0000026ae61dca90 JavaThread "JDWP Command Reader"        daemon [_thread_in_vm, id=17292, stack(0x000000fe5f200000,0x000000fe5f300000) (1024K)]
  0x0000026ae6b36ed0 JavaThread "Notification Thread"        daemon [_thread_blocked, id=15616, stack(0x000000fe5f300000,0x000000fe5f400000) (1024K)]
  0x0000026ae6d98650 JavaThread "RMI TCP Accept-0"           daemon [_thread_in_native, id=4208, stack(0x000000fe5fc00000,0x000000fe5fd00000) (1024K)]
  0x0000026ae6dd9bd0 JavaThread "RMI TCP Accept-60285"       daemon [_thread_in_native, id=13804, stack(0x000000fe5fd00000,0x000000fe5fe00000) (1024K)]
  0x0000026ae6ddf290 JavaThread "RMI TCP Accept-0"           daemon [_thread_in_native, id=3148, stack(0x000000fe5fe00000,0x000000fe5ff00000) (1024K)]
  0x0000026ae74782d0 JavaThread "RMI Scheduler(0)"           daemon [_thread_blocked, id=19708, stack(0x000000fe60200000,0x000000fe60300000) (1024K)]
  0x0000026ae74a1490 JavaThread "JMX server connection timeout 41" daemon [_thread_blocked, id=736, stack(0x000000fe60400000,0x000000fe60500000) (1024K)]
  0x0000026ae706a3d0 JavaThread "Live Reload Server"         daemon [_thread_in_native, id=15252, stack(0x000000fe60c00000,0x000000fe60d00000) (1024K)]
  0x0000026ae706ec00 JavaThread "DestroyJavaVM"                     [_thread_blocked, id=12252, stack(0x000000fe5de00000,0x000000fe5df00000) (1024K)]
  0x0000026ae74a2ed0 JavaThread "Catalina-utility-1"                [_thread_blocked, id=26072, stack(0x000000fe5ef00000,0x000000fe5f000000) (1024K)]
  0x0000026ae74a21b0 JavaThread "Catalina-utility-2"                [_thread_blocked, id=18284, stack(0x000000fe5f400000,0x000000fe5f500000) (1024K)]
  0x0000026ae74a1b20 JavaThread "container-0"                       [_thread_blocked, id=24416, stack(0x000000fe5ff00000,0x000000fe60000000) (1024K)]
  0x0000026ae706b0f0 JavaThread "HikariPool-10 housekeeper"  daemon [_thread_blocked, id=14504, stack(0x000000fe60000000,0x000000fe60100000) (1024K)]
  0x0000026ae7069d40 JavaThread "http-nio-8080-exec-1"       daemon [_thread_blocked, id=7484, stack(0x000000fe60800000,0x000000fe60900000) (1024K)]
  0x0000026ae706c4a0 JavaThread "http-nio-8080-exec-2"       daemon [_thread_blocked, id=14948, stack(0x000000fe60900000,0x000000fe60a00000) (1024K)]
  0x0000026ae7069020 JavaThread "http-nio-8080-exec-3"       daemon [_thread_blocked, id=2324, stack(0x000000fe60a00000,0x000000fe60b00000) (1024K)]
  0x0000026ae706cb30 JavaThread "http-nio-8080-exec-4"       daemon [_thread_blocked, id=13904, stack(0x000000fe60b00000,0x000000fe60c00000) (1024K)]
  0x0000026ae70696b0 JavaThread "http-nio-8080-exec-5"       daemon [_thread_blocked, id=25028, stack(0x000000fe60d00000,0x000000fe60e00000) (1024K)]
  0x0000026ae706f290 JavaThread "http-nio-8080-exec-6"       daemon [_thread_blocked, id=22016, stack(0x000000fe60e00000,0x000000fe60f00000) (1024K)]
  0x0000026ae706f920 JavaThread "http-nio-8080-exec-7"       daemon [_thread_blocked, id=17220, stack(0x000000fe60f00000,0x000000fe61000000) (1024K)]
  0x0000026ae7070640 JavaThread "http-nio-8080-exec-8"       daemon [_thread_blocked, id=18204, stack(0x000000fe61000000,0x000000fe61100000) (1024K)]
=>0x0000026ae706ffb0 JavaThread "http-nio-8080-exec-9"       daemon [_thread_in_Java, id=16300, stack(0x000000fe61100000,0x000000fe61200000) (1024K)]
  0x0000026ae706d1c0 JavaThread "http-nio-8080-exec-10"      daemon [_thread_blocked, id=26148, stack(0x000000fe61200000,0x000000fe61300000) (1024K)]
  0x0000026ae706d850 JavaThread "http-nio-8080-Poller"       daemon [_thread_in_native, id=24724, stack(0x000000fe61300000,0x000000fe61400000) (1024K)]
  0x0000026aea5489c0 JavaThread "RMI TCP Connection(194)-127.0.0.1" daemon [_thread_in_native, id=23804, stack(0x000000fe61700000,0x000000fe61800000) (1024K)]
  0x0000026aea546260 JavaThread "Thread-40"                         [_thread_blocked, id=17104, stack(0x000000fe5db00000,0x000000fe5dc00000) (1024K)]
  0x0000026aea547610 JavaThread "tomcat-shutdown"                   [_thread_blocked, id=26484, stack(0x000000fe5dc00000,0x000000fe5dd00000) (1024K)]
Total: 37

Other Threads:
  0x0000026adf6127f0 VMThread "VM Thread"                           [id=4940, stack(0x000000fe5e500000,0x000000fe5e600000) (1024K)]
  0x0000026adf5f7ab0 WatcherThread "VM Periodic Task Thread"        [id=12400, stack(0x000000fe5e400000,0x000000fe5e500000) (1024K)]
  0x0000026adf460780 WorkerThread "GC Thread#0"                     [id=7572, stack(0x000000fe5df00000,0x000000fe5e000000) (1024K)]
  0x0000026ae6d3b9f0 WorkerThread "GC Thread#1"                     [id=22740, stack(0x000000fe5f500000,0x000000fe5f600000) (1024K)]
  0x0000026ae6d3bd90 WorkerThread "GC Thread#2"                     [id=18004, stack(0x000000fe5f600000,0x000000fe5f700000) (1024K)]
  0x0000026ae6cedfc0 WorkerThread "GC Thread#3"                     [id=19596, stack(0x000000fe5f700000,0x000000fe5f800000) (1024K)]
  0x0000026ae6cee360 WorkerThread "GC Thread#4"                     [id=5372, stack(0x000000fe5f800000,0x000000fe5f900000) (1024K)]
  0x0000026ae6d05b40 WorkerThread "GC Thread#5"                     [id=12008, stack(0x000000fe5f900000,0x000000fe5fa00000) (1024K)]
  0x0000026ae6d05ee0 WorkerThread "GC Thread#6"                     [id=13672, stack(0x000000fe5fa00000,0x000000fe5fb00000) (1024K)]
  0x0000026ae6d06280 WorkerThread "GC Thread#7"                     [id=22008, stack(0x000000fe5fb00000,0x000000fe5fc00000) (1024K)]
  0x0000026ac7badf40 ConcurrentGCThread "G1 Main Marker"            [id=15300, stack(0x000000fe5e000000,0x000000fe5e100000) (1024K)]
  0x0000026ac8060540 WorkerThread "G1 Conc#0"                       [id=14808, stack(0x000000fe5e100000,0x000000fe5e200000) (1024K)]
  0x0000026ae750de30 WorkerThread "G1 Conc#1"                       [id=8184, stack(0x000000fe60600000,0x000000fe60700000) (1024K)]
  0x0000026adf4c9400 ConcurrentGCThread "G1 Refine#0"               [id=23624, stack(0x000000fe5e200000,0x000000fe5e300000) (1024K)]
  0x0000026adf4cc950 ConcurrentGCThread "G1 Service"                [id=22676, stack(0x000000fe5e300000,0x000000fe5e400000) (1024K)]
Total: 15

Threads with active compile tasks:
Total: 0

VM state: not at safepoint (normal execution)

VM Mutex/Monitor currently owned by a thread: None

Heap address: 0x0000000604c00000, size: 8116 MB, Compressed Oops mode: Zero based, Oop shift amount: 3

CDS archive(s) mapped at: [0x0000026a80000000-0x0000026a80c90000-0x0000026a80c90000), size 13172736, SharedBaseAddress: 0x0000026a80000000, ArchiveRelocationMode: 1.
Compressed class space mapped at: 0x0000026a81000000-0x0000026ac1000000, reserved size: 1073741824
Narrow klass base: 0x0000026a80000000, Narrow klass shift: 0, Narrow klass range: 0x100000000

GC Precious Log:
 CardTable entry size: 512
 Card Set container configuration: InlinePtr #cards 4 size 8 Array Of Cards #cards 32 size 80 Howl #buckets 8 coarsen threshold 7372 Howl Bitmap #cards 1024 size 144 coarsen threshold 921 Card regions per heap region 1 cards per card region 8192
 CPUs: 8 total, 8 available
 Memory: 32448M
 Large Page Support: Disabled
 NUMA Support: Disabled
 Compressed Oops: Enabled (Zero based)
 Heap Region Size: 4M
 Heap Min Capacity: 8M
 Heap Initial Capacity: 508M
 Heap Max Capacity: 8116M
 Pre-touch: Disabled
 Parallel Workers: 8
 Concurrent Workers: 2
 Concurrent Refinement Workers: 8
 Periodic GC: Disabled

Heap:
 garbage-first heap   total 163840K, used 64191K [0x0000000604c00000, 0x0000000800000000)
  region size 4096K, 3 young (12288K), 1 survivors (4096K)
 Metaspace       used 85197K, committed 86528K, reserved 1179648K
  class space    used 10663K, committed 11264K, reserved 1048576K

Heap Regions: E=young(eden), S=young(survivor), O=old, HS=humongous(starts), HC=humongous(continues), CS=collection set, F=free, TAMS=top-at-mark-start, PB=parsable bottom
|   0|0x0000000604c00000, 0x0000000605000000, 0x0000000605000000|100%| O|  |TAMS 0x0000000604c00000| PB 0x0000000604c00000| Untracked 
|   1|0x0000000605000000, 0x00000006053e78b8, 0x0000000605400000| 97%| O|  |TAMS 0x0000000605000000| PB 0x0000000605000000| Untracked 
|   2|0x0000000605400000, 0x00000006057ffff0, 0x0000000605800000| 99%| O|  |TAMS 0x0000000605400000| PB 0x0000000605400000| Untracked 
|   3|0x0000000605800000, 0x0000000605c00000, 0x0000000605c00000|100%| O|  |TAMS 0x0000000605800000| PB 0x0000000605800000| Untracked 
|   4|0x0000000605c00000, 0x0000000605fffff8, 0x0000000606000000| 99%| O|  |TAMS 0x0000000605c00000| PB 0x0000000605c00000| Untracked 
|   5|0x0000000606000000, 0x00000006063fffd8, 0x0000000606400000| 99%| O|  |TAMS 0x0000000606000000| PB 0x0000000606000000| Untracked 
|   6|0x0000000606400000, 0x00000006067ffff8, 0x0000000606800000| 99%| O|  |TAMS 0x0000000606400000| PB 0x0000000606400000| Untracked 
|   7|0x0000000606800000, 0x0000000606b3cf68, 0x0000000606c00000| 80%| O|Cm|TAMS 0x0000000606800000| PB 0x0000000606800000| Complete 
|   8|0x0000000606c00000, 0x0000000606fffff8, 0x0000000607000000| 99%| O|  |TAMS 0x0000000606c00000| PB 0x0000000606c00000| Untracked 
|   9|0x0000000607000000, 0x0000000607400000, 0x0000000607400000|100%| O|  |TAMS 0x0000000607000000| PB 0x0000000607000000| Untracked 
|  10|0x0000000607400000, 0x0000000607800000, 0x0000000607800000|100%| O|  |TAMS 0x0000000607400000| PB 0x0000000607400000| Untracked 
|  11|0x0000000607800000, 0x0000000607c00000, 0x0000000607c00000|100%| O|  |TAMS 0x0000000607800000| PB 0x0000000607800000| Untracked 
|  12|0x0000000607c00000, 0x0000000608000000, 0x0000000608000000|100%| O|  |TAMS 0x0000000607c00000| PB 0x0000000607c00000| Untracked 
|  13|0x0000000608000000, 0x0000000608400000, 0x0000000608400000|100%| O|  |TAMS 0x0000000608000000| PB 0x0000000608000000| Untracked 
|  14|0x0000000608400000, 0x0000000608524848, 0x0000000608800000| 28%| O|  |TAMS 0x0000000608400000| PB 0x0000000608400000| Untracked 
|  15|0x0000000608800000, 0x0000000608800000, 0x0000000608c00000|  0%| F|  |TAMS 0x0000000608800000| PB 0x0000000608800000| Untracked 
|  16|0x0000000608c00000, 0x0000000608c00000, 0x0000000609000000|  0%| F|  |TAMS 0x0000000608c00000| PB 0x0000000608c00000| Untracked 
|  17|0x0000000609000000, 0x0000000609000000, 0x0000000609400000|  0%| F|  |TAMS 0x0000000609000000| PB 0x0000000609000000| Untracked 
|  18|0x0000000609400000, 0x0000000609400000, 0x0000000609800000|  0%| F|  |TAMS 0x0000000609400000| PB 0x0000000609400000| Untracked 
|  19|0x0000000609800000, 0x0000000609a66fe0, 0x0000000609c00000| 60%| S|CS|TAMS 0x0000000609800000| PB 0x0000000609800000| Complete 
|  20|0x0000000609c00000, 0x0000000609c00000, 0x000000060a000000|  0%| F|  |TAMS 0x0000000609c00000| PB 0x0000000609c00000| Untracked 
|  21|0x000000060a000000, 0x000000060a000000, 0x000000060a400000|  0%| F|  |TAMS 0x000000060a000000| PB 0x000000060a000000| Untracked 
|  22|0x000000060a400000, 0x000000060a400000, 0x000000060a800000|  0%| F|  |TAMS 0x000000060a400000| PB 0x000000060a400000| Untracked 
|  23|0x000000060a800000, 0x000000060a800000, 0x000000060ac00000|  0%| F|  |TAMS 0x000000060a800000| PB 0x000000060a800000| Untracked 
|  24|0x000000060ac00000, 0x000000060ac00000, 0x000000060b000000|  0%| F|  |TAMS 0x000000060ac00000| PB 0x000000060ac00000| Untracked 
|  25|0x000000060b000000, 0x000000060b000000, 0x000000060b400000|  0%| F|  |TAMS 0x000000060b000000| PB 0x000000060b000000| Untracked 
|  26|0x000000060b400000, 0x000000060b400000, 0x000000060b800000|  0%| F|  |TAMS 0x000000060b400000| PB 0x000000060b400000| Untracked 
|  27|0x000000060b800000, 0x000000060b800000, 0x000000060bc00000|  0%| F|  |TAMS 0x000000060b800000| PB 0x000000060b800000| Untracked 
|  28|0x000000060bc00000, 0x000000060bc00000, 0x000000060c000000|  0%| F|  |TAMS 0x000000060bc00000| PB 0x000000060bc00000| Untracked 
|  29|0x000000060c000000, 0x000000060c000000, 0x000000060c400000|  0%| F|  |TAMS 0x000000060c000000| PB 0x000000060c000000| Untracked 
|  30|0x000000060c400000, 0x000000060c400000, 0x000000060c800000|  0%| F|  |TAMS 0x000000060c400000| PB 0x000000060c400000| Untracked 
|  31|0x000000060c800000, 0x000000060c800000, 0x000000060cc00000|  0%| F|  |TAMS 0x000000060c800000| PB 0x000000060c800000| Untracked 
|  32|0x000000060cc00000, 0x000000060cc00000, 0x000000060d000000|  0%| F|  |TAMS 0x000000060cc00000| PB 0x000000060cc00000| Untracked 
|  33|0x000000060d000000, 0x000000060d000000, 0x000000060d400000|  0%| F|  |TAMS 0x000000060d000000| PB 0x000000060d000000| Untracked 
|  34|0x000000060d400000, 0x000000060d400000, 0x000000060d800000|  0%| F|  |TAMS 0x000000060d400000| PB 0x000000060d400000| Untracked 
|  35|0x000000060d800000, 0x000000060d800000, 0x000000060dc00000|  0%| F|  |TAMS 0x000000060d800000| PB 0x000000060d800000| Untracked 
|  36|0x000000060dc00000, 0x000000060dc00000, 0x000000060e000000|  0%| F|  |TAMS 0x000000060dc00000| PB 0x000000060dc00000| Untracked 
|  37|0x000000060e000000, 0x000000060e000000, 0x000000060e400000|  0%| F|  |TAMS 0x000000060e000000| PB 0x000000060e000000| Untracked 
|  38|0x000000060e400000, 0x000000060e4417b0, 0x000000060e800000|  6%| E|  |TAMS 0x000000060e400000| PB 0x000000060e400000| Complete 
|  39|0x000000060e800000, 0x000000060ec00000, 0x000000060ec00000|100%| E|CS|TAMS 0x000000060e800000| PB 0x000000060e800000| Complete 

Card table byte_map: [0x0000026ad64e0000,0x0000026ad74c0000] _byte_map_base: 0x0000026ad34ba000

Marking Bits: (CMBitMap*) 0x0000026ac8052500
 Bits: [0x0000026ad74c0000, 0x0000026adf390000)

Polling page: 0x0000026ac7cb0000

Metaspace:

Usage:
  Non-class:     72.79 MB used.
      Class:     10.41 MB used.
       Both:     83.20 MB used.

Virtual space:
  Non-class space:      128.00 MB reserved,      73.50 MB ( 57%) committed,  2 nodes.
      Class space:        1.00 GB reserved,      11.00 MB (  1%) committed,  1 nodes.
             Both:        1.12 GB reserved,      84.50 MB (  7%) committed. 

Chunk freelists:
   Non-Class:  5.83 MB
       Class:  4.88 MB
        Both:  10.70 MB

MaxMetaspaceSize: unlimited
CompressedClassSpaceSize: 1.00 GB
Initial GC threshold: 21.00 MB
Current GC threshold: 140.88 MB
CDS: on
 - commit_granule_bytes: 65536.
 - commit_granule_words: 8192.
 - virtual_space_node_default_size: 8388608.
 - enlarge_chunks_in_place: 1.
 - use_allocation_guard: 0.


Internal statistics:

num_allocs_failed_limit: 6.
num_arena_births: 9916.
num_arena_deaths: 7752.
num_vsnodes_births: 3.
num_vsnodes_deaths: 0.
num_space_committed: 1374.
num_space_uncommitted: 9.
num_chunks_returned_to_freelist: 10304.
num_chunks_taken_from_freelist: 16996.
num_chunk_merges: 2781.
num_chunk_splits: 7748.
num_chunks_enlarged: 3972.
num_inconsistent_stats: 0.

CodeCache: size=49152Kb used=32375Kb max_used=33905Kb free=16776Kb
 bounds [0x0000026ad1c80000, 0x0000026ad3dc0000, 0x0000026ad4c80000]
 total_blobs=14497 nmethods=13472 adapters=946
 compilation: enabled
              stopped_count=0, restarted_count=0
 full_count=0

Compilation events (20 events):
Event: 52036.542 Thread 0x0000026ae6032110 38339       1       com.fasterxml.jackson.databind.ser.std.StdKeySerializers$StringKeySerializer::serialize (9 bytes)
Event: 52036.543 Thread 0x0000026ae6032110 nmethod 38339 0x0000026ad3934290 code [0x0000026ad3934440, 0x0000026ad3934588]
Event: 52036.543 Thread 0x0000026ae6032110 38340       1       com.fasterxml.jackson.core.json.UTF8JsonGenerator::writeFieldName (218 bytes)
Event: 52036.543 Thread 0x0000026ae6032110 nmethod 38340 0x0000026ad3933590 code [0x0000026ad3933800, 0x0000026ad3933e60]
Event: 52036.543 Thread 0x0000026ae6032110 38341       1       sun.util.locale.provider.LocaleServiceProviderPool::getPool (48 bytes)
Event: 52036.543 Thread 0x0000026ae6032110 nmethod 38341 0x0000026ad3932f10 code [0x0000026ad39330e0, 0x0000026ad3933440]
Event: 52036.547 Thread 0x0000026ae6032110 38342       1       org.h2.expression.Expression::optimizeCondition (31 bytes)
Event: 52036.547 Thread 0x0000026ae6032110 nmethod 38342 0x0000026ad3932990 code [0x0000026ad3932b80, 0x0000026ad3932d98]
Event: 52036.549 Thread 0x0000026ae6032110 38343       1       org.h2.mvstore.db.MVPrimaryIndex::getRowCountMax (8 bytes)
Event: 52036.549 Thread 0x0000026ae6032110 nmethod 38343 0x0000026ad3932490 code [0x0000026ad3932640, 0x0000026ad39327a8]
Event: 52144.051 Thread 0x0000026ae6032110 38344       1       java.net.SocketImpl::createPlatformSocketImpl (9 bytes)
Event: 52144.052 Thread 0x0000026ae6032110 nmethod 38344 0x0000026ad3932110 code [0x0000026ad39322c0, 0x0000026ad3932400]
Event: 52144.052 Thread 0x0000026ae6032110 38345       1       sun.nio.ch.NioSocketImpl::<init> (43 bytes)
Event: 52144.052 Thread 0x0000026ae6032110 nmethod 38345 0x0000026ad3931990 code [0x0000026ad3931b40, 0x0000026ad3931fe0]
Event: 52204.056 Thread 0x0000026ae6032110 38346       1       java.net.Socket::isOutputShutdown (14 bytes)
Event: 52204.057 Thread 0x0000026ae6032110 nmethod 38346 0x0000026ad3931690 code [0x0000026ad3931820, 0x0000026ad39318e0]
Event: 52204.057 Thread 0x0000026ae6032110 38347   !   1       java.net.Socket::getPort (20 bytes)
Event: 52204.057 Thread 0x0000026ae6032110 nmethod 38347 0x0000026ad3931210 code [0x0000026ad39313e0, 0x0000026ad39315b8]
Event: 52333.737 Thread 0x0000026ae6032110 38348       1       java.net.NetworkInterface::isPointToPoint (12 bytes)
Event: 52333.737 Thread 0x0000026ae6032110 nmethod 38348 0x0000026ad3930a10 code [0x0000026ad3930bc0, 0x0000026ad3930cb8]

GC Heap History (20 events):
Event: 51706.342 GC heap before
{Heap before GC invocations=126 (full 8):
 garbage-first heap   total 163840K, used 81122K [0x0000000604c00000, 0x0000000800000000)
  region size 4096K, 10 young (40960K), 3 survivors (12288K)
 Metaspace       used 84267K, committed 85632K, reserved 1179648K
  class space    used 10582K, committed 11200K, reserved 1048576K
}
Event: 51706.348 GC heap after
{Heap after GC invocations=127 (full 8):
 garbage-first heap   total 163840K, used 59841K [0x0000000604c00000, 0x0000000800000000)
  region size 4096K, 1 young (4096K), 1 survivors (4096K)
 Metaspace       used 84267K, committed 85632K, reserved 1179648K
  class space    used 10582K, committed 11200K, reserved 1048576K
}
Event: 51949.268 GC heap before
{Heap before GC invocations=128 (full 8):
 garbage-first heap   total 163840K, used 113089K [0x0000000604c00000, 0x0000000800000000)
  region size 4096K, 16 young (65536K), 1 survivors (4096K)
 Metaspace       used 84280K, committed 85632K, reserved 1179648K
  class space    used 10581K, committed 11200K, reserved 1048576K
}
Event: 51949.355 GC heap after
{Heap after GC invocations=129 (full 9):
 garbage-first heap   total 163840K, used 43070K [0x0000000604c00000, 0x0000000800000000)
  region size 4096K, 0 young (0K), 0 survivors (0K)
 Metaspace       used 84270K, committed 85632K, reserved 1179648K
  class space    used 10579K, committed 11200K, reserved 1048576K
}
Event: 51949.891 GC heap before
{Heap before GC invocations=129 (full 9):
 garbage-first heap   total 163840K, used 75838K [0x0000000604c00000, 0x0000000800000000)
  region size 4096K, 9 young (36864K), 0 survivors (0K)
 Metaspace       used 84398K, committed 85760K, reserved 1179648K
  class space    used 10600K, committed 11200K, reserved 1048576K
}
Event: 51949.894 GC heap after
{Heap after GC invocations=130 (full 9):
 garbage-first heap   total 163840K, used 46150K [0x0000000604c00000, 0x0000000800000000)
  region size 4096K, 1 young (4096K), 1 survivors (4096K)
 Metaspace       used 84398K, committed 85760K, reserved 1179648K
  class space    used 10600K, committed 11200K, reserved 1048576K
}
Event: 51954.451 GC heap before
{Heap before GC invocations=131 (full 9):
 garbage-first heap   total 163840K, used 123974K [0x0000000604c00000, 0x0000000800000000)
  region size 4096K, 21 young (86016K), 1 survivors (4096K)
 Metaspace       used 83977K, committed 85312K, reserved 1179648K
  class space    used 10446K, committed 11200K, reserved 1048576K
}
Event: 51954.457 GC heap after
{Heap after GC invocations=132 (full 9):
 garbage-first heap   total 163840K, used 49562K [0x0000000604c00000, 0x0000000800000000)
  region size 4096K, 2 young (8192K), 2 survivors (8192K)
 Metaspace       used 83977K, committed 85312K, reserved 1179648K
  class space    used 10446K, committed 11200K, reserved 1048576K
}
Event: 51955.096 GC heap before
{Heap before GC invocations=132 (full 9):
 garbage-first heap   total 163840K, used 127386K [0x0000000604c00000, 0x0000000800000000)
  region size 4096K, 21 young (86016K), 2 survivors (8192K)
 Metaspace       used 84407K, committed 85696K, reserved 1179648K
  class space    used 10478K, committed 11200K, reserved 1048576K
}
Event: 51955.102 GC heap after
{Heap after GC invocations=133 (full 9):
 garbage-first heap   total 163840K, used 52304K [0x0000000604c00000, 0x0000000800000000)
  region size 4096K, 2 young (8192K), 2 survivors (8192K)
 Metaspace       used 84407K, committed 85696K, reserved 1179648K
  class space    used 10478K, committed 11200K, reserved 1048576K
}
Event: 51955.231 GC heap before
{Heap before GC invocations=133 (full 9):
 garbage-first heap   total 163840K, used 134224K [0x0000000604c00000, 0x0000000800000000)
  region size 4096K, 23 young (94208K), 2 survivors (8192K)
 Metaspace       used 84413K, committed 85696K, reserved 1179648K
  class space    used 10480K, committed 11200K, reserved 1048576K
}
Event: 51955.236 GC heap after
{Heap after GC invocations=134 (full 9):
 garbage-first heap   total 163840K, used 56594K [0x0000000604c00000, 0x0000000800000000)
  region size 4096K, 3 young (12288K), 3 survivors (12288K)
 Metaspace       used 84413K, committed 85696K, reserved 1179648K
  class space    used 10480K, committed 11200K, reserved 1048576K
}
Event: 51955.716 GC heap before
{Heap before GC invocations=135 (full 9):
 garbage-first heap   total 163840K, used 138514K [0x0000000604c00000, 0x0000000800000000)
  region size 4096K, 23 young (94208K), 3 survivors (12288K)
 Metaspace       used 84452K, committed 85696K, reserved 1179648K
  class space    used 10490K, committed 11200K, reserved 1048576K
}
Event: 51955.722 GC heap after
{Heap after GC invocations=136 (full 9):
 garbage-first heap   total 163840K, used 52806K [0x0000000604c00000, 0x0000000800000000)
  region size 4096K, 1 young (4096K), 1 survivors (4096K)
 Metaspace       used 84452K, committed 85696K, reserved 1179648K
  class space    used 10490K, committed 11200K, reserved 1048576K
}
Event: 51967.723 GC heap before
{Heap before GC invocations=136 (full 9):
 garbage-first heap   total 163840K, used 138822K [0x0000000604c00000, 0x0000000800000000)
  region size 4096K, 22 young (90112K), 1 survivors (4096K)
 Metaspace       used 85152K, committed 86528K, reserved 1179648K
  class space    used 10649K, committed 11264K, reserved 1048576K
}
Event: 51967.729 GC heap after
{Heap after GC invocations=137 (full 9):
 garbage-first heap   total 163840K, used 58102K [0x0000000604c00000, 0x0000000800000000)
  region size 4096K, 3 young (12288K), 3 survivors (12288K)
 Metaspace       used 85152K, committed 86528K, reserved 1179648K
  class space    used 10649K, committed 11264K, reserved 1048576K
}
Event: 51982.702 GC heap before
{Heap before GC invocations=137 (full 9):
 garbage-first heap   total 163840K, used 78582K [0x0000000604c00000, 0x0000000800000000)
  region size 4096K, 9 young (36864K), 3 survivors (12288K)
 Metaspace       used 85204K, committed 86528K, reserved 1179648K
  class space    used 10662K, committed 11264K, reserved 1048576K
}
Event: 51982.708 GC heap after
{Heap after GC invocations=138 (full 9):
 garbage-first heap   total 163840K, used 59321K [0x0000000604c00000, 0x0000000800000000)
  region size 4096K, 1 young (4096K), 1 survivors (4096K)
 Metaspace       used 85204K, committed 86528K, reserved 1179648K
  class space    used 10662K, committed 11264K, reserved 1048576K
}
Event: 52309.996 GC heap before
{Heap before GC invocations=139 (full 9):
 garbage-first heap   total 163840K, used 137145K [0x0000000604c00000, 0x0000000800000000)
  region size 4096K, 20 young (81920K), 1 survivors (4096K)
 Metaspace       used 85192K, committed 86528K, reserved 1179648K
  class space    used 10663K, committed 11264K, reserved 1048576K
}
Event: 52310.000 GC heap after
{Heap after GC invocations=140 (full 9):
 garbage-first heap   total 163840K, used 60095K [0x0000000604c00000, 0x0000000800000000)
  region size 4096K, 1 young (4096K), 1 survivors (4096K)
 Metaspace       used 85192K, committed 86528K, reserved 1179648K
  class space    used 10663K, committed 11264K, reserved 1048576K
}

Dll operation events (12 events):
Event: 0.009 Loaded shared library C:\pleiades\2024-03\java\21\bin\java.dll
Event: 0.235 Loaded shared library C:\pleiades\2024-03\java\21\bin\zip.dll
Event: 0.239 Loaded shared library C:\pleiades\2024-03\java\21\bin\instrument.dll
Event: 0.244 Loaded shared library C:\pleiades\2024-03\java\21\bin\net.dll
Event: 0.245 Loaded shared library C:\pleiades\2024-03\java\21\bin\nio.dll
Event: 0.247 Loaded shared library C:\pleiades\2024-03\java\21\bin\zip.dll
Event: 0.375 Loaded shared library C:\pleiades\2024-03\java\21\bin\jimage.dll
Event: 0.415 Loaded shared library C:\pleiades\2024-03\java\21\bin\management.dll
Event: 0.422 Loaded shared library C:\pleiades\2024-03\java\21\bin\management_ext.dll
Event: 0.568 Loaded shared library C:\pleiades\2024-03\java\21\bin\verify.dll
Event: 0.648 Loaded shared library C:\pleiades\2024-03\java\21\bin\extnet.dll
Event: 1.928 Loaded shared library C:\pleiades\2024-03\java\21\bin\sunmscapi.dll

Deoptimization events (20 events):
Event: 52333.732 Thread 0x0000026ae706b780 DEOPT PACKING pc=0x0000026ad22131d9 sp=0x000000fe607fdf80
Event: 52333.732 Thread 0x0000026ae706b780 DEOPT UNPACKING pc=0x0000026ad1cd88e2 sp=0x000000fe607fd3d8 mode 1
Event: 52333.732 Thread 0x0000026ae706b780 DEOPT PACKING pc=0x0000026ad2202eac sp=0x000000fe607fe010
Event: 52333.732 Thread 0x0000026ae706b780 DEOPT UNPACKING pc=0x0000026ad1cd88e2 sp=0x000000fe607fd4b8 mode 1
Event: 52333.732 Thread 0x0000026ae706b780 DEOPT PACKING pc=0x0000026ad21d9d94 sp=0x000000fe607fea90
Event: 52333.732 Thread 0x0000026ae706b780 DEOPT UNPACKING pc=0x0000026ad1cd88e2 sp=0x000000fe607fdf58 mode 1
Event: 52333.732 Thread 0x0000026ae706b780 DEOPT PACKING pc=0x0000026ad257c2d4 sp=0x000000fe607feb20
Event: 52333.732 Thread 0x0000026ae706b780 DEOPT UNPACKING pc=0x0000026ad1cd88e2 sp=0x000000fe607fe130 mode 1
Event: 52333.732 Thread 0x0000026ae706b780 DEOPT PACKING pc=0x0000026ad20fbabc sp=0x000000fe607fed90
Event: 52333.732 Thread 0x0000026ae706b780 DEOPT UNPACKING pc=0x0000026ad1cd88e2 sp=0x000000fe607fe250 mode 1
Event: 52333.732 Thread 0x0000026ae706b780 DEOPT PACKING pc=0x0000026ad22131d9 sp=0x000000fe607fdf80
Event: 52333.732 Thread 0x0000026ae706b780 DEOPT UNPACKING pc=0x0000026ad1cd88e2 sp=0x000000fe607fd3d8 mode 1
Event: 52333.732 Thread 0x0000026ae706b780 DEOPT PACKING pc=0x0000026ad2202eac sp=0x000000fe607fe010
Event: 52333.732 Thread 0x0000026ae706b780 DEOPT UNPACKING pc=0x0000026ad1cd88e2 sp=0x000000fe607fd4b8 mode 1
Event: 52333.732 Thread 0x0000026ae706b780 DEOPT PACKING pc=0x0000026ad21d9d94 sp=0x000000fe607fea90
Event: 52333.732 Thread 0x0000026ae706b780 DEOPT UNPACKING pc=0x0000026ad1cd88e2 sp=0x000000fe607fdf58 mode 1
Event: 52333.732 Thread 0x0000026ae706b780 DEOPT PACKING pc=0x0000026ad257c2d4 sp=0x000000fe607feb20
Event: 52333.732 Thread 0x0000026ae706b780 DEOPT UNPACKING pc=0x0000026ad1cd88e2 sp=0x000000fe607fe130 mode 1
Event: 52333.732 Thread 0x0000026ae706b780 DEOPT PACKING pc=0x0000026ad20fbabc sp=0x000000fe607fed90
Event: 52333.732 Thread 0x0000026ae706b780 DEOPT UNPACKING pc=0x0000026ad1cd88e2 sp=0x000000fe607fe250 mode 1

Classes loaded (20 events):
Event: 51959.928 Loading class java/lang/SystemCustomizer
Event: 51959.928 Loading class java/lang/SystemCustomizer done
Event: 51960.009 Loading class java/util/Collections$UnmodifiableRandomAccessListBeanInfo
Event: 51960.009 Loading class java/util/Collections$UnmodifiableRandomAccessListBeanInfo done
Event: 51960.010 Loading class java/util/Collections$UnmodifiableRandomAccessListBeanInfo
Event: 51960.010 Loading class java/util/Collections$UnmodifiableRandomAccessListBeanInfo done
Event: 51960.010 Loading class java/util/Collections$UnmodifiableListBeanInfo
Event: 51960.010 Loading class java/util/Collections$UnmodifiableListBeanInfo done
Event: 51960.011 Loading class java/util/Collections$UnmodifiableListBeanInfo
Event: 51960.011 Loading class java/util/Collections$UnmodifiableListBeanInfo done
Event: 51960.011 Loading class java/util/Collections$UnmodifiableListCustomizer
Event: 51960.011 Loading class java/util/Collections$UnmodifiableListCustomizer done
Event: 51960.011 Loading class java/util/Collections$UnmodifiableListCustomizer
Event: 51960.011 Loading class java/util/Collections$UnmodifiableListCustomizer done
Event: 51960.012 Loading class java/util/Collections$UnmodifiableRandomAccessListCustomizer
Event: 51960.012 Loading class java/util/Collections$UnmodifiableRandomAccessListCustomizer done
Event: 51960.013 Loading class java/util/Collections$UnmodifiableRandomAccessListCustomizer
Event: 51960.013 Loading class java/util/Collections$UnmodifiableRandomAccessListCustomizer done
Event: 52002.129 Loading class java/lang/StringEditor
Event: 52002.129 Loading class java/lang/StringEditor done

Classes unloaded (20 events):
Event: 51982.751 Thread 0x0000026adf6127f0 Unloading class 0x0000026a81952000 'jdk/internal/reflect/GeneratedSerializationConstructorAccessor478'
Event: 51982.751 Thread 0x0000026adf6127f0 Unloading class 0x0000026a81988000 'jdk/internal/reflect/GeneratedSerializationConstructorAccessor477'
Event: 51982.751 Thread 0x0000026adf6127f0 Unloading class 0x0000026a819a2800 'jdk/internal/reflect/GeneratedSerializationConstructorAccessor476'
Event: 51982.751 Thread 0x0000026adf6127f0 Unloading class 0x0000026a817a4800 'jdk/internal/reflect/GeneratedSerializationConstructorAccessor475'
Event: 51982.751 Thread 0x0000026adf6127f0 Unloading class 0x0000026a81003400 'jdk/internal/reflect/GeneratedSerializationConstructorAccessor474'
Event: 51982.751 Thread 0x0000026adf6127f0 Unloading class 0x0000026a81a2fc00 'jdk/internal/reflect/GeneratedSerializationConstructorAccessor473'
Event: 51982.751 Thread 0x0000026adf6127f0 Unloading class 0x0000026a81a2a000 'jdk/internal/reflect/GeneratedSerializationConstructorAccessor472'
Event: 51982.751 Thread 0x0000026adf6127f0 Unloading class 0x0000026a81a29c00 'jdk/internal/reflect/GeneratedSerializationConstructorAccessor471'
Event: 51982.751 Thread 0x0000026adf6127f0 Unloading class 0x0000026a81a22c00 'jdk/internal/reflect/GeneratedSerializationConstructorAccessor470'
Event: 51982.751 Thread 0x0000026adf6127f0 Unloading class 0x0000026a81a71000 'jdk/internal/reflect/GeneratedSerializationConstructorAccessor469'
Event: 51982.751 Thread 0x0000026adf6127f0 Unloading class 0x0000026a81a3c400 'jdk/internal/reflect/GeneratedSerializationConstructorAccessor468'
Event: 51982.751 Thread 0x0000026adf6127f0 Unloading class 0x0000026a81535000 'jdk/internal/reflect/GeneratedSerializationConstructorAccessor467'
Event: 51982.751 Thread 0x0000026adf6127f0 Unloading class 0x0000026a819bcc00 'jdk/internal/reflect/GeneratedSerializationConstructorAccessor466'
Event: 51982.751 Thread 0x0000026adf6127f0 Unloading class 0x0000026a8119cc00 'jdk/internal/reflect/GeneratedSerializationConstructorAccessor465'
Event: 51982.751 Thread 0x0000026adf6127f0 Unloading class 0x0000026a81156800 'jdk/internal/reflect/GeneratedSerializationConstructorAccessor464'
Event: 51982.751 Thread 0x0000026adf6127f0 Unloading class 0x0000026a81449400 'jdk/internal/reflect/GeneratedSerializationConstructorAccessor463'
Event: 51982.751 Thread 0x0000026adf6127f0 Unloading class 0x0000026a8198a000 'java/lang/invoke/LambdaForm$MH+0x0000026a8198a000'
Event: 51982.751 Thread 0x0000026adf6127f0 Unloading class 0x0000026a81a7cc00 'java/lang/invoke/LambdaForm$MH+0x0000026a81a7cc00'
Event: 51982.751 Thread 0x0000026adf6127f0 Unloading class 0x0000026a81a80000 'org/apache/catalina/loader/JdbcLeakPrevention'
Event: 51982.751 Thread 0x0000026adf6127f0 Unloading class 0x0000026a8115b800 'java/lang/invoke/LambdaForm$MH+0x0000026a8115b800'

Classes redefined (8 events):
Event: 876.825 Thread 0x0000026adf6127f0 redefined class name=com.example.controller.KoutsuhiKeihiController, count=1
Event: 48958.400 Thread 0x0000026adf6127f0 redefined class name=com.example.controller.KoutsuhiKeihiController, count=2
Event: 48958.400 Thread 0x0000026adf6127f0 redefined class name=com.example.controller.KoutsuhiKeihiController, count=1
Event: 48958.400 Thread 0x0000026adf6127f0 redefined class name=com.example.controller.KoutsuhiKeihiController, count=1
Event: 49573.206 Thread 0x0000026adf6127f0 redefined class name=com.example.controller.KoutsuhiKeihiController, count=1
Event: 49573.206 Thread 0x0000026adf6127f0 redefined class name=com.example.controller.KoutsuhiKeihiController, count=2
Event: 49573.206 Thread 0x0000026adf6127f0 redefined class name=com.example.controller.KoutsuhiKeihiController, count=3
Event: 49573.206 Thread 0x0000026adf6127f0 redefined class name=com.example.controller.KoutsuhiKeihiController, count=2

Internal exceptions (20 events):
Event: 51960.079 Thread 0x0000026ae7069d40 Exception <a 'java/lang/ClassNotFoundException'{0x0000000609d48978}: org/thymeleaf/engine/ElementTagStructureHandlerCustomizer> (0x0000000609d48978) 
thrown [s\src\hotspot\share\classfile\systemDictionary.cpp, line 312]
Event: 51960.080 Thread 0x0000026ae7069d40 Exception <a 'java/lang/NoSuchMethodError'{0x0000000609d5e008}: 'void java.lang.invoke.DirectMethodHandle$Holder.invokeInterface(java.lang.Object, java.lang.Object, java.lang.Object, int)'> (0x0000000609d5e008) 
thrown [s\src\hotspot\share\interpreter\linkResolver.cpp, line 773]
Event: 51960.080 Thread 0x0000026ae7069d40 Exception <a 'java/lang/NoSuchMethodError'{0x0000000609d61f48}: 'void java.lang.invoke.DelegatingMethodHandle$Holder.reinvoke_L(java.lang.Object, java.lang.Object, java.lang.Object, int)'> (0x0000000609d61f48) 
thrown [s\src\hotspot\share\interpreter\linkResolver.cpp, line 773]
Event: 51960.080 Thread 0x0000026ae7069d40 Exception <a 'java/lang/NoSuchMethodError'{0x0000000609d6bbb0}: 'java.lang.Object java.lang.invoke.DelegatingMethodHandle$Holder.delegate(java.lang.Object, java.lang.Object, java.lang.Object, java.lang.Object, int)'> (0x0000000609d6bbb0) 
thrown [s\src\hotspot\share\interpreter\linkResolver.cpp, line 773]
Event: 51967.689 Thread 0x0000026ae7069020 Exception <a 'sun/nio/fs/WindowsException'{0x0000000609568448}> (0x0000000609568448) 
thrown [s\src\hotspot\share\prims\jni.cpp, line 520]
Event: 51977.288 Thread 0x0000026ae706f290 Exception <a 'java/lang/NoSuchMethodError'{0x000000060df56c80}: 'java.lang.Object java.lang.invoke.DelegatingMethodHandle$Holder.delegate(java.lang.Object, int, java.lang.Object)'> (0x000000060df56c80) 
thrown [s\src\hotspot\share\interpreter\linkResolver.cpp, line 773]
Event: 51990.486 Thread 0x0000026ae706c4a0 Exception <a 'java/io/FileNotFoundException'{0x000000060eaeaa00}> (0x000000060eaeaa00) 
thrown [s\src\hotspot\share\prims\jni.cpp, line 520]
Event: 51990.488 Thread 0x0000026ae706c4a0 Exception <a 'java/lang/NullPointerException'{0x000000060eb04878}> (0x000000060eb04878) 
thrown [s\src\hotspot\share\interpreter\linkResolver.cpp, line 1372]
Event: 51990.488 Thread 0x0000026ae706c4a0 Exception <a 'java/lang/NullPointerException'{0x000000060eb05398}> (0x000000060eb05398) 
thrown [s\src\hotspot\share\interpreter\linkResolver.cpp, line 1372]
Event: 51990.488 Thread 0x0000026ae706c4a0 Exception <a 'java/lang/NullPointerException'{0x000000060eb05eb8}> (0x000000060eb05eb8) 
thrown [s\src\hotspot\share\interpreter\linkResolver.cpp, line 1372]
Event: 51990.491 Thread 0x0000026ae706c4a0 Exception <a 'java/lang/NullPointerException'{0x000000060eb2edf8}> (0x000000060eb2edf8) 
thrown [s\src\hotspot\share\interpreter\linkResolver.cpp, line 1372]
Event: 51990.491 Thread 0x0000026ae706c4a0 Exception <a 'java/lang/NullPointerException'{0x000000060eb2f918}> (0x000000060eb2f918) 
thrown [s\src\hotspot\share\interpreter\linkResolver.cpp, line 1372]
Event: 51990.491 Thread 0x0000026ae706c4a0 Exception <a 'java/lang/NullPointerException'{0x000000060eb30438}> (0x000000060eb30438) 
thrown [s\src\hotspot\share\interpreter\linkResolver.cpp, line 1372]
Event: 51990.492 Thread 0x0000026ae706c4a0 Exception <a 'java/io/FileNotFoundException'{0x000000060eb576e8}> (0x000000060eb576e8) 
thrown [s\src\hotspot\share\prims\jni.cpp, line 520]
Event: 51992.384 Thread 0x0000026ae706c4a0 Exception <a 'java/io/FileNotFoundException'{0x000000060df72a18}> (0x000000060df72a18) 
thrown [s\src\hotspot\share\prims\jni.cpp, line 520]
Event: 51992.391 Thread 0x0000026ae706c4a0 Exception <a 'java/io/FileNotFoundException'{0x000000060d83cb50}> (0x000000060d83cb50) 
thrown [s\src\hotspot\share\prims\jni.cpp, line 520]
Event: 51993.738 Thread 0x0000026ae706c4a0 Exception <a 'java/io/IOException'{0x000000060d9605c0}> (0x000000060d9605c0) 
thrown [s\src\hotspot\share\prims\jni.cpp, line 520]
Event: 51993.739 Thread 0x0000026ae706c4a0 Exception <a 'java/io/IOException'{0x000000060d964360}> (0x000000060d964360) 
thrown [s\src\hotspot\share\prims\jni.cpp, line 520]
Event: 51996.497 Thread 0x0000026ae706c4a0 Exception <a 'java/io/IOException'{0x000000060dad83a8}> (0x000000060dad83a8) 
thrown [s\src\hotspot\share\prims\jni.cpp, line 520]
Event: 51996.498 Thread 0x0000026ae706c4a0 Exception <a 'java/io/IOException'{0x000000060dadbf88}> (0x000000060dadbf88) 
thrown [s\src\hotspot\share\prims\jni.cpp, line 520]

ZGC Phase Switch (0 events):
No events

VM Operations (20 events):
Event: 52259.985 Executing VM operation: get/set locals
Event: 52259.985 Executing VM operation: get/set locals done
Event: 52259.986 Executing VM operation: get/set locals
Event: 52259.986 Executing VM operation: get/set locals done
Event: 52259.986 Executing VM operation: get/set locals
Event: 52259.986 Executing VM operation: get/set locals done
Event: 52259.986 Executing VM operation: get/set locals
Event: 52259.986 Executing VM operation: get/set locals done
Event: 52259.992 Executing VM operation: get/set locals
Event: 52259.992 Executing VM operation: get/set locals done
Event: 52259.993 Executing VM operation: get/set locals
Event: 52259.993 Executing VM operation: get/set locals done
Event: 52309.996 Executing VM operation: G1CollectForAllocation (G1 Evacuation Pause)
Event: 52310.000 Executing VM operation: G1CollectForAllocation (G1 Evacuation Pause) done
Event: 52324.822 Executing VM operation: get/set locals
Event: 52324.822 Executing VM operation: get/set locals done
Event: 52332.787 Executing VM operation: ChangeSingleStep
Event: 52332.787 Executing VM operation: ChangeSingleStep done
Event: 52332.788 Executing VM operation: ChangeSingleStep
Event: 52332.788 Executing VM operation: ChangeSingleStep done

Events (20 events):
Event: 51992.382 Thread 0x0000026ae9f45430 Thread exited: 0x0000026ae9f45430
Event: 51992.393 Thread 0x0000026ae9f44d60 Thread exited: 0x0000026ae9f44d60
Event: 51993.739 Thread 0x0000026aea545bd0 Thread exited: 0x0000026aea545bd0
Event: 51993.960 Thread 0x0000026aea545bd0 Thread added: 0x0000026aea545bd0
Event: 51994.364 Thread 0x0000026ae9f45430 Thread added: 0x0000026ae9f45430
Event: 51996.328 Thread 0x0000026ae9f45430 Thread exited: 0x0000026ae9f45430
Event: 51996.500 Thread 0x0000026aea545bd0 Thread exited: 0x0000026aea545bd0
Event: 51996.504 Thread 0x0000026ae9f46f70 Thread added: 0x0000026ae9f46f70
Event: 51996.505 Thread 0x0000026ae9f47640 Thread added: 0x0000026ae9f47640
Event: 51996.505 Thread 0x0000026ae9f47d10 Thread added: 0x0000026ae9f47d10
Event: 51999.058 Thread 0x0000026ae9f47d10 Thread exited: 0x0000026ae9f47d10
Event: 52007.078 Thread 0x0000026ae9f46f70 Thread exited: 0x0000026ae9f46f70
Event: 52007.078 Thread 0x0000026ae9f47640 Thread exited: 0x0000026ae9f47640
Event: 52031.025 Thread 0x0000026aea547610 Thread exited: 0x0000026aea547610
Event: 52046.030 Thread 0x0000026ae706e570 Thread exited: 0x0000026ae706e570
Event: 52046.030 Thread 0x0000026aea546260 Thread exited: 0x0000026aea546260
Event: 52333.732 Thread 0x0000026aea546260 Thread added: 0x0000026aea546260
Event: 52333.733 Thread 0x0000026ae706b780 Thread exited: 0x0000026ae706b780
Event: 52333.734 Thread 0x0000026aea547610 Thread added: 0x0000026aea547610
Event: 52333.741 Thread 0x0000026ae706dee0 Thread exited: 0x0000026ae706dee0


Dynamic libraries:
0x00007ff7e1880000 - 0x00007ff7e188e000 	C:\pleiades\2024-03\java\21\bin\javaw.exe
0x00007ff832420000 - 0x00007ff832689000 	C:\WINDOWS\SYSTEM32\ntdll.dll
0x00007fffd4f20000 - 0x00007fffd4f40000 	C:\Program Files\Avast Software\Avast\aswhook.dll
0x00007ff831120000 - 0x00007ff8311e9000 	C:\WINDOWS\System32\KERNEL32.DLL
0x00007ff82fc80000 - 0x00007ff830073000 	C:\WINDOWS\System32\KERNELBASE.dll
0x00007ff82f670000 - 0x00007ff82f7bb000 	C:\WINDOWS\System32\ucrtbase.dll
0x00007ff80c600000 - 0x00007ff80c61b000 	C:\pleiades\2024-03\java\21\bin\VCRUNTIME140.dll
0x00007ff813a00000 - 0x00007ff813a18000 	C:\pleiades\2024-03\java\21\bin\jli.dll
0x00007ff830320000 - 0x00007ff8304e4000 	C:\WINDOWS\System32\USER32.dll
0x00007ff82f7c0000 - 0x00007ff82f7e7000 	C:\WINDOWS\System32\win32u.dll
0x00007ff802cf0000 - 0x00007ff802f83000 	C:\WINDOWS\WinSxS\amd64_microsoft.windows.common-controls_6595b64144ccf1df_6.0.26100.5074_none_3e0d6f78e32fd63f\COMCTL32.dll
0x00007ff831640000 - 0x00007ff83166b000 	C:\WINDOWS\System32\GDI32.dll
0x00007ff830f60000 - 0x00007ff831009000 	C:\WINDOWS\System32\msvcrt.dll
0x00007ff82fb50000 - 0x00007ff82fc7d000 	C:\WINDOWS\System32\gdi32full.dll
0x00007ff82fa00000 - 0x00007ff82faa3000 	C:\WINDOWS\System32\msvcp_win.dll
0x00007ff830e60000 - 0x00007ff830e8f000 	C:\WINDOWS\System32\IMM32.DLL
0x00007ff80cfb0000 - 0x00007ff80cfbc000 	C:\pleiades\2024-03\java\21\bin\vcruntime140_1.dll
0x00007ff80a3f0000 - 0x00007ff80a47e000 	C:\pleiades\2024-03\java\21\bin\msvcp140.dll
0x00007fff27280000 - 0x00007fff28003000 	C:\pleiades\2024-03\java\21\bin\server\jvm.dll
0x00007ff8301f0000 - 0x00007ff8302a4000 	C:\WINDOWS\System32\ADVAPI32.dll
0x00007ff831d30000 - 0x00007ff831dd6000 	C:\WINDOWS\System32\sechost.dll
0x00007ff831750000 - 0x00007ff831868000 	C:\WINDOWS\System32\RPCRT4.dll
0x00007ff831280000 - 0x00007ff8312f4000 	C:\WINDOWS\System32\WS2_32.dll
0x00007ff82f410000 - 0x00007ff82f46e000 	C:\WINDOWS\SYSTEM32\POWRPROF.dll
0x00007ff81e730000 - 0x00007ff81e73b000 	C:\WINDOWS\SYSTEM32\VERSION.dll
0x00007ff826710000 - 0x00007ff826745000 	C:\WINDOWS\SYSTEM32\WINMM.dll
0x00007ff82f3f0000 - 0x00007ff82f404000 	C:\WINDOWS\SYSTEM32\UMPDC.dll
0x00007ff82e350000 - 0x00007ff82e36b000 	C:\WINDOWS\SYSTEM32\kernel.appcore.dll
0x00007ff82a080000 - 0x00007ff82a08a000 	C:\pleiades\2024-03\java\21\bin\jimage.dll
0x00007ff82ca70000 - 0x00007ff82ccb2000 	C:\WINDOWS\SYSTEM32\DBGHELP.DLL
0x00007ff831f60000 - 0x00007ff8322db000 	C:\WINDOWS\System32\combase.dll
0x00007ff831670000 - 0x00007ff831747000 	C:\WINDOWS\System32\OLEAUT32.dll
0x00007ff81dce0000 - 0x00007ff81dd1d000 	C:\WINDOWS\SYSTEM32\dbgcore.DLL
0x00007ff82fab0000 - 0x00007ff82fb49000 	C:\WINDOWS\System32\bcryptPrimitives.dll
0x00007ff829c50000 - 0x00007ff829c8c000 	C:\pleiades\2024-03\java\21\bin\jdwp.dll
0x00007ff81fbd0000 - 0x00007ff81fbdf000 	C:\pleiades\2024-03\java\21\bin\instrument.dll
0x00007ff813a20000 - 0x00007ff813a3f000 	C:\pleiades\2024-03\java\21\bin\java.dll
0x00007ff8304f0000 - 0x00007ff830c3d000 	C:\WINDOWS\System32\SHELL32.dll
0x00007ff830080000 - 0x00007ff8301ec000 	C:\WINDOWS\System32\wintypes.dll
0x00007ff82d1d0000 - 0x00007ff82da29000 	C:\WINDOWS\SYSTEM32\windows.storage.dll
0x00007ff8322e0000 - 0x00007ff8323d0000 	C:\WINDOWS\System32\SHCORE.dll
0x00007ff8302b0000 - 0x00007ff830312000 	C:\WINDOWS\System32\shlwapi.dll
0x00007ff82f4d0000 - 0x00007ff82f4f9000 	C:\WINDOWS\SYSTEM32\profapi.dll
0x00007ff829f50000 - 0x00007ff829f5c000 	C:\pleiades\2024-03\java\21\bin\dt_socket.dll
0x00007ff82de00000 - 0x00007ff82de34000 	C:\WINDOWS\SYSTEM32\IPHLPAPI.DLL
0x00007ff82e8b0000 - 0x00007ff82e91b000 	C:\WINDOWS\system32\mswsock.dll
0x00007ff82de40000 - 0x00007ff82df66000 	C:\WINDOWS\SYSTEM32\DNSAPI.dll
0x00007ff830f00000 - 0x00007ff830f0a000 	C:\WINDOWS\System32\NSI.dll
0x00007ff8278b0000 - 0x00007ff8278bb000 	C:\Windows\System32\rasadhlp.dll
0x00007ff828ca0000 - 0x00007ff828d26000 	C:\WINDOWS\System32\fwpuclnt.dll
0x00007ff80d030000 - 0x00007ff80d048000 	C:\pleiades\2024-03\java\21\bin\zip.dll
0x00007ff813c30000 - 0x00007ff813c40000 	C:\pleiades\2024-03\java\21\bin\net.dll
0x00007ff825bd0000 - 0x00007ff825cef000 	C:\WINDOWS\SYSTEM32\WINHTTP.dll
0x00007ff80c970000 - 0x00007ff80c986000 	C:\pleiades\2024-03\java\21\bin\nio.dll
0x00007ff81fbf0000 - 0x00007ff81fbfa000 	C:\pleiades\2024-03\java\21\bin\management.dll
0x00007ff814d10000 - 0x00007ff814d1b000 	C:\pleiades\2024-03\java\21\bin\management_ext.dll
0x00007ff831300000 - 0x00007ff831308000 	C:\WINDOWS\System32\PSAPI.DLL
0x00007ffff6530000 - 0x00007ffff6548000 	C:\WINDOWS\system32\napinsp.dll
0x00007ffff6510000 - 0x00007ffff6522000 	C:\WINDOWS\System32\winrnr.dll
0x00007ffff64e0000 - 0x00007ffff6508000 	C:\WINDOWS\system32\nlansp_c.dll
0x00007ff81f330000 - 0x00007ff81f346000 	C:\WINDOWS\system32\wshbth.dll
0x00007ff814d00000 - 0x00007ff814d10000 	C:\pleiades\2024-03\java\21\bin\verify.dll
0x00007ff82ec80000 - 0x00007ff82ec9b000 	C:\WINDOWS\SYSTEM32\CRYPTSP.dll
0x00007ff82e2b0000 - 0x00007ff82e2eb000 	C:\WINDOWS\system32\rsaenh.dll
0x00007ff82e950000 - 0x00007ff82e97b000 	C:\WINDOWS\SYSTEM32\USERENV.dll
0x00007ff82f4a0000 - 0x00007ff82f4c6000 	C:\WINDOWS\SYSTEM32\bcrypt.dll
0x00007ff82eae0000 - 0x00007ff82eaec000 	C:\WINDOWS\SYSTEM32\CRYPTBASE.dll
0x00007ff81fbe0000 - 0x00007ff81fbe9000 	C:\pleiades\2024-03\java\21\bin\extnet.dll
0x00007ff80d020000 - 0x00007ff80d02e000 	C:\pleiades\2024-03\java\21\bin\sunmscapi.dll
0x00007ff82f880000 - 0x00007ff82f9f7000 	C:\WINDOWS\System32\CRYPT32.dll
0x00007ff82edc0000 - 0x00007ff82edf0000 	C:\WINDOWS\SYSTEM32\ncrypt.dll
0x00007ff82ed70000 - 0x00007ff82edaf000 	C:\WINDOWS\SYSTEM32\NTASN1.dll
0x00007fff433a0000 - 0x00007fff433a8000 	C:\WINDOWS\system32\wshunix.dll

dbghelp: loaded successfully - version: 4.0.5 - missing functions: none
symbol engine: initialized successfully - sym options: 0x614 - pdb path: .;C:\pleiades\2024-03\java\21\bin;C:\WINDOWS\SYSTEM32;C:\Program Files\Avast Software\Avast;C:\WINDOWS\WinSxS\amd64_microsoft.windows.common-controls_6595b64144ccf1df_6.0.26100.5074_none_3e0d6f78e32fd63f;C:\pleiades\2024-03\java\21\bin\server

VM Arguments:
jvm_args: -XX:+ShowCodeDetailsInExceptionMessages -agentlib:jdwp=transport=dt_socket,suspend=y,address=localhost:54730 -Dcom.sun.management.jmxremote -Dcom.sun.management.jmxremote.port=60285 -Dcom.sun.management.jmxremote.authenticate=false -Dcom.sun.management.jmxremote.ssl=false -Djava.rmi.server.hostname=localhost -Dspring.jmx.enabled=true -Dmanagement.endpoints.jmx.exposure.include=* -Dspring.application.admin.enabled=true -XX:TieredStopAtLevel=1 -Dspring.boot.project.name=KintaiSystem -javaagent:C:\pleiades\2024-03\eclipse\configuration\org.eclipse.osgi\251\0\.cp\lib\javaagent-shaded.jar -Dfile.encoding=UTF-8 -Dstdout.encoding=UTF-8 -Dstderr.encoding=UTF-8 
java_command: com.example.SpringBootSampleApplication --spring.output.ansi.enabled=always
java_class_path (initial): C:\pleiades\2024-03\workspace\KintaiSystem\target\classes;C:\pleiades\2024-03\workspace\KintaiSystem\target\test-classes;C:\Users\m83ai\.m2\repository\org\springframework\boot\spring-boot-starter-data-jdbc\3.4.1\spring-boot-starter-data-jdbc-3.4.1.jar;C:\Users\m83ai\.m2\repository\org\springframework\boot\spring-boot-starter-jdbc\3.4.1\spring-boot-starter-jdbc-3.4.1.jar;C:\Users\m83ai\.m2\repository\com\zaxxer\HikariCP\5.1.0\HikariCP-5.1.0.jar;C:\Users\m83ai\.m2\repository\org\springframework\spring-jdbc\6.2.1\spring-jdbc-6.2.1.jar;C:\Users\m83ai\.m2\repository\org\springframework\data\spring-data-jdbc\3.4.1\spring-data-jdbc-3.4.1.jar;C:\Users\m83ai\.m2\repository\org\springframework\data\spring-data-relational\3.4.1\spring-data-relational-3.4.1.jar;C:\Users\m83ai\.m2\repository\org\springframework\data\spring-data-commons\3.4.1\spring-data-commons-3.4.1.jar;C:\Users\m83ai\.m2\repository\org\springframework\spring-tx\6.2.1\spring-tx-6.2.1.jar;C:\Users\m83ai\.m2\repository\org\springframework\spring-context\6.2.1\spring-context-6.2.1.jar;C:\Users\m83ai\.m2\repository\org\springframework\boot\spring-boot-starter-thymeleaf\3.4.1\spring-boot-starter-thymeleaf-3.4.1.jar;C:\Users\m83ai\.m2\repository\org\springframework\boot\spring-boot-starter\3.4.1\spring-boot-starter-3.4.1.jar;C:\Users\m83ai\.m2\repository\org\springframework\boot\spring-boot-starter-logging\3.4.1\spring-boot-starter-logging-3.4.1.jar;C:\Users\m83ai\.m2\repository\ch\qos\logback\logback-classic\1.5.12\logback-classic-1.5.12.jar;C:\Users\m83ai\.m2\repository\ch\qos\logback\logback-core\1.5.12\logback-core-1.5.12.jar;C:\Users\m83ai\.m2\repository\org\apache\logging\log4j\log4j-to-slf4j\2.24.3\log4j-to-slf4j-2.24.3.jar;C:\Users\m83ai\.m2\repository\org\apache\logging\log4j\log4j-api\2.24.3\log4j-api-2.24.3.jar;C:\Users\m83ai\.m2\repository\org\slf4j\jul-to-slf4j\2.0.16\jul-to-slf4j-2.0.16.jar;C:\Users\m83ai\.m2\repository\jakarta\annotation\jakarta.annotation-api\2.1.1\jakarta.annotation-api-2.1.1.jar;C:\Users\m83ai\.m2\repository\org\yaml\snakeyaml\2.3\snakeyaml-2.3.jar;C:\Users\m83ai\.m2\repository\org\thymeleaf\thymeleaf-spring6\3.1.3.RELEASE\thymeleaf-spring6-3.1.3.RELEASE.jar;C:\Users\m83ai\.m2\repository\org\springframework\boot\spring-boot-starter-web\3.4.1\spring-boot-starter-web-3.4.1.jar;C:\Users\m83ai\.m2\repository\org\springframework\boot\spring-boot-starter-json\3.4.1\spring-boot-starter-json-3.4.1.jar;C:\Users\m83ai\.m2\repository\com\fasterxml\jackson\datatype\jackson-datatype-jdk8\2.18.2\jackson-datatype-jdk8-2.18.2.jar;C:\Users\m83ai\.m2\repository\com\fasterxml\jackson\datatype\jackson-datatype-jsr310\2.18.2\jackson-datatype-jsr310-2.18.2.jar;C:\Users\m83ai\.m2\repository\com\fasterxml\jackson\module\jackson-module-parameter-names\2.18.2\jackson-module-parameter-names-2.18.2.jar;C:\Users\m83ai\.m2\repository\org\springframework\boot\spring-boot-starter-tomcat\3.4.1\spring-boot-starter-tomcat-3.4.1.jar;C:\Users\m83ai\.m2\repository\org\apache\tomcat\embed\tomcat-embed-core\10.1.34\tomcat-embed-core-10.1.34.jar;C:\Users\m83ai\.m2\repository\org\apache\tomcat\embed\tomcat-embed-websocket\10.1.34\tomcat-embed-websocket-10.1.34.jar;C:\Users\m83ai\.m2\repository\org\springframework\spring-web\6.2.1\spring-web-6.2.1.jar;C:\Users\m83ai\.m2\repository\io\micrometer\micrometer-observation\1.14.2\micrometer-observation-1.14.2.jar;C:\Users\m83ai\.m2\repository\io\micrometer\micrometer-commons\1.14.2\micrometer-commons-1.14.2.jar;C:\Users\m83ai\.m2\repository\org\springframework\spring-webmvc\6.2.1\spring-webmvc-6.2.1.jar;C:\Users\m83ai\.m2\repository\org\springframework\spring-expression\6.2.1\spring-expression-6.2.1.jar;C:\Users\m83ai\.m2\repository\org\springframework\boot\spring-boot-devtools\3.4.1\spring-boot-devtools-3.4.1.jar;C:\Users\m83ai\.m2\repository\org\springframework\boot\spring-boot\3.4.1\spring-boot-3.4.1.jar;C:\Users\m83ai\.m2\repository\org\springframework\boot\spring-boot-autoconfigure\3.4.1\spring-boot-autoconfigure-3.4.1.jar;C:\Users\m83ai\.m2\repository\com\h2database\h2\2.3.232\h2-2.3.232.jar;C:\Users\m83ai\.m2\repository\org\projectlombok\lombok\1.18.36\lombok-1.18.36.jar;C:\Users\m83ai\.m2\repository\org\springframework\boot\spring-boot-starter-test\3.4.1\spring-boot-starter-test-3.4.1.jar;C:\Users\m83ai\.m2\repository\org\springframework\boot\spring-boot-test\3.4.1\spring-boot-test-3.4.1.jar;C:\Users\m83ai\.m2\repository\org\springframework\boot\spring-boot-test-autoconfigure\3.4.1\spring-boot-test-autoconfigure-3.4.1.jar;C:\Users\m83ai\.m2\repository\com\jayway\jsonpath\json-path\2.9.0\json-path-2.9.0.jar;C:\Users\m83ai\.m2\repository\jakarta\xml\bind\jakarta.xml.bind-api\4.0.2\jakarta.xml.bind-api-4.0.2.jar;C:\Users\m83ai\.m2\repository\jakarta\activation\jakarta.activation-api\2.1.3\jakarta.activation-api-2.1.3.jar;C:\Users\m83ai\.m2\repository\net\minidev\json-smart\2.5.1\json-smart-2.5.1.jar;C:\Users\m83ai\.m2\repository\net\minidev\accessors-smart\2.5.1\accessors-smart-2.5.1.jar;C:\Users\m83ai\.m2\repository\org\ow2\asm\asm\9.6\asm-9.6.jar;C:\Users\m83ai\.m2\repository\org\assertj\assertj-core\3.26.3\assertj-core-3.26.3.jar;C:\Users\m83ai\.m2\repository\net\bytebuddy\byte-buddy\1.15.11\byte-buddy-1.15.11.jar;C:\Users\m83ai\.m2\repository\org\awaitility\awaitility\4.2.2\awaitility-4.2.2.jar;C:\Users\m83ai\.m2\repository\org\hamcrest\hamcrest\2.2\hamcrest-2.2.jar;C:\Users\m83ai\.m2\repository\org\junit\jupiter\junit-jupiter\5.11.4\junit-jupiter-5.11.4.jar;C:\Users\m83ai\.m2\repository\org\junit\jupiter\junit-jupiter-api\5.11.4\junit-jupiter-api-5.11.4.jar;C:\Users\m83ai\.m2\repository\org\opentest4j\opentest4j\1.3.0\opentest4j-1.3.0.jar;C:\Users\m83ai\.m2\repository\org\junit\platform\junit-platform-commons\1.11.4\junit-platform-commons-1.11.4.jar;C:\Users\m83ai\.m2\repository\org\apiguardian\apiguardian-api\1.1.2\apiguardian-api-1.1.2.jar;C:\Users\m83ai\.m2\repository\org\junit\jupiter\junit-jupiter-params\5.11.4\junit-jupiter-params-5.11.4.jar;C:\Users\m83ai\.m2\repository\org\junit\jupiter\junit-jupiter-engine\5.11.4\junit-jupiter-engine-5.11.4.jar;C:\Users\m83ai\.m2\repository\org\junit\platform\junit-platform-engine\1.11.4\junit-platform-engine-1.11.4.jar;C:\Users\m83ai\.m2\repository\org\mockito\mockito-core\5.14.2\mockito-core-5.14.2.jar;C:\Users\m83ai\.m2\repository\net\bytebuddy\byte-buddy-agent\1.15.11\byte-buddy-agent-1.15.11.jar;C:\Users\m83ai\.m2\repository\org\objenesis\objenesis\3.3\objenesis-3.3.jar;C:\Users\m83ai\.m2\repository\org\mockito\mockito-junit-jupiter\5.14.2\mockito-junit-jupiter-5.14.2.jar;C:\Users\m83ai\.m2\repository\org\skyscreamer\jsonassert\1.5.3\jsonassert-1.5.3.jar;C:\Users\m83ai\.m2\repository\com\vaadin\external\google\android-json\0.0.20131108.vaadin1\android-json-0.0.20131108.vaadin1.jar;C:\Users\m83ai\.m2\repository\org\springframework\spring-core\6.2.1\spring-core-6.2.1.jar;C:\Users\m83ai\.m2\repository\org\springframework\spring-jcl\6.2.1\spring-jcl-6.2.1.jar;C:\Users\m83ai\.m2\repository\org\springframework\spring-test\6.2.1\spring-test-6.2.1.jar;C:\Users\m83ai\.m2\repository\org\xmlunit\xmlunit-core\2.10.0\xmlunit-core-2.10.0.jar;C:\Users\m83ai\.m2\repository\org\webjars\jquery\3.5.1\jquery-3.5.1.jar;C:\Users\m83ai\.m2\repository\org\webjars\bootstrap\4.5.3\bootstrap-4.5.3.jar;C:\Users\m83ai\.m2\repository\org\webjars\popper.js\1.16.0\popper.js-1.16.0.jar;C:\Users\m83ai\.m2\repository\org\webjars\webjars-locator\0.40\webjars-locator-0.40.jar;C:\Users\m83ai\.m2\repository\org\webjars\webjars-locator-core\0.59\webjars-locator-core-0.59.jar;C:\Users\m83ai\.m2\repository\io\github\classgraph\classgraph\4.8.173\classgraph-4.8.173.jar;C:\Users\m83ai\.m2\repository\com\fasterxml\jackson\core\jackson-core\2.18.2\jackson-core-2.18.2.jar;C:\Users\m83ai\.m2\repository\com\fasterxml\jackson\core\jackson-databind\2.18.2\jackson-databind-2.18.2.jar;C:\Users\m83ai\.m2\repository\com\fasterxml\jackson\core\jackson-annotations\2.18.2\jackson-annotations-2.18.2.jar;C:\Users\m83ai\.m2\repository\org\apache\commons\commons-lang3\3.17.0\commons-lang3-3.17.0.jar;C:\Users\m83ai\.m2\repository\org\springframework\boot\spring-boot-starter-validation\3.4.1\spring-boot-starter-validation-3.4.1.jar;C:\Users\m83ai\.m2\repository\org\apache\tomcat\embed\tomcat-embed-el\10.1.34\tomcat-embed-el-10.1.34.jar;C:\Users\m83ai\.m2\repository\org\hibernate\validator\hibernate-validator\8.0.2.Final\hibernate-validator-8.0.2.Final.jar;C:\Users\m83ai\.m2\repository\jakarta\validation\jakarta.validation-api\3.0.2\jakarta.validation-api-3.0.2.jar;C:\Users\m83ai\.m2\repository\org\jboss\logging\jboss-logging\3.6.1.Final\jboss-logging-3.6.1.Final.jar;C:\Users\m83ai\.m2\repository\com\fasterxml\classmate\1.7.0\classmate-1.7.0.jar;C:\Users\m83ai\.m2\repository\nz\net\ultraq\thymeleaf\thymeleaf-layout-dialect\3.3.0\thymeleaf-layout-dialect-3.3.0.jar;C:\Users\m83ai\.m2\repository\org\apache\groovy\groovy\4.0.24\groovy-4.0.24.jar;C:\Users\m83ai\.m2\repository\nz\net\ultraq\groovy\groovy-extensions\2.1.0\groovy-extensions-2.1.0.jar;C:\Users\m83ai\.m2\repository\nz\net\ultraq\thymeleaf\thymeleaf-expression-processor\3.2.0\thymeleaf-expression-processor-3.2.0.jar;C:\Users\m83ai\.m2\repository\org\thymeleaf\thymeleaf\3.1.3.RELEASE\thymeleaf-3.1.3.RELEASE.jar;C:\Users\m83ai\.m2\repository\ognl\ognl\3.3.4\ognl-3.3.4.jar;C:\Users\m83ai\.m2\repository\org\javassist\javassist\3.29.0-GA\javassist-3.29.0-GA.jar;C:\Users\m83ai\.m2\repository\org\attoparser\attoparser\2.0.7.RELEASE\attoparser-2.0.7.RELEASE.jar;C:\Users\m83ai\.m2\repository\org\unbescape\unbescape\1.1.6.RELEASE\unbescape-1.1.6.RELEASE.jar;C:\Users\m83ai\.m2\repository\org\slf4j\slf4j-api\2.0.16\slf4j-api-2.0.16.jar;C:\Users\m83ai\.m2\repository\org\mybatis\spring\boot\mybatis-spring-boot-starter\3.0.3\mybatis-spring-boot-starter-3.0.3.jar;C:\Users\m83ai\.m2\repository\org\mybatis\spring\boot\mybatis-spring-boot-autoconfigure\3.0.3\mybatis-spring-boot-autoconfigure-3.0.3.jar;C:\Users\m83ai\.m2\repository\org\mybatis\mybatis\3.5.14\mybatis-3.5.14.jar;C:\Users\m83ai\.m2\repository\org\mybatis\mybatis-spring\3.0.3\mybatis-spring-3.0.3.jar;C:\Users\m83ai\.m2\repository\org\modelmapper\extensions\modelmapper-spring\2.3.9\modelmapper-spring-2.3.9.jar;C:\Users\m83ai\.m2\repository\org\modelmapper\modelmapper\2.3.9\modelmapper-2.3.9.jar;C:\Users\m83ai\.m2\repository\org\springframework\spring-aop\6.2.1\spring-aop-6.2.1.jar;C:\Users\m83ai\.m2\repository\org\springframework\spring-beans\6.2.1\spring-beans-6.2.1.jar;C:\Users\m83ai\.m2\repository\org\aspectj\aspectjweaver\1.9.22.1\aspectjweaver-1.9.22.1.jar;C:\Users\m83ai\.m2\repository\org\springframework\boot\spring-boot-starter-security\3.4.1\spring-boot-starter-security-3.4.1.jar;C:\Users\m83ai\.m2\repository\org\springframework\security\spring-security-config\6.4.2\spring-security-config-6.4.2.jar;C:\Users\m83ai\.m2\repository\org\springframework\security\spring-security-core\6.4.2\spring-security-core-6.4.2.jar;C:\Users\m83ai\.m2\repository\org\springframework\security\spring-security-crypto\6.4.2\spring-security-crypto-6.4.2.jar;C:\Users\m83ai\.m2\repository\org\springframework\security\spring-security-web\6.4.2\spring-security-web-6.4.2.jar;C:\Users\m83ai\.m2\repository\org\thymeleaf\extras\thymeleaf-extras-springsecurity6\3.1.1.RELEASE\thymeleaf-extras-springsecurity6-3.1.1.RELEASE.jar;C:\Users\m83ai\.m2\repository\org\webjars\datatables-plugins\1.10.21\datatables-plugins-1.10.21.jar;C:\Users\m83ai\.m2\repository\org\webjars\datatables\1.10.21\datatables-1.10.21.jar;C:\Users\m83ai\.m2\repository\org\springframework\boot\spring-boot-starter-mail\3.4.1\spring-boot-starter-mail-3.4.1.jar;C:\Users\m83ai\.m2\repository\org\springframework\spring-context-support\6.2.1\spring-context-support-6.2.1.jar;C:\Users\m83ai\.m2\repository\org\eclipse\angus\jakarta.mail\2.0.3\jakarta.mail-2.0.3.jar;C:\Users\m83ai\.m2\repository\org\eclipse\angus\angus-activation\2.0.2\angus-activation-2.0.2.jar
Launcher Type: SUN_STANDARD

[Global flags]
     intx CICompilerCount                          = 4                                         {product} {ergonomic}
     uint ConcGCThreads                            = 2                                         {product} {ergonomic}
     uint G1ConcRefinementThreads                  = 8                                         {product} {ergonomic}
   size_t G1HeapRegionSize                         = 4194304                                   {product} {ergonomic}
    uintx GCDrainStackTargetSize                   = 64                                        {product} {ergonomic}
   size_t InitialHeapSize                          = 532676608                                 {product} {ergonomic}
     bool ManagementServer                         = true                                      {product} {command line}
   size_t MarkStackSize                            = 4194304                                   {product} {ergonomic}
   size_t MaxHeapSize                              = 8510242816                                {product} {ergonomic}
   size_t MaxNewSize                               = 5104467968                                {product} {ergonomic}
   size_t MinHeapDeltaBytes                        = 4194304                                   {product} {ergonomic}
   size_t MinHeapSize                              = 8388608                                   {product} {ergonomic}
    uintx NonNMethodCodeHeapSize                   = 4096                                   {pd product} {ergonomic}
    uintx NonProfiledCodeHeapSize                  = 0                                      {pd product} {ergonomic}
     bool ProfileInterpreter                       = false                                  {pd product} {command line}
    uintx ProfiledCodeHeapSize                     = 0                                      {pd product} {ergonomic}
     bool ShowCodeDetailsInExceptionMessages       = true                                   {manageable} {command line}
   size_t SoftMaxHeapSize                          = 8510242816                             {manageable} {ergonomic}
     intx TieredStopAtLevel                        = 1                                         {product} {command line}
     bool UseCompressedOops                        = true                           {product lp64_product} {ergonomic}
     bool UseG1GC                                  = true                                      {product} {ergonomic}
     bool UseLargePagesIndividualAllocation        = false                                  {pd product} {ergonomic}

Logging:
Log output configuration:
 #0: stdout all=warning uptime,level,tags foldmultilines=false
 #1: stderr all=off uptime,level,tags foldmultilines=false

Environment Variables:
JAVA_HOME=C:\Program Files\Eclipse Adoptium\jdk-17.0.4.101-hotspot\
PATH=C:/pleiades/2024-03/java/21/bin/server;C:/pleiades/2024-03/java/21/bin;C:\Program Files\Eclipse Adoptium\jdk-21.0.7.6-hotspot\bin;C:\Program Files\Eclipse Adoptium\jdk-17.0.4.101-hotspot\bin;C:\app\m83ai\product\21c\dbhomeXE\bin;C:\WINDOWS\system32;C:\WINDOWS;C:\WINDOWS\System32\Wbem;C:\WINDOWS\System32\WindowsPowerShell\v1.0\;C:\WINDOWS\System32\OpenSSH\;C:\Program Files\Git\cmd;C:\Users\m83ai\AppData\Local\Programs\Python\Python310\Scripts\;C:\Users\m83ai\AppData\Local\Programs\Python\Python310\;C:\Users\m83ai\AppData\Local\Programs\Python\Python313\Scripts\;C:\Users\m83ai\AppData\Local\Programs\Python\Python313\;C:\Users\m83ai\AppData\Local\Microsoft\WindowsApps;C:\Program Files\MySQL\MySQL Server 8.4\bin;C:\Users\m83ai\AppData\Local\GitHubDesktop\bin;C:\Users\m83ai\AppData\Local\Programs\Python\Python310\Scripts;;C:\pleiades\2024-03\eclipse;
USERNAME=m83ai
OS=Windows_NT
PROCESSOR_IDENTIFIER=Intel64 Family 6 Model 140 Stepping 1, GenuineIntel
TMP=C:\Users\m83ai\AppData\Local\Temp
TEMP=C:\Users\m83ai\AppData\Local\Temp




Periodic native trim disabled

---------------  S Y S T E M  ---------------

OS:
 Windows 11 , 64 bit Build 26100 (10.0.26100.5074)
OS uptime: 1 days 9:25 hours
Hyper-V role detected

CPU: total 8 (initial active 8) (4 cores per cpu, 2 threads per core) family 6 model 140 stepping 1 microcode 0xbc, cx8, cmov, fxsr, ht, mmx, 3dnowpref, sse, sse2, sse3, ssse3, sse4.1, sse4.2, popcnt, lzcnt, tsc, tscinvbit, avx, avx2, aes, erms, clmul, bmi1, bmi2, adx, avx512f, avx512dq, avx512cd, avx512bw, avx512vl, sha, fma, vzeroupper, avx512_vpopcntdq, avx512_vpclmulqdq, avx512_vaes, avx512_vnni, clflush, clflushopt, clwb, avx512_vbmi2, avx512_vbmi, hv, rdtscp, rdpid, fsrm, gfni, avx512_bitalg, f16c, cet_ibt, cet_ss, avx512_ifma
Processor Information for all 8 processors :
  Max Mhz: 2419, Current Mhz: 2419, Mhz Limit: 2419

Memory: 4k page, system-wide physical 32448M (16711M free)
TotalPageFile size 34496M (AvailPageFile size 15906M)
current process WorkingSet (physical memory assigned to process): 387M, peak: 485M
current process commit charge ("private bytes"): 427M, peak: 634M

vm_info: OpenJDK 64-Bit Server VM (21.0.2+13-LTS) for windows-amd64 JRE (21.0.2+13-LTS), built on 2024-01-16T00:00:00Z by "admin" with unknown MS VC++:1937

END.
