#
# A fatal error has been detected by the Java Runtime Environment:
#
#  EXCEPTION_ACCESS_VIOLATION (0xc0000005) at pc=0x0000020c5660ada4, pid=10488, tid=21576
#
# JRE version: OpenJDK Runtime Environment Temurin-21.0.2+13 (21.0.2+13) (build 21.0.2+13-LTS)
# Java VM: OpenJDK 64-Bit Server VM Temurin-21.0.2+13 (21.0.2+13-LTS, mixed mode, emulated-client, sharing, tiered, compressed oops, compressed class ptrs, g1 gc, windows-amd64)
# Problematic frame:
# v  ~BufferBlob::MethodHandles adapters 0x0000020c5660ada4
#
# No core dump will be written. Minidumps are not enabled by default on client versions of Windows
#
# If you would like to submit a bug report, please visit:
#   https://github.com/adoptium/adoptium-support/issues
#

---------------  S U M M A R Y ------------

Command Line: -XX:+ShowCodeDetailsInExceptionMessages -agentlib:jdwp=transport=dt_socket,suspend=y,address=localhost:56351 -Dcom.sun.management.jmxremote -Dcom.sun.management.jmxremote.port=56350 -Dcom.sun.management.jmxremote.authenticate=false -Dcom.sun.management.jmxremote.ssl=false -Djava.rmi.server.hostname=localhost -Dspring.jmx.enabled=true -Dmanagement.endpoints.jmx.exposure.include=* -Dspring.application.admin.enabled=true -XX:TieredStopAtLevel=1 -Dspring.boot.project.name=KintaiSystem -javaagent:C:\pleiades\2024-03\eclipse\configuration\org.eclipse.osgi\251\0\.cp\lib\javaagent-shaded.jar -Dfile.encoding=UTF-8 -Dstdout.encoding=UTF-8 -Dstderr.encoding=UTF-8 com.example.SpringBootSampleApplication --spring.output.ansi.enabled=always

Host: 11th Gen Intel(R) Core(TM) i5-1135G7 @ 2.40GHz, 8 cores, 31G,  Windows 11 , 64 bit Build 26100 (10.0.26100.4202)
Time: Sun Jun 15 19:22:53 2025  Windows 11 , 64 bit Build 26100 (10.0.26100.4202) elapsed time: 700.043286 seconds (0d 0h 11m 40s)

---------------  T H R E A D  ---------------

Current thread (0x0000020c6b812ac0):  JavaThread "http-nio-8080-exec-1" daemon [_thread_in_Java, id=21576, stack(0x000000cf9cb00000,0x000000cf9cc00000) (1024K)]

Stack: [0x000000cf9cb00000,0x000000cf9cc00000],  sp=0x000000cf9cbfa1a8,  free space=1000k
Native frames: (J=compiled Java code, j=interpreted, Vv=VM code, C=native code)
C  0x0000020c5660ada4

The last pc belongs to _linkToVirtual (printed below).

siginfo: EXCEPTION_ACCESS_VIOLATION (0xc0000005), reading address 0x0000021c6872443e


Registers:
RAX=0x0000020c565d958b, RBX=0x000000060db90fc8, RCX=0x000000cf9cbfa1c0, RDX=0x0000000000000004
RSP=0x000000cf9cbfa1a8, RBP=0x000000cf9cbfa208, RSI=0x0000020c6bb07a18, RDI=0x0000020c6bbf4780
R8 =0x0000000000000004, R9 =0x0000000000000004, R10=0x0000020c68724276, R11=0x0000000200000000
R12=0x0000000000000000, R13=0x000000cf9cbfa1a8, R14=0x000000cf9cbfa238, R15=0x0000020c6b812ac0
RIP=0x0000020c5660ada4, EFLAGS=0x0000000000010202


Register to memory mapping:

RAX=0x0000020c565d958b is at code_begin+4363 in an Interpreter codelet
return entry points  [0x0000020c565d8480, 0x0000020c565da298]  7704 bytes
RBX=0x000000060db90fc8 is an oop: org.springframework.validation.support.BindingAwareModelMap 
{0x000000060db90fc8} - klass: 'org/springframework/validation/support/BindingAwareModelMap'
 - ---- fields (total size 8 words):
 - transient 'keySet' 'Ljava/util/Set;' @12  null (0x00000000)
 - transient 'values' 'Ljava/util/Collection;' @16  null (0x00000000)
 - transient 'size' 'I' @20  2 (0x00000002)
 - transient 'modCount' 'I' @24  2 (0x00000002)
 - 'threshold' 'I' @28  3 (0x00000003)
 - final 'loadFactor' 'F' @32  0.750000 (0x3f400000)
 - transient 'table' '[Ljava/util/HashMap$Node;' @36  a 'java/util/HashMap$Node'[4] {0x000000060dba1390} (0xc1b74272)
 - transient 'entrySet' 'Ljava/util/Set;' @40  null (0x00000000)
 - transient 'putMode' 'I' @44  0 (0x00000000)
 - final 'accessOrder' 'Z' @48  false (0x00)
 - transient 'head' 'Ljava/util/LinkedHashMap$Entry;' @52  a 'java/util/LinkedHashMap$Entry'{0x000000060dba13b0} (0xc1b74276)
 - transient 'tail' 'Ljava/util/LinkedHashMap$Entry;' @56  a 'java/util/LinkedHashMap$Entry'{0x000000060dba13d8} (0xc1b7427b)
RCX=0x000000cf9cbfa1c0 is pointing into the stack for thread: 0x0000020c6b812ac0
RDX=0x0000000000000004 is an unknown value
RSP=0x000000cf9cbfa1a8 is pointing into the stack for thread: 0x0000020c6b812ac0
RBP=0x000000cf9cbfa208 is pointing into the stack for thread: 0x0000020c6b812ac0
RSI=0x0000020c6bb07a18 points into unknown readable memory: 0x88001700c46a07d0 | d0 07 6a c4 00 17 00 88
RDI=0x0000020c6bbf4780 points into unknown readable memory: 0x0000002800000080 | 80 00 00 00 28 00 00 00
R8 =0x0000000000000004 is an unknown value
R9 =0x0000000000000004 is an unknown value
R10=0x0000020c68724276 is pointing into metadata
R11=0x0000000200000000 is an unknown value
R12=0x0 is null
R13=0x000000cf9cbfa1a8 is pointing into the stack for thread: 0x0000020c6b812ac0
R14=0x000000cf9cbfa238 is pointing into the stack for thread: 0x0000020c6b812ac0
R15=0x0000020c6b812ac0 is a thread

Top of Stack: (sp=0x000000cf9cbfa1a8)
0x000000cf9cbfa1a8:   0000020c565d958b 000000060db921f8
0x000000cf9cbfa1b8:   00000006090c8478 000000cf9cbfa1c0
0x000000cf9cbfa1c8:   0000020c68724276 0000000000000006
0x000000cf9cbfa1d8:   0000020c687243c8 000000cf9cbfa2a8
0x000000cf9cbfa1e8:   00000006056846d8 0000020c68724288
0x000000cf9cbfa1f8:   000000cf9cbfa1a8 000000cf9cbfa240
0x000000cf9cbfa208:   000000cf9cbfa2a8 0000020c565d958b
0x000000cf9cbfa218:   000000060dba1580 000000060db90fc8
0x000000cf9cbfa228:   000000060db921f8 00000006090c8478
0x000000cf9cbfa238:   000000060dba1700 000000060db90fc8
0x000000cf9cbfa248:   000000060db921f8 00000006090c8478
0x000000cf9cbfa258:   000000060dba1700 000000cf9cbfa260
0x000000cf9cbfa268:   0000020c67c6b301 000000000000000c
0x000000cf9cbfa278:   0000020c67c69c58 0000000000000000
0x000000cf9cbfa288:   0000000605e0f3e0 0000020c67c6b310
0x000000cf9cbfa298:   000000cf9cbfa240 000000cf9cbfa310
0x000000cf9cbfa2a8:   000000cf9cbfa5c8 0000020c572382aa
0x000000cf9cbfa2b8:   000000060dba1700 00000006090c8478
0x000000cf9cbfa2c8:   000000060dba1900 000000060db90fc8
0x000000cf9cbfa2d8:   000000060dba1a00 000000060db921f8
0x000000cf9cbfa2e8:   000000060dba1b08 000000060db90fc8
0x000000cf9cbfa2f8:   000000060db921f8 00000006090c8478
0x000000cf9cbfa308:   000000060dba1b58 000000060dbaccb0
0x000000cf9cbfa318:   0000000000000000 000000060dbaccf0
0x000000cf9cbfa328:   0000000604ff2650 000000060784efa0
0x000000cf9cbfa338:   0000000000000001 000000060784efa0
0x000000cf9cbfa348:   0000000605a0e480 0000000609020cf8
0x000000cf9cbfa358:   0000020c56a5c5a4 000000cf9cbfa5c8
0x000000cf9cbfa368:   0000020c56a2caec 0000000000000001
0x000000cf9cbfa378:   000000060dbacc98 000000060dbaccf0
0x000000cf9cbfa388:   0000000000000c00 0000000000000000
0x000000cf9cbfa398:   0000000000000000 0000000000000000 

Instructions: (pc=0x0000020c5660ada4)
0x0000020c5660aca4:   0c 02 00 00 00 ad 60 56 0c 02 00 00 80 bd 60 56
0x0000020c5660acb4:   0c 02 00 00 f0 ac 60 56 0c 02 00 00 f0 ac 60 56
0x0000020c5660acc4:   0c 02 00 00 00 00 00 00 00 00 00 00 b8 f6 ae 9b
0x0000020c5660acd4:   fb 7f 00 00 f0 10 00 00 60 00 00 00 ff ff ff ff
0x0000020c5660ace4:   f0 10 00 00 00 00 00 00 00 00 00 00 00 00 00 00
0x0000020c5660acf4:   00 00 00 00 00 00 00 00 00 00 00 00 f4 66 66 66
0x0000020c5660ad04:   0f 1f 84 00 00 00 00 00 66 66 66 90 66 66 66 0f
0x0000020c5660ad14:   1f 84 00 00 00 00 00 66 66 66 90 90 48 8b 53 08
0x0000020c5660ad24:   0f b7 52 2e 48 8b 0c d4 8b 59 14 48 c1 e3 03 8b
0x0000020c5660ad34:   5b 28 48 c1 e3 03 8b 5b 24 48 c1 e3 03 48 8b 5b
0x0000020c5660ad44:   10 48 85 db 0f 84 10 00 00 00 41 80 bf e0 05 00
0x0000020c5660ad54:   00 00 74 03 ff 63 38 ff 63 50 e9 9d 16 00 00 66
0x0000020c5660ad64:   66 66 0f 1f 84 00 00 00 00 00 66 66 66 90 66 66
0x0000020c5660ad74:   0f 1f 84 00 00 00 00 00 66 66 66 90 48 8b 53 08
0x0000020c5660ad84:   0f b7 52 2e 48 8b 0c d4 58 5b 50 44 8b 51 08 49
0x0000020c5660ad94:   bb 00 00 00 00 0c 02 00 00 4d 03 d3 4c 8b 5b 10
0x0000020c5660ada4:   4b 8b 9c da c8 01 00 00 48 85 db 0f 84 10 00 00
0x0000020c5660adb4:   00 41 80 bf e0 05 00 00 00 74 03 ff 63 38 ff 63
0x0000020c5660adc4:   50 e9 36 16 00 00 66 66 66 0f 1f 84 00 00 00 00
0x0000020c5660add4:   00 66 66 66 90 0f 1f 80 00 00 00 00 58 5b 50 8b
0x0000020c5660ade4:   5b 24 48 c1 e3 03 48 8b 5b 10 48 85 db 0f 84 10
0x0000020c5660adf4:   00 00 00 41 80 bf e0 05 00 00 00 74 03 ff 63 38
0x0000020c5660ae04:   ff 63 50 e9 f4 15 00 00 66 66 66 0f 1f 84 00 00
0x0000020c5660ae14:   00 00 00 66 66 66 90 0f 1f 44 00 00 48 8b 53 08
0x0000020c5660ae24:   0f b7 52 2e 48 8b 0c d4 58 5b 50 48 3b 01 8b 5b
0x0000020c5660ae34:   24 48 c1 e3 03 48 8b 5b 10 48 85 db 0f 84 10 00
0x0000020c5660ae44:   00 00 41 80 bf e0 05 00 00 00 74 03 ff 63 38 ff
0x0000020c5660ae54:   63 50 e9 a5 15 00 00 0f 1f 44 00 00 48 8b 53 08
0x0000020c5660ae64:   0f b7 52 2e 48 8b 0c d4 58 5b 50 44 8b 51 08 49
0x0000020c5660ae74:   bb 00 00 00 00 0c 02 00 00 4d 03 d3 8b 43 18 48
0x0000020c5660ae84:   c1 e0 03 48 8b 40 10 48 8b 5b 10 45 8b 9a a0 00
0x0000020c5660ae94:   00 00 4f 8d 9c da c8 01 00 00 4d 8d 14 da 49 8b 


Stack slot to memory mapping:

stack at sp + 0 slots: 0x0000020c565d958b is at code_begin+4363 in an Interpreter codelet
return entry points  [0x0000020c565d8480, 0x0000020c565da298]  7704 bytes
stack at sp + 1 slots: 0x000000060db921f8 is an oop: com.example.form.UserListForm 
{0x000000060db921f8} - klass: 'com/example/form/UserListForm'
 - ---- fields (total size 3 words):
 - private 'userId' 'Ljava/lang/String;' @12  null (0x00000000)
 - private 'userName' 'Ljava/lang/String;' @16  null (0x00000000)
stack at sp + 2 slots: 0x00000006090c8478 is an oop: com.example.controller.UserListController 
{0x00000006090c8478} - klass: 'com/example/controller/UserListController'
 - ---- fields (total size 3 words):
 - private 'userService' 'Lcom/example/domain/kintai/service/UserService;' @12  a 'com/example/domain/kintai/service/impl/UserServiceImpl$$SpringCGLIB$$0'{0x00000006090b7168} (0xc1216e2d)
 - private 'modelMapper' 'Lorg/modelmapper/ModelMapper;' @16  a 'org/modelmapper/ModelMapper'{0x0000000607be9dd8} (0xc0f7d3bb)
stack at sp + 3 slots: 0x000000cf9cbfa1c0 is pointing into the stack for thread: 0x0000020c6b812ac0
stack at sp + 4 slots: 0x0000020c68724276 is pointing into metadata
stack at sp + 5 slots: 0x0000000000000006 is an unknown value
stack at sp + 6 slots: 0x0000020c687243c8 is pointing into metadata
stack at sp + 7 slots: 0x000000cf9cbfa2a8 is pointing into the stack for thread: 0x0000020c6b812ac0

MethodHandle::interpreter_entry::_linkToVirtual [0x0000020c5660ad63, 0x0000020c5660adca] (103 bytes)
[MachCode]
  0x0000020c5660ad63: 6666 660f | 1f84 0000 | 0000 0066 | 6666 9066 | 660f 1f84 | 0000 0000 | 0066 6666 | 9048 8b53 
  0x0000020c5660ad83: 080f b752 | 2e48 8b0c | d458 5b50 | 448b 5108 | 49bb 0000 | 0000 0c02 | 0000 4d03 | d34c 8b5b 
  0x0000020c5660ada3: 104b 8b9c | dac8 0100 | 0048 85db | 0f84 1000 | 0000 4180 | bfe0 0500 | 0000 7403 | ff63 38ff 
  0x0000020c5660adc3: 6350 e936 | 
[/MachCode]

---------------  P R O C E S S  ---------------

Threads class SMR info:
_java_thread_list=0x0000020c6c7edfb0, length=40, elements={
0x0000020c63fb9d00, 0x0000020c63fbbf10, 0x0000020c63fbf810, 0x0000020c63fc0700,
0x0000020c63fc5e50, 0x0000020c63fc7ec0, 0x0000020c63fe6e00, 0x0000020c669adf50,
0x0000020c66a5a600, 0x0000020c66a859b0, 0x0000020c66a86030, 0x0000020c6b74f7d0,
0x0000020c6b9d2450, 0x0000020c6b9d2d50, 0x0000020c6ba2fe90, 0x0000020c6c0c3580,
0x0000020c6c0c3bf0, 0x0000020c6c102a80, 0x0000020c6c262100, 0x0000020c6b811710,
0x0000020c6c260030, 0x0000020c6c2606c0, 0x0000020c6b80e290, 0x0000020c6b80c850,
0x0000020c6b80dc00, 0x0000020c6b80c1c0, 0x0000020c6b80fcd0, 0x0000020c6b80cee0,
0x0000020c6b812ac0, 0x0000020c6b8109f0, 0x0000020c6b813150, 0x0000020c6b8137e0,
0x0000020c6b811080, 0x0000020c6b812430, 0x0000020c6b811da0, 0x0000020c6c25f310,
0x0000020c6c25f9a0, 0x0000020c6c260d50, 0x0000020c6c2613e0, 0x0000020c6e719780
}

Java Threads: ( => current thread )
  0x0000020c63fb9d00 JavaThread "Reference Handler"          daemon [_thread_blocked, id=26548, stack(0x000000cf9a700000,0x000000cf9a800000) (1024K)]
  0x0000020c63fbbf10 JavaThread "Finalizer"                  daemon [_thread_blocked, id=6244, stack(0x000000cf9a800000,0x000000cf9a900000) (1024K)]
  0x0000020c63fbf810 JavaThread "Signal Dispatcher"          daemon [_thread_blocked, id=2540, stack(0x000000cf9a900000,0x000000cf9aa00000) (1024K)]
  0x0000020c63fc0700 JavaThread "Attach Listener"            daemon [_thread_blocked, id=3988, stack(0x000000cf9aa00000,0x000000cf9ab00000) (1024K)]
  0x0000020c63fc5e50 JavaThread "Service Thread"             daemon [_thread_blocked, id=25492, stack(0x000000cf9ab00000,0x000000cf9ac00000) (1024K)]
  0x0000020c63fc7ec0 JavaThread "Monitor Deflation Thread"   daemon [_thread_blocked, id=25712, stack(0x000000cf9ac00000,0x000000cf9ad00000) (1024K)]
  0x0000020c63fe6e00 JavaThread "C1 CompilerThread0"         daemon [_thread_blocked, id=18984, stack(0x000000cf9ad00000,0x000000cf9ae00000) (1024K)]
  0x0000020c669adf50 JavaThread "Common-Cleaner"             daemon [_thread_blocked, id=12732, stack(0x000000cf9ae00000,0x000000cf9af00000) (1024K)]
  0x0000020c66a5a600 JavaThread "JDWP Transport Listener: dt_socket" daemon [_thread_blocked, id=21772, stack(0x000000cf9b200000,0x000000cf9b300000) (1024K)]
  0x0000020c66a859b0 JavaThread "JDWP Event Helper Thread"   daemon [_thread_blocked, id=15704, stack(0x000000cf9b300000,0x000000cf9b400000) (1024K)]
  0x0000020c66a86030 JavaThread "JDWP Command Reader"        daemon [_thread_in_native, id=17032, stack(0x000000cf9b400000,0x000000cf9b500000) (1024K)]
  0x0000020c6b74f7d0 JavaThread "Notification Thread"        daemon [_thread_blocked, id=22216, stack(0x000000cf9b500000,0x000000cf9b600000) (1024K)]
  0x0000020c6b9d2450 JavaThread "RMI TCP Accept-0"           daemon [_thread_in_native, id=4364, stack(0x000000cf9bd00000,0x000000cf9be00000) (1024K)]
  0x0000020c6b9d2d50 JavaThread "RMI TCP Accept-56350"       daemon [_thread_in_native, id=15508, stack(0x000000cf9be00000,0x000000cf9bf00000) (1024K)]
  0x0000020c6ba2fe90 JavaThread "RMI TCP Accept-0"           daemon [_thread_in_native, id=19464, stack(0x000000cf9bf00000,0x000000cf9c000000) (1024K)]
  0x0000020c6c0c3580 JavaThread "RMI Scheduler(0)"           daemon [_thread_blocked, id=25724, stack(0x000000cf9c300000,0x000000cf9c400000) (1024K)]
  0x0000020c6c0c3bf0 JavaThread "RMI TCP Connection(32)-127.0.0.1" daemon [_thread_in_native, id=10944, stack(0x000000cf9c400000,0x000000cf9c500000) (1024K)]
  0x0000020c6c102a80 JavaThread "JMX server connection timeout 41" daemon [_thread_blocked, id=14180, stack(0x000000cf9c500000,0x000000cf9c600000) (1024K)]
  0x0000020c6c262100 JavaThread "Live Reload Server"         daemon [_thread_in_native, id=23192, stack(0x000000cf9cd00000,0x000000cf9ce00000) (1024K)]
  0x0000020c6b811710 JavaThread "DestroyJavaVM"                     [_thread_blocked, id=5384, stack(0x000000cf99f00000,0x000000cf9a000000) (1024K)]
  0x0000020c6c260030 JavaThread "RMI TCP Connection(31)-127.0.0.1" daemon [_thread_in_native, id=24140, stack(0x000000cf9d700000,0x000000cf9d800000) (1024K)]
  0x0000020c6c2606c0 JavaThread "RMI TCP Connection(30)-127.0.0.1" daemon [_thread_in_native, id=4036, stack(0x000000cf9af00000,0x000000cf9b000000) (1024K)]
  0x0000020c6b80e290 JavaThread "RMI TCP Connection(29)-127.0.0.1" daemon [_thread_in_native, id=22516, stack(0x000000cf9b000000,0x000000cf9b100000) (1024K)]
  0x0000020c6b80c850 JavaThread "Catalina-utility-1"                [_thread_blocked, id=15940, stack(0x000000cf9b100000,0x000000cf9b200000) (1024K)]
  0x0000020c6b80dc00 JavaThread "Catalina-utility-2"                [_thread_blocked, id=7524, stack(0x000000cf9c000000,0x000000cf9c100000) (1024K)]
  0x0000020c6b80c1c0 JavaThread "container-0"                       [_thread_blocked, id=12784, stack(0x000000cf9c100000,0x000000cf9c200000) (1024K)]
  0x0000020c6b80fcd0 JavaThread "HikariPool-6 housekeeper"   daemon [_thread_blocked, id=10116, stack(0x000000cf9c200000,0x000000cf9c300000) (1024K)]
  0x0000020c6b80cee0 JavaThread "File Watcher"               daemon [_thread_blocked, id=26008, stack(0x000000cf9ca00000,0x000000cf9cb00000) (1024K)]
=>0x0000020c6b812ac0 JavaThread "http-nio-8080-exec-1"       daemon [_thread_in_Java, id=21576, stack(0x000000cf9cb00000,0x000000cf9cc00000) (1024K)]
  0x0000020c6b8109f0 JavaThread "http-nio-8080-exec-2"       daemon [_thread_blocked, id=6040, stack(0x000000cf9cc00000,0x000000cf9cd00000) (1024K)]
  0x0000020c6b813150 JavaThread "http-nio-8080-exec-3"       daemon [_thread_blocked, id=25704, stack(0x000000cf9ce00000,0x000000cf9cf00000) (1024K)]
  0x0000020c6b8137e0 JavaThread "http-nio-8080-exec-4"       daemon [_thread_blocked, id=15448, stack(0x000000cf9cf00000,0x000000cf9d000000) (1024K)]
  0x0000020c6b811080 JavaThread "http-nio-8080-exec-5"       daemon [_thread_blocked, id=24936, stack(0x000000cf9d000000,0x000000cf9d100000) (1024K)]
  0x0000020c6b812430 JavaThread "http-nio-8080-exec-6"       daemon [_thread_blocked, id=7416, stack(0x000000cf9d100000,0x000000cf9d200000) (1024K)]
  0x0000020c6b811da0 JavaThread "http-nio-8080-exec-7"       daemon [_thread_blocked, id=23272, stack(0x000000cf9d200000,0x000000cf9d300000) (1024K)]
  0x0000020c6c25f310 JavaThread "http-nio-8080-exec-8"       daemon [_thread_blocked, id=21336, stack(0x000000cf9d300000,0x000000cf9d400000) (1024K)]
  0x0000020c6c25f9a0 JavaThread "http-nio-8080-exec-9"       daemon [_thread_blocked, id=24212, stack(0x000000cf9d400000,0x000000cf9d500000) (1024K)]
  0x0000020c6c260d50 JavaThread "http-nio-8080-exec-10"      daemon [_thread_blocked, id=24924, stack(0x000000cf9d500000,0x000000cf9d600000) (1024K)]
  0x0000020c6c2613e0 JavaThread "http-nio-8080-Poller"       daemon [_thread_in_native, id=856, stack(0x000000cf9d600000,0x000000cf9d700000) (1024K)]
  0x0000020c6e719780 JavaThread "http-nio-8080-Acceptor"     daemon [_thread_in_native, id=21684, stack(0x000000cf9d800000,0x000000cf9d900000) (1024K)]
Total: 40

Other Threads:
  0x0000020c63f94540 VMThread "VM Thread"                           [id=24340, stack(0x000000cf9a600000,0x000000cf9a700000) (1024K)]
  0x0000020c66900bc0 WatcherThread "VM Periodic Task Thread"        [id=18656, stack(0x000000cf9a500000,0x000000cf9a600000) (1024K)]
  0x0000020c63e30780 WorkerThread "GC Thread#0"                     [id=15192, stack(0x000000cf9a000000,0x000000cf9a100000) (1024K)]
  0x0000020c6ba0b1b0 WorkerThread "GC Thread#1"                     [id=18960, stack(0x000000cf9b600000,0x000000cf9b700000) (1024K)]
  0x0000020c6ba0b550 WorkerThread "GC Thread#2"                     [id=5188, stack(0x000000cf9b700000,0x000000cf9b800000) (1024K)]
  0x0000020c6ba0b8f0 WorkerThread "GC Thread#3"                     [id=7472, stack(0x000000cf9b800000,0x000000cf9b900000) (1024K)]
  0x0000020c6b9f5470 WorkerThread "GC Thread#4"                     [id=24396, stack(0x000000cf9b900000,0x000000cf9ba00000) (1024K)]
  0x0000020c6b9f5810 WorkerThread "GC Thread#5"                     [id=5972, stack(0x000000cf9ba00000,0x000000cf9bb00000) (1024K)]
  0x0000020c6b9f5bb0 WorkerThread "GC Thread#6"                     [id=4416, stack(0x000000cf9bb00000,0x000000cf9bc00000) (1024K)]
  0x0000020c6b9f6360 WorkerThread "GC Thread#7"                     [id=9580, stack(0x000000cf9bc00000,0x000000cf9bd00000) (1024K)]
  0x0000020c4c55eab0 ConcurrentGCThread "G1 Main Marker"            [id=22356, stack(0x000000cf9a100000,0x000000cf9a200000) (1024K)]
  0x0000020c63e73bb0 WorkerThread "G1 Conc#0"                       [id=11548, stack(0x000000cf9a200000,0x000000cf9a300000) (1024K)]
  0x0000020c6c0be3e0 WorkerThread "G1 Conc#1"                       [id=15776, stack(0x000000cf9c700000,0x000000cf9c800000) (1024K)]
  0x0000020c63ed7850 ConcurrentGCThread "G1 Refine#0"               [id=25468, stack(0x000000cf9a300000,0x000000cf9a400000) (1024K)]
  0x0000020c63ed8070 ConcurrentGCThread "G1 Service"                [id=3268, stack(0x000000cf9a400000,0x000000cf9a500000) (1024K)]
Total: 15

Threads with active compile tasks:
Total: 0

VM state: not at safepoint (normal execution)

VM Mutex/Monitor currently owned by a thread: None

Heap address: 0x0000000604c00000, size: 8116 MB, Compressed Oops mode: Zero based, Oop shift amount: 3

CDS archive(s) mapped at: [0x0000020c00000000-0x0000020c00c90000-0x0000020c00c90000), size 13172736, SharedBaseAddress: 0x0000020c00000000, ArchiveRelocationMode: 1.
Compressed class space mapped at: 0x0000020c01000000-0x0000020c41000000, reserved size: 1073741824
Narrow klass base: 0x0000020c00000000, Narrow klass shift: 0, Narrow klass range: 0x100000000

GC Precious Log:
 CardTable entry size: 512
 Card Set container configuration: InlinePtr #cards 4 size 8 Array Of Cards #cards 32 size 80 Howl #buckets 8 coarsen threshold 7372 Howl Bitmap #cards 1024 size 144 coarsen threshold 921 Card regions per heap region 1 cards per card region 8192
 CPUs: 8 total, 8 available
 Memory: 32448M
 Large Page Support: Disabled
 NUMA Support: Disabled
 Compressed Oops: Enabled (Zero based)
 Heap Region Size: 4M
 Heap Min Capacity: 8M
 Heap Initial Capacity: 508M
 Heap Max Capacity: 8116M
 Pre-touch: Disabled
 Parallel Workers: 8
 Concurrent Workers: 2
 Concurrent Refinement Workers: 8
 Periodic GC: Disabled

Heap:
 garbage-first heap   total 221184K, used 129898K [0x0000000604c00000, 0x0000000800000000)
  region size 4096K, 23 young (94208K), 1 survivors (4096K)
 Metaspace       used 72517K, committed 73536K, reserved 1114112K
  class space    used 9271K, committed 9728K, reserved 1048576K

Heap Regions: E=young(eden), S=young(survivor), O=old, HS=humongous(starts), HC=humongous(continues), CS=collection set, F=free, TAMS=top-at-mark-start, PB=parsable bottom
|   0|0x0000000604c00000, 0x0000000605000000, 0x0000000605000000|100%| O|  |TAMS 0x0000000604c00000| PB 0x0000000604c00000| Untracked 
|   1|0x0000000605000000, 0x0000000605400000, 0x0000000605400000|100%| O|  |TAMS 0x0000000605000000| PB 0x0000000605000000| Untracked 
|   2|0x0000000605400000, 0x00000006057ffff8, 0x0000000605800000| 99%| O|  |TAMS 0x0000000605400000| PB 0x0000000605400000| Untracked 
|   3|0x0000000605800000, 0x0000000605bfffe0, 0x0000000605c00000| 99%| O|  |TAMS 0x0000000605800000| PB 0x0000000605800000| Untracked 
|   4|0x0000000605c00000, 0x0000000606000000, 0x0000000606000000|100%| O|  |TAMS 0x0000000605c00000| PB 0x0000000605c00000| Untracked 
|   5|0x0000000606000000, 0x00000006063fffc8, 0x0000000606400000| 99%| O|  |TAMS 0x0000000606000000| PB 0x0000000606000000| Untracked 
|   6|0x0000000606400000, 0x00000006067ffff0, 0x0000000606800000| 99%| O|  |TAMS 0x0000000606400000| PB 0x0000000606400000| Untracked 
|   7|0x0000000606800000, 0x0000000606bdd290, 0x0000000606c00000| 96%| O|  |TAMS 0x0000000606800000| PB 0x0000000606800000| Untracked 
|   8|0x0000000606c00000, 0x0000000606db4578, 0x0000000607000000| 42%| O|  |TAMS 0x0000000606c00000| PB 0x0000000606c00000| Untracked 
|   9|0x0000000607000000, 0x00000006070ddba0, 0x0000000607400000| 21%| O|  |TAMS 0x0000000607000000| PB 0x0000000607000000| Untracked 
|  10|0x0000000607400000, 0x000000060757cff0, 0x0000000607800000| 37%| O|  |TAMS 0x0000000607400000| PB 0x0000000607400000| Untracked 
|  11|0x0000000607800000, 0x0000000607c00000, 0x0000000607c00000|100%| O|  |TAMS 0x0000000607800000| PB 0x0000000607800000| Untracked 
|  12|0x0000000607c00000, 0x0000000607cd5a60, 0x0000000608000000| 20%| O|  |TAMS 0x0000000607c00000| PB 0x0000000607c00000| Untracked 
|  13|0x0000000608000000, 0x0000000608000000, 0x0000000608400000|  0%| F|  |TAMS 0x0000000608000000| PB 0x0000000608000000| Untracked 
|  14|0x0000000608400000, 0x0000000608400000, 0x0000000608800000|  0%| F|  |TAMS 0x0000000608400000| PB 0x0000000608400000| Untracked 
|  15|0x0000000608800000, 0x0000000608800000, 0x0000000608c00000|  0%| F|  |TAMS 0x0000000608800000| PB 0x0000000608800000| Untracked 
|  16|0x0000000608c00000, 0x0000000608c00000, 0x0000000609000000|  0%| F|  |TAMS 0x0000000608c00000| PB 0x0000000608c00000| Untracked 
|  17|0x0000000609000000, 0x0000000609218e08, 0x0000000609400000| 52%| S|CS|TAMS 0x0000000609000000| PB 0x0000000609000000| Complete 
|  18|0x0000000609400000, 0x0000000609400000, 0x0000000609800000|  0%| F|  |TAMS 0x0000000609400000| PB 0x0000000609400000| Untracked 
|  19|0x0000000609800000, 0x0000000609800000, 0x0000000609c00000|  0%| F|  |TAMS 0x0000000609800000| PB 0x0000000609800000| Untracked 
|  20|0x0000000609c00000, 0x0000000609c00000, 0x000000060a000000|  0%| F|  |TAMS 0x0000000609c00000| PB 0x0000000609c00000| Untracked 
|  21|0x000000060a000000, 0x000000060a000000, 0x000000060a400000|  0%| F|  |TAMS 0x000000060a000000| PB 0x000000060a000000| Untracked 
|  22|0x000000060a400000, 0x000000060a400000, 0x000000060a800000|  0%| F|  |TAMS 0x000000060a400000| PB 0x000000060a400000| Untracked 
|  23|0x000000060a800000, 0x000000060a800000, 0x000000060ac00000|  0%| F|  |TAMS 0x000000060a800000| PB 0x000000060a800000| Untracked 
|  24|0x000000060ac00000, 0x000000060ac00000, 0x000000060b000000|  0%| F|  |TAMS 0x000000060ac00000| PB 0x000000060ac00000| Untracked 
|  25|0x000000060b000000, 0x000000060b000000, 0x000000060b400000|  0%| F|  |TAMS 0x000000060b000000| PB 0x000000060b000000| Untracked 
|  26|0x000000060b400000, 0x000000060b400000, 0x000000060b800000|  0%| F|  |TAMS 0x000000060b400000| PB 0x000000060b400000| Untracked 
|  27|0x000000060b800000, 0x000000060b800000, 0x000000060bc00000|  0%| F|  |TAMS 0x000000060b800000| PB 0x000000060b800000| Untracked 
|  28|0x000000060bc00000, 0x000000060bc00000, 0x000000060c000000|  0%| F|  |TAMS 0x000000060bc00000| PB 0x000000060bc00000| Untracked 
|  29|0x000000060c000000, 0x000000060c000000, 0x000000060c400000|  0%| F|  |TAMS 0x000000060c000000| PB 0x000000060c000000| Untracked 
|  30|0x000000060c400000, 0x000000060c400000, 0x000000060c800000|  0%| F|  |TAMS 0x000000060c400000| PB 0x000000060c400000| Untracked 
|  31|0x000000060c800000, 0x000000060c800000, 0x000000060cc00000|  0%| F|  |TAMS 0x000000060c800000| PB 0x000000060c800000| Untracked 
|  32|0x000000060cc00000, 0x000000060ce87f80, 0x000000060d000000| 63%| E|  |TAMS 0x000000060cc00000| PB 0x000000060cc00000| Complete 
|  33|0x000000060d000000, 0x000000060d400000, 0x000000060d400000|100%| E|CS|TAMS 0x000000060d000000| PB 0x000000060d000000| Complete 
|  34|0x000000060d400000, 0x000000060d800000, 0x000000060d800000|100%| E|CS|TAMS 0x000000060d400000| PB 0x000000060d400000| Complete 
|  35|0x000000060d800000, 0x000000060dc00000, 0x000000060dc00000|100%| E|CS|TAMS 0x000000060d800000| PB 0x000000060d800000| Complete 
|  36|0x000000060dc00000, 0x000000060e000000, 0x000000060e000000|100%| E|CS|TAMS 0x000000060dc00000| PB 0x000000060dc00000| Complete 
|  37|0x000000060e000000, 0x000000060e400000, 0x000000060e400000|100%| E|CS|TAMS 0x000000060e000000| PB 0x000000060e000000| Complete 
|  38|0x000000060e400000, 0x000000060e800000, 0x000000060e800000|100%| E|CS|TAMS 0x000000060e400000| PB 0x000000060e400000| Complete 
|  39|0x000000060e800000, 0x000000060ec00000, 0x000000060ec00000|100%| E|CS|TAMS 0x000000060e800000| PB 0x000000060e800000| Complete 
|  40|0x000000060ec00000, 0x000000060f000000, 0x000000060f000000|100%| E|CS|TAMS 0x000000060ec00000| PB 0x000000060ec00000| Complete 
|  41|0x000000060f000000, 0x000000060f400000, 0x000000060f400000|100%| E|CS|TAMS 0x000000060f000000| PB 0x000000060f000000| Complete 
|  42|0x000000060f400000, 0x000000060f800000, 0x000000060f800000|100%| E|CS|TAMS 0x000000060f400000| PB 0x000000060f400000| Complete 
|  43|0x000000060f800000, 0x000000060fc00000, 0x000000060fc00000|100%| E|CS|TAMS 0x000000060f800000| PB 0x000000060f800000| Complete 
|  44|0x000000060fc00000, 0x0000000610000000, 0x0000000610000000|100%| E|CS|TAMS 0x000000060fc00000| PB 0x000000060fc00000| Complete 
|  45|0x0000000610000000, 0x0000000610400000, 0x0000000610400000|100%| E|CS|TAMS 0x0000000610000000| PB 0x0000000610000000| Complete 
|  46|0x0000000610400000, 0x0000000610800000, 0x0000000610800000|100%| E|CS|TAMS 0x0000000610400000| PB 0x0000000610400000| Complete 
|  47|0x0000000610800000, 0x0000000610c00000, 0x0000000610c00000|100%| E|CS|TAMS 0x0000000610800000| PB 0x0000000610800000| Complete 
|  48|0x0000000610c00000, 0x0000000611000000, 0x0000000611000000|100%| E|CS|TAMS 0x0000000610c00000| PB 0x0000000610c00000| Complete 
|  49|0x0000000611000000, 0x0000000611400000, 0x0000000611400000|100%| E|CS|TAMS 0x0000000611000000| PB 0x0000000611000000| Complete 
|  50|0x0000000611400000, 0x0000000611800000, 0x0000000611800000|100%| E|CS|TAMS 0x0000000611400000| PB 0x0000000611400000| Complete 
|  51|0x0000000611800000, 0x0000000611c00000, 0x0000000611c00000|100%| E|CS|TAMS 0x0000000611800000| PB 0x0000000611800000| Complete 
|  52|0x0000000611c00000, 0x0000000612000000, 0x0000000612000000|100%| E|CS|TAMS 0x0000000611c00000| PB 0x0000000611c00000| Complete 
|  53|0x0000000612000000, 0x0000000612400000, 0x0000000612400000|100%| E|CS|TAMS 0x0000000612000000| PB 0x0000000612000000| Complete 

Card table byte_map: [0x0000020c5aeb0000,0x0000020c5be90000] _byte_map_base: 0x0000020c57e8a000

Marking Bits: (CMBitMap*) 0x0000020c4df5f3d0
 Bits: [0x0000020c5be90000, 0x0000020c63d60000)

Polling page: 0x0000020c4c6c0000

Metaspace:

Usage:
  Non-class:     61.76 MB used.
      Class:      9.05 MB used.
       Both:     70.82 MB used.

Virtual space:
  Non-class space:       64.00 MB reserved,      62.31 MB ( 97%) committed,  1 nodes.
      Class space:        1.00 GB reserved,       9.50 MB ( <1%) committed,  1 nodes.
             Both:        1.06 GB reserved,      71.81 MB (  7%) committed. 

Chunk freelists:
   Non-Class:  1.63 MB
       Class:  6.36 MB
        Both:  7.98 MB

MaxMetaspaceSize: unlimited
CompressedClassSpaceSize: 1.00 GB
Initial GC threshold: 21.00 MB
Current GC threshold: 119.00 MB
CDS: on
 - commit_granule_bytes: 65536.
 - commit_granule_words: 8192.
 - virtual_space_node_default_size: 8388608.
 - enlarge_chunks_in_place: 1.
 - use_allocation_guard: 0.


Internal statistics:

num_allocs_failed_limit: 6.
num_arena_births: 3144.
num_arena_deaths: 1614.
num_vsnodes_births: 2.
num_vsnodes_deaths: 0.
num_space_committed: 1149.
num_space_uncommitted: 0.
num_chunks_returned_to_freelist: 1996.
num_chunks_taken_from_freelist: 6845.
num_chunk_merges: 537.
num_chunk_splits: 3899.
num_chunks_enlarged: 2422.
num_inconsistent_stats: 0.

CodeCache: size=49152Kb used=23143Kb max_used=24268Kb free=26009Kb
 bounds [0x0000020c565d0000, 0x0000020c57d90000, 0x0000020c595d0000]
 total_blobs=11162 nmethods=10220 adapters=863
 compilation: enabled
              stopped_count=0, restarted_count=0
 full_count=0

Compilation events (20 events):
Event: 688.530 Thread 0x0000020c63fe6e00 13007   !   1       org.apache.catalina.core.StandardContext::getManager (38 bytes)
Event: 688.531 Thread 0x0000020c63fe6e00 nmethod 13007 0x0000020c57d7e610 code [0x0000020c57d7e800, 0x0000020c57d7eb58]
Event: 688.531 Thread 0x0000020c63fe6e00 13008       1       java.time.LocalTime::create (26 bytes)
Event: 688.531 Thread 0x0000020c63fe6e00 nmethod 13008 0x0000020c57d7ee10 code [0x0000020c57d7efc0, 0x0000020c57d7f148]
Event: 688.532 Thread 0x0000020c6e7b1220 13010       1       org.apache.catalina.core.ApplicationServletRegistration::getMappings (92 bytes)
Event: 688.532 Thread 0x0000020c6e7adba0 13009   !   1       org.springframework.security.config.annotation.web.AbstractRequestMatcherRegistry::isDispatcherServlet (27 bytes)
Event: 688.532 Thread 0x0000020c63fe6e00 13011   !   1       org.apache.catalina.core.StandardContext::findServletMappings (36 bytes)
Event: 688.532 Thread 0x0000020c63fe6e00 nmethod 13011 0x0000020c57d7f210 code [0x0000020c57d7f3e0, 0x0000020c57d7f730]
Event: 688.532 Thread 0x0000020c6e7adba0 nmethod 13009 0x0000020c57d7f910 code [0x0000020c57d7fb00, 0x0000020c57d7fe00]
Event: 688.532 Thread 0x0000020c6e7b1220 nmethod 13010 0x0000020c57d80190 code [0x0000020c57d803a0, 0x0000020c57d809a0]
Event: 688.533 Thread 0x0000020c63fe6e00 13012       1       org.springframework.beans.PropertyValue::<init> (31 bytes)
Event: 688.533 Thread 0x0000020c63fe6e00 nmethod 13012 0x0000020c57d80e90 code [0x0000020c57d81060, 0x0000020c57d813a8]
Event: 688.535 Thread 0x0000020c6e7b1220 13013       1       java.time.LocalTime::ofNanoOfDay (68 bytes)
Event: 688.535 Thread 0x0000020c6e7b1220 nmethod 13013 0x0000020c57d81510 code [0x0000020c57d81700, 0x0000020c57d81b20]
Event: 688.617 Thread 0x0000020c6e7b1220 13014       1       java.io.ObjectInputStream::readHandle (141 bytes)
Event: 688.617 Thread 0x0000020c63fe6e00 13015       1       java.io.ObjectInputStream$HandleTable::lookupObject (26 bytes)
Event: 688.617 Thread 0x0000020c63fe6e00 nmethod 13015 0x0000020c57d81e10 code [0x0000020c57d81fc0, 0x0000020c57d82130]
Event: 688.618 Thread 0x0000020c6e7b1220 nmethod 13014 0x0000020c57d82210 code [0x0000020c57d82500, 0x0000020c57d83020]
Event: 689.027 Thread 0x0000020c63fe6e00 13016       1       java.lang.invoke.LambdaForm$DMH/0x0000020c010c9400::invokeSpecial (15 bytes)
Event: 689.027 Thread 0x0000020c63fe6e00 nmethod 13016 0x0000020c57d83690 code [0x0000020c57d83840, 0x0000020c57d83980]

GC Heap History (20 events):
Event: 635.148 GC heap before
{Heap before GC invocations=41 (full 4):
 garbage-first heap   total 139264K, used 119840K [0x0000000604c00000, 0x0000000800000000)
  region size 4096K, 20 young (81920K), 0 survivors (0K)
 Metaspace       used 71439K, committed 72576K, reserved 1114112K
  class space    used 9217K, committed 9728K, reserved 1048576K
}
Event: 635.152 GC heap after
{Heap after GC invocations=42 (full 4):
 garbage-first heap   total 139264K, used 42874K [0x0000000604c00000, 0x0000000800000000)
  region size 4096K, 2 young (8192K), 2 survivors (8192K)
 Metaspace       used 71439K, committed 72576K, reserved 1114112K
  class space    used 9217K, committed 9728K, reserved 1048576K
}
Event: 635.453 GC heap before
{Heap before GC invocations=42 (full 4):
 garbage-first heap   total 139264K, used 108410K [0x0000000604c00000, 0x0000000800000000)
  region size 4096K, 19 young (77824K), 2 survivors (8192K)
 Metaspace       used 71916K, committed 73024K, reserved 1114112K
  class space    used 9248K, committed 9728K, reserved 1048576K
}
Event: 635.458 GC heap after
{Heap after GC invocations=43 (full 4):
 garbage-first heap   total 139264K, used 44385K [0x0000000604c00000, 0x0000000800000000)
  region size 4096K, 2 young (8192K), 2 survivors (8192K)
 Metaspace       used 71916K, committed 73024K, reserved 1114112K
  class space    used 9248K, committed 9728K, reserved 1048576K
}
Event: 635.578 GC heap before
{Heap before GC invocations=43 (full 4):
 garbage-first heap   total 139264K, used 114017K [0x0000000604c00000, 0x0000000800000000)
  region size 4096K, 19 young (77824K), 2 survivors (8192K)
 Metaspace       used 71916K, committed 73024K, reserved 1114112K
  class space    used 9248K, committed 9728K, reserved 1048576K
}
Event: 635.587 GC heap after
{Heap after GC invocations=44 (full 4):
 garbage-first heap   total 167936K, used 57077K [0x0000000604c00000, 0x0000000800000000)
  region size 4096K, 3 young (12288K), 3 survivors (12288K)
 Metaspace       used 71916K, committed 73024K, reserved 1114112K
  class space    used 9248K, committed 9728K, reserved 1048576K
}
Event: 635.717 GC heap before
{Heap before GC invocations=44 (full 4):
 garbage-first heap   total 167936K, used 138997K [0x0000000604c00000, 0x0000000800000000)
  region size 4096K, 23 young (94208K), 3 survivors (12288K)
 Metaspace       used 71916K, committed 73024K, reserved 1114112K
  class space    used 9248K, committed 9728K, reserved 1048576K
}
Event: 635.727 GC heap after
{Heap after GC invocations=45 (full 4):
 garbage-first heap   total 167936K, used 69957K [0x0000000604c00000, 0x0000000800000000)
  region size 4096K, 3 young (12288K), 3 survivors (12288K)
 Metaspace       used 71916K, committed 73024K, reserved 1114112K
  class space    used 9248K, committed 9728K, reserved 1048576K
}
Event: 636.032 GC heap before
{Heap before GC invocations=45 (full 4):
 garbage-first heap   total 167936K, used 135493K [0x0000000604c00000, 0x0000000800000000)
  region size 4096K, 19 young (77824K), 3 survivors (12288K)
 Metaspace       used 71925K, committed 73024K, reserved 1114112K
  class space    used 9251K, committed 9728K, reserved 1048576K
}
Event: 636.035 GC heap after
{Heap after GC invocations=46 (full 4):
 garbage-first heap   total 167936K, used 64616K [0x0000000604c00000, 0x0000000800000000)
  region size 4096K, 1 young (4096K), 1 survivors (4096K)
 Metaspace       used 71925K, committed 73024K, reserved 1114112K
  class space    used 9251K, committed 9728K, reserved 1048576K
}
Event: 686.139 GC heap before
{Heap before GC invocations=46 (full 4):
 garbage-first heap   total 167936K, used 105576K [0x0000000604c00000, 0x0000000800000000)
  region size 4096K, 12 young (49152K), 1 survivors (4096K)
 Metaspace       used 71954K, committed 73088K, reserved 1114112K
  class space    used 9255K, committed 9728K, reserved 1048576K
}
Event: 686.191 GC heap after
{Heap after GC invocations=47 (full 5):
 garbage-first heap   total 151552K, used 36784K [0x0000000604c00000, 0x0000000800000000)
  region size 4096K, 0 young (0K), 0 survivors (0K)
 Metaspace       used 71691K, committed 73088K, reserved 1114112K
  class space    used 9193K, committed 9728K, reserved 1048576K
}
Event: 687.407 GC heap before
{Heap before GC invocations=47 (full 5):
 garbage-first heap   total 151552K, used 118704K [0x0000000604c00000, 0x0000000800000000)
  region size 4096K, 20 young (81920K), 0 survivors (0K)
 Metaspace       used 71927K, committed 73152K, reserved 1114112K
  class space    used 9222K, committed 9728K, reserved 1048576K
}
Event: 687.411 GC heap after
{Heap after GC invocations=48 (full 5):
 garbage-first heap   total 151552K, used 42342K [0x0000000604c00000, 0x0000000800000000)
  region size 4096K, 2 young (8192K), 2 survivors (8192K)
 Metaspace       used 71927K, committed 73152K, reserved 1114112K
  class space    used 9222K, committed 9728K, reserved 1048576K
}
Event: 687.774 GC heap before
{Heap before GC invocations=48 (full 5):
 garbage-first heap   total 151552K, used 120166K [0x0000000604c00000, 0x0000000800000000)
  region size 4096K, 21 young (86016K), 2 survivors (8192K)
 Metaspace       used 72462K, committed 73536K, reserved 1114112K
  class space    used 9264K, committed 9728K, reserved 1048576K
}
Event: 687.778 GC heap after
{Heap after GC invocations=49 (full 5):
 garbage-first heap   total 151552K, used 43892K [0x0000000604c00000, 0x0000000800000000)
  region size 4096K, 2 young (8192K), 2 survivors (8192K)
 Metaspace       used 72462K, committed 73536K, reserved 1114112K
  class space    used 9264K, committed 9728K, reserved 1048576K
}
Event: 687.908 GC heap before
{Heap before GC invocations=49 (full 5):
 garbage-first heap   total 151552K, used 121716K [0x0000000604c00000, 0x0000000800000000)
  region size 4096K, 21 young (86016K), 2 survivors (8192K)
 Metaspace       used 72462K, committed 73536K, reserved 1114112K
  class space    used 9264K, committed 9728K, reserved 1048576K
}
Event: 687.912 GC heap after
{Heap after GC invocations=50 (full 5):
 garbage-first heap   total 151552K, used 44079K [0x0000000604c00000, 0x0000000800000000)
  region size 4096K, 1 young (4096K), 1 survivors (4096K)
 Metaspace       used 72462K, committed 73536K, reserved 1114112K
  class space    used 9264K, committed 9728K, reserved 1048576K
}
Event: 688.022 GC heap before
{Heap before GC invocations=50 (full 5):
 garbage-first heap   total 151552K, used 117807K [0x0000000604c00000, 0x0000000800000000)
  region size 4096K, 20 young (81920K), 1 survivors (4096K)
 Metaspace       used 72463K, committed 73536K, reserved 1114112K
  class space    used 9264K, committed 9728K, reserved 1048576K
}
Event: 688.024 GC heap after
{Heap after GC invocations=51 (full 5):
 garbage-first heap   total 221184K, used 43882K [0x0000000604c00000, 0x0000000800000000)
  region size 4096K, 1 young (4096K), 1 survivors (4096K)
 Metaspace       used 72463K, committed 73536K, reserved 1114112K
  class space    used 9264K, committed 9728K, reserved 1048576K
}

Dll operation events (12 events):
Event: 0.024 Loaded shared library C:\pleiades\2024-03\java\21\bin\java.dll
Event: 0.285 Loaded shared library C:\pleiades\2024-03\java\21\bin\zip.dll
Event: 0.289 Loaded shared library C:\pleiades\2024-03\java\21\bin\instrument.dll
Event: 0.293 Loaded shared library C:\pleiades\2024-03\java\21\bin\net.dll
Event: 0.294 Loaded shared library C:\pleiades\2024-03\java\21\bin\nio.dll
Event: 0.297 Loaded shared library C:\pleiades\2024-03\java\21\bin\zip.dll
Event: 0.413 Loaded shared library C:\pleiades\2024-03\java\21\bin\jimage.dll
Event: 0.449 Loaded shared library C:\pleiades\2024-03\java\21\bin\management.dll
Event: 0.456 Loaded shared library C:\pleiades\2024-03\java\21\bin\management_ext.dll
Event: 0.586 Loaded shared library C:\pleiades\2024-03\java\21\bin\verify.dll
Event: 0.666 Loaded shared library C:\pleiades\2024-03\java\21\bin\extnet.dll
Event: 1.781 Loaded shared library C:\pleiades\2024-03\java\21\bin\sunmscapi.dll

Deoptimization events (20 events):
Event: 688.406 Thread 0x0000020c6b80f640 DEOPT PACKING pc=0x0000020c572022f4 sp=0x000000cf99dfe7c0
Event: 688.406 Thread 0x0000020c6b80f640 DEOPT UNPACKING pc=0x0000020c566288e2 sp=0x000000cf99dfdd28 mode 1
Event: 688.407 Thread 0x0000020c6b80f640 DEOPT PACKING pc=0x0000020c572022f4 sp=0x000000cf99dfe750
Event: 688.407 Thread 0x0000020c6b80f640 DEOPT UNPACKING pc=0x0000020c566288e2 sp=0x000000cf99dfdcb8 mode 1
Event: 688.533 Thread 0x0000020c6b812ac0 DEOPT PACKING pc=0x0000020c56ec0dbc sp=0x000000cf9cbfa9d0
Event: 688.533 Thread 0x0000020c6b812ac0 DEOPT UNPACKING pc=0x0000020c566288e2 sp=0x000000cf9cbf9f28 mode 1
Event: 688.533 Thread 0x0000020c6b812ac0 DEOPT PACKING pc=0x0000020c5796ae0c sp=0x000000cf9cbfaae0
Event: 688.533 Thread 0x0000020c6b812ac0 DEOPT UNPACKING pc=0x0000020c566288e2 sp=0x000000cf9cbf9fa0 mode 1
Event: 688.533 Thread 0x0000020c6b812ac0 DEOPT PACKING pc=0x0000020c56ec0dbc sp=0x000000cf9cbfa9d0
Event: 688.533 Thread 0x0000020c6b812ac0 DEOPT UNPACKING pc=0x0000020c566288e2 sp=0x000000cf9cbf9f28 mode 1
Event: 688.533 Thread 0x0000020c6b812ac0 DEOPT PACKING pc=0x0000020c5796ae0c sp=0x000000cf9cbfaae0
Event: 688.533 Thread 0x0000020c6b812ac0 DEOPT UNPACKING pc=0x0000020c566288e2 sp=0x000000cf9cbf9fa0 mode 1
Event: 688.534 Thread 0x0000020c6b812ac0 DEOPT PACKING pc=0x0000020c56a8876c sp=0x000000cf9cbf91a0
Event: 688.534 Thread 0x0000020c6b812ac0 DEOPT UNPACKING pc=0x0000020c566288e2 sp=0x000000cf9cbf86d8 mode 1
Event: 688.534 Thread 0x0000020c6b812ac0 DEOPT PACKING pc=0x0000020c56b19974 sp=0x000000cf9cbf9290
Event: 688.534 Thread 0x0000020c6b812ac0 DEOPT UNPACKING pc=0x0000020c566288e2 sp=0x000000cf9cbf8840 mode 1
Event: 688.534 Thread 0x0000020c6b812ac0 DEOPT PACKING pc=0x0000020c569975ac sp=0x000000cf9cbf9400
Event: 688.534 Thread 0x0000020c6b812ac0 DEOPT UNPACKING pc=0x0000020c566288e2 sp=0x000000cf9cbf89c0 mode 1
Event: 699.126 Thread 0x0000020c6b812ac0 DEOPT PACKING pc=0x0000020c56f96d44 sp=0x000000cf9cbfa1c0
Event: 699.126 Thread 0x0000020c6b812ac0 DEOPT UNPACKING pc=0x0000020c566288e2 sp=0x000000cf9cbf9668 mode 0

Classes loaded (20 events):
Event: 493.716 Loading class java/lang/SystemCustomizer
Event: 493.716 Loading class java/lang/SystemCustomizer done
Event: 493.809 Loading class java/util/Collections$UnmodifiableRandomAccessListBeanInfo
Event: 493.809 Loading class java/util/Collections$UnmodifiableRandomAccessListBeanInfo done
Event: 493.810 Loading class java/util/Collections$UnmodifiableRandomAccessListBeanInfo
Event: 493.810 Loading class java/util/Collections$UnmodifiableRandomAccessListBeanInfo done
Event: 493.810 Loading class java/util/Collections$UnmodifiableListBeanInfo
Event: 493.810 Loading class java/util/Collections$UnmodifiableListBeanInfo done
Event: 493.811 Loading class java/util/Collections$UnmodifiableListBeanInfo
Event: 493.811 Loading class java/util/Collections$UnmodifiableListBeanInfo done
Event: 493.811 Loading class java/util/Collections$UnmodifiableListCustomizer
Event: 493.811 Loading class java/util/Collections$UnmodifiableListCustomizer done
Event: 493.812 Loading class java/util/Collections$UnmodifiableListCustomizer
Event: 493.812 Loading class java/util/Collections$UnmodifiableListCustomizer done
Event: 493.813 Loading class java/util/Collections$UnmodifiableRandomAccessListCustomizer
Event: 493.813 Loading class java/util/Collections$UnmodifiableRandomAccessListCustomizer done
Event: 493.814 Loading class java/util/Collections$UnmodifiableRandomAccessListCustomizer
Event: 493.814 Loading class java/util/Collections$UnmodifiableRandomAccessListCustomizer done
Event: 513.192 Loading class java/lang/StringEditor
Event: 513.192 Loading class java/lang/StringEditor done

Classes unloaded (20 events):
Event: 686.153 Thread 0x0000020c63f94540 Unloading class 0x0000020c01761c00 'java/lang/invoke/LambdaForm$MH+0x0000020c01761c00'
Event: 686.153 Thread 0x0000020c63f94540 Unloading class 0x0000020c017a2800 'java/lang/invoke/LambdaForm$MH+0x0000020c017a2800'
Event: 686.153 Thread 0x0000020c63f94540 Unloading class 0x0000020c017bc000 'java/lang/invoke/LambdaForm$MH+0x0000020c017bc000'
Event: 686.153 Thread 0x0000020c63f94540 Unloading class 0x0000020c017bf800 'java/lang/invoke/LambdaForm$MH+0x0000020c017bf800'
Event: 686.153 Thread 0x0000020c63f94540 Unloading class 0x0000020c017cd400 'java/lang/invoke/LambdaForm$MH+0x0000020c017cd400'
Event: 686.153 Thread 0x0000020c63f94540 Unloading class 0x0000020c017ce000 'java/lang/invoke/LambdaForm$MH+0x0000020c017ce000'
Event: 686.153 Thread 0x0000020c63f94540 Unloading class 0x0000020c01813400 'java/lang/invoke/LambdaForm$MH+0x0000020c01813400'
Event: 686.153 Thread 0x0000020c63f94540 Unloading class 0x0000020c01814800 'java/lang/invoke/LambdaForm$MH+0x0000020c01814800'
Event: 686.153 Thread 0x0000020c63f94540 Unloading class 0x0000020c01816000 'java/lang/invoke/LambdaForm$MH+0x0000020c01816000'
Event: 686.153 Thread 0x0000020c63f94540 Unloading class 0x0000020c01817400 'java/lang/invoke/LambdaForm$BMH+0x0000020c01817400'
Event: 686.153 Thread 0x0000020c63f94540 Unloading class 0x0000020c01820000 'java/lang/invoke/LambdaForm$MH+0x0000020c01820000'
Event: 686.153 Thread 0x0000020c63f94540 Unloading class 0x0000020c0185c400 'java/lang/invoke/LambdaForm$MH+0x0000020c0185c400'
Event: 686.153 Thread 0x0000020c63f94540 Unloading class 0x0000020c01870400 'java/lang/invoke/LambdaForm$MH+0x0000020c01870400'
Event: 686.153 Thread 0x0000020c63f94540 Unloading class 0x0000020c01899000 'java/lang/invoke/LambdaForm$MH+0x0000020c01899000'
Event: 686.153 Thread 0x0000020c63f94540 Unloading class 0x0000020c018ac400 'java/lang/invoke/LambdaForm$MH+0x0000020c018ac400'
Event: 686.154 Thread 0x0000020c63f94540 Unloading class 0x0000020c01909800 'java/lang/invoke/LambdaForm$MH+0x0000020c01909800'
Event: 686.154 Thread 0x0000020c63f94540 Unloading class 0x0000020c0190a400 'java/lang/invoke/LambdaForm$MH+0x0000020c0190a400'
Event: 686.154 Thread 0x0000020c63f94540 Unloading class 0x0000020c01964c00 'java/lang/invoke/LambdaForm$MH+0x0000020c01964c00'
Event: 686.154 Thread 0x0000020c63f94540 Unloading class 0x0000020c01965400 'java/lang/invoke/LambdaForm$MH+0x0000020c01965400'
Event: 686.154 Thread 0x0000020c63f94540 Unloading class 0x0000020c01966000 'java/lang/invoke/LambdaForm$BMH+0x0000020c01966000'

Classes redefined (10 events):
Event: 409.933 Thread 0x0000020c63f94540 redefined class name=com.example.controller.KintaiListController, count=1
Event: 471.240 Thread 0x0000020c63f94540 redefined class name=com.example.controller.KintaiController, count=1
Event: 471.240 Thread 0x0000020c63f94540 redefined class name=com.example.controller.KintaiController, count=1
Event: 485.175 Thread 0x0000020c63f94540 redefined class name=com.example.controller.KintaiController, count=1
Event: 485.175 Thread 0x0000020c63f94540 redefined class name=com.example.controller.KintaiController, count=2
Event: 485.175 Thread 0x0000020c63f94540 redefined class name=com.example.controller.KintaiController, count=2
Event: 631.956 Thread 0x0000020c63f94540 redefined class name=com.example.controller.UserListController, count=1
Event: 631.956 Thread 0x0000020c63f94540 redefined class name=com.example.controller.UserListController, count=1
Event: 631.956 Thread 0x0000020c63f94540 redefined class name=com.example.controller.UserListController, count=1
Event: 631.956 Thread 0x0000020c63f94540 redefined class name=com.example.controller.UserListController, count=1

Internal exceptions (20 events):
Event: 635.032 Thread 0x0000020c6b80efb0 Exception <a 'java/io/FileNotFoundException'{0x0000000609b7a330}> (0x0000000609b7a330) 
thrown [s\src\hotspot\share\prims\jni.cpp, line 520]
Event: 686.139 Thread 0x0000020c6b80c1c0 Exception <a 'java/lang/InterruptedException'{0x000000060c7ecd58}: sleep interrupted> (0x000000060c7ecd58) 
thrown [s\src\hotspot\share\prims\jvm.cpp, line 3074]
Event: 686.205 Thread 0x0000020c6b80f640 Exception <a 'sun/nio/fs/WindowsException'{0x000000060dcc4708}> (0x000000060dcc4708) 
thrown [s\src\hotspot\share\prims\jni.cpp, line 520]
Event: 686.550 Thread 0x0000020c6b80f640 Exception <a 'java/lang/NoClassDefFoundError'{0x000000060bd8ca20}: org/flywaydb/core/Flyway> (0x000000060bd8ca20) 
thrown [s\src\hotspot\share\oops\constantPool.cpp, line 871]
Event: 687.184 Thread 0x0000020c6b80f640 Exception <a 'java/lang/NoClassDefFoundError'{0x000000060bd8d080}: liquibase/integration/spring/SpringLiquibase> (0x000000060bd8d080) 
thrown [s\src\hotspot\share\oops\constantPool.cpp, line 871]
Event: 687.190 Thread 0x0000020c6b80f640 Exception <a 'java/lang/NoClassDefFoundError'{0x000000060be042e8}: org/jooq/DSLContext> (0x000000060be042e8) 
thrown [s\src\hotspot\share\oops\constantPool.cpp, line 871]
Event: 687.191 Thread 0x0000020c6b80f640 Exception <a 'java/lang/NoClassDefFoundError'{0x000000060be05c90}: jakarta/persistence/EntityManagerFactory> (0x000000060be05c90) 
thrown [s\src\hotspot\share\oops\constantPool.cpp, line 871]
Event: 687.193 Thread 0x0000020c6b80f640 Exception <a 'java/lang/NoClassDefFoundError'{0x000000060be06300}: org/springframework/batch/core/repository/JobRepository> (0x000000060be06300) 
thrown [s\src\hotspot\share\oops\constantPool.cpp, line 871]
Event: 687.194 Thread 0x0000020c6b80f640 Exception <a 'java/lang/NoClassDefFoundError'{0x000000060be06958}: org/quartz/Scheduler> (0x000000060be06958) 
thrown [s\src\hotspot\share\oops\constantPool.cpp, line 871]
Event: 687.195 Thread 0x0000020c6b80f640 Exception <a 'java/lang/NoClassDefFoundError'{0x000000060be06fd8}: org/springframework/session/jdbc/JdbcIndexedSessionRepository> (0x000000060be06fd8) 
thrown [s\src\hotspot\share\oops\constantPool.cpp, line 871]
Event: 687.203 Thread 0x0000020c6b80f640 Exception <a 'java/lang/ArrayIndexOutOfBoundsException'{0x000000060bf0e710}> (0x000000060bf0e710) 
thrown [s\src\hotspot\share\runtime\sharedRuntime.cpp, line 625]
Event: 687.203 Thread 0x0000020c6b80f640 Exception <a 'java/lang/ArrayIndexOutOfBoundsException'{0x000000060bf0ece8}> (0x000000060bf0ece8) 
thrown [s\src\hotspot\share\runtime\sharedRuntime.cpp, line 625]
Event: 687.204 Thread 0x0000020c6b80f640 Exception <a 'java/lang/ArrayIndexOutOfBoundsException'{0x000000060bf153a8}> (0x000000060bf153a8) 
thrown [s\src\hotspot\share\runtime\sharedRuntime.cpp, line 625]
Event: 687.204 Thread 0x0000020c6b80f640 Exception <a 'java/lang/ArrayIndexOutOfBoundsException'{0x000000060bf15980}> (0x000000060bf15980) 
thrown [s\src\hotspot\share\runtime\sharedRuntime.cpp, line 625]
Event: 687.208 Thread 0x0000020c6b80f640 Exception <a 'java/lang/ArrayIndexOutOfBoundsException'{0x000000060bf84dc0}> (0x000000060bf84dc0) 
thrown [s\src\hotspot\share\runtime\sharedRuntime.cpp, line 625]
Event: 687.208 Thread 0x0000020c6b80f640 Exception <a 'java/lang/ArrayIndexOutOfBoundsException'{0x000000060bf85398}> (0x000000060bf85398) 
thrown [s\src\hotspot\share\runtime\sharedRuntime.cpp, line 625]
Event: 687.209 Thread 0x0000020c6b80f640 Exception <a 'java/lang/ArrayIndexOutOfBoundsException'{0x000000060bfb71a8}> (0x000000060bfb71a8) 
thrown [s\src\hotspot\share\runtime\sharedRuntime.cpp, line 625]
Event: 687.209 Thread 0x0000020c6b80f640 Exception <a 'java/lang/ArrayIndexOutOfBoundsException'{0x000000060bfb7780}> (0x000000060bfb7780) 
thrown [s\src\hotspot\share\runtime\sharedRuntime.cpp, line 625]
Event: 687.307 Thread 0x0000020c6b80f640 Exception <a 'java/io/FileNotFoundException'{0x000000060a7f7630}> (0x000000060a7f7630) 
thrown [s\src\hotspot\share\prims\jni.cpp, line 520]
Event: 687.307 Thread 0x0000020c6b80f640 Exception <a 'java/io/FileNotFoundException'{0x000000060a7f8a88}> (0x000000060a7f8a88) 
thrown [s\src\hotspot\share\prims\jni.cpp, line 520]

ZGC Phase Switch (0 events):
No events

VM Operations (20 events):
Event: 688.608 Executing VM operation: get/set locals
Event: 688.608 Executing VM operation: get/set locals done
Event: 699.126 Executing VM operation: ChangeSingleStep
Event: 699.126 Executing VM operation: ChangeSingleStep done
Event: 699.127 Executing VM operation: ChangeSingleStep
Event: 699.127 Executing VM operation: ChangeSingleStep done
Event: 699.199 Executing VM operation: get/set locals
Event: 699.199 Executing VM operation: get/set locals done
Event: 699.199 Executing VM operation: get/set locals
Event: 699.199 Executing VM operation: get/set locals done
Event: 699.200 Executing VM operation: get/set locals
Event: 699.200 Executing VM operation: get/set locals done
Event: 699.201 Executing VM operation: get/set locals
Event: 699.201 Executing VM operation: get/set locals done
Event: 699.202 Executing VM operation: get/set locals
Event: 699.202 Executing VM operation: get/set locals done
Event: 699.203 Executing VM operation: get/set locals
Event: 699.203 Executing VM operation: get/set locals done
Event: 699.204 Executing VM operation: get/set locals
Event: 699.204 Executing VM operation: get/set locals done

Events (20 events):
Event: 688.401 Thread 0x0000020c6b8109f0 Thread added: 0x0000020c6b8109f0
Event: 688.401 Thread 0x0000020c6b813150 Thread added: 0x0000020c6b813150
Event: 688.401 Thread 0x0000020c6b8137e0 Thread added: 0x0000020c6b8137e0
Event: 688.401 Thread 0x0000020c6b811080 Thread added: 0x0000020c6b811080
Event: 688.401 Thread 0x0000020c6b812430 Thread added: 0x0000020c6b812430
Event: 688.401 Thread 0x0000020c6b811da0 Thread added: 0x0000020c6b811da0
Event: 688.401 Thread 0x0000020c6c25f310 Thread added: 0x0000020c6c25f310
Event: 688.402 Thread 0x0000020c6c25f9a0 Thread added: 0x0000020c6c25f9a0
Event: 688.402 Thread 0x0000020c6c260d50 Thread added: 0x0000020c6c260d50
Event: 688.403 Thread 0x0000020c6c2613e0 Thread added: 0x0000020c6c2613e0
Event: 688.403 Thread 0x0000020c6e719780 Thread added: 0x0000020c6e719780
Event: 688.410 Thread 0x0000020c6e71b850 Thread added: 0x0000020c6e71b850
Event: 688.411 Thread 0x0000020c6b80f640 Thread exited: 0x0000020c6b80f640
Event: 688.411 Thread 0x0000020c6b80efb0 Thread exited: 0x0000020c6b80efb0
Event: 688.412 Thread 0x0000020c6e71bee0 Thread added: 0x0000020c6e71bee0
Event: 688.413 Thread 0x0000020c6e71b850 Thread exited: 0x0000020c6e71b850
Event: 689.433 Thread 0x0000020c6e71bee0 Thread exited: 0x0000020c6e71bee0
Event: 692.787 Thread 0x0000020c6b810360 Thread exited: 0x0000020c6b810360
Event: 694.034 Thread 0x0000020c6e7adba0 Thread exited: 0x0000020c6e7adba0
Event: 699.042 Thread 0x0000020c6e7b1220 Thread exited: 0x0000020c6e7b1220


Dynamic libraries:
0x00007ff610ca0000 - 0x00007ff610cae000 	C:\pleiades\2024-03\java\21\bin\javaw.exe
0x00007ffc67ca0000 - 0x00007ffc67f05000 	C:\WINDOWS\SYSTEM32\ntdll.dll
0x00007ffc14290000 - 0x00007ffc142ab000 	C:\Program Files\Avast Software\Avast\aswhook.dll
0x00007ffc67350000 - 0x00007ffc67419000 	C:\WINDOWS\System32\KERNEL32.DLL
0x00007ffc64f70000 - 0x00007ffc65358000 	C:\WINDOWS\System32\KERNELBASE.dll
0x00007ffc65860000 - 0x00007ffc659ab000 	C:\WINDOWS\System32\ucrtbase.dll
0x00007ffbb3840000 - 0x00007ffbb3858000 	C:\pleiades\2024-03\java\21\bin\jli.dll
0x00007ffc0f190000 - 0x00007ffc0f1ab000 	C:\pleiades\2024-03\java\21\bin\VCRUNTIME140.dll
0x00007ffc66af0000 - 0x00007ffc66cba000 	C:\WINDOWS\System32\USER32.dll
0x00007ffc65830000 - 0x00007ffc65857000 	C:\WINDOWS\System32\win32u.dll
0x00007ffc34980000 - 0x00007ffc34c1a000 	C:\WINDOWS\WinSxS\amd64_microsoft.windows.common-controls_6595b64144ccf1df_6.0.26100.4202_none_3e0698d4e335f517\COMCTL32.dll
0x00007ffc67c30000 - 0x00007ffc67c5b000 	C:\WINDOWS\System32\GDI32.dll
0x00007ffc65640000 - 0x00007ffc65777000 	C:\WINDOWS\System32\gdi32full.dll
0x00007ffc67000000 - 0x00007ffc670a9000 	C:\WINDOWS\System32\msvcrt.dll
0x00007ffc65780000 - 0x00007ffc65823000 	C:\WINDOWS\System32\msvcp_win.dll
0x00007ffc67130000 - 0x00007ffc67160000 	C:\WINDOWS\System32\IMM32.DLL
0x00007ffc0f180000 - 0x00007ffc0f18c000 	C:\pleiades\2024-03\java\21\bin\vcruntime140_1.dll
0x00007ffbf3dd0000 - 0x00007ffbf3e5e000 	C:\pleiades\2024-03\java\21\bin\msvcp140.dll
0x00007ffb9b0f0000 - 0x00007ffb9be73000 	C:\pleiades\2024-03\java\21\bin\server\jvm.dll
0x00007ffc65a40000 - 0x00007ffc65af3000 	C:\WINDOWS\System32\ADVAPI32.dll
0x00007ffc65b00000 - 0x00007ffc65ba6000 	C:\WINDOWS\System32\sechost.dll
0x00007ffc67420000 - 0x00007ffc67535000 	C:\WINDOWS\System32\RPCRT4.dll
0x00007ffc67570000 - 0x00007ffc675e4000 	C:\WINDOWS\System32\WS2_32.dll
0x00007ffc639d0000 - 0x00007ffc63a2e000 	C:\WINDOWS\SYSTEM32\POWRPROF.dll
0x00007ffc58f60000 - 0x00007ffc58f95000 	C:\WINDOWS\SYSTEM32\WINMM.dll
0x00007ffc512b0000 - 0x00007ffc512bb000 	C:\WINDOWS\SYSTEM32\VERSION.dll
0x00007ffc639b0000 - 0x00007ffc639c4000 	C:\WINDOWS\SYSTEM32\UMPDC.dll
0x00007ffc63c90000 - 0x00007ffc63cab000 	C:\WINDOWS\SYSTEM32\kernel.appcore.dll
0x00007ffbeade0000 - 0x00007ffbeadea000 	C:\pleiades\2024-03\java\21\bin\jimage.dll
0x00007ffc62650000 - 0x00007ffc62891000 	C:\WINDOWS\SYSTEM32\DBGHELP.DLL
0x00007ffc65d00000 - 0x00007ffc66085000 	C:\WINDOWS\System32\combase.dll
0x00007ffc67b40000 - 0x00007ffc67c21000 	C:\WINDOWS\System32\OLEAUT32.dll
0x00007ffc4f460000 - 0x00007ffc4f499000 	C:\WINDOWS\SYSTEM32\dbgcore.DLL
0x00007ffc655a0000 - 0x00007ffc65639000 	C:\WINDOWS\System32\bcryptPrimitives.dll
0x00007ffc414c0000 - 0x00007ffc414fc000 	C:\pleiades\2024-03\java\21\bin\jdwp.dll
0x00007ffbea670000 - 0x00007ffbea67f000 	C:\pleiades\2024-03\java\21\bin\instrument.dll
0x00007ffbbaa40000 - 0x00007ffbbaa5f000 	C:\pleiades\2024-03\java\21\bin\java.dll
0x00007ffc66380000 - 0x00007ffc66ac2000 	C:\WINDOWS\System32\SHELL32.dll
0x00007ffc64df0000 - 0x00007ffc64f64000 	C:\WINDOWS\System32\wintypes.dll
0x00007ffc62a30000 - 0x00007ffc63288000 	C:\WINDOWS\SYSTEM32\windows.storage.dll
0x00007ffc66f00000 - 0x00007ffc66ff1000 	C:\WINDOWS\System32\SHCORE.dll
0x00007ffc65bb0000 - 0x00007ffc65c1a000 	C:\WINDOWS\System32\shlwapi.dll
0x00007ffc64d00000 - 0x00007ffc64d2f000 	C:\WINDOWS\SYSTEM32\profapi.dll
0x00007ffc52880000 - 0x00007ffc5288c000 	C:\pleiades\2024-03\java\21\bin\dt_socket.dll
0x00007ffc636c0000 - 0x00007ffc636f3000 	C:\WINDOWS\SYSTEM32\IPHLPAPI.DLL
0x00007ffc641e0000 - 0x00007ffc6424a000 	C:\WINDOWS\system32\mswsock.dll
0x00007ffc63700000 - 0x00007ffc63827000 	C:\WINDOWS\SYSTEM32\DNSAPI.dll
0x00007ffc66370000 - 0x00007ffc6637a000 	C:\WINDOWS\System32\NSI.dll
0x00007ffc5ba60000 - 0x00007ffc5ba6b000 	C:\Windows\System32\rasadhlp.dll
0x00007ffc5bbb0000 - 0x00007ffc5bc36000 	C:\WINDOWS\System32\fwpuclnt.dll
0x00007ffba9990000 - 0x00007ffba99a8000 	C:\pleiades\2024-03\java\21\bin\zip.dll
0x00007ffbbaa30000 - 0x00007ffbbaa40000 	C:\pleiades\2024-03\java\21\bin\net.dll
0x00007ffc5b6d0000 - 0x00007ffc5b7ee000 	C:\WINDOWS\SYSTEM32\WINHTTP.dll
0x00007ffba9aa0000 - 0x00007ffba9ab6000 	C:\pleiades\2024-03\java\21\bin\nio.dll
0x00007ffc4ee80000 - 0x00007ffc4ee8a000 	C:\pleiades\2024-03\java\21\bin\management.dll
0x00007ffc4ee30000 - 0x00007ffc4ee3b000 	C:\pleiades\2024-03\java\21\bin\management_ext.dll
0x00007ffc67b30000 - 0x00007ffc67b38000 	C:\WINDOWS\System32\PSAPI.DLL
0x00007ffc33040000 - 0x00007ffc33058000 	C:\WINDOWS\system32\napinsp.dll
0x00007ffc33020000 - 0x00007ffc33032000 	C:\WINDOWS\System32\winrnr.dll
0x00007ffc32fe0000 - 0x00007ffc33010000 	C:\WINDOWS\system32\nlansp_c.dll
0x00007ffc53500000 - 0x00007ffc53520000 	C:\WINDOWS\system32\wshbth.dll
0x00007ffc4ede0000 - 0x00007ffc4edf0000 	C:\pleiades\2024-03\java\21\bin\verify.dll
0x00007ffc645c0000 - 0x00007ffc645db000 	C:\WINDOWS\SYSTEM32\CRYPTSP.dll
0x00007ffc63bf0000 - 0x00007ffc63c2a000 	C:\WINDOWS\system32\rsaenh.dll
0x00007ffc64280000 - 0x00007ffc642ab000 	C:\WINDOWS\SYSTEM32\USERENV.dll
0x00007ffc64cd0000 - 0x00007ffc64cf6000 	C:\WINDOWS\SYSTEM32\bcrypt.dll
0x00007ffc64420000 - 0x00007ffc6442c000 	C:\WINDOWS\SYSTEM32\CRYPTBASE.dll
0x00007ffc4ee20000 - 0x00007ffc4ee29000 	C:\pleiades\2024-03\java\21\bin\extnet.dll
0x00007ffba9710000 - 0x00007ffba971e000 	C:\pleiades\2024-03\java\21\bin\sunmscapi.dll
0x00007ffc65420000 - 0x00007ffc65597000 	C:\WINDOWS\System32\CRYPT32.dll
0x00007ffc64710000 - 0x00007ffc64740000 	C:\WINDOWS\SYSTEM32\ncrypt.dll
0x00007ffc646c0000 - 0x00007ffc646ff000 	C:\WINDOWS\SYSTEM32\NTASN1.dll
0x00007ffc4ed80000 - 0x00007ffc4ed88000 	C:\WINDOWS\system32\wshunix.dll

dbghelp: loaded successfully - version: 4.0.5 - missing functions: none
symbol engine: initialized successfully - sym options: 0x614 - pdb path: .;C:\pleiades\2024-03\java\21\bin;C:\WINDOWS\SYSTEM32;C:\Program Files\Avast Software\Avast;C:\WINDOWS\WinSxS\amd64_microsoft.windows.common-controls_6595b64144ccf1df_6.0.26100.4202_none_3e0698d4e335f517;C:\pleiades\2024-03\java\21\bin\server

VM Arguments:
jvm_args: -XX:+ShowCodeDetailsInExceptionMessages -agentlib:jdwp=transport=dt_socket,suspend=y,address=localhost:56351 -Dcom.sun.management.jmxremote -Dcom.sun.management.jmxremote.port=56350 -Dcom.sun.management.jmxremote.authenticate=false -Dcom.sun.management.jmxremote.ssl=false -Djava.rmi.server.hostname=localhost -Dspring.jmx.enabled=true -Dmanagement.endpoints.jmx.exposure.include=* -Dspring.application.admin.enabled=true -XX:TieredStopAtLevel=1 -Dspring.boot.project.name=KintaiSystem -javaagent:C:\pleiades\2024-03\eclipse\configuration\org.eclipse.osgi\251\0\.cp\lib\javaagent-shaded.jar -Dfile.encoding=UTF-8 -Dstdout.encoding=UTF-8 -Dstderr.encoding=UTF-8 
java_command: com.example.SpringBootSampleApplication --spring.output.ansi.enabled=always
java_class_path (initial): C:\pleiades\2024-03\workspace\KintaiSystem\target\classes;C:\pleiades\2024-03\workspace\KintaiSystem\target\test-classes;C:\Users\m83ai\.m2\repository\org\springframework\boot\spring-boot-starter-data-jdbc\3.4.1\spring-boot-starter-data-jdbc-3.4.1.jar;C:\Users\m83ai\.m2\repository\org\springframework\boot\spring-boot-starter-jdbc\3.4.1\spring-boot-starter-jdbc-3.4.1.jar;C:\Users\m83ai\.m2\repository\com\zaxxer\HikariCP\5.1.0\HikariCP-5.1.0.jar;C:\Users\m83ai\.m2\repository\org\springframework\spring-jdbc\6.2.1\spring-jdbc-6.2.1.jar;C:\Users\m83ai\.m2\repository\org\springframework\data\spring-data-jdbc\3.4.1\spring-data-jdbc-3.4.1.jar;C:\Users\m83ai\.m2\repository\org\springframework\data\spring-data-relational\3.4.1\spring-data-relational-3.4.1.jar;C:\Users\m83ai\.m2\repository\org\springframework\data\spring-data-commons\3.4.1\spring-data-commons-3.4.1.jar;C:\Users\m83ai\.m2\repository\org\springframework\spring-tx\6.2.1\spring-tx-6.2.1.jar;C:\Users\m83ai\.m2\repository\org\springframework\spring-context\6.2.1\spring-context-6.2.1.jar;C:\Users\m83ai\.m2\repository\org\springframework\boot\spring-boot-starter-thymeleaf\3.4.1\spring-boot-starter-thymeleaf-3.4.1.jar;C:\Users\m83ai\.m2\repository\org\springframework\boot\spring-boot-starter\3.4.1\spring-boot-starter-3.4.1.jar;C:\Users\m83ai\.m2\repository\org\springframework\boot\spring-boot-starter-logging\3.4.1\spring-boot-starter-logging-3.4.1.jar;C:\Users\m83ai\.m2\repository\ch\qos\logback\logback-classic\1.5.12\logback-classic-1.5.12.jar;C:\Users\m83ai\.m2\repository\ch\qos\logback\logback-core\1.5.12\logback-core-1.5.12.jar;C:\Users\m83ai\.m2\repository\org\apache\logging\log4j\log4j-to-slf4j\2.24.3\log4j-to-slf4j-2.24.3.jar;C:\Users\m83ai\.m2\repository\org\apache\logging\log4j\log4j-api\2.24.3\log4j-api-2.24.3.jar;C:\Users\m83ai\.m2\repository\org\slf4j\jul-to-slf4j\2.0.16\jul-to-slf4j-2.0.16.jar;C:\Users\m83ai\.m2\repository\jakarta\annotation\jakarta.annotation-api\2.1.1\jakarta.annotation-api-2.1.1.jar;C:\Users\m83ai\.m2\repository\org\yaml\snakeyaml\2.3\snakeyaml-2.3.jar;C:\Users\m83ai\.m2\repository\org\thymeleaf\thymeleaf-spring6\3.1.3.RELEASE\thymeleaf-spring6-3.1.3.RELEASE.jar;C:\Users\m83ai\.m2\repository\org\springframework\boot\spring-boot-starter-web\3.4.1\spring-boot-starter-web-3.4.1.jar;C:\Users\m83ai\.m2\repository\org\springframework\boot\spring-boot-starter-json\3.4.1\spring-boot-starter-json-3.4.1.jar;C:\Users\m83ai\.m2\repository\com\fasterxml\jackson\datatype\jackson-datatype-jdk8\2.18.2\jackson-datatype-jdk8-2.18.2.jar;C:\Users\m83ai\.m2\repository\com\fasterxml\jackson\datatype\jackson-datatype-jsr310\2.18.2\jackson-datatype-jsr310-2.18.2.jar;C:\Users\m83ai\.m2\repository\com\fasterxml\jackson\module\jackson-module-parameter-names\2.18.2\jackson-module-parameter-names-2.18.2.jar;C:\Users\m83ai\.m2\repository\org\springframework\boot\spring-boot-starter-tomcat\3.4.1\spring-boot-starter-tomcat-3.4.1.jar;C:\Users\m83ai\.m2\repository\org\apache\tomcat\embed\tomcat-embed-core\10.1.34\tomcat-embed-core-10.1.34.jar;C:\Users\m83ai\.m2\repository\org\apache\tomcat\embed\tomcat-embed-websocket\10.1.34\tomcat-embed-websocket-10.1.34.jar;C:\Users\m83ai\.m2\repository\org\springframework\spring-web\6.2.1\spring-web-6.2.1.jar;C:\Users\m83ai\.m2\repository\io\micrometer\micrometer-observation\1.14.2\micrometer-observation-1.14.2.jar;C:\Users\m83ai\.m2\repository\io\micrometer\micrometer-commons\1.14.2\micrometer-commons-1.14.2.jar;C:\Users\m83ai\.m2\repository\org\springframework\spring-webmvc\6.2.1\spring-webmvc-6.2.1.jar;C:\Users\m83ai\.m2\repository\org\springframework\spring-expression\6.2.1\spring-expression-6.2.1.jar;C:\Users\m83ai\.m2\repository\org\springframework\boot\spring-boot-devtools\3.4.1\spring-boot-devtools-3.4.1.jar;C:\Users\m83ai\.m2\repository\org\springframework\boot\spring-boot\3.4.1\spring-boot-3.4.1.jar;C:\Users\m83ai\.m2\repository\org\springframework\boot\spring-boot-autoconfigure\3.4.1\spring-boot-autoconfigure-3.4.1.jar;C:\Users\m83ai\.m2\repository\com\h2database\h2\2.3.232\h2-2.3.232.jar;C:\Users\m83ai\.m2\repository\org\projectlombok\lombok\1.18.36\lombok-1.18.36.jar;C:\Users\m83ai\.m2\repository\org\springframework\boot\spring-boot-starter-test\3.4.1\spring-boot-starter-test-3.4.1.jar;C:\Users\m83ai\.m2\repository\org\springframework\boot\spring-boot-test\3.4.1\spring-boot-test-3.4.1.jar;C:\Users\m83ai\.m2\repository\org\springframework\boot\spring-boot-test-autoconfigure\3.4.1\spring-boot-test-autoconfigure-3.4.1.jar;C:\Users\m83ai\.m2\repository\com\jayway\jsonpath\json-path\2.9.0\json-path-2.9.0.jar;C:\Users\m83ai\.m2\repository\jakarta\xml\bind\jakarta.xml.bind-api\4.0.2\jakarta.xml.bind-api-4.0.2.jar;C:\Users\m83ai\.m2\repository\jakarta\activation\jakarta.activation-api\2.1.3\jakarta.activation-api-2.1.3.jar;C:\Users\m83ai\.m2\repository\net\minidev\json-smart\2.5.1\json-smart-2.5.1.jar;C:\Users\m83ai\.m2\repository\net\minidev\accessors-smart\2.5.1\accessors-smart-2.5.1.jar;C:\Users\m83ai\.m2\repository\org\ow2\asm\asm\9.6\asm-9.6.jar;C:\Users\m83ai\.m2\repository\org\assertj\assertj-core\3.26.3\assertj-core-3.26.3.jar;C:\Users\m83ai\.m2\repository\net\bytebuddy\byte-buddy\1.15.11\byte-buddy-1.15.11.jar;C:\Users\m83ai\.m2\repository\org\awaitility\awaitility\4.2.2\awaitility-4.2.2.jar;C:\Users\m83ai\.m2\repository\org\hamcrest\hamcrest\2.2\hamcrest-2.2.jar;C:\Users\m83ai\.m2\repository\org\junit\jupiter\junit-jupiter\5.11.4\junit-jupiter-5.11.4.jar;C:\Users\m83ai\.m2\repository\org\junit\jupiter\junit-jupiter-api\5.11.4\junit-jupiter-api-5.11.4.jar;C:\Users\m83ai\.m2\repository\org\opentest4j\opentest4j\1.3.0\opentest4j-1.3.0.jar;C:\Users\m83ai\.m2\repository\org\junit\platform\junit-platform-commons\1.11.4\junit-platform-commons-1.11.4.jar;C:\Users\m83ai\.m2\repository\org\apiguardian\apiguardian-api\1.1.2\apiguardian-api-1.1.2.jar;C:\Users\m83ai\.m2\repository\org\junit\jupiter\junit-jupiter-params\5.11.4\junit-jupiter-params-5.11.4.jar;C:\Users\m83ai\.m2\repository\org\junit\jupiter\junit-jupiter-engine\5.11.4\junit-jupiter-engine-5.11.4.jar;C:\Users\m83ai\.m2\repository\org\junit\platform\junit-platform-engine\1.11.4\junit-platform-engine-1.11.4.jar;C:\Users\m83ai\.m2\repository\org\mockito\mockito-core\5.14.2\mockito-core-5.14.2.jar;C:\Users\m83ai\.m2\repository\net\bytebuddy\byte-buddy-agent\1.15.11\byte-buddy-agent-1.15.11.jar;C:\Users\m83ai\.m2\repository\org\objenesis\objenesis\3.3\objenesis-3.3.jar;C:\Users\m83ai\.m2\repository\org\mockito\mockito-junit-jupiter\5.14.2\mockito-junit-jupiter-5.14.2.jar;C:\Users\m83ai\.m2\repository\org\skyscreamer\jsonassert\1.5.3\jsonassert-1.5.3.jar;C:\Users\m83ai\.m2\repository\com\vaadin\external\google\android-json\0.0.20131108.vaadin1\android-json-0.0.20131108.vaadin1.jar;C:\Users\m83ai\.m2\repository\org\springframework\spring-core\6.2.1\spring-core-6.2.1.jar;C:\Users\m83ai\.m2\repository\org\springframework\spring-jcl\6.2.1\spring-jcl-6.2.1.jar;C:\Users\m83ai\.m2\repository\org\springframework\spring-test\6.2.1\spring-test-6.2.1.jar;C:\Users\m83ai\.m2\repository\org\xmlunit\xmlunit-core\2.10.0\xmlunit-core-2.10.0.jar;C:\Users\m83ai\.m2\repository\org\webjars\jquery\3.5.1\jquery-3.5.1.jar;C:\Users\m83ai\.m2\repository\org\webjars\bootstrap\4.5.3\bootstrap-4.5.3.jar;C:\Users\m83ai\.m2\repository\org\webjars\popper.js\1.16.0\popper.js-1.16.0.jar;C:\Users\m83ai\.m2\repository\org\webjars\webjars-locator\0.40\webjars-locator-0.40.jar;C:\Users\m83ai\.m2\repository\org\webjars\webjars-locator-core\0.59\webjars-locator-core-0.59.jar;C:\Users\m83ai\.m2\repository\io\github\classgraph\classgraph\4.8.173\classgraph-4.8.173.jar;C:\Users\m83ai\.m2\repository\com\fasterxml\jackson\core\jackson-core\2.18.2\jackson-core-2.18.2.jar;C:\Users\m83ai\.m2\repository\com\fasterxml\jackson\core\jackson-databind\2.18.2\jackson-databind-2.18.2.jar;C:\Users\m83ai\.m2\repository\com\fasterxml\jackson\core\jackson-annotations\2.18.2\jackson-annotations-2.18.2.jar;C:\Users\m83ai\.m2\repository\org\apache\commons\commons-lang3\3.17.0\commons-lang3-3.17.0.jar;C:\Users\m83ai\.m2\repository\org\springframework\boot\spring-boot-starter-validation\3.4.1\spring-boot-starter-validation-3.4.1.jar;C:\Users\m83ai\.m2\repository\org\apache\tomcat\embed\tomcat-embed-el\10.1.34\tomcat-embed-el-10.1.34.jar;C:\Users\m83ai\.m2\repository\org\hibernate\validator\hibernate-validator\8.0.2.Final\hibernate-validator-8.0.2.Final.jar;C:\Users\m83ai\.m2\repository\jakarta\validation\jakarta.validation-api\3.0.2\jakarta.validation-api-3.0.2.jar;C:\Users\m83ai\.m2\repository\org\jboss\logging\jboss-logging\3.6.1.Final\jboss-logging-3.6.1.Final.jar;C:\Users\m83ai\.m2\repository\com\fasterxml\classmate\1.7.0\classmate-1.7.0.jar;C:\Users\m83ai\.m2\repository\nz\net\ultraq\thymeleaf\thymeleaf-layout-dialect\3.3.0\thymeleaf-layout-dialect-3.3.0.jar;C:\Users\m83ai\.m2\repository\org\apache\groovy\groovy\4.0.24\groovy-4.0.24.jar;C:\Users\m83ai\.m2\repository\nz\net\ultraq\groovy\groovy-extensions\2.1.0\groovy-extensions-2.1.0.jar;C:\Users\m83ai\.m2\repository\nz\net\ultraq\thymeleaf\thymeleaf-expression-processor\3.2.0\thymeleaf-expression-processor-3.2.0.jar;C:\Users\m83ai\.m2\repository\org\thymeleaf\thymeleaf\3.1.3.RELEASE\thymeleaf-3.1.3.RELEASE.jar;C:\Users\m83ai\.m2\repository\ognl\ognl\3.3.4\ognl-3.3.4.jar;C:\Users\m83ai\.m2\repository\org\javassist\javassist\3.29.0-GA\javassist-3.29.0-GA.jar;C:\Users\m83ai\.m2\repository\org\attoparser\attoparser\2.0.7.RELEASE\attoparser-2.0.7.RELEASE.jar;C:\Users\m83ai\.m2\repository\org\unbescape\unbescape\1.1.6.RELEASE\unbescape-1.1.6.RELEASE.jar;C:\Users\m83ai\.m2\repository\org\slf4j\slf4j-api\2.0.16\slf4j-api-2.0.16.jar;C:\Users\m83ai\.m2\repository\org\mybatis\spring\boot\mybatis-spring-boot-starter\3.0.3\mybatis-spring-boot-starter-3.0.3.jar;C:\Users\m83ai\.m2\repository\org\mybatis\spring\boot\mybatis-spring-boot-autoconfigure\3.0.3\mybatis-spring-boot-autoconfigure-3.0.3.jar;C:\Users\m83ai\.m2\repository\org\mybatis\mybatis\3.5.14\mybatis-3.5.14.jar;C:\Users\m83ai\.m2\repository\org\mybatis\mybatis-spring\3.0.3\mybatis-spring-3.0.3.jar;C:\Users\m83ai\.m2\repository\org\modelmapper\extensions\modelmapper-spring\2.3.9\modelmapper-spring-2.3.9.jar;C:\Users\m83ai\.m2\repository\org\modelmapper\modelmapper\2.3.9\modelmapper-2.3.9.jar;C:\Users\m83ai\.m2\repository\org\springframework\spring-aop\6.2.1\spring-aop-6.2.1.jar;C:\Users\m83ai\.m2\repository\org\springframework\spring-beans\6.2.1\spring-beans-6.2.1.jar;C:\Users\m83ai\.m2\repository\org\aspectj\aspectjweaver\1.9.22.1\aspectjweaver-1.9.22.1.jar;C:\Users\m83ai\.m2\repository\org\springframework\boot\spring-boot-starter-security\3.4.1\spring-boot-starter-security-3.4.1.jar;C:\Users\m83ai\.m2\repository\org\springframework\security\spring-security-config\6.4.2\spring-security-config-6.4.2.jar;C:\Users\m83ai\.m2\repository\org\springframework\security\spring-security-core\6.4.2\spring-security-core-6.4.2.jar;C:\Users\m83ai\.m2\repository\org\springframework\security\spring-security-crypto\6.4.2\spring-security-crypto-6.4.2.jar;C:\Users\m83ai\.m2\repository\org\springframework\security\spring-security-web\6.4.2\spring-security-web-6.4.2.jar;C:\Users\m83ai\.m2\repository\org\thymeleaf\extras\thymeleaf-extras-springsecurity6\3.1.1.RELEASE\thymeleaf-extras-springsecurity6-3.1.1.RELEASE.jar;C:\Users\m83ai\.m2\repository\org\webjars\datatables-plugins\1.10.21\datatables-plugins-1.10.21.jar;C:\Users\m83ai\.m2\repository\org\webjars\datatables\1.10.21\datatables-1.10.21.jar
Launcher Type: SUN_STANDARD

[Global flags]
     intx CICompilerCount                          = 4                                         {product} {ergonomic}
     uint ConcGCThreads                            = 2                                         {product} {ergonomic}
     uint G1ConcRefinementThreads                  = 8                                         {product} {ergonomic}
   size_t G1HeapRegionSize                         = 4194304                                   {product} {ergonomic}
    uintx GCDrainStackTargetSize                   = 64                                        {product} {ergonomic}
   size_t InitialHeapSize                          = 532676608                                 {product} {ergonomic}
     bool ManagementServer                         = true                                      {product} {command line}
   size_t MarkStackSize                            = 4194304                                   {product} {ergonomic}
   size_t MaxHeapSize                              = 8510242816                                {product} {ergonomic}
   size_t MaxNewSize                               = 5104467968                                {product} {ergonomic}
   size_t MinHeapDeltaBytes                        = 4194304                                   {product} {ergonomic}
   size_t MinHeapSize                              = 8388608                                   {product} {ergonomic}
    uintx NonNMethodCodeHeapSize                   = 4096                                   {pd product} {ergonomic}
    uintx NonProfiledCodeHeapSize                  = 0                                      {pd product} {ergonomic}
     bool ProfileInterpreter                       = false                                  {pd product} {command line}
    uintx ProfiledCodeHeapSize                     = 0                                      {pd product} {ergonomic}
     bool ShowCodeDetailsInExceptionMessages       = true                                   {manageable} {command line}
   size_t SoftMaxHeapSize                          = 8510242816                             {manageable} {ergonomic}
     intx TieredStopAtLevel                        = 1                                         {product} {command line}
     bool UseCompressedOops                        = true                           {product lp64_product} {ergonomic}
     bool UseG1GC                                  = true                                      {product} {ergonomic}
     bool UseLargePagesIndividualAllocation        = false                                  {pd product} {ergonomic}

Logging:
Log output configuration:
 #0: stdout all=warning uptime,level,tags foldmultilines=false
 #1: stderr all=off uptime,level,tags foldmultilines=false

Environment Variables:
JAVA_HOME=C:\Program Files\Eclipse Adoptium\jdk-17.0.4.101-hotspot\
PATH=C:/pleiades/2024-03/java/21/bin/server;C:/pleiades/2024-03/java/21/bin;C:\Program Files\Eclipse Adoptium\jdk-21.0.7.6-hotspot\bin;C:\Program Files\Eclipse Adoptium\jdk-17.0.4.101-hotspot\bin;C:\app\m83ai\product\21c\dbhomeXE\bin;C:\WINDOWS\system32;C:\WINDOWS;C:\WINDOWS\System32\Wbem;C:\WINDOWS\System32\WindowsPowerShell\v1.0\;C:\WINDOWS\System32\OpenSSH\;C:\Program Files\Git\cmd;C:\Users\m83ai\AppData\Local\Microsoft\WindowsApps;C:\Program Files\MySQL\MySQL Server 8.4\bin;C:\Users\m83ai\AppData\Local\GitHubDesktop\bin;C:\pleiades\2024-03\eclipse;
USERNAME=m83ai
OS=Windows_NT
PROCESSOR_IDENTIFIER=Intel64 Family 6 Model 140 Stepping 1, GenuineIntel
TMP=C:\Users\m83ai\AppData\Local\Temp
TEMP=C:\Users\m83ai\AppData\Local\Temp




Periodic native trim disabled

---------------  S Y S T E M  ---------------

OS:
 Windows 11 , 64 bit Build 26100 (10.0.26100.4202)
OS uptime: 3 days 15:25 hours
Hyper-V role detected

CPU: total 8 (initial active 8) (4 cores per cpu, 2 threads per core) family 6 model 140 stepping 1 microcode 0xb8, cx8, cmov, fxsr, ht, mmx, 3dnowpref, sse, sse2, sse3, ssse3, sse4.1, sse4.2, popcnt, lzcnt, tsc, tscinvbit, avx, avx2, aes, erms, clmul, bmi1, bmi2, adx, avx512f, avx512dq, avx512cd, avx512bw, avx512vl, sha, fma, vzeroupper, avx512_vpopcntdq, avx512_vpclmulqdq, avx512_vaes, avx512_vnni, clflush, clflushopt, clwb, avx512_vbmi2, avx512_vbmi, hv, rdtscp, rdpid, fsrm, gfni, avx512_bitalg, f16c, cet_ibt, cet_ss, avx512_ifma
Processor Information for all 8 processors :
  Max Mhz: 2419, Current Mhz: 2419, Mhz Limit: 2419

Memory: 4k page, system-wide physical 32448M (17791M free)
TotalPageFile size 34496M (AvailPageFile size 17674M)
current process WorkingSet (physical memory assigned to process): 408M, peak: 480M
current process commit charge ("private bytes"): 448M, peak: 634M

vm_info: OpenJDK 64-Bit Server VM (21.0.2+13-LTS) for windows-amd64 JRE (21.0.2+13-LTS), built on 2024-01-16T00:00:00Z by "admin" with unknown MS VC++:1937

END.
