#
# A fatal error has been detected by the Java Runtime Environment:
#
#  EXCEPTION_ACCESS_VIOLATION (0xc0000005) at pc=0x0000017878d0ada4, pid=16960, tid=17900
#
# JRE version: OpenJDK Runtime Environment Temurin-21.0.2+13 (21.0.2+13) (build 21.0.2+13-LTS)
# Java VM: OpenJDK 64-Bit Server VM Temurin-21.0.2+13 (21.0.2+13-LTS, mixed mode, emulated-client, sharing, tiered, compressed oops, compressed class ptrs, g1 gc, windows-amd64)
# Problematic frame:
# v  ~BufferBlob::MethodHandles adapters 0x0000017878d0ada4
#
# No core dump will be written. Minidumps are not enabled by default on client versions of Windows
#
# If you would like to submit a bug report, please visit:
#   https://github.com/adoptium/adoptium-support/issues
#

---------------  S U M M A R Y ------------

Command Line: -XX:+ShowCodeDetailsInExceptionMessages -agentlib:jdwp=transport=dt_socket,suspend=y,address=localhost:55754 -Dcom.sun.management.jmxremote -Dcom.sun.management.jmxremote.port=55753 -Dcom.sun.management.jmxremote.authenticate=false -Dcom.sun.management.jmxremote.ssl=false -Djava.rmi.server.hostname=localhost -Dspring.jmx.enabled=true -Dmanagement.endpoints.jmx.exposure.include=* -Dspring.application.admin.enabled=true -XX:TieredStopAtLevel=1 -Dspring.boot.project.name=KintaiSystem -javaagent:C:\pleiades\2024-03\eclipse\configuration\org.eclipse.osgi\251\0\.cp\lib\javaagent-shaded.jar -Dfile.encoding=UTF-8 -Dstdout.encoding=UTF-8 -Dstderr.encoding=UTF-8 com.example.SpringBootSampleApplication --spring.output.ansi.enabled=always

Host: 11th Gen Intel(R) Core(TM) i5-1135G7 @ 2.40GHz, 8 cores, 31G,  Windows 11 , 64 bit Build 26100 (10.0.26100.5074)
Time: Fri Sep 12 19:47:31 2025  Windows 11 , 64 bit Build 26100 (10.0.26100.5074) elapsed time: 58.122557 seconds (0d 0h 0m 58s)

---------------  T H R E A D  ---------------

Current thread (0x000001784e7c5e10):  JavaThread "http-nio-8080-exec-4" daemon [_thread_in_Java, id=17900, stack(0x00000062e6100000,0x00000062e6200000) (1024K)]

Stack: [0x00000062e6100000,0x00000062e6200000],  sp=0x00000062e61fafe8,  free space=1003k
Native frames: (J=compiled Java code, j=interpreted, Vv=VM code, C=native code)
C  0x0000017878d0ada4

The last pc belongs to _linkToVirtual (printed below).

siginfo: EXCEPTION_ACCESS_VIOLATION (0xc0000005), reading address 0xffffffffffffffff


Registers:
RAX=0x0000017878cd958b, RBX=0x000000060cbbebf8, RCX=0x00000062e61fb000, RDX=0x0000000000000004
RSP=0x00000062e61fafe8, RBP=0x00000062e61fb048, RSI=0x000001784e4b9b38, RDI=0x000001784eb69fb0
R8 =0x0000000000000004, R9 =0x0000000000000004, R10=0x00000178546fc276, R11=0xc1977d8200000000
R12=0x0000000000000000, R13=0x00000062e61fafe8, R14=0x00000062e61fb078, R15=0x000001784e7c5e10
RIP=0x0000017878d0ada4, EFLAGS=0x0000000000010202


Register to memory mapping:

RAX=0x0000017878cd958b is at code_begin+4363 in an Interpreter codelet
return entry points  [0x0000017878cd8480, 0x0000017878cda298]  7704 bytes
RBX=0x000000060cbbebf8 is an oop: java.lang.String 
{0x000000060cbbebf8} - klass: 'java/lang/String'
 - string: "2025-09"
 - ---- fields (total size 3 words):
 - private 'hash' 'I' @12  0 (0x00000000)
 - private final 'coder' 'B' @16  0 (0x00)
 - private 'hashIsZero' 'Z' @17  false (0x00)
 - injected 'flags' 'B' @18  0 (0x00)
 - private final 'value' '[B' @20  [B{0x000000060cbbec10} (0xc1977d82)
RCX=0x00000062e61fb000 is pointing into the stack for thread: 0x000001784e7c5e10
RDX=0x0000000000000004 is an unknown value
RSP=0x00000062e61fafe8 is pointing into the stack for thread: 0x000001784e7c5e10
RBP=0x00000062e61fb048 is pointing into the stack for thread: 0x000001784e7c5e10
RSI=0x000001784e4b9b38 points into unknown readable memory: 0x880010200eb5f38b | 8b f3 b5 0e 20 10 00 88
RDI=0x000001784eb69fb0 points into unknown readable memory: 0x0000002800000080 | 80 00 00 00 28 00 00 00
R8 =0x0000000000000004 is an unknown value
R9 =0x0000000000000004 is an unknown value
R10=0x00000178546fc276 is an unknown value
R11=0xc1977d8200000000 is an unknown value
R12=0x0 is null
R13=0x00000062e61fafe8 is pointing into the stack for thread: 0x000001784e7c5e10
R14=0x00000062e61fb078 is pointing into the stack for thread: 0x000001784e7c5e10
R15=0x000001784e7c5e10 is a thread

Top of Stack: (sp=0x00000062e61fafe8)
0x00000062e61fafe8:   0000017878cd958b 000000060cbc06f8
0x00000062e61faff8:   00000006069b1d50 00000062e61fb000
0x00000062e61fb008:   000001784b6fc276 0000000000000006
0x00000062e61fb018:   000001784b6fc3c8 00000062e61fb0f0
0x00000062e61fb028:   00000006057d07f0 000001784b6fc288
0x00000062e61fb038:   00000062e61fafe8 00000062e61fb080
0x00000062e61fb048:   00000062e61fb0f0 0000017878cd958b
0x00000062e61fb058:   000000060cbcb6e0 000000060cbbebf8
0x00000062e61fb068:   000000060cbc06f8 00000006069b1d50
0x00000062e61fb078:   000000060cbcb848 0000017878cd958b
0x00000062e61fb088:   000000060cbbebf8 000000060cbc06f8
0x00000062e61fb098:   00000006069b1d50 000000060cbcb848
0x00000062e61fb0a8:   00000062e61fb0a8 000001784cee4ae3
0x00000062e61fb0b8:   000000000000000b 000001784cee4c30
0x00000062e61fb0c8:   0000000000000000 000000060699f968
0x00000062e61fb0d8:   000001784cee4af0 00000062e61fb088
0x00000062e61fb0e8:   00000062e61fb150 00000062e61fb400
0x00000062e61fb0f8:   0000017879966aaa 000000060cbcb848
0x00000062e61fb108:   00000006069b1d50 000000060cbcba28
0x00000062e61fb118:   000000060cbc06f8 000000060cbbebf8
0x00000062e61fb128:   000000060cbcbb28 000000060cbbebf8
0x00000062e61fb138:   000000060cbc06f8 00000006069b1d50
0x00000062e61fb148:   000000060cbcbb78 00000178798a1660
0x00000062e61fb158:   00007ffd6c69eab8 00000062e61fa7d0
0x00000062e61fb168:   00000062e61fa7d4 0000000605943040
0x00000062e61fb178:   00007ffd00000001 0000000605943040
0x00000062e61fb188:   00000006062f4ee8 0000000606a62e60
0x00000062e61fb198:   00000062e61f9f70 00000062e61fb400
0x00000062e61fb1a8:   000001787912dfec 00000178798a0ca0
0x00000062e61fb1b8:   00007ffd000000da 000001787989f410
0x00000062e61fb1c8:   0000000000000c00 0000000000000000
0x00000062e61fb1d8:   0000000000000000 0000000000000000 

Instructions: (pc=0x0000017878d0ada4)
0x0000017878d0aca4:   78 01 00 00 00 ad d0 78 78 01 00 00 80 bd d0 78
0x0000017878d0acb4:   78 01 00 00 f0 ac d0 78 78 01 00 00 f0 ac d0 78
0x0000017878d0acc4:   78 01 00 00 00 00 00 00 00 00 00 00 b8 f6 9f 6c
0x0000017878d0acd4:   fd 7f 00 00 f0 10 00 00 60 00 00 00 ff ff ff ff
0x0000017878d0ace4:   f0 10 00 00 00 00 00 00 00 00 00 00 00 00 00 00
0x0000017878d0acf4:   00 00 00 00 00 00 00 00 00 00 00 00 f4 66 66 66
0x0000017878d0ad04:   0f 1f 84 00 00 00 00 00 66 66 66 90 66 66 66 0f
0x0000017878d0ad14:   1f 84 00 00 00 00 00 66 66 66 90 90 48 8b 53 08
0x0000017878d0ad24:   0f b7 52 2e 48 8b 0c d4 8b 59 14 48 c1 e3 03 8b
0x0000017878d0ad34:   5b 28 48 c1 e3 03 8b 5b 24 48 c1 e3 03 48 8b 5b
0x0000017878d0ad44:   10 48 85 db 0f 84 10 00 00 00 41 80 bf e0 05 00
0x0000017878d0ad54:   00 00 74 03 ff 63 38 ff 63 50 e9 9d 16 00 00 66
0x0000017878d0ad64:   66 66 0f 1f 84 00 00 00 00 00 66 66 66 90 66 66
0x0000017878d0ad74:   0f 1f 84 00 00 00 00 00 66 66 66 90 48 8b 53 08
0x0000017878d0ad84:   0f b7 52 2e 48 8b 0c d4 58 5b 50 44 8b 51 08 49
0x0000017878d0ad94:   bb 00 00 00 09 78 01 00 00 4d 03 d3 4c 8b 5b 10
0x0000017878d0ada4:   4b 8b 9c da c8 01 00 00 48 85 db 0f 84 10 00 00
0x0000017878d0adb4:   00 41 80 bf e0 05 00 00 00 74 03 ff 63 38 ff 63
0x0000017878d0adc4:   50 e9 36 16 00 00 66 66 66 0f 1f 84 00 00 00 00
0x0000017878d0add4:   00 66 66 66 90 0f 1f 80 00 00 00 00 58 5b 50 8b
0x0000017878d0ade4:   5b 24 48 c1 e3 03 48 8b 5b 10 48 85 db 0f 84 10
0x0000017878d0adf4:   00 00 00 41 80 bf e0 05 00 00 00 74 03 ff 63 38
0x0000017878d0ae04:   ff 63 50 e9 f4 15 00 00 66 66 66 0f 1f 84 00 00
0x0000017878d0ae14:   00 00 00 66 66 66 90 0f 1f 44 00 00 48 8b 53 08
0x0000017878d0ae24:   0f b7 52 2e 48 8b 0c d4 58 5b 50 48 3b 01 8b 5b
0x0000017878d0ae34:   24 48 c1 e3 03 48 8b 5b 10 48 85 db 0f 84 10 00
0x0000017878d0ae44:   00 00 41 80 bf e0 05 00 00 00 74 03 ff 63 38 ff
0x0000017878d0ae54:   63 50 e9 a5 15 00 00 0f 1f 44 00 00 48 8b 53 08
0x0000017878d0ae64:   0f b7 52 2e 48 8b 0c d4 58 5b 50 44 8b 51 08 49
0x0000017878d0ae74:   bb 00 00 00 09 78 01 00 00 4d 03 d3 8b 43 18 48
0x0000017878d0ae84:   c1 e0 03 48 8b 40 10 48 8b 5b 10 45 8b 9a a0 00
0x0000017878d0ae94:   00 00 4f 8d 9c da c8 01 00 00 4d 8d 14 da 49 8b 


Stack slot to memory mapping:

stack at sp + 0 slots: 0x0000017878cd958b is at code_begin+4363 in an Interpreter codelet
return entry points  [0x0000017878cd8480, 0x0000017878cda298]  7704 bytes
stack at sp + 1 slots: 0x000000060cbc06f8 is an oop: java.lang.String 
{0x000000060cbc06f8} - klass: 'java/lang/String'
 - string: "gummy.sk3@gmail.com"
 - ---- fields (total size 3 words):
 - private 'hash' 'I' @12  0 (0x00000000)
 - private final 'coder' 'B' @16  0 (0x00)
 - private 'hashIsZero' 'Z' @17  false (0x00)
 - injected 'flags' 'B' @18  0 (0x00)
 - private final 'value' '[B' @20  [B{0x000000060cbc0710} (0xc19780e2)
stack at sp + 2 slots: 0x00000006069b1d50 is an oop: com.example.controller.KoutsuhiKeihiController 
{0x00000006069b1d50} - klass: 'com/example/controller/KoutsuhiKeihiController'
 - ---- fields (total size 4 words):
 - private 'userService' 'Lcom/example/domain/kintai/service/UserService;' @12  a 'com/example/domain/kintai/service/impl/UserServiceImpl$$SpringCGLIB$$0'{0x00000006068975b0} (0xc0d12eb6)
 - private 'keihiService' 'Lcom/example/domain/kintai/service/KeihiService;' @16  a 'com/example/domain/kintai/service/impl/KeihiServiceImpl$$SpringCGLIB$$0'{0x00000006069b1d70} (0xc0d363ae)
 - private 'koutsuhiService' 'Lcom/example/domain/kintai/service/KoutsuhiService;' @20  a 'com/example/domain/kintai/service/impl/KoutsuhiServiceImpl'{0x00000006069b2cc0} (0xc0d36598)
 - private 'applicationService' 'Lcom/example/domain/kintai/service/ApplicationService;' @24  a 'com/example/domain/kintai/service/ApplicationService$$SpringCGLIB$$0'{0x00000006069b2cf8} (0xc0d3659f)
 - private 'mailService' 'Lcom/example/domain/kintai/service/MailService;' @28  a 'com/example/domain/kintai/service/impl/MailServiceImpl'{0x00000006069b3428} (0xc0d36685)
stack at sp + 3 slots: 0x00000062e61fb000 is pointing into the stack for thread: 0x000001784e7c5e10
stack at sp + 4 slots: 0x000001784b6fc276 is pointing into metadata
stack at sp + 5 slots: 0x0000000000000006 is an unknown value
stack at sp + 6 slots: 0x000001784b6fc3c8 is pointing into metadata
stack at sp + 7 slots: 0x00000062e61fb0f0 is pointing into the stack for thread: 0x000001784e7c5e10

MethodHandle::interpreter_entry::_linkToVirtual [0x0000017878d0ad63, 0x0000017878d0adca] (103 bytes)
[MachCode]
  0x0000017878d0ad63: 6666 660f | 1f84 0000 | 0000 0066 | 6666 9066 | 660f 1f84 | 0000 0000 | 0066 6666 | 9048 8b53 
  0x0000017878d0ad83: 080f b752 | 2e48 8b0c | d458 5b50 | 448b 5108 | 49bb 0000 | 0009 7801 | 0000 4d03 | d34c 8b5b 
  0x0000017878d0ada3: 104b 8b9c | dac8 0100 | 0048 85db | 0f84 1000 | 0000 4180 | bfe0 0500 | 0000 7403 | ff63 38ff 
  0x0000017878d0adc3: 6350 e936 | 
[/MachCode]

---------------  P R O C E S S  ---------------

Threads class SMR info:
_java_thread_list=0x00000178511ccd20, length=43, elements={
0x000001787df6b0b0, 0x000001787df6bb10, 0x000001787df74380, 0x000001787df74de0,
0x000001787df788c0, 0x000001787df7d0f0, 0x000001787df8fca0, 0x000001787df9e880,
0x0000017808951e20, 0x0000017808979520, 0x000001780897bb20, 0x000001784e459fa0,
0x000001784e61ccc0, 0x000001784e6e9520, 0x000001784e6f6ff0, 0x000001784ed60c00,
0x000001784edb5b50, 0x000001784edb71d0, 0x000001784edd7bb0, 0x000001784edd6170,
0x000001784edd88d0, 0x000001784edd6800, 0x000001784edd5450, 0x000001784edd6e90,
0x000001784e7c3d40, 0x000001784e7c71c0, 0x000001784e7c43d0, 0x000001784e7c5780,
0x000001784e7c5e10, 0x000001784e7c4a60, 0x000001784e7c50f0, 0x000001784e7c64a0,
0x000001784e7c6b30, 0x000001784f6287d0, 0x000001784f628e60, 0x000001784f629b80,
0x000001784f62bc50, 0x000001784f62af30, 0x000001784f62c2e0, 0x000001784f62c970,
0x000001784f6294f0, 0x000001784f62d000, 0x000001784f62a210
}

Java Threads: ( => current thread )
  0x000001787df6b0b0 JavaThread "Reference Handler"          daemon [_thread_blocked, id=21688, stack(0x00000062e3700000,0x00000062e3800000) (1024K)]
  0x000001787df6bb10 JavaThread "Finalizer"                  daemon [_thread_blocked, id=14016, stack(0x00000062e3800000,0x00000062e3900000) (1024K)]
  0x000001787df74380 JavaThread "Signal Dispatcher"          daemon [_thread_blocked, id=24176, stack(0x00000062e3900000,0x00000062e3a00000) (1024K)]
  0x000001787df74de0 JavaThread "Attach Listener"            daemon [_thread_blocked, id=12556, stack(0x00000062e3a00000,0x00000062e3b00000) (1024K)]
  0x000001787df788c0 JavaThread "Service Thread"             daemon [_thread_blocked, id=20680, stack(0x00000062e3b00000,0x00000062e3c00000) (1024K)]
  0x000001787df7d0f0 JavaThread "Monitor Deflation Thread"   daemon [_thread_blocked, id=24672, stack(0x00000062e3c00000,0x00000062e3d00000) (1024K)]
  0x000001787df8fca0 JavaThread "C1 CompilerThread0"         daemon [_thread_blocked, id=27312, stack(0x00000062e3d00000,0x00000062e3e00000) (1024K)]
  0x000001787df9e880 JavaThread "Common-Cleaner"             daemon [_thread_blocked, id=11628, stack(0x00000062e3e00000,0x00000062e3f00000) (1024K)]
  0x0000017808951e20 JavaThread "JDWP Transport Listener: dt_socket" daemon [_thread_blocked, id=1948, stack(0x00000062e4200000,0x00000062e4300000) (1024K)]
  0x0000017808979520 JavaThread "JDWP Event Helper Thread"   daemon [_thread_blocked, id=26804, stack(0x00000062e4300000,0x00000062e4400000) (1024K)]
  0x000001780897bb20 JavaThread "JDWP Command Reader"        daemon [_thread_in_native, id=6128, stack(0x00000062e4400000,0x00000062e4500000) (1024K)]
  0x000001784e459fa0 JavaThread "Notification Thread"        daemon [_thread_blocked, id=16520, stack(0x00000062e4500000,0x00000062e4600000) (1024K)]
  0x000001784e61ccc0 JavaThread "RMI TCP Accept-0"           daemon [_thread_in_native, id=18772, stack(0x00000062e4d00000,0x00000062e4e00000) (1024K)]
  0x000001784e6e9520 JavaThread "RMI TCP Accept-55753"       daemon [_thread_in_native, id=15808, stack(0x00000062e4e00000,0x00000062e4f00000) (1024K)]
  0x000001784e6f6ff0 JavaThread "RMI TCP Accept-0"           daemon [_thread_in_native, id=1128, stack(0x00000062e4f00000,0x00000062e5000000) (1024K)]
  0x000001784ed60c00 JavaThread "RMI TCP Connection(idle)"   daemon [_thread_blocked, id=6484, stack(0x00000062e5200000,0x00000062e5300000) (1024K)]
  0x000001784edb5b50 JavaThread "RMI Scheduler(0)"           daemon [_thread_blocked, id=25736, stack(0x00000062e5300000,0x00000062e5400000) (1024K)]
  0x000001784edb71d0 JavaThread "RMI TCP Connection(idle)"   daemon [_thread_blocked, id=16720, stack(0x00000062e5400000,0x00000062e5500000) (1024K)]
  0x000001784edd7bb0 JavaThread "JMX server connection timeout 41" daemon [_thread_blocked, id=1168, stack(0x00000062e5500000,0x00000062e5600000) (1024K)]
  0x000001784edd6170 JavaThread "Catalina-utility-1"                [_thread_blocked, id=25112, stack(0x00000062e5600000,0x00000062e5700000) (1024K)]
  0x000001784edd88d0 JavaThread "Catalina-utility-2"                [_thread_blocked, id=24328, stack(0x00000062e5800000,0x00000062e5900000) (1024K)]
  0x000001784edd6800 JavaThread "container-0"                       [_thread_blocked, id=6132, stack(0x00000062e5900000,0x00000062e5a00000) (1024K)]
  0x000001784edd5450 JavaThread "HikariPool-1 housekeeper"   daemon [_thread_blocked, id=30524, stack(0x00000062e5a00000,0x00000062e5b00000) (1024K)]
  0x000001784edd6e90 JavaThread "File Watcher"               daemon [_thread_blocked, id=30716, stack(0x00000062e5c00000,0x00000062e5d00000) (1024K)]
  0x000001784e7c3d40 JavaThread "Live Reload Server"         daemon [_thread_in_native, id=10932, stack(0x00000062e5d00000,0x00000062e5e00000) (1024K)]
  0x000001784e7c71c0 JavaThread "http-nio-8080-exec-1"       daemon [_thread_blocked, id=27796, stack(0x00000062e5e00000,0x00000062e5f00000) (1024K)]
  0x000001784e7c43d0 JavaThread "http-nio-8080-exec-2"       daemon [_thread_blocked, id=26344, stack(0x00000062e5f00000,0x00000062e6000000) (1024K)]
  0x000001784e7c5780 JavaThread "http-nio-8080-exec-3"       daemon [_thread_blocked, id=28236, stack(0x00000062e6000000,0x00000062e6100000) (1024K)]
=>0x000001784e7c5e10 JavaThread "http-nio-8080-exec-4"       daemon [_thread_in_Java, id=17900, stack(0x00000062e6100000,0x00000062e6200000) (1024K)]
  0x000001784e7c4a60 JavaThread "http-nio-8080-exec-5"       daemon [_thread_blocked, id=13788, stack(0x00000062e6200000,0x00000062e6300000) (1024K)]
  0x000001784e7c50f0 JavaThread "http-nio-8080-exec-6"       daemon [_thread_blocked, id=17544, stack(0x00000062e6300000,0x00000062e6400000) (1024K)]
  0x000001784e7c64a0 JavaThread "http-nio-8080-exec-7"       daemon [_thread_blocked, id=29656, stack(0x00000062e6400000,0x00000062e6500000) (1024K)]
  0x000001784e7c6b30 JavaThread "http-nio-8080-exec-8"       daemon [_thread_blocked, id=29248, stack(0x00000062e6500000,0x00000062e6600000) (1024K)]
  0x000001784f6287d0 JavaThread "http-nio-8080-exec-9"       daemon [_thread_blocked, id=24040, stack(0x00000062e6600000,0x00000062e6700000) (1024K)]
  0x000001784f628e60 JavaThread "http-nio-8080-exec-10"      daemon [_thread_blocked, id=18212, stack(0x00000062e6700000,0x00000062e6800000) (1024K)]
  0x000001784f629b80 JavaThread "http-nio-8080-Poller"       daemon [_thread_in_native, id=30572, stack(0x00000062e6800000,0x00000062e6900000) (1024K)]
  0x000001784f62bc50 JavaThread "http-nio-8080-Acceptor"     daemon [_thread_in_native, id=344, stack(0x00000062e6900000,0x00000062e6a00000) (1024K)]
  0x000001784f62af30 JavaThread "DestroyJavaVM"                     [_thread_blocked, id=20176, stack(0x00000062e2f00000,0x00000062e3000000) (1024K)]
  0x000001784f62c2e0 JavaThread "RMI TCP Connection(idle)"   daemon [_thread_blocked, id=360, stack(0x00000062e5000000,0x00000062e5100000) (1024K)]
  0x000001784f62c970 JavaThread "RMI TCP Connection(idle)"   daemon [_thread_blocked, id=30348, stack(0x00000062e6a00000,0x00000062e6b00000) (1024K)]
  0x000001784f6294f0 JavaThread "RMI TCP Connection(idle)"   daemon [_thread_blocked, id=16632, stack(0x00000062e6b00000,0x00000062e6c00000) (1024K)]
  0x000001784f62d000 JavaThread "RMI TCP Connection(idle)"   daemon [_thread_blocked, id=25360, stack(0x00000062e6c00000,0x00000062e6d00000) (1024K)]
  0x000001784f62a210 JavaThread "RMI TCP Connection(8)-127.0.0.1" daemon [_thread_in_native, id=26648, stack(0x00000062e6e00000,0x00000062e6f00000) (1024K)]
Total: 43

Other Threads:
  0x000001787df46810 VMThread "VM Thread"                           [id=27164, stack(0x00000062e3600000,0x00000062e3700000) (1024K)]
  0x00000178087e1640 WatcherThread "VM Periodic Task Thread"        [id=7912, stack(0x00000062e3500000,0x00000062e3600000) (1024K)]
  0x000001787dde0780 WorkerThread "GC Thread#0"                     [id=5156, stack(0x00000062e3000000,0x00000062e3100000) (1024K)]
  0x000001784e5da100 WorkerThread "GC Thread#1"                     [id=27316, stack(0x00000062e4600000,0x00000062e4700000) (1024K)]
  0x000001784e5da4a0 WorkerThread "GC Thread#2"                     [id=26908, stack(0x00000062e4700000,0x00000062e4800000) (1024K)]
  0x000001784e5dd7f0 WorkerThread "GC Thread#3"                     [id=23288, stack(0x00000062e4800000,0x00000062e4900000) (1024K)]
  0x000001784e5ddb90 WorkerThread "GC Thread#4"                     [id=25116, stack(0x00000062e4900000,0x00000062e4a00000) (1024K)]
  0x000001784e64ef20 WorkerThread "GC Thread#5"                     [id=21424, stack(0x00000062e4a00000,0x00000062e4b00000) (1024K)]
  0x000001784e657af0 WorkerThread "GC Thread#6"                     [id=19164, stack(0x00000062e4b00000,0x00000062e4c00000) (1024K)]
  0x000001784e6580a0 WorkerThread "GC Thread#7"                     [id=20312, stack(0x00000062e4c00000,0x00000062e4d00000) (1024K)]
  0x0000017870690870 ConcurrentGCThread "G1 Main Marker"            [id=3036, stack(0x00000062e3100000,0x00000062e3200000) (1024K)]
  0x000001787de23bb0 WorkerThread "G1 Conc#0"                       [id=22400, stack(0x00000062e3200000,0x00000062e3300000) (1024K)]
  0x000001784ee4d860 WorkerThread "G1 Conc#1"                       [id=20168, stack(0x00000062e5700000,0x00000062e5800000) (1024K)]
  0x000001787de8a800 ConcurrentGCThread "G1 Refine#0"               [id=26968, stack(0x00000062e3300000,0x00000062e3400000) (1024K)]
  0x000001787de8b120 ConcurrentGCThread "G1 Service"                [id=27952, stack(0x00000062e3400000,0x00000062e3500000) (1024K)]
Total: 15

Threads with active compile tasks:
Total: 0

VM state: not at safepoint (normal execution)

VM Mutex/Monitor currently owned by a thread: None

Heap address: 0x0000000604c00000, size: 8116 MB, Compressed Oops mode: Zero based, Oop shift amount: 3

CDS archive(s) mapped at: [0x0000017809000000-0x0000017809c90000-0x0000017809c90000), size 13172736, SharedBaseAddress: 0x0000017809000000, ArchiveRelocationMode: 1.
Compressed class space mapped at: 0x000001780a000000-0x000001784a000000, reserved size: 1073741824
Narrow klass base: 0x0000017809000000, Narrow klass shift: 0, Narrow klass range: 0x100000000

GC Precious Log:
 CardTable entry size: 512
 Card Set container configuration: InlinePtr #cards 4 size 8 Array Of Cards #cards 32 size 80 Howl #buckets 8 coarsen threshold 7372 Howl Bitmap #cards 1024 size 144 coarsen threshold 921 Card regions per heap region 1 cards per card region 8192
 CPUs: 8 total, 8 available
 Memory: 32448M
 Large Page Support: Disabled
 NUMA Support: Disabled
 Compressed Oops: Enabled (Zero based)
 Heap Region Size: 4M
 Heap Min Capacity: 8M
 Heap Initial Capacity: 508M
 Heap Max Capacity: 8116M
 Pre-touch: Disabled
 Parallel Workers: 8
 Concurrent Workers: 2
 Concurrent Refinement Workers: 8
 Periodic GC: Disabled

Heap:
 garbage-first heap   total 163840K, used 82126K [0x0000000604c00000, 0x0000000800000000)
  region size 4096K, 13 young (53248K), 3 survivors (12288K)
 Metaspace       used 69213K, committed 70464K, reserved 1114112K
  class space    used 9094K, committed 9664K, reserved 1048576K

Heap Regions: E=young(eden), S=young(survivor), O=old, HS=humongous(starts), HC=humongous(continues), CS=collection set, F=free, TAMS=top-at-mark-start, PB=parsable bottom
|   0|0x0000000604c00000, 0x0000000605000000, 0x0000000605000000|100%| O|  |TAMS 0x0000000604c00000| PB 0x0000000604c00000| Untracked 
|   1|0x0000000605000000, 0x0000000605400000, 0x0000000605400000|100%| O|  |TAMS 0x0000000605000000| PB 0x0000000605000000| Untracked 
|   2|0x0000000605400000, 0x0000000605800000, 0x0000000605800000|100%| O|  |TAMS 0x0000000605400000| PB 0x0000000605400000| Untracked 
|   3|0x0000000605800000, 0x0000000605c00000, 0x0000000605c00000|100%| O|  |TAMS 0x0000000605800000| PB 0x0000000605800000| Untracked 
|   4|0x0000000605c00000, 0x0000000605c5b560, 0x0000000606000000|  8%| O|Cm|TAMS 0x0000000605c00000| PB 0x0000000605c00000| Complete 
|   5|0x0000000606000000, 0x0000000606400000, 0x0000000606400000|100%| O|  |TAMS 0x0000000606000000| PB 0x0000000606000000| Untracked 
|   6|0x0000000606400000, 0x0000000606800000, 0x0000000606800000|100%| O|  |TAMS 0x0000000606400000| PB 0x0000000606400000| Untracked 
|   7|0x0000000606800000, 0x0000000606c00000, 0x0000000606c00000|100%| O|  |TAMS 0x0000000606800000| PB 0x0000000606800000| Untracked 
|   8|0x0000000606c00000, 0x0000000606fd83a8, 0x0000000607000000| 96%| O|  |TAMS 0x0000000606c00000| PB 0x0000000606c00000| Untracked 
|   9|0x0000000607000000, 0x0000000607000000, 0x0000000607400000|  0%| F|  |TAMS 0x0000000607000000| PB 0x0000000607000000| Untracked 
|  10|0x0000000607400000, 0x0000000607400000, 0x0000000607800000|  0%| F|  |TAMS 0x0000000607400000| PB 0x0000000607400000| Untracked 
|  11|0x0000000607800000, 0x0000000607800000, 0x0000000607c00000|  0%| F|  |TAMS 0x0000000607800000| PB 0x0000000607800000| Untracked 
|  12|0x0000000607c00000, 0x0000000607c00000, 0x0000000608000000|  0%| F|  |TAMS 0x0000000607c00000| PB 0x0000000607c00000| Untracked 
|  13|0x0000000608000000, 0x0000000608400000, 0x0000000608400000|100%| S|CS|TAMS 0x0000000608000000| PB 0x0000000608000000| Complete 
|  14|0x0000000608400000, 0x0000000608800000, 0x0000000608800000|100%| S|CS|TAMS 0x0000000608400000| PB 0x0000000608400000| Complete 
|  15|0x0000000608800000, 0x0000000608c00000, 0x0000000608c00000|100%| S|CS|TAMS 0x0000000608800000| PB 0x0000000608800000| Complete 
|  16|0x0000000608c00000, 0x0000000608c00000, 0x0000000609000000|  0%| F|  |TAMS 0x0000000608c00000| PB 0x0000000608c00000| Untracked 
|  17|0x0000000609000000, 0x0000000609000000, 0x0000000609400000|  0%| F|  |TAMS 0x0000000609000000| PB 0x0000000609000000| Untracked 
|  18|0x0000000609400000, 0x0000000609400000, 0x0000000609800000|  0%| F|  |TAMS 0x0000000609400000| PB 0x0000000609400000| Untracked 
|  19|0x0000000609800000, 0x0000000609800000, 0x0000000609c00000|  0%| F|  |TAMS 0x0000000609800000| PB 0x0000000609800000| Untracked 
|  20|0x0000000609c00000, 0x0000000609c00000, 0x000000060a000000|  0%| F|  |TAMS 0x0000000609c00000| PB 0x0000000609c00000| Untracked 
|  21|0x000000060a000000, 0x000000060a000000, 0x000000060a400000|  0%| F|  |TAMS 0x000000060a000000| PB 0x000000060a000000| Untracked 
|  22|0x000000060a400000, 0x000000060a400000, 0x000000060a800000|  0%| F|  |TAMS 0x000000060a400000| PB 0x000000060a400000| Untracked 
|  23|0x000000060a800000, 0x000000060a800000, 0x000000060ac00000|  0%| F|  |TAMS 0x000000060a800000| PB 0x000000060a800000| Untracked 
|  24|0x000000060ac00000, 0x000000060ac00000, 0x000000060b000000|  0%| F|  |TAMS 0x000000060ac00000| PB 0x000000060ac00000| Untracked 
|  25|0x000000060b000000, 0x000000060b000000, 0x000000060b400000|  0%| F|  |TAMS 0x000000060b000000| PB 0x000000060b000000| Untracked 
|  26|0x000000060b400000, 0x000000060b400000, 0x000000060b800000|  0%| F|  |TAMS 0x000000060b400000| PB 0x000000060b400000| Untracked 
|  27|0x000000060b800000, 0x000000060b800000, 0x000000060bc00000|  0%| F|  |TAMS 0x000000060b800000| PB 0x000000060b800000| Untracked 
|  28|0x000000060bc00000, 0x000000060bc00000, 0x000000060c000000|  0%| F|  |TAMS 0x000000060bc00000| PB 0x000000060bc00000| Untracked 
|  29|0x000000060c000000, 0x000000060c000000, 0x000000060c400000|  0%| F|  |TAMS 0x000000060c000000| PB 0x000000060c000000| Untracked 
|  30|0x000000060c400000, 0x000000060c800000, 0x000000060c800000|100%| E|  |TAMS 0x000000060c400000| PB 0x000000060c400000| Complete 
|  31|0x000000060c800000, 0x000000060cc00000, 0x000000060cc00000|100%| E|CS|TAMS 0x000000060c800000| PB 0x000000060c800000| Complete 
|  32|0x000000060cc00000, 0x000000060d000000, 0x000000060d000000|100%| E|CS|TAMS 0x000000060cc00000| PB 0x000000060cc00000| Complete 
|  33|0x000000060d000000, 0x000000060d400000, 0x000000060d400000|100%| E|CS|TAMS 0x000000060d000000| PB 0x000000060d000000| Complete 
|  34|0x000000060d400000, 0x000000060d800000, 0x000000060d800000|100%| E|CS|TAMS 0x000000060d400000| PB 0x000000060d400000| Complete 
|  37|0x000000060e000000, 0x000000060e400000, 0x000000060e400000|100%| E|CS|TAMS 0x000000060e000000| PB 0x000000060e000000| Complete 
|  38|0x000000060e400000, 0x000000060e800000, 0x000000060e800000|100%| E|CS|TAMS 0x000000060e400000| PB 0x000000060e400000| Complete 
|  39|0x000000060e800000, 0x000000060ec00000, 0x000000060ec00000|100%| E|CS|TAMS 0x000000060e800000| PB 0x000000060e800000| Complete 
|  40|0x000000060ec00000, 0x000000060f000000, 0x000000060f000000|100%| E|CS|TAMS 0x000000060ec00000| PB 0x000000060ec00000| Complete 
| 126|0x0000000624400000, 0x0000000624800000, 0x0000000624800000|100%| E|CS|TAMS 0x0000000624400000| PB 0x0000000624400000| Complete 

Card table byte_map: [0x000001787cdc0000,0x000001787dda0000] _byte_map_base: 0x0000017879d9a000

Marking Bits: (CMBitMap*) 0x0000017870682450
 Bits: [0x0000017800000000, 0x0000017807ed0000)

Polling page: 0x000001786e730000

Metaspace:

Usage:
  Non-class:     58.71 MB used.
      Class:      8.88 MB used.
       Both:     67.59 MB used.

Virtual space:
  Non-class space:       64.00 MB reserved,      59.38 MB ( 93%) committed,  1 nodes.
      Class space:        1.00 GB reserved,       9.44 MB ( <1%) committed,  1 nodes.
             Both:        1.06 GB reserved,      68.81 MB (  6%) committed. 

Chunk freelists:
   Non-Class:  4.22 MB
       Class:  6.38 MB
        Both:  10.60 MB

MaxMetaspaceSize: unlimited
CompressedClassSpaceSize: 1.00 GB
Initial GC threshold: 21.00 MB
Current GC threshold: 104.50 MB
CDS: on
 - commit_granule_bytes: 65536.
 - commit_granule_words: 8192.
 - virtual_space_node_default_size: 8388608.
 - enlarge_chunks_in_place: 1.
 - use_allocation_guard: 0.


Internal statistics:

num_allocs_failed_limit: 6.
num_arena_births: 2062.
num_arena_deaths: 0.
num_vsnodes_births: 2.
num_vsnodes_deaths: 0.
num_space_committed: 1101.
num_space_uncommitted: 0.
num_chunks_returned_to_freelist: 6.
num_chunks_taken_from_freelist: 4790.
num_chunk_merges: 3.
num_chunk_splits: 3218.
num_chunks_enlarged: 2164.
num_inconsistent_stats: 0.

CodeCache: size=49152Kb used=19030Kb max_used=20214Kb free=30121Kb
 bounds [0x0000017878cd0000, 0x000001787a090000, 0x000001787bcd0000]
 total_blobs=9854 nmethods=8909 adapters=868
 compilation: enabled
              stopped_count=0, restarted_count=0
 full_count=0

Compilation events (20 events):
Event: 37.393 Thread 0x000001780889eb30 9516       1       java.util.HashMap$KeySet::contains (9 bytes)
Event: 37.393 Thread 0x000001780889eb30 nmethod 9516 0x0000017879e74790 code [0x0000017879e74940, 0x0000017879e74a48]
Event: 38.557 Thread 0x000001780889eb30 9517       1       java.nio.channels.spi.AbstractSelector::isOpen (13 bytes)
Event: 38.557 Thread 0x000001780889eb30 nmethod 9517 0x0000017879e74490 code [0x0000017879e74620, 0x0000017879e746f8]
Event: 39.456 Thread 0x000001780889eb30 9518       1       org.springframework.boot.devtools.filewatch.DirectorySnapshot::filter (72 bytes)
Event: 39.457 Thread 0x000001780889eb30 nmethod 9518 0x0000017879e73b90 code [0x0000017879e73dc0, 0x0000017879e74208]
Event: 47.667 Thread 0x000001787df8fca0 9519   !   1       java.util.AbstractSet::equals (45 bytes)
Event: 47.667 Thread 0x000001787df8fca0 nmethod 9519 0x0000017879e73590 code [0x0000017879e73780, 0x0000017879e73a98]
Event: 52.509 Thread 0x000001787df8fca0 9520       1       java.util.concurrent.ScheduledThreadPoolExecutor$ScheduledFutureTask::compareTo (9 bytes)
Event: 52.510 Thread 0x000001787df8fca0 nmethod 9520 0x0000017879e73190 code [0x0000017879e73340, 0x0000017879e73490]
Event: 52.510 Thread 0x000001787df8fca0 9521       1       java.util.concurrent.ScheduledThreadPoolExecutor$ScheduledFutureTask::compareTo (101 bytes)
Event: 52.510 Thread 0x000001787df8fca0 nmethod 9521 0x0000017879e72990 code [0x0000017879e72b80, 0x0000017879e72ff0]
Event: 53.738 Thread 0x000001787df8fca0 9522       1       org.apache.catalina.webresources.Cache$$Lambda/0x000001780a881b08::applyAsLong (8 bytes)
Event: 53.738 Thread 0x000001787df8fca0 nmethod 9522 0x0000017879e72610 code [0x0000017879e727a0, 0x0000017879e728b0]
Event: 57.509 Thread 0x000001787df8fca0 9523       1       java.util.concurrent.ThreadPoolExecutor::isShutdown (12 bytes)
Event: 57.510 Thread 0x000001787df8fca0 nmethod 9523 0x0000017879e72290 code [0x0000017879e72420, 0x0000017879e72508]
Event: 58.010 Thread 0x000001787df8fca0 9524       1       java.io.FilterOutputStream::<init> (21 bytes)
Event: 58.010 Thread 0x000001787df8fca0 nmethod 9524 0x0000017879e71e90 code [0x0000017879e72040, 0x0000017879e72208]
Event: 58.010 Thread 0x000001787df8fca0 9525       1       sun.nio.ch.NioSocketImpl::configureNonBlockingIfNeeded (65 bytes)
Event: 58.011 Thread 0x000001787df8fca0 nmethod 9525 0x0000017879e71a90 code [0x0000017879e71c40, 0x0000017879e71dc0]

GC Heap History (20 events):
Event: 3.027 GC heap before
{Heap before GC invocations=12 (full 0):
 garbage-first heap   total 81920K, used 57736K [0x0000000604c00000, 0x0000000800000000)
  region size 4096K, 12 young (49152K), 2 survivors (8192K)
 Metaspace       used 34222K, committed 34816K, reserved 1114112K
  class space    used 4512K, committed 4800K, reserved 1048576K
}
Event: 3.031 GC heap after
{Heap after GC invocations=13 (full 0):
 garbage-first heap   total 81920K, used 22525K [0x0000000604c00000, 0x0000000800000000)
  region size 4096K, 2 young (8192K), 2 survivors (8192K)
 Metaspace       used 34222K, committed 34816K, reserved 1114112K
  class space    used 4512K, committed 4800K, reserved 1048576K
}
Event: 3.376 GC heap before
{Heap before GC invocations=13 (full 0):
 garbage-first heap   total 81920K, used 63485K [0x0000000604c00000, 0x0000000800000000)
  region size 4096K, 12 young (49152K), 2 survivors (8192K)
 Metaspace       used 37294K, committed 37824K, reserved 1114112K
  class space    used 4944K, committed 5184K, reserved 1048576K
}
Event: 3.380 GC heap after
{Heap after GC invocations=14 (full 0):
 garbage-first heap   total 81920K, used 23944K [0x0000000604c00000, 0x0000000800000000)
  region size 4096K, 2 young (8192K), 2 survivors (8192K)
 Metaspace       used 37294K, committed 37824K, reserved 1114112K
  class space    used 4944K, committed 5184K, reserved 1048576K
}
Event: 3.633 GC heap before
{Heap before GC invocations=14 (full 0):
 garbage-first heap   total 81920K, used 64904K [0x0000000604c00000, 0x0000000800000000)
  region size 4096K, 12 young (49152K), 2 survivors (8192K)
 Metaspace       used 39381K, committed 40000K, reserved 1114112K
  class space    used 5178K, committed 5440K, reserved 1048576K
}
Event: 3.637 GC heap after
{Heap after GC invocations=15 (full 0):
 garbage-first heap   total 303104K, used 25295K [0x0000000604c00000, 0x0000000800000000)
  region size 4096K, 2 young (8192K), 2 survivors (8192K)
 Metaspace       used 39381K, committed 40000K, reserved 1114112K
  class space    used 5178K, committed 5440K, reserved 1048576K
}
Event: 4.075 GC heap before
{Heap before GC invocations=15 (full 0):
 garbage-first heap   total 303104K, used 90831K [0x0000000604c00000, 0x0000000800000000)
  region size 4096K, 19 young (77824K), 2 survivors (8192K)
 Metaspace       used 45175K, committed 45760K, reserved 1114112K
  class space    used 5853K, committed 6080K, reserved 1048576K
}
Event: 4.080 GC heap after
{Heap after GC invocations=16 (full 0):
 garbage-first heap   total 303104K, used 27257K [0x0000000604c00000, 0x0000000800000000)
  region size 4096K, 2 young (8192K), 2 survivors (8192K)
 Metaspace       used 45175K, committed 45760K, reserved 1114112K
  class space    used 5853K, committed 6080K, reserved 1048576K
}
Event: 4.510 GC heap before
{Heap before GC invocations=17 (full 0):
 garbage-first heap   total 122880K, used 92793K [0x0000000604c00000, 0x0000000800000000)
  region size 4096K, 18 young (73728K), 2 survivors (8192K)
 Metaspace       used 49893K, committed 50560K, reserved 1114112K
  class space    used 6467K, committed 6784K, reserved 1048576K
}
Event: 4.516 GC heap after
{Heap after GC invocations=18 (full 0):
 garbage-first heap   total 122880K, used 29086K [0x0000000604c00000, 0x0000000800000000)
  region size 4096K, 2 young (8192K), 2 survivors (8192K)
 Metaspace       used 49893K, committed 50560K, reserved 1114112K
  class space    used 6467K, committed 6784K, reserved 1048576K
}
Event: 4.946 GC heap before
{Heap before GC invocations=18 (full 0):
 garbage-first heap   total 122880K, used 94622K [0x0000000604c00000, 0x0000000800000000)
  region size 4096K, 18 young (73728K), 2 survivors (8192K)
 Metaspace       used 52259K, committed 52992K, reserved 1114112K
  class space    used 6792K, committed 7104K, reserved 1048576K
}
Event: 4.951 GC heap after
{Heap after GC invocations=19 (full 0):
 garbage-first heap   total 122880K, used 31206K [0x0000000604c00000, 0x0000000800000000)
  region size 4096K, 2 young (8192K), 2 survivors (8192K)
 Metaspace       used 52259K, committed 52992K, reserved 1114112K
  class space    used 6792K, committed 7104K, reserved 1048576K
}
Event: 5.303 GC heap before
{Heap before GC invocations=19 (full 0):
 garbage-first heap   total 122880K, used 92646K [0x0000000604c00000, 0x0000000800000000)
  region size 4096K, 18 young (73728K), 2 survivors (8192K)
 Metaspace       used 54225K, committed 54912K, reserved 1114112K
  class space    used 7045K, committed 7360K, reserved 1048576K
}
Event: 5.311 GC heap after
{Heap after GC invocations=20 (full 0):
 garbage-first heap   total 323584K, used 36670K [0x0000000604c00000, 0x0000000800000000)
  region size 4096K, 3 young (12288K), 3 survivors (12288K)
 Metaspace       used 54225K, committed 54912K, reserved 1114112K
  class space    used 7045K, committed 7360K, reserved 1048576K
}
Event: 5.929 GC heap before
{Heap before GC invocations=20 (full 0):
 garbage-first heap   total 323584K, used 212798K [0x0000000604c00000, 0x0000000800000000)
  region size 4096K, 47 young (192512K), 3 survivors (12288K)
 Metaspace       used 55658K, committed 56384K, reserved 1114112K
  class space    used 7277K, committed 7616K, reserved 1048576K
}
Event: 5.935 GC heap after
{Heap after GC invocations=21 (full 0):
 garbage-first heap   total 323584K, used 34753K [0x0000000604c00000, 0x0000000800000000)
  region size 4096K, 3 young (12288K), 3 survivors (12288K)
 Metaspace       used 55658K, committed 56384K, reserved 1114112K
  class space    used 7277K, committed 7616K, reserved 1048576K
}
Event: 7.119 GC heap before
{Heap before GC invocations=21 (full 0):
 garbage-first heap   total 323584K, used 186305K [0x0000000604c00000, 0x0000000800000000)
  region size 4096K, 41 young (167936K), 3 survivors (12288K)
 Metaspace       used 63154K, committed 64128K, reserved 1114112K
  class space    used 8316K, committed 8768K, reserved 1048576K
}
Event: 7.128 GC heap after
{Heap after GC invocations=22 (full 0):
 garbage-first heap   total 323584K, used 40226K [0x0000000604c00000, 0x0000000800000000)
  region size 4096K, 4 young (16384K), 4 survivors (16384K)
 Metaspace       used 63154K, committed 64128K, reserved 1114112K
  class space    used 8316K, committed 8768K, reserved 1048576K
}
Event: 29.596 GC heap before
{Heap before GC invocations=23 (full 0):
 garbage-first heap   total 163840K, used 118050K [0x0000000604c00000, 0x0000000800000000)
  region size 4096K, 24 young (98304K), 4 survivors (16384K)
 Metaspace       used 67387K, committed 68544K, reserved 1114112K
  class space    used 8805K, committed 9344K, reserved 1048576K
}
Event: 29.606 GC heap after
{Heap after GC invocations=24 (full 0):
 garbage-first heap   total 163840K, used 45262K [0x0000000604c00000, 0x0000000800000000)
  region size 4096K, 3 young (12288K), 3 survivors (12288K)
 Metaspace       used 67387K, committed 68544K, reserved 1114112K
  class space    used 8805K, committed 9344K, reserved 1048576K
}

Dll operation events (12 events):
Event: 0.024 Loaded shared library C:\pleiades\2024-03\java\21\bin\java.dll
Event: 0.241 Loaded shared library C:\pleiades\2024-03\java\21\bin\zip.dll
Event: 0.245 Loaded shared library C:\pleiades\2024-03\java\21\bin\instrument.dll
Event: 0.249 Loaded shared library C:\pleiades\2024-03\java\21\bin\net.dll
Event: 0.250 Loaded shared library C:\pleiades\2024-03\java\21\bin\nio.dll
Event: 0.252 Loaded shared library C:\pleiades\2024-03\java\21\bin\zip.dll
Event: 0.373 Loaded shared library C:\pleiades\2024-03\java\21\bin\jimage.dll
Event: 0.407 Loaded shared library C:\pleiades\2024-03\java\21\bin\management.dll
Event: 0.414 Loaded shared library C:\pleiades\2024-03\java\21\bin\management_ext.dll
Event: 0.550 Loaded shared library C:\pleiades\2024-03\java\21\bin\verify.dll
Event: 0.631 Loaded shared library C:\pleiades\2024-03\java\21\bin\extnet.dll
Event: 1.889 Loaded shared library C:\pleiades\2024-03\java\21\bin\sunmscapi.dll

Deoptimization events (20 events):
Event: 31.403 Thread 0x000001784e7c50f0 DEOPT PACKING pc=0x00000178796469c4 sp=0x00000062e63fad60
Event: 31.403 Thread 0x000001784e7c50f0 DEOPT UNPACKING pc=0x0000017878d288e2 sp=0x00000062e63fa230 mode 1
Event: 31.403 Thread 0x000001784e7c50f0 DEOPT PACKING pc=0x00000178797cc1f4 sp=0x00000062e63fadf0
Event: 31.403 Thread 0x000001784e7c50f0 DEOPT UNPACKING pc=0x0000017878d288e2 sp=0x00000062e63fa310 mode 1
Event: 31.403 Thread 0x000001784e7c50f0 DEOPT PACKING pc=0x0000017879939d9c sp=0x00000062e63faf00
Event: 31.403 Thread 0x000001784e7c50f0 DEOPT UNPACKING pc=0x0000017878d288e2 sp=0x00000062e63fa3a8 mode 1
Event: 31.403 Thread 0x000001784e7c50f0 DEOPT PACKING pc=0x0000017879afd4dc sp=0x00000062e63faf50
Event: 31.403 Thread 0x000001784e7c50f0 DEOPT UNPACKING pc=0x0000017878d288e2 sp=0x00000062e63fa490 mode 1
Event: 31.403 Thread 0x000001784e7c50f0 DEOPT PACKING pc=0x000001787972ec11 sp=0x00000062e63fad00
Event: 31.403 Thread 0x000001784e7c50f0 DEOPT UNPACKING pc=0x0000017878d288e2 sp=0x00000062e63fa1b0 mode 1
Event: 31.403 Thread 0x000001784e7c50f0 DEOPT PACKING pc=0x00000178796469c4 sp=0x00000062e63fad60
Event: 31.403 Thread 0x000001784e7c50f0 DEOPT UNPACKING pc=0x0000017878d288e2 sp=0x00000062e63fa230 mode 1
Event: 31.403 Thread 0x000001784e7c50f0 DEOPT PACKING pc=0x00000178797cc1f4 sp=0x00000062e63fadf0
Event: 31.403 Thread 0x000001784e7c50f0 DEOPT UNPACKING pc=0x0000017878d288e2 sp=0x00000062e63fa310 mode 1
Event: 31.403 Thread 0x000001784e7c50f0 DEOPT PACKING pc=0x0000017879939d9c sp=0x00000062e63faf00
Event: 31.404 Thread 0x000001784e7c50f0 DEOPT UNPACKING pc=0x0000017878d288e2 sp=0x00000062e63fa3a8 mode 1
Event: 31.404 Thread 0x000001784e7c50f0 DEOPT PACKING pc=0x0000017879afd4dc sp=0x00000062e63faf50
Event: 31.404 Thread 0x000001784e7c50f0 DEOPT UNPACKING pc=0x0000017878d288e2 sp=0x00000062e63fa490 mode 1
Event: 58.034 Thread 0x000001784e7c5e10 DEOPT PACKING pc=0x000001787a01b244 sp=0x00000062e61fb000
Event: 58.034 Thread 0x000001784e7c5e10 DEOPT UNPACKING pc=0x0000017878d288e2 sp=0x00000062e61fa4a8 mode 0

Classes loaded (20 events):
Event: 29.847 Loading class java/util/concurrent/atomic/AtomicStampedReference
Event: 29.847 Loading class java/util/concurrent/atomic/AtomicStampedReference done
Event: 29.847 Loading class java/util/concurrent/atomic/DoubleAccumulator
Event: 29.847 Loading class java/util/concurrent/atomic/DoubleAccumulator done
Event: 29.847 Loading class java/util/concurrent/atomic/DoubleAdder
Event: 29.847 Loading class java/util/concurrent/atomic/DoubleAdder done
Event: 29.847 Loading class java/util/concurrent/atomic/LongAccumulator
Event: 29.848 Loading class java/util/concurrent/atomic/LongAccumulator done
Event: 29.921 Loading class java/util/stream/Streams$ConcatSpliterator$OfRef
Event: 29.921 Loading class java/util/stream/Streams$ConcatSpliterator
Event: 29.921 Loading class java/util/stream/Streams$ConcatSpliterator done
Event: 29.921 Loading class java/util/stream/Streams$ConcatSpliterator$OfRef done
Event: 29.921 Loading class java/util/stream/Streams$2
Event: 29.921 Loading class java/util/stream/Streams$2 done
Event: 30.019 Loading class java/text/ParsePosition
Event: 30.019 Loading class java/text/ParsePosition done
Event: 30.019 Loading class java/time/format/DateTimeParseContext
Event: 30.019 Loading class java/time/format/DateTimeParseContext done
Event: 30.020 Loading class java/time/format/Parsed
Event: 30.020 Loading class java/time/format/Parsed done

Classes unloaded (0 events):
No events

Classes redefined (1 events):
Event: 58.062 Thread 0x000001787df46810 redefined class name=com.example.controller.KoutsuhiKeihiController, count=1

Internal exceptions (20 events):
Event: 29.816 Thread 0x000001784e7c43d0 Exception <a 'java/lang/ClassNotFoundException'{0x000000060e492d60}: java/util/Collections$UnmodifiableRandomAccessListBeanInfo> (0x000000060e492d60) 
thrown [s\src\hotspot\share\classfile\systemDictionary.cpp, line 312]
Event: 29.817 Thread 0x000001784e7c43d0 Exception <a 'java/lang/ClassNotFoundException'{0x000000060e498e70}: java/util/Collections$UnmodifiableListBeanInfo> (0x000000060e498e70) 
thrown [s\src\hotspot\share\classfile\systemDictionary.cpp, line 312]
Event: 29.818 Thread 0x000001784e7c43d0 Exception <a 'java/lang/ClassNotFoundException'{0x000000060e49ef60}: java/util/Collections$UnmodifiableListCustomizer> (0x000000060e49ef60) 
thrown [s\src\hotspot\share\classfile\systemDictionary.cpp, line 312]
Event: 29.820 Thread 0x000001784e7c43d0 Exception <a 'java/lang/ClassNotFoundException'{0x000000060e4e2760}: java/util/Collections$UnmodifiableRandomAccessListCustomizer> (0x000000060e4e2760) 
thrown [s\src\hotspot\share\classfile\systemDictionary.cpp, line 312]
Event: 29.854 Thread 0x000001784e7c43d0 Exception <a 'java/lang/ClassNotFoundException'{0x000000060e7ef9b0}: org/thymeleaf/standard/expression/GenericTokenExpressionBeanInfo> (0x000000060e7ef9b0) 
thrown [s\src\hotspot\share\classfile\systemDictionary.cpp, line 312]
Event: 29.856 Thread 0x000001784e7c43d0 Exception <a 'java/lang/ClassNotFoundException'{0x000000060e7fb4f8}: org/thymeleaf/standard/expression/TokenBeanInfo> (0x000000060e7fb4f8) 
thrown [s\src\hotspot\share\classfile\systemDictionary.cpp, line 312]
Event: 29.858 Thread 0x000001784e7c43d0 Exception <a 'java/lang/ClassNotFoundException'{0x000000060e007450}: org/thymeleaf/standard/expression/TokenCustomizer> (0x000000060e007450) 
thrown [s\src\hotspot\share\classfile\systemDictionary.cpp, line 312]
Event: 29.861 Thread 0x000001784e7c43d0 Exception <a 'java/lang/ClassNotFoundException'{0x000000060e0182d8}: org/thymeleaf/standard/expression/GenericTokenExpressionCustomizer> (0x000000060e0182d8) 
thrown [s\src\hotspot\share\classfile\systemDictionary.cpp, line 312]
Event: 29.898 Thread 0x000001784e7c43d0 Exception <a 'java/lang/ClassNotFoundException'{0x000000060e2d8ee0}: nz/net/ultraq/thymeleaf/layoutdialect/fragments/FragmentParameterVariableUpdaterBeanInfo> (0x000000060e2d8ee0) 
thrown [s\src\hotspot\share\classfile\systemDictionary.cpp, line 312]
Event: 29.900 Thread 0x000001784e7c43d0 Exception <a 'java/lang/ClassNotFoundException'{0x000000060e2e5b30}: nz/net/ultraq/thymeleaf/layoutdialect/fragments/FragmentParameterVariableUpdaterCustomizer> (0x000000060e2e5b30) 
thrown [s\src\hotspot\share\classfile\systemDictionary.cpp, line 312]
Event: 29.901 Thread 0x000001784e7c43d0 Exception <a 'java/lang/NoSuchMethodError'{0x000000060e2f3b38}: 'void java.lang.invoke.DirectMethodHandle$Holder.invokeVirtual(java.lang.Object, java.lang.Object, java.lang.Object, java.lang.Object, java.lang.Object)'> (0x000000060e2f3b38) 
thrown [s\src\hotspot\share\interpreter\linkResolver.cpp, line 773]
Event: 29.936 Thread 0x000001784e7c43d0 Exception <a 'java/lang/NoSuchMethodError'{0x000000060d621020}: 'java.lang.Object java.lang.invoke.Invokers$Holder.linkToCallSite(java.lang.Object, java.lang.Object, int, java.lang.Object)'> (0x000000060d621020) 
thrown [s\src\hotspot\share\interpreter\linkResolver.cpp, line 773]
Event: 29.938 Thread 0x000001784e7c43d0 Exception <a 'java/lang/ClassNotFoundException'{0x000000060d63c088}: org/thymeleaf/engine/ElementTagStructureHandlerBeanInfo> (0x000000060d63c088) 
thrown [s\src\hotspot\share\classfile\systemDictionary.cpp, line 312]
Event: 29.939 Thread 0x000001784e7c43d0 Exception <a 'java/lang/ClassNotFoundException'{0x000000060d647660}: org/thymeleaf/engine/ElementTagStructureHandlerCustomizer> (0x000000060d647660) 
thrown [s\src\hotspot\share\classfile\systemDictionary.cpp, line 312]
Event: 29.940 Thread 0x000001784e7c43d0 Exception <a 'java/lang/NoSuchMethodError'{0x000000060d65b958}: 'void java.lang.invoke.DirectMethodHandle$Holder.invokeInterface(java.lang.Object, java.lang.Object, java.lang.Object, int)'> (0x000000060d65b958) 
thrown [s\src\hotspot\share\interpreter\linkResolver.cpp, line 773]
Event: 29.940 Thread 0x000001784e7c43d0 Exception <a 'java/lang/NoSuchMethodError'{0x000000060d65fc48}: 'void java.lang.invoke.DirectMethodHandle$Holder.invokeSpecial(java.lang.Object, java.lang.Object, java.lang.Object, java.lang.Object, int)'> (0x000000060d65fc48) 
thrown [s\src\hotspot\share\interpreter\linkResolver.cpp, line 773]
Event: 29.940 Thread 0x000001784e7c43d0 Exception <a 'java/lang/NoSuchMethodError'{0x000000060d663940}: 'void java.lang.invoke.DelegatingMethodHandle$Holder.reinvoke_L(java.lang.Object, java.lang.Object, java.lang.Object, int)'> (0x000000060d663940) 
thrown [s\src\hotspot\share\interpreter\linkResolver.cpp, line 773]
Event: 29.941 Thread 0x000001784e7c43d0 Exception <a 'java/lang/NoSuchMethodError'{0x000000060d66d5a8}: 'java.lang.Object java.lang.invoke.DelegatingMethodHandle$Holder.delegate(java.lang.Object, java.lang.Object, java.lang.Object, java.lang.Object, int)'> (0x000000060d66d5a8) 
thrown [s\src\hotspot\share\interpreter\linkResolver.cpp, line 773]
Event: 29.941 Thread 0x000001784e7c43d0 Exception <a 'java/lang/NoSuchMethodError'{0x000000060d67c940}: 'int java.lang.invoke.DirectMethodHandle$Holder.invokeSpecial(java.lang.Object, java.lang.Object, java.lang.Object, java.lang.Object, int)'> (0x000000060d67c940) 
thrown [s\src\hotspot\share\interpreter\linkResolver.cpp, line 773]
Event: 31.421 Thread 0x000001784e7c50f0 Exception <a 'java/lang/NoSuchMethodError'{0x000000060c8288b0}: 'java.lang.Object java.lang.invoke.DelegatingMethodHandle$Holder.delegate(java.lang.Object, int, java.lang.Object)'> (0x000000060c8288b0) 
thrown [s\src\hotspot\share\interpreter\linkResolver.cpp, line 773]

ZGC Phase Switch (0 events):
No events

VM Operations (20 events):
Event: 32.075 Executing VM operation: get/set locals
Event: 32.075 Executing VM operation: get/set locals done
Event: 32.076 Executing VM operation: get/set locals
Event: 32.076 Executing VM operation: get/set locals done
Event: 32.078 Executing VM operation: get/set locals
Event: 32.078 Executing VM operation: get/set locals done
Event: 49.085 Executing VM operation: Cleanup
Event: 49.085 Executing VM operation: Cleanup done
Event: 58.034 Executing VM operation: ChangeSingleStep
Event: 58.034 Executing VM operation: ChangeSingleStep done
Event: 58.034 Executing VM operation: ChangeSingleStep
Event: 58.034 Executing VM operation: ChangeSingleStep done
Event: 58.056 Executing VM operation: RedefineClasses
Event: 58.075 Executing VM operation: RedefineClasses done
Event: 58.088 Executing VM operation: ChangeBreakpoints
Event: 58.090 Executing VM operation: ChangeBreakpoints done
Event: 58.111 Executing VM operation: ChangeBreakpoints
Event: 58.113 Executing VM operation: ChangeBreakpoints done
Event: 58.118 Executing VM operation: ChangeSingleStep
Event: 58.118 Executing VM operation: ChangeSingleStep done

Events (20 events):
Event: 7.156 Thread 0x000001787df46810 flushing nmethod 0x0000017878e37090
Event: 7.156 Thread 0x000001787df46810 flushing nmethod 0x0000017878e0c790
Event: 7.156 Thread 0x000001787df46810 flushing nmethod 0x0000017878e08d10
Event: 7.156 Thread 0x000001787df46810 flushing nmethod 0x0000017878e03110
Event: 7.156 Thread 0x000001787df46810 flushing nmethod 0x0000017878e15290
Event: 7.156 Thread 0x000001787df46810 flushing nmethod 0x0000017878e14f90
Event: 7.156 Thread 0x000001787df46810 flushing nmethod 0x0000017878e18310
Event: 7.156 Thread 0x000001787df46810 flushing nmethod 0x0000017878e13090
Event: 7.156 Thread 0x000001787df46810 flushing nmethod 0x0000017878e07790
Event: 7.156 Thread 0x000001787df46810 flushing nmethod 0x0000017878e07190
Event: 7.705 Thread 0x000001784f62b5c0 Thread exited: 0x000001784f62b5c0
Event: 7.713 Thread 0x000001784f62dd20 Thread exited: 0x000001784f62dd20
Event: 9.424 Thread 0x000001784edd5ae0 Thread exited: 0x000001784edd5ae0
Event: 13.734 Thread 0x00000178088a1ae0 Thread exited: 0x00000178088a1ae0
Event: 21.219 Thread 0x00000178088a0670 Thread exited: 0x00000178088a0670
Event: 29.501 Thread 0x00000178088a0670 Thread added: 0x00000178088a0670
Event: 29.501 Thread 0x000001780889f8d0 Thread added: 0x000001780889f8d0
Event: 31.059 Thread 0x000001780889f8d0 Thread exited: 0x000001780889f8d0
Event: 31.383 Thread 0x00000178088a0670 Thread exited: 0x00000178088a0670
Event: 44.457 Thread 0x000001780889eb30 Thread exited: 0x000001780889eb30


Dynamic libraries:
0x00007ff6f2660000 - 0x00007ff6f266e000 	C:\pleiades\2024-03\java\21\bin\javaw.exe
0x00007ffe2b240000 - 0x00007ffe2b4a9000 	C:\WINDOWS\SYSTEM32\ntdll.dll
0x00007ffdde010000 - 0x00007ffdde030000 	C:\Program Files\Avast Software\Avast\aswhook.dll
0x00007ffe29f10000 - 0x00007ffe29fd9000 	C:\WINDOWS\System32\KERNEL32.DLL
0x00007ffe283d0000 - 0x00007ffe287c3000 	C:\WINDOWS\System32\KERNELBASE.dll
0x00007ffe28e00000 - 0x00007ffe28f4b000 	C:\WINDOWS\System32\ucrtbase.dll
0x00007ffd928f0000 - 0x00007ffd92908000 	C:\pleiades\2024-03\java\21\bin\jli.dll
0x00007ffdf82d0000 - 0x00007ffdf82eb000 	C:\pleiades\2024-03\java\21\bin\VCRUNTIME140.dll
0x00007ffe2a3c0000 - 0x00007ffe2a584000 	C:\WINDOWS\System32\USER32.dll
0x00007ffe28dd0000 - 0x00007ffe28df7000 	C:\WINDOWS\System32\win32u.dll
0x00007ffdfb680000 - 0x00007ffdfb913000 	C:\WINDOWS\WinSxS\amd64_microsoft.windows.common-controls_6595b64144ccf1df_6.0.26100.5074_none_3e0d6f78e32fd63f\COMCTL32.dll
0x00007ffe29530000 - 0x00007ffe2955b000 	C:\WINDOWS\System32\GDI32.dll
0x00007ffe29690000 - 0x00007ffe29739000 	C:\WINDOWS\System32\msvcrt.dll
0x00007ffe287d0000 - 0x00007ffe288fd000 	C:\WINDOWS\System32\gdi32full.dll
0x00007ffe28900000 - 0x00007ffe289a3000 	C:\WINDOWS\System32\msvcp_win.dll
0x00007ffe29140000 - 0x00007ffe2916f000 	C:\WINDOWS\System32\IMM32.DLL
0x00007ffdfacc0000 - 0x00007ffdfaccc000 	C:\pleiades\2024-03\java\21\bin\vcruntime140_1.dll
0x00007ffdd8520000 - 0x00007ffdd85ae000 	C:\pleiades\2024-03\java\21\bin\msvcp140.dll
0x00007ffd6c000000 - 0x00007ffd6cd83000 	C:\pleiades\2024-03\java\21\bin\server\jvm.dll
0x00007ffe2a870000 - 0x00007ffe2a924000 	C:\WINDOWS\System32\ADVAPI32.dll
0x00007ffe2add0000 - 0x00007ffe2ae76000 	C:\WINDOWS\System32\sechost.dll
0x00007ffe29020000 - 0x00007ffe29138000 	C:\WINDOWS\System32\RPCRT4.dll
0x00007ffe2a710000 - 0x00007ffe2a784000 	C:\WINDOWS\System32\WS2_32.dll
0x00007ffe18130000 - 0x00007ffe1813b000 	C:\WINDOWS\SYSTEM32\VERSION.dll
0x00007ffe1fc70000 - 0x00007ffe1fca5000 	C:\WINDOWS\SYSTEM32\WINMM.dll
0x00007ffe28230000 - 0x00007ffe2828e000 	C:\WINDOWS\SYSTEM32\POWRPROF.dll
0x00007ffe28210000 - 0x00007ffe28224000 	C:\WINDOWS\SYSTEM32\UMPDC.dll
0x00007ffe27170000 - 0x00007ffe2718b000 	C:\WINDOWS\SYSTEM32\kernel.appcore.dll
0x00007ffddcc60000 - 0x00007ffddcc6a000 	C:\pleiades\2024-03\java\21\bin\jimage.dll
0x00007ffe25890000 - 0x00007ffe25ad2000 	C:\WINDOWS\SYSTEM32\DBGHELP.DLL
0x00007ffe2ae80000 - 0x00007ffe2b1fb000 	C:\WINDOWS\System32\combase.dll
0x00007ffe29220000 - 0x00007ffe292f7000 	C:\WINDOWS\System32\OLEAUT32.dll
0x00007ffe16b50000 - 0x00007ffe16b8d000 	C:\WINDOWS\SYSTEM32\dbgcore.DLL
0x00007ffe28d30000 - 0x00007ffe28dc9000 	C:\WINDOWS\System32\bcryptPrimitives.dll
0x00007ffe069b0000 - 0x00007ffe069ec000 	C:\pleiades\2024-03\java\21\bin\jdwp.dll
0x00007ffdd87e0000 - 0x00007ffdd87ef000 	C:\pleiades\2024-03\java\21\bin\instrument.dll
0x00007ffdd83f0000 - 0x00007ffdd840f000 	C:\pleiades\2024-03\java\21\bin\java.dll
0x00007ffe297c0000 - 0x00007ffe29f0d000 	C:\WINDOWS\System32\SHELL32.dll
0x00007ffe28a40000 - 0x00007ffe28bac000 	C:\WINDOWS\System32\wintypes.dll
0x00007ffe25ff0000 - 0x00007ffe26849000 	C:\WINDOWS\SYSTEM32\windows.storage.dll
0x00007ffe2a590000 - 0x00007ffe2a680000 	C:\WINDOWS\System32\SHCORE.dll
0x00007ffe29750000 - 0x00007ffe297b2000 	C:\WINDOWS\System32\shlwapi.dll
0x00007ffe282f0000 - 0x00007ffe28319000 	C:\WINDOWS\SYSTEM32\profapi.dll
0x00007ffe14d40000 - 0x00007ffe14d4c000 	C:\pleiades\2024-03\java\21\bin\dt_socket.dll
0x00007ffe26c20000 - 0x00007ffe26c54000 	C:\WINDOWS\SYSTEM32\IPHLPAPI.DLL
0x00007ffe276d0000 - 0x00007ffe2773b000 	C:\WINDOWS\system32\mswsock.dll
0x00007ffe26c60000 - 0x00007ffe26d86000 	C:\WINDOWS\SYSTEM32\DNSAPI.dll
0x00007ffe29010000 - 0x00007ffe2901a000 	C:\WINDOWS\System32\NSI.dll
0x00007ffe1fb40000 - 0x00007ffe1fb4b000 	C:\Windows\System32\rasadhlp.dll
0x00007ffe22190000 - 0x00007ffe22216000 	C:\WINDOWS\System32\fwpuclnt.dll
0x00007ffd928d0000 - 0x00007ffd928e8000 	C:\pleiades\2024-03\java\21\bin\zip.dll
0x00007ffdd83e0000 - 0x00007ffdd83f0000 	C:\pleiades\2024-03\java\21\bin\net.dll
0x00007ffe19d90000 - 0x00007ffe19eaf000 	C:\WINDOWS\SYSTEM32\WINHTTP.dll
0x00007ffd928b0000 - 0x00007ffd928c6000 	C:\pleiades\2024-03\java\21\bin\nio.dll
0x00007ffe22ea0000 - 0x00007ffe22eaa000 	C:\pleiades\2024-03\java\21\bin\management.dll
0x00007ffdfad90000 - 0x00007ffdfad9b000 	C:\pleiades\2024-03\java\21\bin\management_ext.dll
0x00007ffe2a930000 - 0x00007ffe2a938000 	C:\WINDOWS\System32\PSAPI.DLL
0x00007ffdf9610000 - 0x00007ffdf9628000 	C:\WINDOWS\system32\napinsp.dll
0x00007ffdf9330000 - 0x00007ffdf9342000 	C:\WINDOWS\System32\winrnr.dll
0x00007ffdf9300000 - 0x00007ffdf9328000 	C:\WINDOWS\system32\nlansp_c.dll
0x00007ffe188d0000 - 0x00007ffe188e6000 	C:\WINDOWS\system32\wshbth.dll
0x00007ffdf4600000 - 0x00007ffdf4610000 	C:\pleiades\2024-03\java\21\bin\verify.dll
0x00007ffe27aa0000 - 0x00007ffe27abb000 	C:\WINDOWS\SYSTEM32\CRYPTSP.dll
0x00007ffe270d0000 - 0x00007ffe2710b000 	C:\WINDOWS\system32\rsaenh.dll
0x00007ffe27770000 - 0x00007ffe2779b000 	C:\WINDOWS\SYSTEM32\USERENV.dll
0x00007ffe282c0000 - 0x00007ffe282e6000 	C:\WINDOWS\SYSTEM32\bcrypt.dll
0x00007ffe27900000 - 0x00007ffe2790c000 	C:\WINDOWS\SYSTEM32\CRYPTBASE.dll
0x00007ffe22eb0000 - 0x00007ffe22eb9000 	C:\pleiades\2024-03\java\21\bin\extnet.dll
0x00007ffdfae30000 - 0x00007ffdfae3e000 	C:\pleiades\2024-03\java\21\bin\sunmscapi.dll
0x00007ffe28bb0000 - 0x00007ffe28d27000 	C:\WINDOWS\System32\CRYPT32.dll
0x00007ffe27bf0000 - 0x00007ffe27c20000 	C:\WINDOWS\SYSTEM32\ncrypt.dll
0x00007ffe27ba0000 - 0x00007ffe27bdf000 	C:\WINDOWS\SYSTEM32\NTASN1.dll
0x00007ffd37810000 - 0x00007ffd37818000 	C:\WINDOWS\system32\wshunix.dll

dbghelp: loaded successfully - version: 4.0.5 - missing functions: none
symbol engine: initialized successfully - sym options: 0x614 - pdb path: .;C:\pleiades\2024-03\java\21\bin;C:\WINDOWS\SYSTEM32;C:\Program Files\Avast Software\Avast;C:\WINDOWS\WinSxS\amd64_microsoft.windows.common-controls_6595b64144ccf1df_6.0.26100.5074_none_3e0d6f78e32fd63f;C:\pleiades\2024-03\java\21\bin\server

VM Arguments:
jvm_args: -XX:+ShowCodeDetailsInExceptionMessages -agentlib:jdwp=transport=dt_socket,suspend=y,address=localhost:55754 -Dcom.sun.management.jmxremote -Dcom.sun.management.jmxremote.port=55753 -Dcom.sun.management.jmxremote.authenticate=false -Dcom.sun.management.jmxremote.ssl=false -Djava.rmi.server.hostname=localhost -Dspring.jmx.enabled=true -Dmanagement.endpoints.jmx.exposure.include=* -Dspring.application.admin.enabled=true -XX:TieredStopAtLevel=1 -Dspring.boot.project.name=KintaiSystem -javaagent:C:\pleiades\2024-03\eclipse\configuration\org.eclipse.osgi\251\0\.cp\lib\javaagent-shaded.jar -Dfile.encoding=UTF-8 -Dstdout.encoding=UTF-8 -Dstderr.encoding=UTF-8 
java_command: com.example.SpringBootSampleApplication --spring.output.ansi.enabled=always
java_class_path (initial): C:\pleiades\2024-03\workspace\KintaiSystem\target\classes;C:\pleiades\2024-03\workspace\KintaiSystem\target\test-classes;C:\Users\m83ai\.m2\repository\org\springframework\boot\spring-boot-starter-data-jdbc\3.4.1\spring-boot-starter-data-jdbc-3.4.1.jar;C:\Users\m83ai\.m2\repository\org\springframework\boot\spring-boot-starter-jdbc\3.4.1\spring-boot-starter-jdbc-3.4.1.jar;C:\Users\m83ai\.m2\repository\com\zaxxer\HikariCP\5.1.0\HikariCP-5.1.0.jar;C:\Users\m83ai\.m2\repository\org\springframework\spring-jdbc\6.2.1\spring-jdbc-6.2.1.jar;C:\Users\m83ai\.m2\repository\org\springframework\data\spring-data-jdbc\3.4.1\spring-data-jdbc-3.4.1.jar;C:\Users\m83ai\.m2\repository\org\springframework\data\spring-data-relational\3.4.1\spring-data-relational-3.4.1.jar;C:\Users\m83ai\.m2\repository\org\springframework\data\spring-data-commons\3.4.1\spring-data-commons-3.4.1.jar;C:\Users\m83ai\.m2\repository\org\springframework\spring-tx\6.2.1\spring-tx-6.2.1.jar;C:\Users\m83ai\.m2\repository\org\springframework\spring-context\6.2.1\spring-context-6.2.1.jar;C:\Users\m83ai\.m2\repository\org\springframework\boot\spring-boot-starter-thymeleaf\3.4.1\spring-boot-starter-thymeleaf-3.4.1.jar;C:\Users\m83ai\.m2\repository\org\springframework\boot\spring-boot-starter\3.4.1\spring-boot-starter-3.4.1.jar;C:\Users\m83ai\.m2\repository\org\springframework\boot\spring-boot-starter-logging\3.4.1\spring-boot-starter-logging-3.4.1.jar;C:\Users\m83ai\.m2\repository\ch\qos\logback\logback-classic\1.5.12\logback-classic-1.5.12.jar;C:\Users\m83ai\.m2\repository\ch\qos\logback\logback-core\1.5.12\logback-core-1.5.12.jar;C:\Users\m83ai\.m2\repository\org\apache\logging\log4j\log4j-to-slf4j\2.24.3\log4j-to-slf4j-2.24.3.jar;C:\Users\m83ai\.m2\repository\org\apache\logging\log4j\log4j-api\2.24.3\log4j-api-2.24.3.jar;C:\Users\m83ai\.m2\repository\org\slf4j\jul-to-slf4j\2.0.16\jul-to-slf4j-2.0.16.jar;C:\Users\m83ai\.m2\repository\jakarta\annotation\jakarta.annotation-api\2.1.1\jakarta.annotation-api-2.1.1.jar;C:\Users\m83ai\.m2\repository\org\yaml\snakeyaml\2.3\snakeyaml-2.3.jar;C:\Users\m83ai\.m2\repository\org\thymeleaf\thymeleaf-spring6\3.1.3.RELEASE\thymeleaf-spring6-3.1.3.RELEASE.jar;C:\Users\m83ai\.m2\repository\org\springframework\boot\spring-boot-starter-web\3.4.1\spring-boot-starter-web-3.4.1.jar;C:\Users\m83ai\.m2\repository\org\springframework\boot\spring-boot-starter-json\3.4.1\spring-boot-starter-json-3.4.1.jar;C:\Users\m83ai\.m2\repository\com\fasterxml\jackson\datatype\jackson-datatype-jdk8\2.18.2\jackson-datatype-jdk8-2.18.2.jar;C:\Users\m83ai\.m2\repository\com\fasterxml\jackson\datatype\jackson-datatype-jsr310\2.18.2\jackson-datatype-jsr310-2.18.2.jar;C:\Users\m83ai\.m2\repository\com\fasterxml\jackson\module\jackson-module-parameter-names\2.18.2\jackson-module-parameter-names-2.18.2.jar;C:\Users\m83ai\.m2\repository\org\springframework\boot\spring-boot-starter-tomcat\3.4.1\spring-boot-starter-tomcat-3.4.1.jar;C:\Users\m83ai\.m2\repository\org\apache\tomcat\embed\tomcat-embed-core\10.1.34\tomcat-embed-core-10.1.34.jar;C:\Users\m83ai\.m2\repository\org\apache\tomcat\embed\tomcat-embed-websocket\10.1.34\tomcat-embed-websocket-10.1.34.jar;C:\Users\m83ai\.m2\repository\org\springframework\spring-web\6.2.1\spring-web-6.2.1.jar;C:\Users\m83ai\.m2\repository\io\micrometer\micrometer-observation\1.14.2\micrometer-observation-1.14.2.jar;C:\Users\m83ai\.m2\repository\io\micrometer\micrometer-commons\1.14.2\micrometer-commons-1.14.2.jar;C:\Users\m83ai\.m2\repository\org\springframework\spring-webmvc\6.2.1\spring-webmvc-6.2.1.jar;C:\Users\m83ai\.m2\repository\org\springframework\spring-expression\6.2.1\spring-expression-6.2.1.jar;C:\Users\m83ai\.m2\repository\org\springframework\boot\spring-boot-devtools\3.4.1\spring-boot-devtools-3.4.1.jar;C:\Users\m83ai\.m2\repository\org\springframework\boot\spring-boot\3.4.1\spring-boot-3.4.1.jar;C:\Users\m83ai\.m2\repository\org\springframework\boot\spring-boot-autoconfigure\3.4.1\spring-boot-autoconfigure-3.4.1.jar;C:\Users\m83ai\.m2\repository\com\h2database\h2\2.3.232\h2-2.3.232.jar;C:\Users\m83ai\.m2\repository\org\projectlombok\lombok\1.18.36\lombok-1.18.36.jar;C:\Users\m83ai\.m2\repository\org\springframework\boot\spring-boot-starter-test\3.4.1\spring-boot-starter-test-3.4.1.jar;C:\Users\m83ai\.m2\repository\org\springframework\boot\spring-boot-test\3.4.1\spring-boot-test-3.4.1.jar;C:\Users\m83ai\.m2\repository\org\springframework\boot\spring-boot-test-autoconfigure\3.4.1\spring-boot-test-autoconfigure-3.4.1.jar;C:\Users\m83ai\.m2\repository\com\jayway\jsonpath\json-path\2.9.0\json-path-2.9.0.jar;C:\Users\m83ai\.m2\repository\jakarta\xml\bind\jakarta.xml.bind-api\4.0.2\jakarta.xml.bind-api-4.0.2.jar;C:\Users\m83ai\.m2\repository\jakarta\activation\jakarta.activation-api\2.1.3\jakarta.activation-api-2.1.3.jar;C:\Users\m83ai\.m2\repository\net\minidev\json-smart\2.5.1\json-smart-2.5.1.jar;C:\Users\m83ai\.m2\repository\net\minidev\accessors-smart\2.5.1\accessors-smart-2.5.1.jar;C:\Users\m83ai\.m2\repository\org\ow2\asm\asm\9.6\asm-9.6.jar;C:\Users\m83ai\.m2\repository\org\assertj\assertj-core\3.26.3\assertj-core-3.26.3.jar;C:\Users\m83ai\.m2\repository\net\bytebuddy\byte-buddy\1.15.11\byte-buddy-1.15.11.jar;C:\Users\m83ai\.m2\repository\org\awaitility\awaitility\4.2.2\awaitility-4.2.2.jar;C:\Users\m83ai\.m2\repository\org\hamcrest\hamcrest\2.2\hamcrest-2.2.jar;C:\Users\m83ai\.m2\repository\org\junit\jupiter\junit-jupiter\5.11.4\junit-jupiter-5.11.4.jar;C:\Users\m83ai\.m2\repository\org\junit\jupiter\junit-jupiter-api\5.11.4\junit-jupiter-api-5.11.4.jar;C:\Users\m83ai\.m2\repository\org\opentest4j\opentest4j\1.3.0\opentest4j-1.3.0.jar;C:\Users\m83ai\.m2\repository\org\junit\platform\junit-platform-commons\1.11.4\junit-platform-commons-1.11.4.jar;C:\Users\m83ai\.m2\repository\org\apiguardian\apiguardian-api\1.1.2\apiguardian-api-1.1.2.jar;C:\Users\m83ai\.m2\repository\org\junit\jupiter\junit-jupiter-params\5.11.4\junit-jupiter-params-5.11.4.jar;C:\Users\m83ai\.m2\repository\org\junit\jupiter\junit-jupiter-engine\5.11.4\junit-jupiter-engine-5.11.4.jar;C:\Users\m83ai\.m2\repository\org\junit\platform\junit-platform-engine\1.11.4\junit-platform-engine-1.11.4.jar;C:\Users\m83ai\.m2\repository\org\mockito\mockito-core\5.14.2\mockito-core-5.14.2.jar;C:\Users\m83ai\.m2\repository\net\bytebuddy\byte-buddy-agent\1.15.11\byte-buddy-agent-1.15.11.jar;C:\Users\m83ai\.m2\repository\org\objenesis\objenesis\3.3\objenesis-3.3.jar;C:\Users\m83ai\.m2\repository\org\mockito\mockito-junit-jupiter\5.14.2\mockito-junit-jupiter-5.14.2.jar;C:\Users\m83ai\.m2\repository\org\skyscreamer\jsonassert\1.5.3\jsonassert-1.5.3.jar;C:\Users\m83ai\.m2\repository\com\vaadin\external\google\android-json\0.0.20131108.vaadin1\android-json-0.0.20131108.vaadin1.jar;C:\Users\m83ai\.m2\repository\org\springframework\spring-core\6.2.1\spring-core-6.2.1.jar;C:\Users\m83ai\.m2\repository\org\springframework\spring-jcl\6.2.1\spring-jcl-6.2.1.jar;C:\Users\m83ai\.m2\repository\org\springframework\spring-test\6.2.1\spring-test-6.2.1.jar;C:\Users\m83ai\.m2\repository\org\xmlunit\xmlunit-core\2.10.0\xmlunit-core-2.10.0.jar;C:\Users\m83ai\.m2\repository\org\webjars\jquery\3.5.1\jquery-3.5.1.jar;C:\Users\m83ai\.m2\repository\org\webjars\bootstrap\4.5.3\bootstrap-4.5.3.jar;C:\Users\m83ai\.m2\repository\org\webjars\popper.js\1.16.0\popper.js-1.16.0.jar;C:\Users\m83ai\.m2\repository\org\webjars\webjars-locator\0.40\webjars-locator-0.40.jar;C:\Users\m83ai\.m2\repository\org\webjars\webjars-locator-core\0.59\webjars-locator-core-0.59.jar;C:\Users\m83ai\.m2\repository\io\github\classgraph\classgraph\4.8.173\classgraph-4.8.173.jar;C:\Users\m83ai\.m2\repository\com\fasterxml\jackson\core\jackson-core\2.18.2\jackson-core-2.18.2.jar;C:\Users\m83ai\.m2\repository\com\fasterxml\jackson\core\jackson-databind\2.18.2\jackson-databind-2.18.2.jar;C:\Users\m83ai\.m2\repository\com\fasterxml\jackson\core\jackson-annotations\2.18.2\jackson-annotations-2.18.2.jar;C:\Users\m83ai\.m2\repository\org\apache\commons\commons-lang3\3.17.0\commons-lang3-3.17.0.jar;C:\Users\m83ai\.m2\repository\org\springframework\boot\spring-boot-starter-validation\3.4.1\spring-boot-starter-validation-3.4.1.jar;C:\Users\m83ai\.m2\repository\org\apache\tomcat\embed\tomcat-embed-el\10.1.34\tomcat-embed-el-10.1.34.jar;C:\Users\m83ai\.m2\repository\org\hibernate\validator\hibernate-validator\8.0.2.Final\hibernate-validator-8.0.2.Final.jar;C:\Users\m83ai\.m2\repository\jakarta\validation\jakarta.validation-api\3.0.2\jakarta.validation-api-3.0.2.jar;C:\Users\m83ai\.m2\repository\org\jboss\logging\jboss-logging\3.6.1.Final\jboss-logging-3.6.1.Final.jar;C:\Users\m83ai\.m2\repository\com\fasterxml\classmate\1.7.0\classmate-1.7.0.jar;C:\Users\m83ai\.m2\repository\nz\net\ultraq\thymeleaf\thymeleaf-layout-dialect\3.3.0\thymeleaf-layout-dialect-3.3.0.jar;C:\Users\m83ai\.m2\repository\org\apache\groovy\groovy\4.0.24\groovy-4.0.24.jar;C:\Users\m83ai\.m2\repository\nz\net\ultraq\groovy\groovy-extensions\2.1.0\groovy-extensions-2.1.0.jar;C:\Users\m83ai\.m2\repository\nz\net\ultraq\thymeleaf\thymeleaf-expression-processor\3.2.0\thymeleaf-expression-processor-3.2.0.jar;C:\Users\m83ai\.m2\repository\org\thymeleaf\thymeleaf\3.1.3.RELEASE\thymeleaf-3.1.3.RELEASE.jar;C:\Users\m83ai\.m2\repository\ognl\ognl\3.3.4\ognl-3.3.4.jar;C:\Users\m83ai\.m2\repository\org\javassist\javassist\3.29.0-GA\javassist-3.29.0-GA.jar;C:\Users\m83ai\.m2\repository\org\attoparser\attoparser\2.0.7.RELEASE\attoparser-2.0.7.RELEASE.jar;C:\Users\m83ai\.m2\repository\org\unbescape\unbescape\1.1.6.RELEASE\unbescape-1.1.6.RELEASE.jar;C:\Users\m83ai\.m2\repository\org\slf4j\slf4j-api\2.0.16\slf4j-api-2.0.16.jar;C:\Users\m83ai\.m2\repository\org\mybatis\spring\boot\mybatis-spring-boot-starter\3.0.3\mybatis-spring-boot-starter-3.0.3.jar;C:\Users\m83ai\.m2\repository\org\mybatis\spring\boot\mybatis-spring-boot-autoconfigure\3.0.3\mybatis-spring-boot-autoconfigure-3.0.3.jar;C:\Users\m83ai\.m2\repository\org\mybatis\mybatis\3.5.14\mybatis-3.5.14.jar;C:\Users\m83ai\.m2\repository\org\mybatis\mybatis-spring\3.0.3\mybatis-spring-3.0.3.jar;C:\Users\m83ai\.m2\repository\org\modelmapper\extensions\modelmapper-spring\2.3.9\modelmapper-spring-2.3.9.jar;C:\Users\m83ai\.m2\repository\org\modelmapper\modelmapper\2.3.9\modelmapper-2.3.9.jar;C:\Users\m83ai\.m2\repository\org\springframework\spring-aop\6.2.1\spring-aop-6.2.1.jar;C:\Users\m83ai\.m2\repository\org\springframework\spring-beans\6.2.1\spring-beans-6.2.1.jar;C:\Users\m83ai\.m2\repository\org\aspectj\aspectjweaver\1.9.22.1\aspectjweaver-1.9.22.1.jar;C:\Users\m83ai\.m2\repository\org\springframework\boot\spring-boot-starter-security\3.4.1\spring-boot-starter-security-3.4.1.jar;C:\Users\m83ai\.m2\repository\org\springframework\security\spring-security-config\6.4.2\spring-security-config-6.4.2.jar;C:\Users\m83ai\.m2\repository\org\springframework\security\spring-security-core\6.4.2\spring-security-core-6.4.2.jar;C:\Users\m83ai\.m2\repository\org\springframework\security\spring-security-crypto\6.4.2\spring-security-crypto-6.4.2.jar;C:\Users\m83ai\.m2\repository\org\springframework\security\spring-security-web\6.4.2\spring-security-web-6.4.2.jar;C:\Users\m83ai\.m2\repository\org\thymeleaf\extras\thymeleaf-extras-springsecurity6\3.1.1.RELEASE\thymeleaf-extras-springsecurity6-3.1.1.RELEASE.jar;C:\Users\m83ai\.m2\repository\org\webjars\datatables-plugins\1.10.21\datatables-plugins-1.10.21.jar;C:\Users\m83ai\.m2\repository\org\webjars\datatables\1.10.21\datatables-1.10.21.jar;C:\Users\m83ai\.m2\repository\org\springframework\boot\spring-boot-starter-mail\3.4.1\spring-boot-starter-mail-3.4.1.jar;C:\Users\m83ai\.m2\repository\org\springframework\spring-context-support\6.2.1\spring-context-support-6.2.1.jar;C:\Users\m83ai\.m2\repository\org\eclipse\angus\jakarta.mail\2.0.3\jakarta.mail-2.0.3.jar;C:\Users\m83ai\.m2\repository\org\eclipse\angus\angus-activation\2.0.2\angus-activation-2.0.2.jar
Launcher Type: SUN_STANDARD

[Global flags]
     intx CICompilerCount                          = 4                                         {product} {ergonomic}
     uint ConcGCThreads                            = 2                                         {product} {ergonomic}
     uint G1ConcRefinementThreads                  = 8                                         {product} {ergonomic}
   size_t G1HeapRegionSize                         = 4194304                                   {product} {ergonomic}
    uintx GCDrainStackTargetSize                   = 64                                        {product} {ergonomic}
   size_t InitialHeapSize                          = 532676608                                 {product} {ergonomic}
     bool ManagementServer                         = true                                      {product} {command line}
   size_t MarkStackSize                            = 4194304                                   {product} {ergonomic}
   size_t MaxHeapSize                              = 8510242816                                {product} {ergonomic}
   size_t MaxNewSize                               = 5104467968                                {product} {ergonomic}
   size_t MinHeapDeltaBytes                        = 4194304                                   {product} {ergonomic}
   size_t MinHeapSize                              = 8388608                                   {product} {ergonomic}
    uintx NonNMethodCodeHeapSize                   = 4096                                   {pd product} {ergonomic}
    uintx NonProfiledCodeHeapSize                  = 0                                      {pd product} {ergonomic}
     bool ProfileInterpreter                       = false                                  {pd product} {command line}
    uintx ProfiledCodeHeapSize                     = 0                                      {pd product} {ergonomic}
     bool ShowCodeDetailsInExceptionMessages       = true                                   {manageable} {command line}
   size_t SoftMaxHeapSize                          = 8510242816                             {manageable} {ergonomic}
     intx TieredStopAtLevel                        = 1                                         {product} {command line}
     bool UseCompressedOops                        = true                           {product lp64_product} {ergonomic}
     bool UseG1GC                                  = true                                      {product} {ergonomic}
     bool UseLargePagesIndividualAllocation        = false                                  {pd product} {ergonomic}

Logging:
Log output configuration:
 #0: stdout all=warning uptime,level,tags foldmultilines=false
 #1: stderr all=off uptime,level,tags foldmultilines=false

Environment Variables:
JAVA_HOME=C:\Program Files\Eclipse Adoptium\jdk-17.0.4.101-hotspot\
PATH=C:/pleiades/2024-03/java/21/bin/server;C:/pleiades/2024-03/java/21/bin;C:\Program Files\Eclipse Adoptium\jdk-21.0.7.6-hotspot\bin;C:\Program Files\Eclipse Adoptium\jdk-17.0.4.101-hotspot\bin;C:\app\m83ai\product\21c\dbhomeXE\bin;C:\WINDOWS\system32;C:\WINDOWS;C:\WINDOWS\System32\Wbem;C:\WINDOWS\System32\WindowsPowerShell\v1.0\;C:\WINDOWS\System32\OpenSSH\;C:\Program Files\Git\cmd;C:\Users\m83ai\AppData\Local\Programs\Python\Python310\Scripts\;C:\Users\m83ai\AppData\Local\Programs\Python\Python310\;C:\Users\m83ai\AppData\Local\Programs\Python\Python313\Scripts\;C:\Users\m83ai\AppData\Local\Programs\Python\Python313\;C:\Users\m83ai\AppData\Local\Microsoft\WindowsApps;C:\Program Files\MySQL\MySQL Server 8.4\bin;C:\Users\m83ai\AppData\Local\GitHubDesktop\bin;C:\Users\m83ai\AppData\Local\Programs\Python\Python310\Scripts;;C:\pleiades\2024-03\eclipse;
USERNAME=m83ai
OS=Windows_NT
PROCESSOR_IDENTIFIER=Intel64 Family 6 Model 140 Stepping 1, GenuineIntel
TMP=C:\Users\m83ai\AppData\Local\Temp
TEMP=C:\Users\m83ai\AppData\Local\Temp




Periodic native trim disabled

---------------  S Y S T E M  ---------------

OS:
 Windows 11 , 64 bit Build 26100 (10.0.26100.5074)
OS uptime: 2 days 14:27 hours
Hyper-V role detected

CPU: total 8 (initial active 8) (4 cores per cpu, 2 threads per core) family 6 model 140 stepping 1 microcode 0xbc, cx8, cmov, fxsr, ht, mmx, 3dnowpref, sse, sse2, sse3, ssse3, sse4.1, sse4.2, popcnt, lzcnt, tsc, tscinvbit, avx, avx2, aes, erms, clmul, bmi1, bmi2, adx, avx512f, avx512dq, avx512cd, avx512bw, avx512vl, sha, fma, vzeroupper, avx512_vpopcntdq, avx512_vpclmulqdq, avx512_vaes, avx512_vnni, clflush, clflushopt, clwb, avx512_vbmi2, avx512_vbmi, hv, rdtscp, rdpid, fsrm, gfni, avx512_bitalg, f16c, cet_ibt, cet_ss, avx512_ifma
Processor Information for all 8 processors :
  Max Mhz: 2419, Current Mhz: 2419, Mhz Limit: 2419

Memory: 4k page, system-wide physical 32448M (18169M free)
TotalPageFile size 34496M (AvailPageFile size 16046M)
current process WorkingSet (physical memory assigned to process): 343M, peak: 461M
current process commit charge ("private bytes"): 382M, peak: 634M

vm_info: OpenJDK 64-Bit Server VM (21.0.2+13-LTS) for windows-amd64 JRE (21.0.2+13-LTS), built on 2024-01-16T00:00:00Z by "admin" with unknown MS VC++:1937

END.
