#
# A fatal error has been detected by the Java Runtime Environment:
#
#  EXCEPTION_ACCESS_VIOLATION (0xc0000005) at pc=0x000001a4423aada4, pid=3044, tid=21348
#
# JRE version: OpenJDK Runtime Environment Temurin-21.0.2+13 (21.0.2+13) (build 21.0.2+13-LTS)
# Java VM: OpenJDK 64-Bit Server VM Temurin-21.0.2+13 (21.0.2+13-LTS, mixed mode, emulated-client, sharing, tiered, compressed oops, compressed class ptrs, g1 gc, windows-amd64)
# Problematic frame:
# v  ~BufferBlob::MethodHandles adapters 0x000001a4423aada4
#
# No core dump will be written. Minidumps are not enabled by default on client versions of Windows
#
# If you would like to submit a bug report, please visit:
#   https://github.com/adoptium/adoptium-support/issues
#

---------------  S U M M A R Y ------------

Command Line: -XX:+ShowCodeDetailsInExceptionMessages -agentlib:jdwp=transport=dt_socket,suspend=y,address=localhost:61527 -Dcom.sun.management.jmxremote -Dcom.sun.management.jmxremote.port=61526 -Dcom.sun.management.jmxremote.authenticate=false -Dcom.sun.management.jmxremote.ssl=false -Djava.rmi.server.hostname=localhost -Dspring.jmx.enabled=true -Dmanagement.endpoints.jmx.exposure.include=* -Dspring.application.admin.enabled=true -XX:TieredStopAtLevel=1 -Dspring.boot.project.name=KintaiSystem -javaagent:C:\pleiades\2024-03\eclipse\configuration\org.eclipse.osgi\251\0\.cp\lib\javaagent-shaded.jar -Dfile.encoding=UTF-8 -Dstdout.encoding=UTF-8 -Dstderr.encoding=UTF-8 com.example.SpringBootSampleApplication --spring.output.ansi.enabled=always

Host: 11th Gen Intel(R) Core(TM) i5-1135G7 @ 2.40GHz, 8 cores, 31G,  Windows 11 , 64 bit Build 26100 (10.0.26100.3912)
Time: Mon May 26 22:42:27 2025  Windows 11 , 64 bit Build 26100 (10.0.26100.3912) elapsed time: 490.094068 seconds (0d 0h 8m 10s)

---------------  T H R E A D  ---------------

Current thread (0x000001a49a8f67b0):  JavaThread "http-nio-8080-exec-6" daemon [_thread_in_Java, id=21348, stack(0x00000016a9500000,0x00000016a9600000) (1024K)]

Stack: [0x00000016a9500000,0x00000016a9600000],  sp=0x00000016a95faa18,  free space=1002k
Native frames: (J=compiled Java code, j=interpreted, Vv=VM code, C=native code)
C  0x000001a4423aada4

The last pc belongs to _linkToVirtual (printed below).

siginfo: EXCEPTION_ACCESS_VIOLATION (0xc0000005), reading address 0x000001b4e866043e


Registers:
RAX=0x000001a44237958b, RBX=0x000000060a16a7e8, RCX=0x00000016a95faa30, RDX=0x0000000000000004
RSP=0x00000016a95faa18, RBP=0x00000016a95faa78, RSI=0x000001a498dafbd8, RDI=0x000001a49b37b370
R8 =0x0000000000000004, R9 =0x0000000000000004, R10=0x000001a4e8660276, R11=0x0000000200000000
R12=0x0000000000000000, R13=0x00000016a95faa18, R14=0x00000016a95faaa8, R15=0x000001a49a8f67b0
RIP=0x000001a4423aada4, EFLAGS=0x0000000000010202


Register to memory mapping:

RAX=0x000001a44237958b is at code_begin+4363 in an Interpreter codelet
return entry points  [0x000001a442378480, 0x000001a44237a298]  7704 bytes
RBX=0x000000060a16a7e8 is an oop: org.springframework.validation.support.BindingAwareModelMap 
{0x000000060a16a7e8} - klass: 'org/springframework/validation/support/BindingAwareModelMap'
 - ---- fields (total size 8 words):
 - transient 'keySet' 'Ljava/util/Set;' @12  null (0x00000000)
 - transient 'values' 'Ljava/util/Collection;' @16  null (0x00000000)
 - transient 'size' 'I' @20  2 (0x00000002)
 - transient 'modCount' 'I' @24  2 (0x00000002)
 - 'threshold' 'I' @28  3 (0x00000003)
 - final 'loadFactor' 'F' @32  0.750000 (0x3f400000)
 - transient 'table' '[Ljava/util/HashMap$Node;' @36  a 'java/util/HashMap$Node'[4] {0x000000060a16c3b8} (0xc142d877)
 - transient 'entrySet' 'Ljava/util/Set;' @40  null (0x00000000)
 - transient 'putMode' 'I' @44  0 (0x00000000)
 - final 'accessOrder' 'Z' @48  false (0x00)
 - transient 'head' 'Ljava/util/LinkedHashMap$Entry;' @52  a 'java/util/LinkedHashMap$Entry'{0x000000060a16c3d8} (0xc142d87b)
 - transient 'tail' 'Ljava/util/LinkedHashMap$Entry;' @56  a 'java/util/LinkedHashMap$Entry'{0x000000060a16c438} (0xc142d887)
RCX=0x00000016a95faa30 is pointing into the stack for thread: 0x000001a49a8f67b0
RDX=0x0000000000000004 is an unknown value
RSP=0x00000016a95faa18 is pointing into the stack for thread: 0x000001a49a8f67b0
RBP=0x00000016a95faa78 is pointing into the stack for thread: 0x000001a49a8f67b0
RSI=0x000001a498dafbd8 points into unknown readable memory: 0x800032002e8e2e97 | 97 2e 8e 2e 00 32 00 80
RDI=0x000001a49b37b370 points into unknown readable memory: 0x0000002800000080 | 80 00 00 00 28 00 00 00
R8 =0x0000000000000004 is an unknown value
R9 =0x0000000000000004 is an unknown value
R10=0x000001a4e8660276 is an unknown value
R11=0x0000000200000000 is an unknown value
R12=0x0 is null
R13=0x00000016a95faa18 is pointing into the stack for thread: 0x000001a49a8f67b0
R14=0x00000016a95faaa8 is pointing into the stack for thread: 0x000001a49a8f67b0
R15=0x000001a49a8f67b0 is a thread

Top of Stack: (sp=0x00000016a95faa18)
0x00000016a95faa18:   000001a44237958b 000000060a16a7c0
0x00000016a95faa28:   0000000605e7e7f8 00000016a95faa30
0x00000016a95faa38:   000001a495660276 0000000000000006
0x00000016a95faa48:   000001a4956603c8 00000016a95fab18
0x00000016a95faa58:   000000060577c4c8 000001a495660288
0x00000016a95faa68:   00000016a95faa18 00000016a95faab0
0x00000016a95faa78:   00000016a95fab18 000001a44237958b
0x00000016a95faa88:   000000060a16a850 000000060a16a7e8
0x00000016a95faa98:   000000060a16a7c0 0000000605e7e7f8
0x00000016a95faaa8:   000000060a16a828 000000060d321a90
0x00000016a95faab8:   000000060d322248 0000000605e7e7f8
0x00000016a95faac8:   000000060ddaacf8 00000016a95faad0
0x00000016a95faad8:   000001a496afd701 000000000000000c
0x00000016a95faae8:   000001a496afd858 0000000000000000
0x00000016a95faaf8:   0000000605daa308 000001a496afd710
0x00000016a95fab08:   00000016a95faab0 00000016a95fab80
0x00000016a95fab18:   00000016a95fae30 000001a442fd3b2a
0x00000016a95fab28:   000000060a16a828 000000060a16a7e8
0x00000016a95fab38:   000000060a16a900 0000000605e7e7f8
0x00000016a95fab48:   000000060a16a8d8 000000060a16a7c0
0x00000016a95fab58:   000000060a16a8b0 000000060a16a7e8
0x00000016a95fab68:   000000060a16a7c0 0000000605e7e7f8
0x00000016a95fab78:   000000060a16a880 00000016a95f95f0
0x00000016a95fab88:   00007ff8111b4832 000000060ddb6678
0x00000016a95fab98:   000000060594f738 000001a4951e8d40
0x00000016a95faba8:   00007ff8115dec16 000001a49a8f67b0
0x00000016a95fabb8:   000001a499d57140 000001a49a79bc30
0x00000016a95fabc8:   00000016a95fc714 00000016a95fae30
0x00000016a95fabd8:   000001a4427c754c 000001a49a8f67b0
0x00000016a95fabe8:   00007ff8111b4bb1 000001a49a8f67b0
0x00000016a95fabf8:   0000000000000c00 0000000000000000
0x00000016a95fac08:   0000000000000000 0000000000000000 

Instructions: (pc=0x000001a4423aada4)
0x000001a4423aaca4:   a4 01 00 00 00 ad 3a 42 a4 01 00 00 80 bd 3a 42
0x000001a4423aacb4:   a4 01 00 00 f0 ac 3a 42 a4 01 00 00 f0 ac 3a 42
0x000001a4423aacc4:   a4 01 00 00 00 00 00 00 00 00 00 00 b8 f6 a0 11
0x000001a4423aacd4:   f8 7f 00 00 f0 10 00 00 60 00 00 00 ff ff ff ff
0x000001a4423aace4:   f0 10 00 00 00 00 00 00 00 00 00 00 00 00 00 00
0x000001a4423aacf4:   00 00 00 00 00 00 00 00 00 00 00 00 f4 66 66 66
0x000001a4423aad04:   0f 1f 84 00 00 00 00 00 66 66 66 90 66 66 66 0f
0x000001a4423aad14:   1f 84 00 00 00 00 00 66 66 66 90 90 48 8b 53 08
0x000001a4423aad24:   0f b7 52 2e 48 8b 0c d4 8b 59 14 48 c1 e3 03 8b
0x000001a4423aad34:   5b 28 48 c1 e3 03 8b 5b 24 48 c1 e3 03 48 8b 5b
0x000001a4423aad44:   10 48 85 db 0f 84 10 00 00 00 41 80 bf e0 05 00
0x000001a4423aad54:   00 00 74 03 ff 63 38 ff 63 50 e9 9d 16 00 00 66
0x000001a4423aad64:   66 66 0f 1f 84 00 00 00 00 00 66 66 66 90 66 66
0x000001a4423aad74:   0f 1f 84 00 00 00 00 00 66 66 66 90 48 8b 53 08
0x000001a4423aad84:   0f b7 52 2e 48 8b 0c d4 58 5b 50 44 8b 51 08 49
0x000001a4423aad94:   bb 00 00 00 53 a4 01 00 00 4d 03 d3 4c 8b 5b 10
0x000001a4423aada4:   4b 8b 9c da c8 01 00 00 48 85 db 0f 84 10 00 00
0x000001a4423aadb4:   00 41 80 bf e0 05 00 00 00 74 03 ff 63 38 ff 63
0x000001a4423aadc4:   50 e9 36 16 00 00 66 66 66 0f 1f 84 00 00 00 00
0x000001a4423aadd4:   00 66 66 66 90 0f 1f 80 00 00 00 00 58 5b 50 8b
0x000001a4423aade4:   5b 24 48 c1 e3 03 48 8b 5b 10 48 85 db 0f 84 10
0x000001a4423aadf4:   00 00 00 41 80 bf e0 05 00 00 00 74 03 ff 63 38
0x000001a4423aae04:   ff 63 50 e9 f4 15 00 00 66 66 66 0f 1f 84 00 00
0x000001a4423aae14:   00 00 00 66 66 66 90 0f 1f 44 00 00 48 8b 53 08
0x000001a4423aae24:   0f b7 52 2e 48 8b 0c d4 58 5b 50 48 3b 01 8b 5b
0x000001a4423aae34:   24 48 c1 e3 03 48 8b 5b 10 48 85 db 0f 84 10 00
0x000001a4423aae44:   00 00 41 80 bf e0 05 00 00 00 74 03 ff 63 38 ff
0x000001a4423aae54:   63 50 e9 a5 15 00 00 0f 1f 44 00 00 48 8b 53 08
0x000001a4423aae64:   0f b7 52 2e 48 8b 0c d4 58 5b 50 44 8b 51 08 49
0x000001a4423aae74:   bb 00 00 00 53 a4 01 00 00 4d 03 d3 8b 43 18 48
0x000001a4423aae84:   c1 e0 03 48 8b 40 10 48 8b 5b 10 45 8b 9a a0 00
0x000001a4423aae94:   00 00 4f 8d 9c da c8 01 00 00 4d 8d 14 da 49 8b 


Stack slot to memory mapping:

stack at sp + 0 slots: 0x000001a44237958b is at code_begin+4363 in an Interpreter codelet
return entry points  [0x000001a442378480, 0x000001a44237a298]  7704 bytes
stack at sp + 1 slots: 0x000000060a16a7c0 is an oop: com.example.form.UserDetailForm 
{0x000000060a16a7c0} - klass: 'com/example/form/UserDetailForm'
 - ---- fields (total size 5 words):
 - private 'userId' 'Ljava/lang/String;' @12  null (0x00000000)
 - private 'password' 'Ljava/lang/String;' @16  null (0x00000000)
 - private 'userName' 'Ljava/lang/String;' @20  null (0x00000000)
 - private 'birthday' 'Ljava/util/Date;' @24  null (0x00000000)
 - private 'age' 'Ljava/lang/Integer;' @28  null (0x00000000)
 - private 'gender' 'Ljava/lang/Integer;' @32  null (0x00000000)
 - private 'department' 'Lcom/example/domain/kintai/model/Department;' @36  null (0x00000000)
stack at sp + 2 slots: 0x0000000605e7e7f8 is an oop: com.example.controller.UserDetailController 
{0x0000000605e7e7f8} - klass: 'com/example/controller/UserDetailController'
 - ---- fields (total size 3 words):
 - private 'userService' 'Lcom/example/domain/kintai/service/UserService;' @12  a 'com/example/domain/kintai/service/impl/UserServiceImpl$$SpringCGLIB$$0'{0x0000000605dbb888} (0xc0bb7711)
 - private 'modelMapper' 'Lorg/modelmapper/ModelMapper;' @16  a 'org/modelmapper/ModelMapper'{0x0000000606429610} (0xc0c852c2)
stack at sp + 3 slots: 0x00000016a95faa30 is pointing into the stack for thread: 0x000001a49a8f67b0
stack at sp + 4 slots: 0x000001a495660276 is pointing into metadata
stack at sp + 5 slots: 0x0000000000000006 is an unknown value
stack at sp + 6 slots: 0x000001a4956603c8 is pointing into metadata
stack at sp + 7 slots: 0x00000016a95fab18 is pointing into the stack for thread: 0x000001a49a8f67b0

MethodHandle::interpreter_entry::_linkToVirtual [0x000001a4423aad63, 0x000001a4423aadca] (103 bytes)
[MachCode]
  0x000001a4423aad63: 6666 660f | 1f84 0000 | 0000 0066 | 6666 9066 | 660f 1f84 | 0000 0000 | 0066 6666 | 9048 8b53 
  0x000001a4423aad83: 080f b752 | 2e48 8b0c | d458 5b50 | 448b 5108 | 49bb 0000 | 0053 a401 | 0000 4d03 | d34c 8b5b 
  0x000001a4423aada3: 104b 8b9c | dac8 0100 | 0048 85db | 0f84 1000 | 0000 4180 | bfe0 0500 | 0000 7403 | ff63 38ff 
  0x000001a4423aadc3: 6350 e936 | 
[/MachCode]

---------------  P R O C E S S  ---------------

Threads class SMR info:
_java_thread_list=0x000001a49b3f81d0, length=37, elements={
0x000001a452663460, 0x000001a4526672e0, 0x000001a452668330, 0x000001a452669010,
0x000001a45266bbb0, 0x000001a452677c50, 0x000001a45267e460, 0x000001a44fcff260,
0x000001a452815e50, 0x000001a452818630, 0x000001a452818cb0, 0x000001a4983f0120,
0x000001a498644830, 0x000001a49866f530, 0x000001a49867c3f0, 0x000001a498db9f20,
0x000001a498dde500, 0x000001a498ddde70, 0x000001a498ddbda0, 0x000001a498ddcac0,
0x000001a498ddd150, 0x000001a49a8f39c0, 0x000001a49a8f1f80, 0x000001a49a8f5a90,
0x000001a49a8f6120, 0x000001a49a8f46e0, 0x000001a49a8f6e40, 0x000001a49a8f67b0,
0x000001a49a8f74d0, 0x000001a49a8f4050, 0x000001a49a8f7b60, 0x000001a49a8f81f0,
0x000001a49a8f8f10, 0x000001a49a8f95a0, 0x000001a4994bad40, 0x000001a4994bba60,
0x000001a4994bb3d0
}

Java Threads: ( => current thread )
  0x000001a452663460 JavaThread "Reference Handler"          daemon [_thread_blocked, id=16332, stack(0x00000016a6900000,0x00000016a6a00000) (1024K)]
  0x000001a4526672e0 JavaThread "Finalizer"                  daemon [_thread_blocked, id=11460, stack(0x00000016a6a00000,0x00000016a6b00000) (1024K)]
  0x000001a452668330 JavaThread "Signal Dispatcher"          daemon [_thread_blocked, id=10716, stack(0x00000016a6b00000,0x00000016a6c00000) (1024K)]
  0x000001a452669010 JavaThread "Attach Listener"            daemon [_thread_blocked, id=13360, stack(0x00000016a6c00000,0x00000016a6d00000) (1024K)]
  0x000001a45266bbb0 JavaThread "Service Thread"             daemon [_thread_blocked, id=16856, stack(0x00000016a6d00000,0x00000016a6e00000) (1024K)]
  0x000001a452677c50 JavaThread "Monitor Deflation Thread"   daemon [_thread_blocked, id=15060, stack(0x00000016a6e00000,0x00000016a6f00000) (1024K)]
  0x000001a45267e460 JavaThread "C1 CompilerThread0"         daemon [_thread_blocked, id=27448, stack(0x00000016a6f00000,0x00000016a7000000) (1024K)]
  0x000001a44fcff260 JavaThread "Common-Cleaner"             daemon [_thread_blocked, id=21536, stack(0x00000016a7000000,0x00000016a7100000) (1024K)]
  0x000001a452815e50 JavaThread "JDWP Transport Listener: dt_socket" daemon [_thread_blocked, id=11976, stack(0x00000016a7400000,0x00000016a7500000) (1024K)]
  0x000001a452818630 JavaThread "JDWP Event Helper Thread"   daemon [_thread_blocked, id=22340, stack(0x00000016a7500000,0x00000016a7600000) (1024K)]
  0x000001a452818cb0 JavaThread "JDWP Command Reader"        daemon [_thread_in_native, id=23320, stack(0x00000016a7600000,0x00000016a7700000) (1024K)]
  0x000001a4983f0120 JavaThread "Notification Thread"        daemon [_thread_blocked, id=6732, stack(0x00000016a7700000,0x00000016a7800000) (1024K)]
  0x000001a498644830 JavaThread "RMI TCP Accept-0"           daemon [_thread_in_native, id=22812, stack(0x00000016a7f00000,0x00000016a8000000) (1024K)]
  0x000001a49866f530 JavaThread "RMI TCP Accept-61526"       daemon [_thread_in_native, id=15900, stack(0x00000016a8000000,0x00000016a8100000) (1024K)]
  0x000001a49867c3f0 JavaThread "RMI TCP Accept-0"           daemon [_thread_in_native, id=2372, stack(0x00000016a8100000,0x00000016a8200000) (1024K)]
  0x000001a498db9f20 JavaThread "RMI Scheduler(0)"           daemon [_thread_blocked, id=25884, stack(0x00000016a8500000,0x00000016a8600000) (1024K)]
  0x000001a498dde500 JavaThread "JMX server connection timeout 41" daemon [_thread_blocked, id=5656, stack(0x00000016a8700000,0x00000016a8800000) (1024K)]
  0x000001a498ddde70 JavaThread "Catalina-utility-1"                [_thread_blocked, id=17792, stack(0x00000016a8800000,0x00000016a8900000) (1024K)]
  0x000001a498ddbda0 JavaThread "Catalina-utility-2"                [_thread_blocked, id=9840, stack(0x00000016a8a00000,0x00000016a8b00000) (1024K)]
  0x000001a498ddcac0 JavaThread "container-0"                       [_thread_blocked, id=24388, stack(0x00000016a8b00000,0x00000016a8c00000) (1024K)]
  0x000001a498ddd150 JavaThread "HikariPool-1 housekeeper"   daemon [_thread_blocked, id=1368, stack(0x00000016a8c00000,0x00000016a8d00000) (1024K)]
  0x000001a49a8f39c0 JavaThread "Live Reload Server"         daemon [_thread_in_native, id=26052, stack(0x00000016a8f00000,0x00000016a9000000) (1024K)]
  0x000001a49a8f1f80 JavaThread "http-nio-8080-exec-1"       daemon [_thread_blocked, id=27888, stack(0x00000016a9000000,0x00000016a9100000) (1024K)]
  0x000001a49a8f5a90 JavaThread "http-nio-8080-exec-2"       daemon [_thread_blocked, id=23952, stack(0x00000016a9100000,0x00000016a9200000) (1024K)]
  0x000001a49a8f6120 JavaThread "http-nio-8080-exec-3"       daemon [_thread_blocked, id=6104, stack(0x00000016a9200000,0x00000016a9300000) (1024K)]
  0x000001a49a8f46e0 JavaThread "http-nio-8080-exec-4"       daemon [_thread_blocked, id=25880, stack(0x00000016a9300000,0x00000016a9400000) (1024K)]
  0x000001a49a8f6e40 JavaThread "http-nio-8080-exec-5"       daemon [_thread_blocked, id=6256, stack(0x00000016a9400000,0x00000016a9500000) (1024K)]
=>0x000001a49a8f67b0 JavaThread "http-nio-8080-exec-6"       daemon [_thread_in_Java, id=21348, stack(0x00000016a9500000,0x00000016a9600000) (1024K)]
  0x000001a49a8f74d0 JavaThread "http-nio-8080-exec-7"       daemon [_thread_blocked, id=14424, stack(0x00000016a9600000,0x00000016a9700000) (1024K)]
  0x000001a49a8f4050 JavaThread "http-nio-8080-exec-8"       daemon [_thread_blocked, id=26904, stack(0x00000016a9700000,0x00000016a9800000) (1024K)]
  0x000001a49a8f7b60 JavaThread "http-nio-8080-exec-9"       daemon [_thread_blocked, id=27484, stack(0x00000016a9800000,0x00000016a9900000) (1024K)]
  0x000001a49a8f81f0 JavaThread "http-nio-8080-exec-10"      daemon [_thread_blocked, id=3312, stack(0x00000016a9900000,0x00000016a9a00000) (1024K)]
  0x000001a49a8f8f10 JavaThread "http-nio-8080-Poller"       daemon [_thread_in_native, id=3848, stack(0x00000016a9a00000,0x00000016a9b00000) (1024K)]
  0x000001a49a8f95a0 JavaThread "DestroyJavaVM"                     [_thread_blocked, id=23788, stack(0x00000016a6100000,0x00000016a6200000) (1024K)]
  0x000001a4994bad40 JavaThread "RMI TCP Connection(16)-127.0.0.1" daemon [_thread_in_native, id=25956, stack(0x00000016a9e00000,0x00000016a9f00000) (1024K)]
  0x000001a4994bba60 JavaThread "Thread-5"                          [_thread_blocked, id=15072, stack(0x00000016a5e00000,0x00000016a5f00000) (1024K)]
  0x000001a4994bb3d0 JavaThread "tomcat-shutdown"                   [_thread_blocked, id=1504, stack(0x00000016a5f00000,0x00000016a6000000) (1024K)]
Total: 37

Other Threads:
  0x000001a44fd11780 VMThread "VM Thread"                           [id=22300, stack(0x00000016a6800000,0x00000016a6900000) (1024K)]
  0x000001a44fcfe130 WatcherThread "VM Periodic Task Thread"        [id=6540, stack(0x00000016a6700000,0x00000016a6800000) (1024K)]
  0x000001a44fb60780 WorkerThread "GC Thread#0"                     [id=17636, stack(0x00000016a6200000,0x00000016a6300000) (1024K)]
  0x000001a4985fadb0 WorkerThread "GC Thread#1"                     [id=4156, stack(0x00000016a7800000,0x00000016a7900000) (1024K)]
  0x000001a4985fb150 WorkerThread "GC Thread#2"                     [id=19840, stack(0x00000016a7900000,0x00000016a7a00000) (1024K)]
  0x000001a49858af50 WorkerThread "GC Thread#3"                     [id=5504, stack(0x00000016a7a00000,0x00000016a7b00000) (1024K)]
  0x000001a49858b2f0 WorkerThread "GC Thread#4"                     [id=25436, stack(0x00000016a7b00000,0x00000016a7c00000) (1024K)]
  0x000001a49858b690 WorkerThread "GC Thread#5"                     [id=15164, stack(0x00000016a7c00000,0x00000016a7d00000) (1024K)]
  0x000001a49858be30 WorkerThread "GC Thread#6"                     [id=22892, stack(0x00000016a7d00000,0x00000016a7e00000) (1024K)]
  0x000001a49858c2e0 WorkerThread "GC Thread#7"                     [id=27416, stack(0x00000016a7e00000,0x00000016a7f00000) (1024K)]
  0x000001a43831df40 ConcurrentGCThread "G1 Main Marker"            [id=2132, stack(0x00000016a6300000,0x00000016a6400000) (1024K)]
  0x000001a43831e950 WorkerThread "G1 Conc#0"                       [id=23696, stack(0x00000016a6400000,0x00000016a6500000) (1024K)]
  0x000001a498c0b330 WorkerThread "G1 Conc#1"                       [id=25284, stack(0x00000016a8900000,0x00000016a8a00000) (1024K)]
  0x000001a44fbd0ee0 ConcurrentGCThread "G1 Refine#0"               [id=28096, stack(0x00000016a6500000,0x00000016a6600000) (1024K)]
  0x000001a44fbd3710 ConcurrentGCThread "G1 Service"                [id=23904, stack(0x00000016a6600000,0x00000016a6700000) (1024K)]
Total: 15

Threads with active compile tasks:
Total: 0

VM state: not at safepoint (normal execution)

VM Mutex/Monitor currently owned by a thread: None

Heap address: 0x0000000604c00000, size: 8116 MB, Compressed Oops mode: Zero based, Oop shift amount: 3

CDS archive(s) mapped at: [0x000001a453000000-0x000001a453c90000-0x000001a453c90000), size 13172736, SharedBaseAddress: 0x000001a453000000, ArchiveRelocationMode: 1.
Compressed class space mapped at: 0x000001a454000000-0x000001a494000000, reserved size: 1073741824
Narrow klass base: 0x000001a453000000, Narrow klass shift: 0, Narrow klass range: 0x100000000

GC Precious Log:
 CardTable entry size: 512
 Card Set container configuration: InlinePtr #cards 4 size 8 Array Of Cards #cards 32 size 80 Howl #buckets 8 coarsen threshold 7372 Howl Bitmap #cards 1024 size 144 coarsen threshold 921 Card regions per heap region 1 cards per card region 8192
 CPUs: 8 total, 8 available
 Memory: 32448M
 Large Page Support: Disabled
 NUMA Support: Disabled
 Compressed Oops: Enabled (Zero based)
 Heap Region Size: 4M
 Heap Min Capacity: 8M
 Heap Initial Capacity: 508M
 Heap Max Capacity: 8116M
 Pre-touch: Disabled
 Parallel Workers: 8
 Concurrent Workers: 2
 Concurrent Refinement Workers: 8
 Periodic GC: Disabled

Heap:
 garbage-first heap   total 221184K, used 59695K [0x0000000604c00000, 0x0000000800000000)
  region size 4096K, 5 young (20480K), 4 survivors (16384K)
 Metaspace       used 68240K, committed 69376K, reserved 1114112K
  class space    used 8957K, committed 9472K, reserved 1048576K

Heap Regions: E=young(eden), S=young(survivor), O=old, HS=humongous(starts), HC=humongous(continues), CS=collection set, F=free, TAMS=top-at-mark-start, PB=parsable bottom
|   0|0x0000000604c00000, 0x0000000605000000, 0x0000000605000000|100%| O|  |TAMS 0x0000000604c00000| PB 0x0000000604c00000| Untracked 
|   1|0x0000000605000000, 0x0000000605400000, 0x0000000605400000|100%| O|  |TAMS 0x0000000605000000| PB 0x0000000605000000| Untracked 
|   2|0x0000000605400000, 0x0000000605800000, 0x0000000605800000|100%| O|  |TAMS 0x0000000605400000| PB 0x0000000605400000| Untracked 
|   3|0x0000000605800000, 0x0000000605b8f7c8, 0x0000000605c00000| 89%| O|  |TAMS 0x0000000605800000| PB 0x0000000605800000| Untracked 
|   4|0x0000000605c00000, 0x0000000606000000, 0x0000000606000000|100%| O|  |TAMS 0x0000000605c00000| PB 0x0000000605c00000| Untracked 
|   5|0x0000000606000000, 0x0000000606400000, 0x0000000606400000|100%| O|  |TAMS 0x0000000606000000| PB 0x0000000606000000| Untracked 
|   6|0x0000000606400000, 0x0000000606800000, 0x0000000606800000|100%| O|  |TAMS 0x0000000606400000| PB 0x0000000606400000| Untracked 
|   7|0x0000000606800000, 0x0000000606c00000, 0x0000000606c00000|100%| O|  |TAMS 0x0000000606800000| PB 0x0000000606800000| Untracked 
|   8|0x0000000606c00000, 0x0000000607000000, 0x0000000607000000|100%| O|  |TAMS 0x0000000606c00000| PB 0x0000000606c00000| Untracked 
|   9|0x0000000607000000, 0x0000000607400000, 0x0000000607400000|100%| O|  |TAMS 0x0000000607000000| PB 0x0000000607000000| Untracked 
|  10|0x0000000607400000, 0x0000000607800000, 0x0000000607800000|100%| O|  |TAMS 0x0000000607400000| PB 0x0000000607400000| Untracked 
|  11|0x0000000607800000, 0x00000006078e05b0, 0x0000000607c00000| 21%| O|Cm|TAMS 0x0000000607800000| PB 0x0000000607800000| Complete 
|  12|0x0000000607c00000, 0x0000000607c00000, 0x0000000608000000|  0%| F|  |TAMS 0x0000000607c00000| PB 0x0000000607c00000| Untracked 
|  13|0x0000000608000000, 0x0000000608000000, 0x0000000608400000|  0%| F|  |TAMS 0x0000000608000000| PB 0x0000000608000000| Untracked 
|  14|0x0000000608400000, 0x0000000608400000, 0x0000000608800000|  0%| F|  |TAMS 0x0000000608400000| PB 0x0000000608400000| Untracked 
|  15|0x0000000608800000, 0x0000000608800000, 0x0000000608c00000|  0%| F|  |TAMS 0x0000000608800000| PB 0x0000000608800000| Untracked 
|  16|0x0000000608c00000, 0x0000000608c00000, 0x0000000609000000|  0%| F|  |TAMS 0x0000000608c00000| PB 0x0000000608c00000| Untracked 
|  17|0x0000000609000000, 0x0000000609000000, 0x0000000609400000|  0%| F|  |TAMS 0x0000000609000000| PB 0x0000000609000000| Untracked 
|  18|0x0000000609400000, 0x00000006095dbf60, 0x0000000609800000| 46%| S|CS|TAMS 0x0000000609400000| PB 0x0000000609400000| Complete 
|  19|0x0000000609800000, 0x0000000609c00000, 0x0000000609c00000|100%| S|CS|TAMS 0x0000000609800000| PB 0x0000000609800000| Complete 
|  20|0x0000000609c00000, 0x000000060a000000, 0x000000060a000000|100%| S|CS|TAMS 0x0000000609c00000| PB 0x0000000609c00000| Complete 
|  21|0x000000060a000000, 0x000000060a400000, 0x000000060a400000|100%| S|CS|TAMS 0x000000060a000000| PB 0x000000060a000000| Complete 
|  22|0x000000060a400000, 0x000000060a400000, 0x000000060a800000|  0%| F|  |TAMS 0x000000060a400000| PB 0x000000060a400000| Untracked 
|  23|0x000000060a800000, 0x000000060a800000, 0x000000060ac00000|  0%| F|  |TAMS 0x000000060a800000| PB 0x000000060a800000| Untracked 
|  24|0x000000060ac00000, 0x000000060ac00000, 0x000000060b000000|  0%| F|  |TAMS 0x000000060ac00000| PB 0x000000060ac00000| Untracked 
|  25|0x000000060b000000, 0x000000060b000000, 0x000000060b400000|  0%| F|  |TAMS 0x000000060b000000| PB 0x000000060b000000| Untracked 
|  26|0x000000060b400000, 0x000000060b400000, 0x000000060b800000|  0%| F|  |TAMS 0x000000060b400000| PB 0x000000060b400000| Untracked 
|  27|0x000000060b800000, 0x000000060b800000, 0x000000060bc00000|  0%| F|  |TAMS 0x000000060b800000| PB 0x000000060b800000| Untracked 
|  28|0x000000060bc00000, 0x000000060bc00000, 0x000000060c000000|  0%| F|  |TAMS 0x000000060bc00000| PB 0x000000060bc00000| Untracked 
|  29|0x000000060c000000, 0x000000060c000000, 0x000000060c400000|  0%| F|  |TAMS 0x000000060c000000| PB 0x000000060c000000| Untracked 
|  30|0x000000060c400000, 0x000000060c400000, 0x000000060c800000|  0%| F|  |TAMS 0x000000060c400000| PB 0x000000060c400000| Untracked 
|  31|0x000000060c800000, 0x000000060c800000, 0x000000060cc00000|  0%| F|  |TAMS 0x000000060c800000| PB 0x000000060c800000| Untracked 
|  32|0x000000060cc00000, 0x000000060cc00000, 0x000000060d000000|  0%| F|  |TAMS 0x000000060cc00000| PB 0x000000060cc00000| Untracked 
|  33|0x000000060d000000, 0x000000060d000000, 0x000000060d400000|  0%| F|  |TAMS 0x000000060d000000| PB 0x000000060d000000| Untracked 
|  34|0x000000060d400000, 0x000000060d400000, 0x000000060d800000|  0%| F|  |TAMS 0x000000060d400000| PB 0x000000060d400000| Untracked 
|  35|0x000000060d800000, 0x000000060d800000, 0x000000060dc00000|  0%| F|  |TAMS 0x000000060d800000| PB 0x000000060d800000| Untracked 
|  36|0x000000060dc00000, 0x000000060dc00000, 0x000000060e000000|  0%| F|  |TAMS 0x000000060dc00000| PB 0x000000060dc00000| Untracked 
|  37|0x000000060e000000, 0x000000060e000000, 0x000000060e400000|  0%| F|  |TAMS 0x000000060e000000| PB 0x000000060e000000| Untracked 
|  38|0x000000060e400000, 0x000000060e400000, 0x000000060e800000|  0%| F|  |TAMS 0x000000060e400000| PB 0x000000060e400000| Untracked 
|  39|0x000000060e800000, 0x000000060e800000, 0x000000060ec00000|  0%| F|  |TAMS 0x000000060e800000| PB 0x000000060e800000| Untracked 
|  40|0x000000060ec00000, 0x000000060ec00000, 0x000000060f000000|  0%| F|  |TAMS 0x000000060ec00000| PB 0x000000060ec00000| Untracked 
|  41|0x000000060f000000, 0x000000060f000000, 0x000000060f400000|  0%| F|  |TAMS 0x000000060f000000| PB 0x000000060f000000| Untracked 
|  42|0x000000060f400000, 0x000000060f400000, 0x000000060f800000|  0%| F|  |TAMS 0x000000060f400000| PB 0x000000060f400000| Untracked 
|  43|0x000000060f800000, 0x000000060f800000, 0x000000060fc00000|  0%| F|  |TAMS 0x000000060f800000| PB 0x000000060f800000| Untracked 
|  44|0x000000060fc00000, 0x000000060fc00000, 0x0000000610000000|  0%| F|  |TAMS 0x000000060fc00000| PB 0x000000060fc00000| Untracked 
|  45|0x0000000610000000, 0x0000000610000000, 0x0000000610400000|  0%| F|  |TAMS 0x0000000610000000| PB 0x0000000610000000| Untracked 
|  46|0x0000000610400000, 0x0000000610400000, 0x0000000610800000|  0%| F|  |TAMS 0x0000000610400000| PB 0x0000000610400000| Untracked 
|  47|0x0000000610800000, 0x0000000610800000, 0x0000000610c00000|  0%| F|  |TAMS 0x0000000610800000| PB 0x0000000610800000| Untracked 
|  48|0x0000000610c00000, 0x0000000610c00000, 0x0000000611000000|  0%| F|  |TAMS 0x0000000610c00000| PB 0x0000000610c00000| Untracked 
|  49|0x0000000611000000, 0x0000000611000000, 0x0000000611400000|  0%| F|  |TAMS 0x0000000611000000| PB 0x0000000611000000| Untracked 
|  70|0x0000000616400000, 0x0000000616400000, 0x0000000616800000|  0%| F|  |TAMS 0x0000000616400000| PB 0x0000000616400000| Untracked 
|  71|0x0000000616800000, 0x0000000616800000, 0x0000000616c00000|  0%| F|  |TAMS 0x0000000616800000| PB 0x0000000616800000| Untracked 
|  72|0x0000000616c00000, 0x0000000616c00000, 0x0000000617000000|  0%| F|  |TAMS 0x0000000616c00000| PB 0x0000000616c00000| Untracked 
| 126|0x0000000624400000, 0x000000062469b358, 0x0000000624800000| 65%| E|  |TAMS 0x0000000624400000| PB 0x0000000624400000| Complete 

Card table byte_map: [0x000001a446be0000,0x000001a447bc0000] _byte_map_base: 0x000001a443bba000

Marking Bits: (CMBitMap*) 0x000001a439c70c20
 Bits: [0x000001a447bc0000, 0x000001a44fa90000)

Polling page: 0x000001a439cb0000

Metaspace:

Usage:
  Non-class:     57.89 MB used.
      Class:      8.75 MB used.
       Both:     66.64 MB used.

Virtual space:
  Non-class space:       64.00 MB reserved,      58.50 MB ( 91%) committed,  1 nodes.
      Class space:        1.00 GB reserved,       9.25 MB ( <1%) committed,  1 nodes.
             Both:        1.06 GB reserved,      67.75 MB (  6%) committed. 

Chunk freelists:
   Non-Class:  5.20 MB
       Class:  6.57 MB
        Both:  11.77 MB

MaxMetaspaceSize: unlimited
CompressedClassSpaceSize: 1.00 GB
Initial GC threshold: 21.00 MB
Current GC threshold: 109.19 MB
CDS: on
 - commit_granule_bytes: 65536.
 - commit_granule_words: 8192.
 - virtual_space_node_default_size: 8388608.
 - enlarge_chunks_in_place: 1.
 - use_allocation_guard: 0.


Internal statistics:

num_allocs_failed_limit: 12.
num_arena_births: 1948.
num_arena_deaths: 36.
num_vsnodes_births: 2.
num_vsnodes_deaths: 0.
num_space_committed: 1084.
num_space_uncommitted: 0.
num_chunks_returned_to_freelist: 66.
num_chunks_taken_from_freelist: 4558.
num_chunk_merges: 23.
num_chunk_splits: 3107.
num_chunks_enlarged: 2132.
num_inconsistent_stats: 0.

CodeCache: size=49152Kb used=18349Kb max_used=19897Kb free=30802Kb
 bounds [0x000001a442370000, 0x000001a443710000, 0x000001a445370000]
 total_blobs=9449 nmethods=8509 adapters=862
 compilation: enabled
              stopped_count=0, restarted_count=0
 full_count=0

Compilation events (20 events):
Event: 269.616 Thread 0x000001a45267e460 9128       1       org.springframework.boot.devtools.filewatch.FileSystemWatcher$Watcher::getCurrentSnapshots (63 bytes)
Event: 269.617 Thread 0x000001a45267e460 nmethod 9128 0x000001a443524e90 code [0x000001a4435250c0, 0x000001a4435254d0]
Event: 273.515 Thread 0x000001a45267e460 9129       1       java.util.EventObject::getSource (5 bytes)
Event: 273.515 Thread 0x000001a45267e460 nmethod 9129 0x000001a443524b90 code [0x000001a443524d20, 0x000001a443524df0]
Event: 323.531 Thread 0x000001a45267e460 9131       1       org.apache.catalina.core.ContainerBase::getBackgroundProcessorDelay (5 bytes)
Event: 323.531 Thread 0x000001a45267e460 nmethod 9131 0x000001a443524490 code [0x000001a443524620, 0x000001a4435246e8]
Event: 361.096 Thread 0x000001a45267e460 9132       1       java.io.ObjectInputStream$BlockDataInputStream::readInt (73 bytes)
Event: 361.097 Thread 0x000001a45267e460 nmethod 9132 0x000001a443523c10 code [0x000001a443523e00, 0x000001a443524118]
Event: 373.567 Thread 0x000001a45267e460 9133       1       org.apache.catalina.valves.ValveBase::backgroundProcess (1 bytes)
Event: 373.567 Thread 0x000001a45267e460 nmethod 9133 0x000001a443523910 code [0x000001a443523aa0, 0x000001a443523b68]
Event: 403.594 Thread 0x000001a45267e460 9134   !   1       org.apache.catalina.core.ContainerBase::findChildren (67 bytes)
Event: 403.595 Thread 0x000001a45267e460 nmethod 9134 0x000001a443522d90 code [0x000001a443522fc0, 0x000001a443523528]
Event: 443.626 Thread 0x000001a45267e460 9135       1       java.lang.Thread::setContextClassLoader (28 bytes)
Event: 443.626 Thread 0x000001a45267e460 nmethod 9135 0x000001a443522a10 code [0x000001a443522ba0, 0x000001a443522cc0]
Event: 487.859 Thread 0x000001a45267e460 9136       1       org.springframework.boot.devtools.filewatch.FileSnapshot::getFile (5 bytes)
Event: 487.859 Thread 0x000001a45267e460 nmethod 9136 0x000001a443522710 code [0x000001a4435228a0, 0x000001a443522970]
Event: 487.863 Thread 0x000001a45267e460 9137       1       org.springframework.core.annotation.AnnotationAwareOrderComparator::findOrderFromAnnotation (69 bytes)
Event: 487.863 Thread 0x000001a45267e460 nmethod 9137 0x000001a443521f90 code [0x000001a443522180, 0x000001a443522520]
Event: 487.863 Thread 0x000001a45267e460 9138       1       org.springframework.context.event.SimpleApplicationEventMulticaster::getErrorHandler (5 bytes)
Event: 487.863 Thread 0x000001a45267e460 nmethod 9138 0x000001a443521c90 code [0x000001a443521e20, 0x000001a443521ef0]

GC Heap History (20 events):
Event: 2.789 GC heap before
{Heap before GC invocations=12 (full 0):
 garbage-first heap   total 81920K, used 62006K [0x0000000604c00000, 0x0000000800000000)
  region size 4096K, 12 young (49152K), 2 survivors (8192K)
 Metaspace       used 35572K, committed 36096K, reserved 1114112K
  class space    used 4671K, committed 4928K, reserved 1048576K
}
Event: 2.792 GC heap after
{Heap after GC invocations=13 (full 0):
 garbage-first heap   total 81920K, used 22171K [0x0000000604c00000, 0x0000000800000000)
  region size 4096K, 2 young (8192K), 2 survivors (8192K)
 Metaspace       used 35572K, committed 36096K, reserved 1114112K
  class space    used 4671K, committed 4928K, reserved 1048576K
}
Event: 3.091 GC heap before
{Heap before GC invocations=13 (full 0):
 garbage-first heap   total 81920K, used 59035K [0x0000000604c00000, 0x0000000800000000)
  region size 4096K, 12 young (49152K), 2 survivors (8192K)
 Metaspace       used 37520K, committed 38016K, reserved 1114112K
  class space    used 4982K, committed 5184K, reserved 1048576K
}
Event: 3.096 GC heap after
{Heap after GC invocations=14 (full 0):
 garbage-first heap   total 303104K, used 24170K [0x0000000604c00000, 0x0000000800000000)
  region size 4096K, 2 young (8192K), 2 survivors (8192K)
 Metaspace       used 37520K, committed 38016K, reserved 1114112K
  class space    used 4982K, committed 5184K, reserved 1048576K
}
Event: 3.772 GC heap before
{Heap before GC invocations=14 (full 0):
 garbage-first heap   total 303104K, used 130666K [0x0000000604c00000, 0x0000000800000000)
  region size 4096K, 29 young (118784K), 2 survivors (8192K)
 Metaspace       used 46151K, committed 46720K, reserved 1114112K
  class space    used 5993K, committed 6272K, reserved 1048576K
}
Event: 3.778 GC heap after
{Heap after GC invocations=15 (full 0):
 garbage-first heap   total 303104K, used 27367K [0x0000000604c00000, 0x0000000800000000)
  region size 4096K, 2 young (8192K), 2 survivors (8192K)
 Metaspace       used 46151K, committed 46720K, reserved 1114112K
  class space    used 5993K, committed 6272K, reserved 1048576K
}
Event: 4.149 GC heap before
{Heap before GC invocations=16 (full 0):
 garbage-first heap   total 110592K, used 84711K [0x0000000604c00000, 0x0000000800000000)
  region size 4096K, 16 young (65536K), 2 survivors (8192K)
 Metaspace       used 49797K, committed 50432K, reserved 1114112K
  class space    used 6440K, committed 6720K, reserved 1048576K
}
Event: 4.154 GC heap after
{Heap after GC invocations=17 (full 0):
 garbage-first heap   total 110592K, used 28893K [0x0000000604c00000, 0x0000000800000000)
  region size 4096K, 2 young (8192K), 2 survivors (8192K)
 Metaspace       used 49797K, committed 50432K, reserved 1114112K
  class space    used 6440K, committed 6720K, reserved 1048576K
}
Event: 4.479 GC heap before
{Heap before GC invocations=17 (full 0):
 garbage-first heap   total 110592K, used 86237K [0x0000000604c00000, 0x0000000800000000)
  region size 4096K, 16 young (65536K), 2 survivors (8192K)
 Metaspace       used 51964K, committed 52608K, reserved 1114112K
  class space    used 6746K, committed 7040K, reserved 1048576K
}
Event: 4.484 GC heap after
{Heap after GC invocations=18 (full 0):
 garbage-first heap   total 110592K, used 30289K [0x0000000604c00000, 0x0000000800000000)
  region size 4096K, 1 young (4096K), 1 survivors (4096K)
 Metaspace       used 51964K, committed 52608K, reserved 1114112K
  class space    used 6746K, committed 7040K, reserved 1048576K
}
Event: 4.698 GC heap before
{Heap before GC invocations=18 (full 0):
 garbage-first heap   total 110592K, used 91729K [0x0000000604c00000, 0x0000000800000000)
  region size 4096K, 16 young (65536K), 1 survivors (4096K)
 Metaspace       used 53366K, committed 54080K, reserved 1114112K
  class space    used 6925K, committed 7232K, reserved 1048576K
}
Event: 4.703 GC heap after
{Heap after GC invocations=19 (full 0):
 garbage-first heap   total 315392K, used 37875K [0x0000000604c00000, 0x0000000800000000)
  region size 4096K, 2 young (8192K), 2 survivors (8192K)
 Metaspace       used 53366K, committed 54080K, reserved 1114112K
  class space    used 6925K, committed 7232K, reserved 1048576K
}
Event: 5.314 GC heap before
{Heap before GC invocations=19 (full 0):
 garbage-first heap   total 315392K, used 214003K [0x0000000604c00000, 0x0000000800000000)
  region size 4096K, 46 young (188416K), 2 survivors (8192K)
 Metaspace       used 55450K, committed 56192K, reserved 1114112K
  class space    used 7254K, committed 7616K, reserved 1048576K
}
Event: 5.323 GC heap after
{Heap after GC invocations=20 (full 0):
 garbage-first heap   total 315392K, used 47054K [0x0000000604c00000, 0x0000000800000000)
  region size 4096K, 5 young (20480K), 5 survivors (20480K)
 Metaspace       used 55450K, committed 56192K, reserved 1114112K
  class space    used 7254K, committed 7616K, reserved 1048576K
}
Event: 15.699 GC heap before
{Heap before GC invocations=20 (full 0):
 garbage-first heap   total 315392K, used 214990K [0x0000000604c00000, 0x0000000800000000)
  region size 4096K, 46 young (188416K), 5 survivors (20480K)
 Metaspace       used 65040K, committed 66112K, reserved 1114112K
  class space    used 8537K, committed 9024K, reserved 1048576K
}
Event: 15.714 GC heap after
{Heap after GC invocations=21 (full 0):
 garbage-first heap   total 315392K, used 53527K [0x0000000604c00000, 0x0000000800000000)
  region size 4096K, 5 young (20480K), 5 survivors (20480K)
 Metaspace       used 65040K, committed 66112K, reserved 1114112K
  class space    used 8537K, committed 9024K, reserved 1048576K
}
Event: 15.819 GC heap before
{Heap before GC invocations=21 (full 0):
 garbage-first heap   total 315392K, used 61719K [0x0000000604c00000, 0x0000000800000000)
  region size 4096K, 9 young (36864K), 5 survivors (20480K)
 Metaspace       used 65968K, committed 67008K, reserved 1114112K
  class space    used 8590K, committed 9088K, reserved 1048576K
}
Event: 15.828 GC heap after
{Heap after GC invocations=22 (full 0):
 garbage-first heap   total 315392K, used 54825K [0x0000000604c00000, 0x0000000800000000)
  region size 4096K, 3 young (12288K), 3 survivors (12288K)
 Metaspace       used 65968K, committed 67008K, reserved 1114112K
  class space    used 8590K, committed 9088K, reserved 1048576K
}
Event: 484.989 GC heap before
{Heap before GC invocations=23 (full 0):
 garbage-first heap   total 221184K, used 173609K [0x0000000604c00000, 0x0000000800000000)
  region size 4096K, 32 young (131072K), 3 survivors (12288K)
 Metaspace       used 68140K, committed 69376K, reserved 1114112K
  class space    used 8941K, committed 9472K, reserved 1048576K
}
Event: 484.997 GC heap after
{Heap after GC invocations=24 (full 0):
 garbage-first heap   total 221184K, used 59695K [0x0000000604c00000, 0x0000000800000000)
  region size 4096K, 4 young (16384K), 4 survivors (16384K)
 Metaspace       used 68140K, committed 69376K, reserved 1114112K
  class space    used 8941K, committed 9472K, reserved 1048576K
}

Dll operation events (12 events):
Event: 0.009 Loaded shared library C:\pleiades\2024-03\java\21\bin\java.dll
Event: 0.207 Loaded shared library C:\pleiades\2024-03\java\21\bin\zip.dll
Event: 0.212 Loaded shared library C:\pleiades\2024-03\java\21\bin\instrument.dll
Event: 0.216 Loaded shared library C:\pleiades\2024-03\java\21\bin\net.dll
Event: 0.217 Loaded shared library C:\pleiades\2024-03\java\21\bin\nio.dll
Event: 0.219 Loaded shared library C:\pleiades\2024-03\java\21\bin\zip.dll
Event: 0.331 Loaded shared library C:\pleiades\2024-03\java\21\bin\jimage.dll
Event: 0.366 Loaded shared library C:\pleiades\2024-03\java\21\bin\management.dll
Event: 0.373 Loaded shared library C:\pleiades\2024-03\java\21\bin\management_ext.dll
Event: 0.505 Loaded shared library C:\pleiades\2024-03\java\21\bin\verify.dll
Event: 0.580 Loaded shared library C:\pleiades\2024-03\java\21\bin\extnet.dll
Event: 1.672 Loaded shared library C:\pleiades\2024-03\java\21\bin\sunmscapi.dll

Deoptimization events (20 events):
Event: 487.862 Thread 0x000001a49a8f3330 DEOPT PACKING pc=0x000001a4428c2a14 sp=0x00000016a8efeb10
Event: 487.862 Thread 0x000001a49a8f3330 DEOPT UNPACKING pc=0x000001a4423c88e2 sp=0x00000016a8efdfd8 mode 1
Event: 487.862 Thread 0x000001a49a8f3330 DEOPT PACKING pc=0x000001a442c667d4 sp=0x00000016a8efeba0
Event: 487.862 Thread 0x000001a49a8f3330 DEOPT UNPACKING pc=0x000001a4423c88e2 sp=0x00000016a8efe1c0 mode 1
Event: 487.862 Thread 0x000001a49a8f3330 DEOPT PACKING pc=0x000001a4428fc2d9 sp=0x00000016a8efe000
Event: 487.862 Thread 0x000001a49a8f3330 DEOPT UNPACKING pc=0x000001a4423c88e2 sp=0x00000016a8efd458 mode 1
Event: 487.862 Thread 0x000001a49a8f3330 DEOPT PACKING pc=0x000001a4428ebfac sp=0x00000016a8efe090
Event: 487.862 Thread 0x000001a49a8f3330 DEOPT UNPACKING pc=0x000001a4423c88e2 sp=0x00000016a8efd538 mode 1
Event: 487.862 Thread 0x000001a49a8f3330 DEOPT PACKING pc=0x000001a4428c2a14 sp=0x00000016a8efeb10
Event: 487.862 Thread 0x000001a49a8f3330 DEOPT UNPACKING pc=0x000001a4423c88e2 sp=0x00000016a8efdfd8 mode 1
Event: 487.862 Thread 0x000001a49a8f3330 DEOPT PACKING pc=0x000001a442c667d4 sp=0x00000016a8efeba0
Event: 487.862 Thread 0x000001a49a8f3330 DEOPT UNPACKING pc=0x000001a4423c88e2 sp=0x00000016a8efe1c0 mode 1
Event: 487.862 Thread 0x000001a49a8f3330 DEOPT PACKING pc=0x000001a4428fc2d9 sp=0x00000016a8efe000
Event: 487.862 Thread 0x000001a49a8f3330 DEOPT UNPACKING pc=0x000001a4423c88e2 sp=0x00000016a8efd458 mode 1
Event: 487.862 Thread 0x000001a49a8f3330 DEOPT PACKING pc=0x000001a4428ebfac sp=0x00000016a8efe090
Event: 487.862 Thread 0x000001a49a8f3330 DEOPT UNPACKING pc=0x000001a4423c88e2 sp=0x00000016a8efd538 mode 1
Event: 487.862 Thread 0x000001a49a8f3330 DEOPT PACKING pc=0x000001a4428c2a14 sp=0x00000016a8efeb10
Event: 487.862 Thread 0x000001a49a8f3330 DEOPT UNPACKING pc=0x000001a4423c88e2 sp=0x00000016a8efdfd8 mode 1
Event: 487.862 Thread 0x000001a49a8f3330 DEOPT PACKING pc=0x000001a442c667d4 sp=0x00000016a8efeba0
Event: 487.862 Thread 0x000001a49a8f3330 DEOPT UNPACKING pc=0x000001a4423c88e2 sp=0x00000016a8efe1c0 mode 1

Classes loaded (20 events):
Event: 487.872 Loading class java/net/SocksConsts done
Event: 487.872 Loading class java/net/DelegatingSocketImpl
Event: 487.872 Loading class java/net/DelegatingSocketImpl done
Event: 487.872 Loading class java/net/SocksSocketImpl done
Event: 487.873 Loading class java/net/SocksSocketImpl$3
Event: 487.873 Loading class java/net/SocksSocketImpl$3 done
Event: 487.873 Loading class java/net/ProxySelector
Event: 487.873 Loading class java/net/ProxySelector done
Event: 487.873 Loading class sun/net/spi/DefaultProxySelector
Event: 487.873 Loading class sun/net/spi/DefaultProxySelector done
Event: 487.873 Loading class java/net/Proxy
Event: 487.873 Loading class java/net/Proxy done
Event: 487.873 Loading class java/net/Proxy$Type
Event: 487.873 Loading class java/net/Proxy$Type done
Event: 487.873 Loading class sun/net/spi/DefaultProxySelector$1
Event: 487.873 Loading class sun/net/spi/DefaultProxySelector$1 done
Event: 487.874 Loading class sun/net/spi/DefaultProxySelector$NonProxyInfo
Event: 487.874 Loading class sun/net/spi/DefaultProxySelector$NonProxyInfo done
Event: 487.874 Loading class sun/net/spi/DefaultProxySelector$3
Event: 487.874 Loading class sun/net/spi/DefaultProxySelector$3 done

Classes unloaded (18 events):
Event: 15.876 Thread 0x000001a44fd11780 Unloading class 0x000001a45468a400 'jdk/internal/reflect/GeneratedSerializationConstructorAccessor35'
Event: 15.876 Thread 0x000001a44fd11780 Unloading class 0x000001a45468a000 'jdk/internal/reflect/GeneratedSerializationConstructorAccessor34'
Event: 15.876 Thread 0x000001a44fd11780 Unloading class 0x000001a454689c00 'jdk/internal/reflect/GeneratedSerializationConstructorAccessor33'
Event: 15.876 Thread 0x000001a44fd11780 Unloading class 0x000001a454689800 'jdk/internal/reflect/GeneratedSerializationConstructorAccessor32'
Event: 15.876 Thread 0x000001a44fd11780 Unloading class 0x000001a454688c00 'jdk/internal/reflect/GeneratedSerializationConstructorAccessor31'
Event: 15.876 Thread 0x000001a44fd11780 Unloading class 0x000001a454688800 'jdk/internal/reflect/GeneratedSerializationConstructorAccessor30'
Event: 15.876 Thread 0x000001a44fd11780 Unloading class 0x000001a454688400 'jdk/internal/reflect/GeneratedSerializationConstructorAccessor29'
Event: 15.876 Thread 0x000001a44fd11780 Unloading class 0x000001a454688000 'jdk/internal/reflect/GeneratedSerializationConstructorAccessor28'
Event: 15.876 Thread 0x000001a44fd11780 Unloading class 0x000001a454685c00 'jdk/internal/reflect/GeneratedSerializationConstructorAccessor27'
Event: 15.876 Thread 0x000001a44fd11780 Unloading class 0x000001a454685800 'jdk/internal/reflect/GeneratedSerializationConstructorAccessor26'
Event: 15.876 Thread 0x000001a44fd11780 Unloading class 0x000001a454685400 'jdk/internal/reflect/GeneratedSerializationConstructorAccessor25'
Event: 15.876 Thread 0x000001a44fd11780 Unloading class 0x000001a454685000 'jdk/internal/reflect/GeneratedSerializationConstructorAccessor24'
Event: 15.876 Thread 0x000001a44fd11780 Unloading class 0x000001a454684c00 'jdk/internal/reflect/GeneratedSerializationConstructorAccessor23'
Event: 15.876 Thread 0x000001a44fd11780 Unloading class 0x000001a454684800 'jdk/internal/reflect/GeneratedSerializationConstructorAccessor22'
Event: 15.876 Thread 0x000001a44fd11780 Unloading class 0x000001a454684400 'jdk/internal/reflect/GeneratedSerializationConstructorAccessor21'
Event: 15.876 Thread 0x000001a44fd11780 Unloading class 0x000001a454684000 'jdk/internal/reflect/GeneratedSerializationConstructorAccessor20'
Event: 15.876 Thread 0x000001a44fd11780 Unloading class 0x000001a454580000 'jdk/internal/reflect/GeneratedSerializationConstructorAccessor19'
Event: 15.876 Thread 0x000001a44fd11780 Unloading class 0x000001a454550400 'jdk/internal/reflect/GeneratedSerializationConstructorAccessor18'

Classes redefined (0 events):
No events

Internal exceptions (20 events):
Event: 16.562 Thread 0x000001a49a8f4050 Exception <a 'java/lang/ClassNotFoundException'{0x000000060e8d7c18}: java/util/Collections$UnmodifiableRandomAccessListBeanInfo> (0x000000060e8d7c18) 
thrown [s\src\hotspot\share\classfile\systemDictionary.cpp, line 312]
Event: 16.564 Thread 0x000001a49a8f4050 Exception <a 'java/lang/ClassNotFoundException'{0x000000060e8ddd28}: java/util/Collections$UnmodifiableListBeanInfo> (0x000000060e8ddd28) 
thrown [s\src\hotspot\share\classfile\systemDictionary.cpp, line 312]
Event: 16.566 Thread 0x000001a49a8f4050 Exception <a 'java/lang/ClassNotFoundException'{0x000000060e8e3e38}: java/util/Collections$UnmodifiableListCustomizer> (0x000000060e8e3e38) 
thrown [s\src\hotspot\share\classfile\systemDictionary.cpp, line 312]
Event: 16.570 Thread 0x000001a49a8f4050 Exception <a 'java/lang/ClassNotFoundException'{0x000000060e927600}: java/util/Collections$UnmodifiableRandomAccessListCustomizer> (0x000000060e927600) 
thrown [s\src\hotspot\share\classfile\systemDictionary.cpp, line 312]
Event: 16.599 Thread 0x000001a49a8f4050 Exception <a 'java/lang/ClassNotFoundException'{0x000000060e9ae968}: org/thymeleaf/standard/expression/GenericTokenExpressionBeanInfo> (0x000000060e9ae968) 
thrown [s\src\hotspot\share\classfile\systemDictionary.cpp, line 312]
Event: 16.601 Thread 0x000001a49a8f4050 Exception <a 'java/lang/ClassNotFoundException'{0x000000060e9ba4b8}: org/thymeleaf/standard/expression/TokenBeanInfo> (0x000000060e9ba4b8) 
thrown [s\src\hotspot\share\classfile\systemDictionary.cpp, line 312]
Event: 16.604 Thread 0x000001a49a8f4050 Exception <a 'java/lang/ClassNotFoundException'{0x000000060e9c63e0}: org/thymeleaf/standard/expression/TokenCustomizer> (0x000000060e9c63e0) 
thrown [s\src\hotspot\share\classfile\systemDictionary.cpp, line 312]
Event: 16.608 Thread 0x000001a49a8f4050 Exception <a 'java/lang/ClassNotFoundException'{0x000000060e9d7268}: org/thymeleaf/standard/expression/GenericTokenExpressionCustomizer> (0x000000060e9d7268) 
thrown [s\src\hotspot\share\classfile\systemDictionary.cpp, line 312]
Event: 16.635 Thread 0x000001a49a8f4050 Exception <a 'java/lang/ClassNotFoundException'{0x000000060eba23b0}: nz/net/ultraq/thymeleaf/layoutdialect/fragments/FragmentParameterVariableUpdaterBeanInfo> (0x000000060eba23b0) 
thrown [s\src\hotspot\share\classfile\systemDictionary.cpp, line 312]
Event: 16.637 Thread 0x000001a49a8f4050 Exception <a 'java/lang/ClassNotFoundException'{0x000000060ebaf000}: nz/net/ultraq/thymeleaf/layoutdialect/fragments/FragmentParameterVariableUpdaterCustomizer> (0x000000060ebaf000) 
thrown [s\src\hotspot\share\classfile\systemDictionary.cpp, line 312]
Event: 16.638 Thread 0x000001a49a8f4050 Exception <a 'java/lang/NoSuchMethodError'{0x000000060ebc7dd8}: 'void java.lang.invoke.DirectMethodHandle$Holder.invokeVirtual(java.lang.Object, java.lang.Object, java.lang.Object, java.lang.Object, java.lang.Object)'> (0x000000060ebc7dd8) 
thrown [s\src\hotspot\share\interpreter\linkResolver.cpp, line 773]
Event: 16.699 Thread 0x000001a49a8f4050 Exception <a 'java/lang/NoSuchMethodError'{0x000000060e63f718}: 'java.lang.Object java.lang.invoke.Invokers$Holder.linkToCallSite(java.lang.Object, java.lang.Object, int, java.lang.Object)'> (0x000000060e63f718) 
thrown [s\src\hotspot\share\interpreter\linkResolver.cpp, line 773]
Event: 16.703 Thread 0x000001a49a8f4050 Exception <a 'java/lang/ClassNotFoundException'{0x000000060e65a788}: org/thymeleaf/engine/ElementTagStructureHandlerBeanInfo> (0x000000060e65a788) 
thrown [s\src\hotspot\share\classfile\systemDictionary.cpp, line 312]
Event: 16.707 Thread 0x000001a49a8f4050 Exception <a 'java/lang/ClassNotFoundException'{0x000000060e665d60}: org/thymeleaf/engine/ElementTagStructureHandlerCustomizer> (0x000000060e665d60) 
thrown [s\src\hotspot\share\classfile\systemDictionary.cpp, line 312]
Event: 16.708 Thread 0x000001a49a8f4050 Exception <a 'java/lang/NoSuchMethodError'{0x000000060e679ff8}: 'void java.lang.invoke.DirectMethodHandle$Holder.invokeInterface(java.lang.Object, java.lang.Object, java.lang.Object, int)'> (0x000000060e679ff8) 
thrown [s\src\hotspot\share\interpreter\linkResolver.cpp, line 773]
Event: 16.708 Thread 0x000001a49a8f4050 Exception <a 'java/lang/NoSuchMethodError'{0x000000060e6dd9e0}: 'void java.lang.invoke.DirectMethodHandle$Holder.invokeSpecial(java.lang.Object, java.lang.Object, java.lang.Object, java.lang.Object, int)'> (0x000000060e6dd9e0) 
thrown [s\src\hotspot\share\interpreter\linkResolver.cpp, line 773]
Event: 16.709 Thread 0x000001a49a8f4050 Exception <a 'java/lang/NoSuchMethodError'{0x000000060e6e16d8}: 'void java.lang.invoke.DelegatingMethodHandle$Holder.reinvoke_L(java.lang.Object, java.lang.Object, java.lang.Object, int)'> (0x000000060e6e16d8) 
thrown [s\src\hotspot\share\interpreter\linkResolver.cpp, line 773]
Event: 16.710 Thread 0x000001a49a8f4050 Exception <a 'java/lang/NoSuchMethodError'{0x000000060e6eb340}: 'java.lang.Object java.lang.invoke.DelegatingMethodHandle$Holder.delegate(java.lang.Object, java.lang.Object, java.lang.Object, java.lang.Object, int)'> (0x000000060e6eb340) 
thrown [s\src\hotspot\share\interpreter\linkResolver.cpp, line 773]
Event: 16.711 Thread 0x000001a49a8f4050 Exception <a 'java/lang/NoSuchMethodError'{0x000000060e6fa6d8}: 'int java.lang.invoke.DirectMethodHandle$Holder.invokeSpecial(java.lang.Object, java.lang.Object, java.lang.Object, java.lang.Object, int)'> (0x000000060e6fa6d8) 
thrown [s\src\hotspot\share\interpreter\linkResolver.cpp, line 773]
Event: 69.695 Thread 0x000001a49a8f81f0 Exception <a 'java/lang/NoSuchMethodError'{0x000000060d074058}: 'java.lang.Object java.lang.invoke.DelegatingMethodHandle$Holder.delegate(java.lang.Object, int, java.lang.Object)'> (0x000000060d074058) 
thrown [s\src\hotspot\share\interpreter\linkResolver.cpp, line 773]

ZGC Phase Switch (0 events):
No events

VM Operations (20 events):
Event: 486.561 Executing VM operation: ChangeSingleStep
Event: 486.561 Executing VM operation: ChangeSingleStep done
Event: 486.561 Executing VM operation: ChangeSingleStep
Event: 486.561 Executing VM operation: ChangeSingleStep done
Event: 486.629 Executing VM operation: get/set locals
Event: 486.629 Executing VM operation: get/set locals done
Event: 486.630 Executing VM operation: get/set locals
Event: 486.630 Executing VM operation: get/set locals done
Event: 486.630 Executing VM operation: get/set locals
Event: 486.630 Executing VM operation: get/set locals done
Event: 486.631 Executing VM operation: get/set locals
Event: 486.631 Executing VM operation: get/set locals done
Event: 486.632 Executing VM operation: get/set locals
Event: 486.632 Executing VM operation: get/set locals done
Event: 486.632 Executing VM operation: get/set locals
Event: 486.632 Executing VM operation: get/set locals done
Event: 486.633 Executing VM operation: get/set locals
Event: 486.633 Executing VM operation: get/set locals done
Event: 488.635 Executing VM operation: Cleanup
Event: 488.635 Executing VM operation: Cleanup done

Events (20 events):
Event: 21.416 Thread 0x000001a4984a06c0 Thread exited: 0x000001a4984a06c0
Event: 23.399 Thread 0x000001a452766590 Thread exited: 0x000001a452766590
Event: 26.461 Thread 0x000001a452755d80 Thread exited: 0x000001a452755d80
Event: 69.690 Thread 0x000001a4984a06c0 Thread added: 0x000001a4984a06c0
Event: 69.690 Thread 0x000001a498e0af30 Thread added: 0x000001a498e0af30
Event: 69.690 Thread 0x000001a49b234660 Thread added: 0x000001a49b234660
Event: 72.874 Thread 0x000001a49b234660 Thread exited: 0x000001a49b234660
Event: 77.707 Thread 0x000001a498e0af30 Thread exited: 0x000001a498e0af30
Event: 77.707 Thread 0x000001a4984a06c0 Thread exited: 0x000001a4984a06c0
Event: 91.068 Thread 0x000001a4994bb3d0 Thread exited: 0x000001a4994bb3d0
Event: 91.068 Thread 0x000001a498dba590 Thread exited: 0x000001a498dba590
Event: 91.068 Thread 0x000001a4994bce10 Thread exited: 0x000001a4994bce10
Event: 91.069 Thread 0x000001a4994bc780 Thread exited: 0x000001a4994bc780
Event: 91.069 Thread 0x000001a498daf870 Thread exited: 0x000001a498daf870
Event: 91.069 Thread 0x000001a4994b9990 Thread exited: 0x000001a4994b9990
Event: 91.069 Thread 0x000001a4994ba020 Thread exited: 0x000001a4994ba020
Event: 487.864 Thread 0x000001a4994bba60 Thread added: 0x000001a4994bba60
Event: 487.864 Thread 0x000001a49a8f3330 Thread exited: 0x000001a49a8f3330
Event: 487.867 Thread 0x000001a4994bb3d0 Thread added: 0x000001a4994bb3d0
Event: 487.875 Thread 0x000001a49a8f8880 Thread exited: 0x000001a49a8f8880


Dynamic libraries:
0x00007ff6cc2a0000 - 0x00007ff6cc2ae000 	C:\pleiades\2024-03\java\21\bin\javaw.exe
0x00007ff8e6900000 - 0x00007ff8e6b66000 	C:\WINDOWS\SYSTEM32\ntdll.dll
0x00007ff86cc10000 - 0x00007ff86cc2b000 	C:\Program Files\Avast Software\Avast\aswhook.dll
0x00007ff8e4c90000 - 0x00007ff8e4d59000 	C:\WINDOWS\System32\KERNEL32.DLL
0x00007ff8e4200000 - 0x00007ff8e45cc000 	C:\WINDOWS\System32\KERNELBASE.dll
0x00007ff8e40b0000 - 0x00007ff8e41fb000 	C:\WINDOWS\System32\ucrtbase.dll
0x00007ff8bf9b0000 - 0x00007ff8bf9cb000 	C:\pleiades\2024-03\java\21\bin\VCRUNTIME140.dll
0x00007ff8cfbf0000 - 0x00007ff8cfc08000 	C:\pleiades\2024-03\java\21\bin\jli.dll
0x00007ff8e47a0000 - 0x00007ff8e496a000 	C:\WINDOWS\System32\USER32.dll
0x00007ff8e4690000 - 0x00007ff8e46b7000 	C:\WINDOWS\System32\win32u.dll
0x00007ff8e4d60000 - 0x00007ff8e4d8b000 	C:\WINDOWS\System32\GDI32.dll
0x00007ff8b37d0000 - 0x00007ff8b3a6a000 	C:\WINDOWS\WinSxS\amd64_microsoft.windows.common-controls_6595b64144ccf1df_6.0.26100.3912_none_3e07963ce335137e\COMCTL32.dll
0x00007ff8e3f70000 - 0x00007ff8e40a2000 	C:\WINDOWS\System32\gdi32full.dll
0x00007ff8e4be0000 - 0x00007ff8e4c89000 	C:\WINDOWS\System32\msvcrt.dll
0x00007ff8e3b20000 - 0x00007ff8e3bc3000 	C:\WINDOWS\System32\msvcp_win.dll
0x00007ff8e4b90000 - 0x00007ff8e4bc0000 	C:\WINDOWS\System32\IMM32.DLL
0x00007ff8bfc60000 - 0x00007ff8bfc6c000 	C:\pleiades\2024-03\java\21\bin\vcruntime140_1.dll
0x00007ff8a2820000 - 0x00007ff8a28ae000 	C:\pleiades\2024-03\java\21\bin\msvcp140.dll
0x00007ff811010000 - 0x00007ff811d93000 	C:\pleiades\2024-03\java\21\bin\server\jvm.dll
0x00007ff8e4a50000 - 0x00007ff8e4b02000 	C:\WINDOWS\System32\ADVAPI32.dll
0x00007ff8e5f60000 - 0x00007ff8e6006000 	C:\WINDOWS\System32\sechost.dll
0x00007ff8e6270000 - 0x00007ff8e6386000 	C:\WINDOWS\System32\RPCRT4.dll
0x00007ff8e6010000 - 0x00007ff8e6084000 	C:\WINDOWS\System32\WS2_32.dll
0x00007ff8e2680000 - 0x00007ff8e26de000 	C:\WINDOWS\SYSTEM32\POWRPROF.dll
0x00007ff8d9c50000 - 0x00007ff8d9c86000 	C:\WINDOWS\SYSTEM32\WINMM.dll
0x00007ff8d9400000 - 0x00007ff8d940b000 	C:\WINDOWS\SYSTEM32\VERSION.dll
0x00007ff8e2660000 - 0x00007ff8e2674000 	C:\WINDOWS\SYSTEM32\UMPDC.dll
0x00007ff8e2930000 - 0x00007ff8e294a000 	C:\WINDOWS\SYSTEM32\kernel.appcore.dll
0x00007ff8de340000 - 0x00007ff8de34a000 	C:\pleiades\2024-03\java\21\bin\jimage.dll
0x00007ff8e0bd0000 - 0x00007ff8e0e11000 	C:\WINDOWS\SYSTEM32\DBGHELP.DLL
0x00007ff8e6390000 - 0x00007ff8e6714000 	C:\WINDOWS\System32\combase.dll
0x00007ff8e5e70000 - 0x00007ff8e5f50000 	C:\WINDOWS\System32\OLEAUT32.dll
0x00007ff8ce2e0000 - 0x00007ff8ce319000 	C:\WINDOWS\SYSTEM32\dbgcore.DLL
0x00007ff8e3d50000 - 0x00007ff8e3de9000 	C:\WINDOWS\System32\bcryptPrimitives.dll
0x00007ff8c0460000 - 0x00007ff8c049c000 	C:\pleiades\2024-03\java\21\bin\jdwp.dll
0x00007ff8dccb0000 - 0x00007ff8dccbf000 	C:\pleiades\2024-03\java\21\bin\instrument.dll
0x00007ff8d01c0000 - 0x00007ff8d01df000 	C:\pleiades\2024-03\java\21\bin\java.dll
0x00007ff8e4d90000 - 0x00007ff8e54bd000 	C:\WINDOWS\System32\SHELL32.dll
0x00007ff8e3df0000 - 0x00007ff8e3f64000 	C:\WINDOWS\System32\wintypes.dll
0x00007ff8e1820000 - 0x00007ff8e2076000 	C:\WINDOWS\SYSTEM32\windows.storage.dll
0x00007ff8e54c0000 - 0x00007ff8e55af000 	C:\WINDOWS\System32\SHCORE.dll
0x00007ff8e5a60000 - 0x00007ff8e5ac9000 	C:\WINDOWS\System32\shlwapi.dll
0x00007ff8e39a0000 - 0x00007ff8e39cf000 	C:\WINDOWS\SYSTEM32\profapi.dll
0x00007ff8de560000 - 0x00007ff8de56c000 	C:\pleiades\2024-03\java\21\bin\dt_socket.dll
0x00007ff8e2370000 - 0x00007ff8e23a3000 	C:\WINDOWS\SYSTEM32\IPHLPAPI.DLL
0x00007ff8e2e80000 - 0x00007ff8e2eea000 	C:\WINDOWS\system32\mswsock.dll
0x00007ff8e2440000 - 0x00007ff8e2567000 	C:\WINDOWS\SYSTEM32\DNSAPI.dll
0x00007ff8e5e60000 - 0x00007ff8e5e6a000 	C:\WINDOWS\System32\NSI.dll
0x00007ff8dc920000 - 0x00007ff8dc92b000 	C:\Windows\System32\rasadhlp.dll
0x00007ff8dce30000 - 0x00007ff8dceb6000 	C:\WINDOWS\System32\fwpuclnt.dll
0x00007ff8c30c0000 - 0x00007ff8c30d8000 	C:\pleiades\2024-03\java\21\bin\zip.dll
0x00007ff8d2c00000 - 0x00007ff8d2c10000 	C:\pleiades\2024-03\java\21\bin\net.dll
0x00007ff8dbc30000 - 0x00007ff8dbd4e000 	C:\WINDOWS\SYSTEM32\WINHTTP.dll
0x00007ff8bfc70000 - 0x00007ff8bfc86000 	C:\pleiades\2024-03\java\21\bin\nio.dll
0x00007ff8c0320000 - 0x00007ff8c032a000 	C:\pleiades\2024-03\java\21\bin\management.dll
0x00007ff8c0030000 - 0x00007ff8c003b000 	C:\pleiades\2024-03\java\21\bin\management_ext.dll
0x00007ff8e6720000 - 0x00007ff8e6728000 	C:\WINDOWS\System32\PSAPI.DLL
0x00007ff8a3580000 - 0x00007ff8a3598000 	C:\WINDOWS\system32\napinsp.dll
0x00007ff8a3560000 - 0x00007ff8a3572000 	C:\WINDOWS\System32\winrnr.dll
0x00007ff8a3520000 - 0x00007ff8a3550000 	C:\WINDOWS\system32\nlansp_c.dll
0x00007ff8ce0d0000 - 0x00007ff8ce0f0000 	C:\WINDOWS\system32\wshbth.dll
0x00007ff8bfc10000 - 0x00007ff8bfc20000 	C:\pleiades\2024-03\java\21\bin\verify.dll
0x00007ff8e3240000 - 0x00007ff8e325c000 	C:\WINDOWS\SYSTEM32\CRYPTSP.dll
0x00007ff8e2890000 - 0x00007ff8e28ca000 	C:\WINDOWS\system32\rsaenh.dll
0x00007ff8e2f20000 - 0x00007ff8e2f4b000 	C:\WINDOWS\SYSTEM32\USERENV.dll
0x00007ff8e3970000 - 0x00007ff8e3996000 	C:\WINDOWS\SYSTEM32\bcrypt.dll
0x00007ff8e30b0000 - 0x00007ff8e30bc000 	C:\WINDOWS\SYSTEM32\CRYPTBASE.dll
0x00007ff8c4c70000 - 0x00007ff8c4c79000 	C:\pleiades\2024-03\java\21\bin\extnet.dll
0x00007ff8c83a0000 - 0x00007ff8c83ae000 	C:\pleiades\2024-03\java\21\bin\sunmscapi.dll
0x00007ff8e3bd0000 - 0x00007ff8e3d47000 	C:\WINDOWS\System32\CRYPT32.dll
0x00007ff8e3390000 - 0x00007ff8e33c0000 	C:\WINDOWS\SYSTEM32\ncrypt.dll
0x00007ff8e3340000 - 0x00007ff8e337f000 	C:\WINDOWS\SYSTEM32\NTASN1.dll
0x00007ff86b170000 - 0x00007ff86b178000 	C:\WINDOWS\system32\wshunix.dll

dbghelp: loaded successfully - version: 4.0.5 - missing functions: none
symbol engine: initialized successfully - sym options: 0x614 - pdb path: .;C:\pleiades\2024-03\java\21\bin;C:\WINDOWS\SYSTEM32;C:\Program Files\Avast Software\Avast;C:\WINDOWS\WinSxS\amd64_microsoft.windows.common-controls_6595b64144ccf1df_6.0.26100.3912_none_3e07963ce335137e;C:\pleiades\2024-03\java\21\bin\server

VM Arguments:
jvm_args: -XX:+ShowCodeDetailsInExceptionMessages -agentlib:jdwp=transport=dt_socket,suspend=y,address=localhost:61527 -Dcom.sun.management.jmxremote -Dcom.sun.management.jmxremote.port=61526 -Dcom.sun.management.jmxremote.authenticate=false -Dcom.sun.management.jmxremote.ssl=false -Djava.rmi.server.hostname=localhost -Dspring.jmx.enabled=true -Dmanagement.endpoints.jmx.exposure.include=* -Dspring.application.admin.enabled=true -XX:TieredStopAtLevel=1 -Dspring.boot.project.name=KintaiSystem -javaagent:C:\pleiades\2024-03\eclipse\configuration\org.eclipse.osgi\251\0\.cp\lib\javaagent-shaded.jar -Dfile.encoding=UTF-8 -Dstdout.encoding=UTF-8 -Dstderr.encoding=UTF-8 
java_command: com.example.SpringBootSampleApplication --spring.output.ansi.enabled=always
java_class_path (initial): C:\pleiades\2024-03\workspace\KintaiSystem\target\classes;C:\pleiades\2024-03\workspace\KintaiSystem\target\test-classes;C:\Users\m83ai\.m2\repository\org\springframework\boot\spring-boot-starter-data-jdbc\3.4.1\spring-boot-starter-data-jdbc-3.4.1.jar;C:\Users\m83ai\.m2\repository\org\springframework\boot\spring-boot-starter-jdbc\3.4.1\spring-boot-starter-jdbc-3.4.1.jar;C:\Users\m83ai\.m2\repository\com\zaxxer\HikariCP\5.1.0\HikariCP-5.1.0.jar;C:\Users\m83ai\.m2\repository\org\springframework\spring-jdbc\6.2.1\spring-jdbc-6.2.1.jar;C:\Users\m83ai\.m2\repository\org\springframework\data\spring-data-jdbc\3.4.1\spring-data-jdbc-3.4.1.jar;C:\Users\m83ai\.m2\repository\org\springframework\data\spring-data-relational\3.4.1\spring-data-relational-3.4.1.jar;C:\Users\m83ai\.m2\repository\org\springframework\data\spring-data-commons\3.4.1\spring-data-commons-3.4.1.jar;C:\Users\m83ai\.m2\repository\org\springframework\spring-tx\6.2.1\spring-tx-6.2.1.jar;C:\Users\m83ai\.m2\repository\org\springframework\spring-context\6.2.1\spring-context-6.2.1.jar;C:\Users\m83ai\.m2\repository\org\springframework\boot\spring-boot-starter-thymeleaf\3.4.1\spring-boot-starter-thymeleaf-3.4.1.jar;C:\Users\m83ai\.m2\repository\org\springframework\boot\spring-boot-starter\3.4.1\spring-boot-starter-3.4.1.jar;C:\Users\m83ai\.m2\repository\org\springframework\boot\spring-boot-starter-logging\3.4.1\spring-boot-starter-logging-3.4.1.jar;C:\Users\m83ai\.m2\repository\ch\qos\logback\logback-classic\1.5.12\logback-classic-1.5.12.jar;C:\Users\m83ai\.m2\repository\ch\qos\logback\logback-core\1.5.12\logback-core-1.5.12.jar;C:\Users\m83ai\.m2\repository\org\apache\logging\log4j\log4j-to-slf4j\2.24.3\log4j-to-slf4j-2.24.3.jar;C:\Users\m83ai\.m2\repository\org\apache\logging\log4j\log4j-api\2.24.3\log4j-api-2.24.3.jar;C:\Users\m83ai\.m2\repository\org\slf4j\jul-to-slf4j\2.0.16\jul-to-slf4j-2.0.16.jar;C:\Users\m83ai\.m2\repository\jakarta\annotation\jakarta.annotation-api\2.1.1\jakarta.annotation-api-2.1.1.jar;C:\Users\m83ai\.m2\repository\org\yaml\snakeyaml\2.3\snakeyaml-2.3.jar;C:\Users\m83ai\.m2\repository\org\thymeleaf\thymeleaf-spring6\3.1.3.RELEASE\thymeleaf-spring6-3.1.3.RELEASE.jar;C:\Users\m83ai\.m2\repository\org\springframework\boot\spring-boot-starter-web\3.4.1\spring-boot-starter-web-3.4.1.jar;C:\Users\m83ai\.m2\repository\org\springframework\boot\spring-boot-starter-json\3.4.1\spring-boot-starter-json-3.4.1.jar;C:\Users\m83ai\.m2\repository\com\fasterxml\jackson\datatype\jackson-datatype-jdk8\2.18.2\jackson-datatype-jdk8-2.18.2.jar;C:\Users\m83ai\.m2\repository\com\fasterxml\jackson\datatype\jackson-datatype-jsr310\2.18.2\jackson-datatype-jsr310-2.18.2.jar;C:\Users\m83ai\.m2\repository\com\fasterxml\jackson\module\jackson-module-parameter-names\2.18.2\jackson-module-parameter-names-2.18.2.jar;C:\Users\m83ai\.m2\repository\org\springframework\boot\spring-boot-starter-tomcat\3.4.1\spring-boot-starter-tomcat-3.4.1.jar;C:\Users\m83ai\.m2\repository\org\apache\tomcat\embed\tomcat-embed-core\10.1.34\tomcat-embed-core-10.1.34.jar;C:\Users\m83ai\.m2\repository\org\apache\tomcat\embed\tomcat-embed-websocket\10.1.34\tomcat-embed-websocket-10.1.34.jar;C:\Users\m83ai\.m2\repository\org\springframework\spring-web\6.2.1\spring-web-6.2.1.jar;C:\Users\m83ai\.m2\repository\io\micrometer\micrometer-observation\1.14.2\micrometer-observation-1.14.2.jar;C:\Users\m83ai\.m2\repository\io\micrometer\micrometer-commons\1.14.2\micrometer-commons-1.14.2.jar;C:\Users\m83ai\.m2\repository\org\springframework\spring-webmvc\6.2.1\spring-webmvc-6.2.1.jar;C:\Users\m83ai\.m2\repository\org\springframework\spring-expression\6.2.1\spring-expression-6.2.1.jar;C:\Users\m83ai\.m2\repository\org\springframework\boot\spring-boot-devtools\3.4.1\spring-boot-devtools-3.4.1.jar;C:\Users\m83ai\.m2\repository\org\springframework\boot\spring-boot\3.4.1\spring-boot-3.4.1.jar;C:\Users\m83ai\.m2\repository\org\springframework\boot\spring-boot-autoconfigure\3.4.1\spring-boot-autoconfigure-3.4.1.jar;C:\Users\m83ai\.m2\repository\com\h2database\h2\2.3.232\h2-2.3.232.jar;C:\Users\m83ai\.m2\repository\org\projectlombok\lombok\1.18.36\lombok-1.18.36.jar;C:\Users\m83ai\.m2\repository\org\springframework\boot\spring-boot-starter-test\3.4.1\spring-boot-starter-test-3.4.1.jar;C:\Users\m83ai\.m2\repository\org\springframework\boot\spring-boot-test\3.4.1\spring-boot-test-3.4.1.jar;C:\Users\m83ai\.m2\repository\org\springframework\boot\spring-boot-test-autoconfigure\3.4.1\spring-boot-test-autoconfigure-3.4.1.jar;C:\Users\m83ai\.m2\repository\com\jayway\jsonpath\json-path\2.9.0\json-path-2.9.0.jar;C:\Users\m83ai\.m2\repository\jakarta\xml\bind\jakarta.xml.bind-api\4.0.2\jakarta.xml.bind-api-4.0.2.jar;C:\Users\m83ai\.m2\repository\jakarta\activation\jakarta.activation-api\2.1.3\jakarta.activation-api-2.1.3.jar;C:\Users\m83ai\.m2\repository\net\minidev\json-smart\2.5.1\json-smart-2.5.1.jar;C:\Users\m83ai\.m2\repository\net\minidev\accessors-smart\2.5.1\accessors-smart-2.5.1.jar;C:\Users\m83ai\.m2\repository\org\ow2\asm\asm\9.6\asm-9.6.jar;C:\Users\m83ai\.m2\repository\org\assertj\assertj-core\3.26.3\assertj-core-3.26.3.jar;C:\Users\m83ai\.m2\repository\net\bytebuddy\byte-buddy\1.15.11\byte-buddy-1.15.11.jar;C:\Users\m83ai\.m2\repository\org\awaitility\awaitility\4.2.2\awaitility-4.2.2.jar;C:\Users\m83ai\.m2\repository\org\hamcrest\hamcrest\2.2\hamcrest-2.2.jar;C:\Users\m83ai\.m2\repository\org\junit\jupiter\junit-jupiter\5.11.4\junit-jupiter-5.11.4.jar;C:\Users\m83ai\.m2\repository\org\junit\jupiter\junit-jupiter-api\5.11.4\junit-jupiter-api-5.11.4.jar;C:\Users\m83ai\.m2\repository\org\opentest4j\opentest4j\1.3.0\opentest4j-1.3.0.jar;C:\Users\m83ai\.m2\repository\org\junit\platform\junit-platform-commons\1.11.4\junit-platform-commons-1.11.4.jar;C:\Users\m83ai\.m2\repository\org\apiguardian\apiguardian-api\1.1.2\apiguardian-api-1.1.2.jar;C:\Users\m83ai\.m2\repository\org\junit\jupiter\junit-jupiter-params\5.11.4\junit-jupiter-params-5.11.4.jar;C:\Users\m83ai\.m2\repository\org\junit\jupiter\junit-jupiter-engine\5.11.4\junit-jupiter-engine-5.11.4.jar;C:\Users\m83ai\.m2\repository\org\junit\platform\junit-platform-engine\1.11.4\junit-platform-engine-1.11.4.jar;C:\Users\m83ai\.m2\repository\org\mockito\mockito-core\5.14.2\mockito-core-5.14.2.jar;C:\Users\m83ai\.m2\repository\net\bytebuddy\byte-buddy-agent\1.15.11\byte-buddy-agent-1.15.11.jar;C:\Users\m83ai\.m2\repository\org\objenesis\objenesis\3.3\objenesis-3.3.jar;C:\Users\m83ai\.m2\repository\org\mockito\mockito-junit-jupiter\5.14.2\mockito-junit-jupiter-5.14.2.jar;C:\Users\m83ai\.m2\repository\org\skyscreamer\jsonassert\1.5.3\jsonassert-1.5.3.jar;C:\Users\m83ai\.m2\repository\com\vaadin\external\google\android-json\0.0.20131108.vaadin1\android-json-0.0.20131108.vaadin1.jar;C:\Users\m83ai\.m2\repository\org\springframework\spring-core\6.2.1\spring-core-6.2.1.jar;C:\Users\m83ai\.m2\repository\org\springframework\spring-jcl\6.2.1\spring-jcl-6.2.1.jar;C:\Users\m83ai\.m2\repository\org\springframework\spring-test\6.2.1\spring-test-6.2.1.jar;C:\Users\m83ai\.m2\repository\org\xmlunit\xmlunit-core\2.10.0\xmlunit-core-2.10.0.jar;C:\Users\m83ai\.m2\repository\org\webjars\jquery\3.5.1\jquery-3.5.1.jar;C:\Users\m83ai\.m2\repository\org\webjars\bootstrap\4.5.3\bootstrap-4.5.3.jar;C:\Users\m83ai\.m2\repository\org\webjars\popper.js\1.16.0\popper.js-1.16.0.jar;C:\Users\m83ai\.m2\repository\org\webjars\webjars-locator\0.40\webjars-locator-0.40.jar;C:\Users\m83ai\.m2\repository\org\webjars\webjars-locator-core\0.59\webjars-locator-core-0.59.jar;C:\Users\m83ai\.m2\repository\io\github\classgraph\classgraph\4.8.173\classgraph-4.8.173.jar;C:\Users\m83ai\.m2\repository\com\fasterxml\jackson\core\jackson-core\2.18.2\jackson-core-2.18.2.jar;C:\Users\m83ai\.m2\repository\com\fasterxml\jackson\core\jackson-databind\2.18.2\jackson-databind-2.18.2.jar;C:\Users\m83ai\.m2\repository\com\fasterxml\jackson\core\jackson-annotations\2.18.2\jackson-annotations-2.18.2.jar;C:\Users\m83ai\.m2\repository\org\apache\commons\commons-lang3\3.17.0\commons-lang3-3.17.0.jar;C:\Users\m83ai\.m2\repository\org\springframework\boot\spring-boot-starter-validation\3.4.1\spring-boot-starter-validation-3.4.1.jar;C:\Users\m83ai\.m2\repository\org\apache\tomcat\embed\tomcat-embed-el\10.1.34\tomcat-embed-el-10.1.34.jar;C:\Users\m83ai\.m2\repository\org\hibernate\validator\hibernate-validator\8.0.2.Final\hibernate-validator-8.0.2.Final.jar;C:\Users\m83ai\.m2\repository\jakarta\validation\jakarta.validation-api\3.0.2\jakarta.validation-api-3.0.2.jar;C:\Users\m83ai\.m2\repository\org\jboss\logging\jboss-logging\3.6.1.Final\jboss-logging-3.6.1.Final.jar;C:\Users\m83ai\.m2\repository\com\fasterxml\classmate\1.7.0\classmate-1.7.0.jar;C:\Users\m83ai\.m2\repository\nz\net\ultraq\thymeleaf\thymeleaf-layout-dialect\3.3.0\thymeleaf-layout-dialect-3.3.0.jar;C:\Users\m83ai\.m2\repository\org\apache\groovy\groovy\4.0.24\groovy-4.0.24.jar;C:\Users\m83ai\.m2\repository\nz\net\ultraq\groovy\groovy-extensions\2.1.0\groovy-extensions-2.1.0.jar;C:\Users\m83ai\.m2\repository\nz\net\ultraq\thymeleaf\thymeleaf-expression-processor\3.2.0\thymeleaf-expression-processor-3.2.0.jar;C:\Users\m83ai\.m2\repository\org\thymeleaf\thymeleaf\3.1.3.RELEASE\thymeleaf-3.1.3.RELEASE.jar;C:\Users\m83ai\.m2\repository\ognl\ognl\3.3.4\ognl-3.3.4.jar;C:\Users\m83ai\.m2\repository\org\javassist\javassist\3.29.0-GA\javassist-3.29.0-GA.jar;C:\Users\m83ai\.m2\repository\org\attoparser\attoparser\2.0.7.RELEASE\attoparser-2.0.7.RELEASE.jar;C:\Users\m83ai\.m2\repository\org\unbescape\unbescape\1.1.6.RELEASE\unbescape-1.1.6.RELEASE.jar;C:\Users\m83ai\.m2\repository\org\slf4j\slf4j-api\2.0.16\slf4j-api-2.0.16.jar;C:\Users\m83ai\.m2\repository\org\mybatis\spring\boot\mybatis-spring-boot-starter\3.0.3\mybatis-spring-boot-starter-3.0.3.jar;C:\Users\m83ai\.m2\repository\org\mybatis\spring\boot\mybatis-spring-boot-autoconfigure\3.0.3\mybatis-spring-boot-autoconfigure-3.0.3.jar;C:\Users\m83ai\.m2\repository\org\mybatis\mybatis\3.5.14\mybatis-3.5.14.jar;C:\Users\m83ai\.m2\repository\org\mybatis\mybatis-spring\3.0.3\mybatis-spring-3.0.3.jar;C:\Users\m83ai\.m2\repository\org\modelmapper\extensions\modelmapper-spring\2.3.9\modelmapper-spring-2.3.9.jar;C:\Users\m83ai\.m2\repository\org\modelmapper\modelmapper\2.3.9\modelmapper-2.3.9.jar;C:\Users\m83ai\.m2\repository\org\springframework\spring-aop\6.2.1\spring-aop-6.2.1.jar;C:\Users\m83ai\.m2\repository\org\springframework\spring-beans\6.2.1\spring-beans-6.2.1.jar;C:\Users\m83ai\.m2\repository\org\aspectj\aspectjweaver\1.9.22.1\aspectjweaver-1.9.22.1.jar;C:\Users\m83ai\.m2\repository\org\springframework\boot\spring-boot-starter-security\3.4.1\spring-boot-starter-security-3.4.1.jar;C:\Users\m83ai\.m2\repository\org\springframework\security\spring-security-config\6.4.2\spring-security-config-6.4.2.jar;C:\Users\m83ai\.m2\repository\org\springframework\security\spring-security-core\6.4.2\spring-security-core-6.4.2.jar;C:\Users\m83ai\.m2\repository\org\springframework\security\spring-security-crypto\6.4.2\spring-security-crypto-6.4.2.jar;C:\Users\m83ai\.m2\repository\org\springframework\security\spring-security-web\6.4.2\spring-security-web-6.4.2.jar;C:\Users\m83ai\.m2\repository\org\thymeleaf\extras\thymeleaf-extras-springsecurity6\3.1.1.RELEASE\thymeleaf-extras-springsecurity6-3.1.1.RELEASE.jar;C:\Users\m83ai\.m2\repository\org\webjars\datatables-plugins\1.10.21\datatables-plugins-1.10.21.jar;C:\Users\m83ai\.m2\repository\org\webjars\datatables\1.10.21\datatables-1.10.21.jar
Launcher Type: SUN_STANDARD

[Global flags]
     intx CICompilerCount                          = 4                                         {product} {ergonomic}
     uint ConcGCThreads                            = 2                                         {product} {ergonomic}
     uint G1ConcRefinementThreads                  = 8                                         {product} {ergonomic}
   size_t G1HeapRegionSize                         = 4194304                                   {product} {ergonomic}
    uintx GCDrainStackTargetSize                   = 64                                        {product} {ergonomic}
   size_t InitialHeapSize                          = 532676608                                 {product} {ergonomic}
     bool ManagementServer                         = true                                      {product} {command line}
   size_t MarkStackSize                            = 4194304                                   {product} {ergonomic}
   size_t MaxHeapSize                              = 8510242816                                {product} {ergonomic}
   size_t MaxNewSize                               = 5104467968                                {product} {ergonomic}
   size_t MinHeapDeltaBytes                        = 4194304                                   {product} {ergonomic}
   size_t MinHeapSize                              = 8388608                                   {product} {ergonomic}
    uintx NonNMethodCodeHeapSize                   = 4096                                   {pd product} {ergonomic}
    uintx NonProfiledCodeHeapSize                  = 0                                      {pd product} {ergonomic}
     bool ProfileInterpreter                       = false                                  {pd product} {command line}
    uintx ProfiledCodeHeapSize                     = 0                                      {pd product} {ergonomic}
     bool ShowCodeDetailsInExceptionMessages       = true                                   {manageable} {command line}
   size_t SoftMaxHeapSize                          = 8510242816                             {manageable} {ergonomic}
     intx TieredStopAtLevel                        = 1                                         {product} {command line}
     bool UseCompressedOops                        = true                           {product lp64_product} {ergonomic}
     bool UseG1GC                                  = true                                      {product} {ergonomic}
     bool UseLargePagesIndividualAllocation        = false                                  {pd product} {ergonomic}

Logging:
Log output configuration:
 #0: stdout all=warning uptime,level,tags foldmultilines=false
 #1: stderr all=off uptime,level,tags foldmultilines=false

Environment Variables:
JAVA_HOME=C:\Program Files\Eclipse Adoptium\jdk-17.0.4.101-hotspot\
PATH=C:/pleiades/2024-03/java/21/bin/server;C:/pleiades/2024-03/java/21/bin;C:\Program Files\Eclipse Adoptium\jdk-21.0.7.6-hotspot\bin;C:\Program Files\Eclipse Adoptium\jdk-17.0.4.101-hotspot\bin;C:\app\m83ai\product\21c\dbhomeXE\bin;C:\WINDOWS\system32;C:\WINDOWS;C:\WINDOWS\System32\Wbem;C:\WINDOWS\System32\WindowsPowerShell\v1.0\;C:\WINDOWS\System32\OpenSSH\;C:\Program Files\Git\cmd;C:\Users\m83ai\AppData\Local\Microsoft\WindowsApps;C:\Program Files\MySQL\MySQL Server 8.4\bin;C:\Users\m83ai\AppData\Local\GitHubDesktop\bin;C:\pleiades\2024-03\eclipse;
USERNAME=m83ai
OS=Windows_NT
PROCESSOR_IDENTIFIER=Intel64 Family 6 Model 140 Stepping 1, GenuineIntel
TMP=C:\Users\m83ai\AppData\Local\Temp
TEMP=C:\Users\m83ai\AppData\Local\Temp




Periodic native trim disabled

---------------  S Y S T E M  ---------------

OS:
 Windows 11 , 64 bit Build 26100 (10.0.26100.3912)
OS uptime: 3 days 18:03 hours
Hyper-V role detected

CPU: total 8 (initial active 8) (4 cores per cpu, 2 threads per core) family 6 model 140 stepping 1 microcode 0xb8, cx8, cmov, fxsr, ht, mmx, 3dnowpref, sse, sse2, sse3, ssse3, sse4.1, sse4.2, popcnt, lzcnt, tsc, tscinvbit, avx, avx2, aes, erms, clmul, bmi1, bmi2, adx, avx512f, avx512dq, avx512cd, avx512bw, avx512vl, sha, fma, vzeroupper, avx512_vpopcntdq, avx512_vpclmulqdq, avx512_vaes, avx512_vnni, clflush, clflushopt, clwb, avx512_vbmi2, avx512_vbmi, hv, rdtscp, rdpid, fsrm, gfni, avx512_bitalg, f16c, cet_ibt, cet_ss, avx512_ifma
Processor Information for all 8 processors :
  Max Mhz: 2419, Current Mhz: 2419, Mhz Limit: 2419

Memory: 4k page, system-wide physical 32448M (19153M free)
TotalPageFile size 34496M (AvailPageFile size 16970M)
current process WorkingSet (physical memory assigned to process): 397M, peak: 467M
current process commit charge ("private bytes"): 437M, peak: 634M

vm_info: OpenJDK 64-Bit Server VM (21.0.2+13-LTS) for windows-amd64 JRE (21.0.2+13-LTS), built on 2024-01-16T00:00:00Z by "admin" with unknown MS VC++:1937

END.
