#
# A fatal error has been detected by the Java Runtime Environment:
#
#  EXCEPTION_ACCESS_VIOLATION (0xc0000005) at pc=0x00000222ad7fada4, pid=8336, tid=25152
#
# JRE version: OpenJDK Runtime Environment Temurin-21.0.2+13 (21.0.2+13) (build 21.0.2+13-LTS)
# Java VM: OpenJDK 64-Bit Server VM Temurin-21.0.2+13 (21.0.2+13-LTS, mixed mode, emulated-client, sharing, tiered, compressed oops, compressed class ptrs, g1 gc, windows-amd64)
# Problematic frame:
# v  ~BufferBlob::MethodHandles adapters 0x00000222ad7fada4
#
# No core dump will be written. Minidumps are not enabled by default on client versions of Windows
#
# If you would like to submit a bug report, please visit:
#   https://github.com/adoptium/adoptium-support/issues
#

---------------  S U M M A R Y ------------

Command Line: -XX:+ShowCodeDetailsInExceptionMessages -agentlib:jdwp=transport=dt_socket,suspend=y,address=localhost:50057 -Dcom.sun.management.jmxremote -Dcom.sun.management.jmxremote.port=50056 -Dcom.sun.management.jmxremote.authenticate=false -Dcom.sun.management.jmxremote.ssl=false -Djava.rmi.server.hostname=localhost -Dspring.jmx.enabled=true -Dmanagement.endpoints.jmx.exposure.include=* -Dspring.application.admin.enabled=true -XX:TieredStopAtLevel=1 -Dspring.boot.project.name=KintaiSystem -javaagent:C:\pleiades\2024-03\eclipse\configuration\org.eclipse.osgi\251\0\.cp\lib\javaagent-shaded.jar -Dfile.encoding=UTF-8 -Dstdout.encoding=UTF-8 -Dstderr.encoding=UTF-8 com.example.SpringBootSampleApplication --spring.output.ansi.enabled=always

Host: 11th Gen Intel(R) Core(TM) i5-1135G7 @ 2.40GHz, 8 cores, 31G,  Windows 11 , 64 bit Build 26100 (10.0.26100.4202)
Time: Wed Jun 25 23:19:36 2025  Windows 11 , 64 bit Build 26100 (10.0.26100.4202) elapsed time: 273.844760 seconds (0d 0h 4m 33s)

---------------  T H R E A D  ---------------

Current thread (0x0000022286645410):  JavaThread "http-nio-8080-exec-2" daemon [_thread_in_Java, id=25152, stack(0x000000d5b9f00000,0x000000d5ba000000) (1024K)]

Stack: [0x000000d5b9f00000,0x000000d5ba000000],  sp=0x000000d5b9ffa2e8,  free space=1000k
Native frames: (J=compiled Java code, j=interpreted, Vv=VM code, C=native code)
C  0x00000222ad7fada4

The last pc belongs to _linkToVirtual (printed below).

siginfo: EXCEPTION_ACCESS_VIOLATION (0xc0000005), reading address 0xffffffffffffffff


Registers:
RAX=0x00000222ad7c958b, RBX=0x0000000609a21400, RCX=0x000000d5b9ffa300, RDX=0x0000000000000004
RSP=0x000000d5b9ffa2e8, RBP=0x000000d5b9ffa348, RSI=0x0000022284ebba18, RDI=0x00000222ff786770
R8 =0x0000000000000004, R9 =0x0000000000000004, R10=0x000002233f664276, R11=0xc12b4d1e00000000
R12=0x0000000000000000, R13=0x000000d5b9ffa2e8, R14=0x000000d5b9ffa378, R15=0x0000022286645410
RIP=0x00000222ad7fada4, EFLAGS=0x0000000000010202


Register to memory mapping:

RAX=0x00000222ad7c958b is at code_begin+4363 in an Interpreter codelet
return entry points  [0x00000222ad7c8480, 0x00000222ad7ca298]  7704 bytes
RBX=0x0000000609a21400 is an oop: java.lang.String 
{0x0000000609a21400} - klass: 'java/lang/String'
 - string: "system@co.jp"
 - ---- fields (total size 3 words):
 - private 'hash' 'I' @12  0 (0x00000000)
 - private final 'coder' 'B' @16  0 (0x00)
 - private 'hashIsZero' 'Z' @17  false (0x00)
 - injected 'flags' 'B' @18  0 (0x00)
 - private final 'value' '[B' @20  [B{0x00000006095a68f0} (0xc12b4d1e)
RCX=0x000000d5b9ffa300 is pointing into the stack for thread: 0x0000022286645410
RDX=0x0000000000000004 is an unknown value
RSP=0x000000d5b9ffa2e8 is pointing into the stack for thread: 0x0000022286645410
RBP=0x000000d5b9ffa348 is pointing into the stack for thread: 0x0000022286645410
RSI=0x0000022284ebba18 points into unknown readable memory: 0x88001a23a777817d | 7d 81 77 a7 23 1a 00 88
RDI=0x00000222ff786770 points into unknown readable memory: 0x0000002800000080 | 80 00 00 00 28 00 00 00
R8 =0x0000000000000004 is an unknown value
R9 =0x0000000000000004 is an unknown value
R10=0x000002233f664276 is an unknown value
R11=0xc12b4d1e00000000 is an unknown value
R12=0x0 is null
R13=0x000000d5b9ffa2e8 is pointing into the stack for thread: 0x0000022286645410
R14=0x000000d5b9ffa378 is pointing into the stack for thread: 0x0000022286645410
R15=0x0000022286645410 is a thread

Top of Stack: (sp=0x000000d5b9ffa2e8)
0x000000d5b9ffa2e8:   00000222ad7c958b 0000000609a213e8
0x000000d5b9ffa2f8:   00000006057d7998 000000d5b9ffa300
0x000000d5b9ffa308:   0000022281664276 0000000000000006
0x000000d5b9ffa318:   00000222816643c8 000000d5b9ffa3e8
0x000000d5b9ffa328:   0000000605f92508 0000022281664288
0x000000d5b9ffa338:   000000d5b9ffa2e8 000000d5b9ffa380
0x000000d5b9ffa348:   000000d5b9ffa3e8 00000222ad7c958b
0x000000d5b9ffa358:   0000000609a21470 0000000609a21400
0x000000d5b9ffa368:   0000000609a213e8 00000006057d7998
0x000000d5b9ffa378:   0000000609a21448 000000060e2b5878
0x000000d5b9ffa388:   000000060b7ed520 00000006057d7998
0x000000d5b9ffa398:   000000060b042b98 000000d5b9ffa3a0
0x000000d5b9ffa3a8:   0000022281f29301 000000000000000c
0x000000d5b9ffa3b8:   0000022281f29450 0000000000000000
0x000000d5b9ffa3c8:   000000060642b178 0000022281f29310
0x000000d5b9ffa3d8:   000000d5b9ffa380 000000d5b9ffa450
0x000000d5b9ffa3e8:   000000d5b9ffa700 00000222ae4332aa
0x000000d5b9ffa3f8:   0000000609a21448 0000000609a213e8
0x000000d5b9ffa408:   0000000609a21520 00000006057d7998
0x000000d5b9ffa418:   0000000609a214f8 0000000609a21400
0x000000d5b9ffa428:   0000000609a214d0 0000000609a21400
0x000000d5b9ffa438:   0000000609a213e8 00000006057d7998
0x000000d5b9ffa448:   0000000609a214a0 00000222ae371160
0x000000d5b9ffa458:   00007ffcae2deab8 000000d5b9ff9e90
0x000000d5b9ffa468:   000000d5b9ff9e94 0000000606004f60
0x000000d5b9ffa478:   0000000000000001 0000000606004f60
0x000000d5b9ffa488:   0000000605b17fd8 000000060577fb58
0x000000d5b9ffa498:   000000d5b9ff9270 000000d5b9ffa700
0x000000d5b9ffa4a8:   00000222adc22eec 00000222ae3707a0
0x000000d5b9ffa4b8:   00007ffc000000da 00000222ae36ef10
0x000000d5b9ffa4c8:   0000000000000c00 0000000000000000
0x000000d5b9ffa4d8:   0000000000000000 0000000000000000 

Instructions: (pc=0x00000222ad7fada4)
0x00000222ad7faca4:   22 02 00 00 00 ad 7f ad 22 02 00 00 80 bd 7f ad
0x00000222ad7facb4:   22 02 00 00 f0 ac 7f ad 22 02 00 00 f0 ac 7f ad
0x00000222ad7facc4:   22 02 00 00 00 00 00 00 00 00 00 00 b8 f6 63 ae
0x00000222ad7facd4:   fc 7f 00 00 f0 10 00 00 60 00 00 00 ff ff ff ff
0x00000222ad7face4:   f0 10 00 00 00 00 00 00 00 00 00 00 00 00 00 00
0x00000222ad7facf4:   00 00 00 00 00 00 00 00 00 00 00 00 f4 66 66 66
0x00000222ad7fad04:   0f 1f 84 00 00 00 00 00 66 66 66 90 66 66 66 0f
0x00000222ad7fad14:   1f 84 00 00 00 00 00 66 66 66 90 90 48 8b 53 08
0x00000222ad7fad24:   0f b7 52 2e 48 8b 0c d4 8b 59 14 48 c1 e3 03 8b
0x00000222ad7fad34:   5b 28 48 c1 e3 03 8b 5b 24 48 c1 e3 03 48 8b 5b
0x00000222ad7fad44:   10 48 85 db 0f 84 10 00 00 00 41 80 bf e0 05 00
0x00000222ad7fad54:   00 00 74 03 ff 63 38 ff 63 50 e9 9d 16 00 00 66
0x00000222ad7fad64:   66 66 0f 1f 84 00 00 00 00 00 66 66 66 90 66 66
0x00000222ad7fad74:   0f 1f 84 00 00 00 00 00 66 66 66 90 48 8b 53 08
0x00000222ad7fad84:   0f b7 52 2e 48 8b 0c d4 58 5b 50 44 8b 51 08 49
0x00000222ad7fad94:   bb 00 00 00 be 22 02 00 00 4d 03 d3 4c 8b 5b 10
0x00000222ad7fada4:   4b 8b 9c da c8 01 00 00 48 85 db 0f 84 10 00 00
0x00000222ad7fadb4:   00 41 80 bf e0 05 00 00 00 74 03 ff 63 38 ff 63
0x00000222ad7fadc4:   50 e9 36 16 00 00 66 66 66 0f 1f 84 00 00 00 00
0x00000222ad7fadd4:   00 66 66 66 90 0f 1f 80 00 00 00 00 58 5b 50 8b
0x00000222ad7fade4:   5b 24 48 c1 e3 03 48 8b 5b 10 48 85 db 0f 84 10
0x00000222ad7fadf4:   00 00 00 41 80 bf e0 05 00 00 00 74 03 ff 63 38
0x00000222ad7fae04:   ff 63 50 e9 f4 15 00 00 66 66 66 0f 1f 84 00 00
0x00000222ad7fae14:   00 00 00 66 66 66 90 0f 1f 44 00 00 48 8b 53 08
0x00000222ad7fae24:   0f b7 52 2e 48 8b 0c d4 58 5b 50 48 3b 01 8b 5b
0x00000222ad7fae34:   24 48 c1 e3 03 48 8b 5b 10 48 85 db 0f 84 10 00
0x00000222ad7fae44:   00 00 41 80 bf e0 05 00 00 00 74 03 ff 63 38 ff
0x00000222ad7fae54:   63 50 e9 a5 15 00 00 0f 1f 44 00 00 48 8b 53 08
0x00000222ad7fae64:   0f b7 52 2e 48 8b 0c d4 58 5b 50 44 8b 51 08 49
0x00000222ad7fae74:   bb 00 00 00 be 22 02 00 00 4d 03 d3 8b 43 18 48
0x00000222ad7fae84:   c1 e0 03 48 8b 40 10 48 8b 5b 10 45 8b 9a a0 00
0x00000222ad7fae94:   00 00 4f 8d 9c da c8 01 00 00 4d 8d 14 da 49 8b 


Stack slot to memory mapping:

stack at sp + 0 slots: 0x00000222ad7c958b is at code_begin+4363 in an Interpreter codelet
return entry points  [0x00000222ad7c8480, 0x00000222ad7ca298]  7704 bytes
stack at sp + 1 slots: 0x0000000609a213e8 is an oop: java.util.ArrayList 
{0x0000000609a213e8} - klass: 'java/util/ArrayList'
 - ---- fields (total size 3 words):
 - protected transient 'modCount' 'I' @12  2 (0x00000002)
 - private 'size' 'I' @16  2 (0x00000002)
 - transient 'elementData' '[Ljava/lang/Object;' @20  a 'java/lang/Object'[10] {0x00000006095a6910} (0xc12b4d22)
stack at sp + 2 slots: 0x00000006057d7998 is an oop: com.example.controller.KintaiListController 
{0x00000006057d7998} - klass: 'com/example/controller/KintaiListController'
 - ---- fields (total size 3 words):
 - private 'kintaiService' 'Lcom/example/domain/kintai/service/KintaiService;' @12  a 'com/example/domain/kintai/service/impl/KintaiServiceImpl'{0x00000006057d79b0} (0xc0afaf36)
 - private 'userService' 'Lcom/example/domain/kintai/service/UserService;' @16  a 'com/example/domain/kintai/service/impl/UserServiceImpl$$SpringCGLIB$$0'{0x00000006057979a8} (0xc0af2f35)
 - private 'modelMapper' 'Lorg/modelmapper/ModelMapper;' @20  a 'org/modelmapper/ModelMapper'{0x0000000605580e90} (0xc0ab01d2)
stack at sp + 3 slots: 0x000000d5b9ffa300 is pointing into the stack for thread: 0x0000022286645410
stack at sp + 4 slots: 0x0000022281664276 is pointing into metadata
stack at sp + 5 slots: 0x0000000000000006 is an unknown value
stack at sp + 6 slots: 0x00000222816643c8 is pointing into metadata
stack at sp + 7 slots: 0x000000d5b9ffa3e8 is pointing into the stack for thread: 0x0000022286645410

MethodHandle::interpreter_entry::_linkToVirtual [0x00000222ad7fad63, 0x00000222ad7fadca] (103 bytes)
[MachCode]
  0x00000222ad7fad63: 6666 660f | 1f84 0000 | 0000 0066 | 6666 9066 | 660f 1f84 | 0000 0000 | 0066 6666 | 9048 8b53 
  0x00000222ad7fad83: 080f b752 | 2e48 8b0c | d458 5b50 | 448b 5108 | 49bb 0000 | 00be 2202 | 0000 4d03 | d34c 8b5b 
  0x00000222ad7fada3: 104b 8b9c | dac8 0100 | 0048 85db | 0f84 1000 | 0000 4180 | bfe0 0500 | 0000 7403 | ff63 38ff 
  0x00000222ad7fadc3: 6350 e936 | 
[/MachCode]

---------------  P R O C E S S  ---------------

Threads class SMR info:
_java_thread_list=0x0000022286a8ca50, length=37, elements={
0x00000222bd2a7580, 0x00000222bd2a8780, 0x00000222bd2afd40, 0x00000222bd2b07a0,
0x00000222bd2b78b0, 0x00000222bd2b8310, 0x00000222bd2bb650, 0x00000222ba9ea390,
0x00000222bd466040, 0x00000222bd4666c0, 0x00000222bd468cc0, 0x00000222ff4022d0,
0x00000222ff681560, 0x00000222ff699b30, 0x00000222ff69a1a0, 0x000002228447c040,
0x0000022284488580, 0x0000022284488c10, 0x0000022284489930, 0x0000022284489fc0,
0x000002228448ace0, 0x0000022284487ef0, 0x0000022286646130, 0x00000222866446f0,
0x0000022286645410, 0x0000022286645aa0, 0x00000222866467c0, 0x0000022286646e50,
0x00000222866474e0, 0x0000022286644060, 0x0000022286644d80, 0x0000022286648200,
0x0000022286649c40, 0x0000022286647b70, 0x000002228664a2d0, 0x000002228664a960,
0x00000222840275d0
}

Java Threads: ( => current thread )
  0x00000222bd2a7580 JavaThread "Reference Handler"          daemon [_thread_blocked, id=1088, stack(0x000000d5b7700000,0x000000d5b7800000) (1024K)]
  0x00000222bd2a8780 JavaThread "Finalizer"                  daemon [_thread_blocked, id=24736, stack(0x000000d5b7800000,0x000000d5b7900000) (1024K)]
  0x00000222bd2afd40 JavaThread "Signal Dispatcher"          daemon [_thread_blocked, id=4736, stack(0x000000d5b7900000,0x000000d5b7a00000) (1024K)]
  0x00000222bd2b07a0 JavaThread "Attach Listener"            daemon [_thread_blocked, id=7452, stack(0x000000d5b7a00000,0x000000d5b7b00000) (1024K)]
  0x00000222bd2b78b0 JavaThread "Service Thread"             daemon [_thread_blocked, id=12284, stack(0x000000d5b7b00000,0x000000d5b7c00000) (1024K)]
  0x00000222bd2b8310 JavaThread "Monitor Deflation Thread"   daemon [_thread_blocked, id=8080, stack(0x000000d5b7c00000,0x000000d5b7d00000) (1024K)]
  0x00000222bd2bb650 JavaThread "C1 CompilerThread0"         daemon [_thread_blocked, id=6152, stack(0x000000d5b7d00000,0x000000d5b7e00000) (1024K)]
  0x00000222ba9ea390 JavaThread "Common-Cleaner"             daemon [_thread_blocked, id=23716, stack(0x000000d5b7e00000,0x000000d5b7f00000) (1024K)]
  0x00000222bd466040 JavaThread "JDWP Transport Listener: dt_socket" daemon [_thread_blocked, id=11612, stack(0x000000d5b8200000,0x000000d5b8300000) (1024K)]
  0x00000222bd4666c0 JavaThread "JDWP Event Helper Thread"   daemon [_thread_blocked, id=15876, stack(0x000000d5b8300000,0x000000d5b8400000) (1024K)]
  0x00000222bd468cc0 JavaThread "JDWP Command Reader"        daemon [_thread_in_native, id=15424, stack(0x000000d5b8400000,0x000000d5b8500000) (1024K)]
  0x00000222ff4022d0 JavaThread "Notification Thread"        daemon [_thread_blocked, id=26008, stack(0x000000d5b8500000,0x000000d5b8600000) (1024K)]
  0x00000222ff681560 JavaThread "RMI TCP Accept-0"           daemon [_thread_in_native, id=7496, stack(0x000000d5b8d00000,0x000000d5b8e00000) (1024K)]
  0x00000222ff699b30 JavaThread "RMI TCP Accept-50056"       daemon [_thread_in_native, id=8296, stack(0x000000d5b8e00000,0x000000d5b8f00000) (1024K)]
  0x00000222ff69a1a0 JavaThread "RMI TCP Accept-0"           daemon [_thread_in_native, id=8444, stack(0x000000d5b8f00000,0x000000d5b9000000) (1024K)]
  0x000002228447c040 JavaThread "RMI Scheduler(0)"           daemon [_thread_blocked, id=8760, stack(0x000000d5b9300000,0x000000d5b9400000) (1024K)]
  0x0000022284488580 JavaThread "JMX server connection timeout 41" daemon [_thread_blocked, id=2548, stack(0x000000d5b9500000,0x000000d5b9600000) (1024K)]
  0x0000022284488c10 JavaThread "Catalina-utility-1"                [_thread_blocked, id=26820, stack(0x000000d5b9600000,0x000000d5b9700000) (1024K)]
  0x0000022284489930 JavaThread "Catalina-utility-2"                [_thread_blocked, id=28256, stack(0x000000d5b9800000,0x000000d5b9900000) (1024K)]
  0x0000022284489fc0 JavaThread "container-0"                       [_thread_blocked, id=27868, stack(0x000000d5b9900000,0x000000d5b9a00000) (1024K)]
  0x000002228448ace0 JavaThread "HikariPool-1 housekeeper"   daemon [_thread_blocked, id=24016, stack(0x000000d5b9a00000,0x000000d5b9b00000) (1024K)]
  0x0000022284487ef0 JavaThread "File Watcher"               daemon [_thread_blocked, id=26348, stack(0x000000d5b9c00000,0x000000d5b9d00000) (1024K)]
  0x0000022286646130 JavaThread "Live Reload Server"         daemon [_thread_in_native, id=27984, stack(0x000000d5b9e00000,0x000000d5b9f00000) (1024K)]
  0x00000222866446f0 JavaThread "http-nio-8080-exec-1"       daemon [_thread_blocked, id=27032, stack(0x000000d5b9d00000,0x000000d5b9e00000) (1024K)]
=>0x0000022286645410 JavaThread "http-nio-8080-exec-2"       daemon [_thread_in_Java, id=25152, stack(0x000000d5b9f00000,0x000000d5ba000000) (1024K)]
  0x0000022286645aa0 JavaThread "http-nio-8080-exec-3"       daemon [_thread_blocked, id=25800, stack(0x000000d5ba000000,0x000000d5ba100000) (1024K)]
  0x00000222866467c0 JavaThread "http-nio-8080-exec-4"       daemon [_thread_blocked, id=27348, stack(0x000000d5ba100000,0x000000d5ba200000) (1024K)]
  0x0000022286646e50 JavaThread "http-nio-8080-exec-5"       daemon [_thread_blocked, id=20672, stack(0x000000d5ba200000,0x000000d5ba300000) (1024K)]
  0x00000222866474e0 JavaThread "http-nio-8080-exec-6"       daemon [_thread_blocked, id=2888, stack(0x000000d5ba300000,0x000000d5ba400000) (1024K)]
  0x0000022286644060 JavaThread "http-nio-8080-exec-7"       daemon [_thread_blocked, id=15296, stack(0x000000d5ba400000,0x000000d5ba500000) (1024K)]
  0x0000022286644d80 JavaThread "http-nio-8080-exec-8"       daemon [_thread_blocked, id=9640, stack(0x000000d5ba500000,0x000000d5ba600000) (1024K)]
  0x0000022286648200 JavaThread "http-nio-8080-exec-9"       daemon [_thread_blocked, id=27264, stack(0x000000d5ba600000,0x000000d5ba700000) (1024K)]
  0x0000022286649c40 JavaThread "http-nio-8080-exec-10"      daemon [_thread_blocked, id=27184, stack(0x000000d5ba700000,0x000000d5ba800000) (1024K)]
  0x0000022286647b70 JavaThread "http-nio-8080-Poller"       daemon [_thread_in_native, id=11508, stack(0x000000d5ba800000,0x000000d5ba900000) (1024K)]
  0x000002228664a2d0 JavaThread "http-nio-8080-Acceptor"     daemon [_thread_in_native, id=7732, stack(0x000000d5ba900000,0x000000d5baa00000) (1024K)]
  0x000002228664a960 JavaThread "DestroyJavaVM"                     [_thread_blocked, id=26124, stack(0x000000d5b6f00000,0x000000d5b7000000) (1024K)]
  0x00000222840275d0 JavaThread "RMI TCP Connection(idle)"   daemon [_thread_blocked, id=28164, stack(0x000000d5b9000000,0x000000d5b9100000) (1024K)]
Total: 37

Other Threads:
  0x00000222a2e48830 VMThread "VM Thread"                           [id=10032, stack(0x000000d5b7600000,0x000000d5b7700000) (1024K)]
  0x00000222ba9e9410 WatcherThread "VM Periodic Task Thread"        [id=25516, stack(0x000000d5b7500000,0x000000d5b7600000) (1024K)]
  0x00000222a2e48f70 WorkerThread "GC Thread#0"                     [id=25512, stack(0x000000d5b7000000,0x000000d5b7100000) (1024K)]
  0x00000222a2e47d50 WorkerThread "GC Thread#1"                     [id=6712, stack(0x000000d5b8600000,0x000000d5b8700000) (1024K)]
  0x00000222ff68e860 WorkerThread "GC Thread#2"                     [id=4824, stack(0x000000d5b8700000,0x000000d5b8800000) (1024K)]
  0x00000222ff68e120 WorkerThread "GC Thread#3"                     [id=13548, stack(0x000000d5b8800000,0x000000d5b8900000) (1024K)]
  0x00000222ff68e4c0 WorkerThread "GC Thread#4"                     [id=10508, stack(0x000000d5b8900000,0x000000d5b8a00000) (1024K)]
  0x00000222ff68d9e0 WorkerThread "GC Thread#5"                     [id=6900, stack(0x000000d5b8a00000,0x000000d5b8b00000) (1024K)]
  0x00000222ff68bce0 WorkerThread "GC Thread#6"                     [id=15308, stack(0x000000d5b8b00000,0x000000d5b8c00000) (1024K)]
  0x00000222ff68c080 WorkerThread "GC Thread#7"                     [id=22196, stack(0x000000d5b8c00000,0x000000d5b8d00000) (1024K)]
  0x00000222a517c690 ConcurrentGCThread "G1 Main Marker"            [id=4332, stack(0x000000d5b7100000,0x000000d5b7200000) (1024K)]
  0x00000222a2e48bd0 WorkerThread "G1 Conc#0"                       [id=26868, stack(0x000000d5b7200000,0x000000d5b7300000) (1024K)]
  0x00000222ff68ae60 WorkerThread "G1 Conc#1"                       [id=22544, stack(0x000000d5b9700000,0x000000d5b9800000) (1024K)]
  0x00000222ba8b93d0 ConcurrentGCThread "G1 Refine#0"               [id=24652, stack(0x000000d5b7300000,0x000000d5b7400000) (1024K)]
  0x00000222ba8bac00 ConcurrentGCThread "G1 Service"                [id=24836, stack(0x000000d5b7400000,0x000000d5b7500000) (1024K)]
Total: 15

Threads with active compile tasks:
Total: 0

VM state: not at safepoint (normal execution)

VM Mutex/Monitor currently owned by a thread: None

Heap address: 0x0000000604c00000, size: 8116 MB, Compressed Oops mode: Zero based, Oop shift amount: 3

CDS archive(s) mapped at: [0x00000222be000000-0x00000222bec90000-0x00000222bec90000), size 13172736, SharedBaseAddress: 0x00000222be000000, ArchiveRelocationMode: 1.
Compressed class space mapped at: 0x00000222bf000000-0x00000222ff000000, reserved size: 1073741824
Narrow klass base: 0x00000222be000000, Narrow klass shift: 0, Narrow klass range: 0x100000000

GC Precious Log:
 CardTable entry size: 512
 Card Set container configuration: InlinePtr #cards 4 size 8 Array Of Cards #cards 32 size 80 Howl #buckets 8 coarsen threshold 7372 Howl Bitmap #cards 1024 size 144 coarsen threshold 921 Card regions per heap region 1 cards per card region 8192
 CPUs: 8 total, 8 available
 Memory: 32448M
 Large Page Support: Disabled
 NUMA Support: Disabled
 Compressed Oops: Enabled (Zero based)
 Heap Region Size: 4M
 Heap Min Capacity: 8M
 Heap Initial Capacity: 508M
 Heap Max Capacity: 8116M
 Pre-touch: Disabled
 Parallel Workers: 8
 Concurrent Workers: 2
 Concurrent Refinement Workers: 8
 Periodic GC: Disabled

Heap:
 garbage-first heap   total 204800K, used 55611K [0x0000000604c00000, 0x0000000800000000)
  region size 4096K, 4 young (16384K), 2 survivors (8192K)
 Metaspace       used 69390K, committed 70656K, reserved 1114112K
  class space    used 9090K, committed 9664K, reserved 1048576K

Heap Regions: E=young(eden), S=young(survivor), O=old, HS=humongous(starts), HC=humongous(continues), CS=collection set, F=free, TAMS=top-at-mark-start, PB=parsable bottom
|   0|0x0000000604c00000, 0x0000000605000000, 0x0000000605000000|100%| O|  |TAMS 0x0000000604c00000| PB 0x0000000604c00000| Untracked 
|   1|0x0000000605000000, 0x0000000605400000, 0x0000000605400000|100%| O|  |TAMS 0x0000000605000000| PB 0x0000000605000000| Untracked 
|   2|0x0000000605400000, 0x0000000605800000, 0x0000000605800000|100%| O|  |TAMS 0x0000000605400000| PB 0x0000000605400000| Untracked 
|   3|0x0000000605800000, 0x0000000605c00000, 0x0000000605c00000|100%| O|  |TAMS 0x0000000605800000| PB 0x0000000605800000| Untracked 
|   4|0x0000000605c00000, 0x0000000606000000, 0x0000000606000000|100%| O|  |TAMS 0x0000000605c00000| PB 0x0000000605c00000| Untracked 
|   5|0x0000000606000000, 0x0000000606400000, 0x0000000606400000|100%| O|  |TAMS 0x0000000606000000| PB 0x0000000606000000| Untracked 
|   6|0x0000000606400000, 0x0000000606800000, 0x0000000606800000|100%| O|  |TAMS 0x0000000606400000| PB 0x0000000606400000| Untracked 
|   7|0x0000000606800000, 0x0000000606a61c28, 0x0000000606c00000| 59%| O|Cm|TAMS 0x0000000606800000| PB 0x0000000606800000| Complete 
|   8|0x0000000606c00000, 0x0000000607000000, 0x0000000607000000|100%| O|  |TAMS 0x0000000606c00000| PB 0x0000000606c00000| Untracked 
|   9|0x0000000607000000, 0x0000000607400000, 0x0000000607400000|100%| O|  |TAMS 0x0000000607000000| PB 0x0000000607000000| Untracked 
|  10|0x0000000607400000, 0x0000000607800000, 0x0000000607800000|100%| O|  |TAMS 0x0000000607400000| PB 0x0000000607400000| Untracked 
|  11|0x0000000607800000, 0x0000000607880178, 0x0000000607c00000| 12%| O|  |TAMS 0x0000000607800000| PB 0x0000000607800000| Untracked 
|  12|0x0000000607c00000, 0x0000000607c00000, 0x0000000608000000|  0%| F|  |TAMS 0x0000000607c00000| PB 0x0000000607c00000| Untracked 
|  13|0x0000000608000000, 0x0000000608000000, 0x0000000608400000|  0%| F|  |TAMS 0x0000000608000000| PB 0x0000000608000000| Untracked 
|  14|0x0000000608400000, 0x0000000608400000, 0x0000000608800000|  0%| F|  |TAMS 0x0000000608400000| PB 0x0000000608400000| Untracked 
|  15|0x0000000608800000, 0x0000000608800000, 0x0000000608c00000|  0%| F|  |TAMS 0x0000000608800000| PB 0x0000000608800000| Untracked 
|  16|0x0000000608c00000, 0x0000000608c00000, 0x0000000609000000|  0%| F|  |TAMS 0x0000000608c00000| PB 0x0000000608c00000| Untracked 
|  17|0x0000000609000000, 0x0000000609000000, 0x0000000609400000|  0%| F|  |TAMS 0x0000000609000000| PB 0x0000000609000000| Untracked 
|  18|0x0000000609400000, 0x000000060976d210, 0x0000000609800000| 85%| S|CS|TAMS 0x0000000609400000| PB 0x0000000609400000| Complete 
|  19|0x0000000609800000, 0x0000000609c00000, 0x0000000609c00000|100%| S|CS|TAMS 0x0000000609800000| PB 0x0000000609800000| Complete 
|  20|0x0000000609c00000, 0x0000000609c00000, 0x000000060a000000|  0%| F|  |TAMS 0x0000000609c00000| PB 0x0000000609c00000| Untracked 
|  21|0x000000060a000000, 0x000000060a000000, 0x000000060a400000|  0%| F|  |TAMS 0x000000060a000000| PB 0x000000060a000000| Untracked 
|  22|0x000000060a400000, 0x000000060a400000, 0x000000060a800000|  0%| F|  |TAMS 0x000000060a400000| PB 0x000000060a400000| Untracked 
|  23|0x000000060a800000, 0x000000060a800000, 0x000000060ac00000|  0%| F|  |TAMS 0x000000060a800000| PB 0x000000060a800000| Untracked 
|  24|0x000000060ac00000, 0x000000060ac00000, 0x000000060b000000|  0%| F|  |TAMS 0x000000060ac00000| PB 0x000000060ac00000| Untracked 
|  25|0x000000060b000000, 0x000000060b000000, 0x000000060b400000|  0%| F|  |TAMS 0x000000060b000000| PB 0x000000060b000000| Untracked 
|  26|0x000000060b400000, 0x000000060b400000, 0x000000060b800000|  0%| F|  |TAMS 0x000000060b400000| PB 0x000000060b400000| Untracked 
|  27|0x000000060b800000, 0x000000060b800000, 0x000000060bc00000|  0%| F|  |TAMS 0x000000060b800000| PB 0x000000060b800000| Untracked 
|  28|0x000000060bc00000, 0x000000060bc00000, 0x000000060c000000|  0%| F|  |TAMS 0x000000060bc00000| PB 0x000000060bc00000| Untracked 
|  29|0x000000060c000000, 0x000000060c000000, 0x000000060c400000|  0%| F|  |TAMS 0x000000060c000000| PB 0x000000060c000000| Untracked 
|  30|0x000000060c400000, 0x000000060c400000, 0x000000060c800000|  0%| F|  |TAMS 0x000000060c400000| PB 0x000000060c400000| Untracked 
|  31|0x000000060c800000, 0x000000060c800000, 0x000000060cc00000|  0%| F|  |TAMS 0x000000060c800000| PB 0x000000060c800000| Untracked 
|  32|0x000000060cc00000, 0x000000060cc00000, 0x000000060d000000|  0%| F|  |TAMS 0x000000060cc00000| PB 0x000000060cc00000| Untracked 
|  33|0x000000060d000000, 0x000000060d000000, 0x000000060d400000|  0%| F|  |TAMS 0x000000060d000000| PB 0x000000060d000000| Untracked 
|  34|0x000000060d400000, 0x000000060d400000, 0x000000060d800000|  0%| F|  |TAMS 0x000000060d400000| PB 0x000000060d400000| Untracked 
|  35|0x000000060d800000, 0x000000060d800000, 0x000000060dc00000|  0%| F|  |TAMS 0x000000060d800000| PB 0x000000060d800000| Untracked 
|  36|0x000000060dc00000, 0x000000060dc00000, 0x000000060e000000|  0%| F|  |TAMS 0x000000060dc00000| PB 0x000000060dc00000| Untracked 
|  37|0x000000060e000000, 0x000000060e000000, 0x000000060e400000|  0%| F|  |TAMS 0x000000060e000000| PB 0x000000060e000000| Untracked 
|  38|0x000000060e400000, 0x000000060e400000, 0x000000060e800000|  0%| F|  |TAMS 0x000000060e400000| PB 0x000000060e400000| Untracked 
|  39|0x000000060e800000, 0x000000060e800000, 0x000000060ec00000|  0%| F|  |TAMS 0x000000060e800000| PB 0x000000060e800000| Untracked 
|  40|0x000000060ec00000, 0x000000060ec00000, 0x000000060f000000|  0%| F|  |TAMS 0x000000060ec00000| PB 0x000000060ec00000| Untracked 
|  41|0x000000060f000000, 0x000000060f000000, 0x000000060f400000|  0%| F|  |TAMS 0x000000060f000000| PB 0x000000060f000000| Untracked 
|  42|0x000000060f400000, 0x000000060f400000, 0x000000060f800000|  0%| F|  |TAMS 0x000000060f400000| PB 0x000000060f400000| Untracked 
|  43|0x000000060f800000, 0x000000060f800000, 0x000000060fc00000|  0%| F|  |TAMS 0x000000060f800000| PB 0x000000060f800000| Untracked 
|  44|0x000000060fc00000, 0x000000060fc00000, 0x0000000610000000|  0%| F|  |TAMS 0x000000060fc00000| PB 0x000000060fc00000| Untracked 
|  45|0x0000000610000000, 0x0000000610000000, 0x0000000610400000|  0%| F|  |TAMS 0x0000000610000000| PB 0x0000000610000000| Untracked 
|  46|0x0000000610400000, 0x0000000610400000, 0x0000000610800000|  0%| F|  |TAMS 0x0000000610400000| PB 0x0000000610400000| Untracked 
|  47|0x0000000610800000, 0x0000000610800000, 0x0000000610c00000|  0%| F|  |TAMS 0x0000000610800000| PB 0x0000000610800000| Untracked 
|  48|0x0000000610c00000, 0x0000000610f1aeb0, 0x0000000611000000| 77%| E|  |TAMS 0x0000000610c00000| PB 0x0000000610c00000| Complete 
| 126|0x0000000624400000, 0x0000000624800000, 0x0000000624800000|100%| E|CS|TAMS 0x0000000624400000| PB 0x0000000624400000| Complete 

Card table byte_map: [0x00000222b18b0000,0x00000222b2890000] _byte_map_base: 0x00000222ae88a000

Marking Bits: (CMBitMap*) 0x00000222a516c260
 Bits: [0x00000222b2890000, 0x00000222ba760000)

Polling page: 0x00000222a30c0000

Metaspace:

Usage:
  Non-class:     58.89 MB used.
      Class:      8.88 MB used.
       Both:     67.76 MB used.

Virtual space:
  Non-class space:       64.00 MB reserved,      59.56 MB ( 93%) committed,  1 nodes.
      Class space:        1.00 GB reserved,       9.44 MB ( <1%) committed,  1 nodes.
             Both:        1.06 GB reserved,      69.00 MB (  6%) committed. 

Chunk freelists:
   Non-Class:  4.36 MB
       Class:  6.40 MB
        Both:  10.76 MB

MaxMetaspaceSize: unlimited
CompressedClassSpaceSize: 1.00 GB
Initial GC threshold: 21.00 MB
Current GC threshold: 109.69 MB
CDS: on
 - commit_granule_bytes: 65536.
 - commit_granule_words: 8192.
 - virtual_space_node_default_size: 8388608.
 - enlarge_chunks_in_place: 1.
 - use_allocation_guard: 0.


Internal statistics:

num_allocs_failed_limit: 9.
num_arena_births: 2012.
num_arena_deaths: 4.
num_vsnodes_births: 2.
num_vsnodes_deaths: 0.
num_space_committed: 1104.
num_space_uncommitted: 0.
num_chunks_returned_to_freelist: 15.
num_chunks_taken_from_freelist: 4634.
num_chunk_merges: 6.
num_chunk_splits: 3181.
num_chunks_enlarged: 2205.
num_inconsistent_stats: 0.

CodeCache: size=49152Kb used=18570Kb max_used=20019Kb free=30581Kb
 bounds [0x00000222ad7c0000, 0x00000222aebe0000, 0x00000222b07c0000]
 total_blobs=9569 nmethods=8625 adapters=867
 compilation: enabled
              stopped_count=0, restarted_count=0
 full_count=0

Compilation events (20 events):
Event: 203.948 Thread 0x00000222bd2bb650 9235       1       java.util.concurrent.ScheduledThreadPoolExecutor$ScheduledFutureTask::isPeriodic (15 bytes)
Event: 203.948 Thread 0x00000222bd2bb650 nmethod 9235 0x00000222ae978b10 code [0x00000222ae978ca0, 0x00000222ae978d90]
Event: 203.949 Thread 0x00000222bd2bb650 9236   !   1       java.util.concurrent.FutureTask::runAndReset (125 bytes)
Event: 203.951 Thread 0x00000222bd2bb650 nmethod 9236 0x00000222ae977590 code [0x00000222ae977840, 0x00000222ae978398]
Event: 203.951 Thread 0x00000222bd2bb650 9237       1       java.util.concurrent.Executors$RunnableAdapter::call (14 bytes)
Event: 203.951 Thread 0x00000222bd2bb650 nmethod 9237 0x00000222ae977210 code [0x00000222ae9773c0, 0x00000222ae9774c8]
Event: 203.951 Thread 0x00000222bd2bb650 9239       1       java.util.concurrent.ScheduledThreadPoolExecutor$ScheduledFutureTask::setNextRunTime (38 bytes)
Event: 203.952 Thread 0x00000222bd2bb650 nmethod 9239 0x00000222ae976d90 code [0x00000222ae976f40, 0x00000222ae977140]
Event: 204.461 Thread 0x00000222bd2bb650 9240       1       java.util.concurrent.ScheduledThreadPoolExecutor$DelayedWorkQueue::siftDown (119 bytes)
Event: 204.463 Thread 0x00000222bd2bb650 nmethod 9240 0x00000222ae976010 code [0x00000222ae976220, 0x00000222ae976910]
Event: 241.059 Thread 0x00000222bd2bb650 9251       1       sun.nio.ch.NioSocketImpl::ensureOpenAndConnected (36 bytes)
Event: 241.059 Thread 0x00000222bd2bb650 nmethod 9251 0x00000222ae972d90 code [0x00000222ae972f60, 0x00000222ae9731c0]
Event: 262.462 Thread 0x00000222bd2bb650 9252       1       org.apache.coyote.AbstractProtocol$$Lambda/0x00000222bf7be8a8::run (8 bytes)
Event: 262.463 Thread 0x00000222bd2bb650 nmethod 9252 0x00000222ae972a10 code [0x00000222ae972bc0, 0x00000222ae972cb8]
Event: 262.463 Thread 0x00000222bd2bb650 9253       1       org.apache.coyote.AbstractProtocol::lambda$startAsyncTimeout$1 (46 bytes)
Event: 262.463 Thread 0x00000222bd2bb650 nmethod 9253 0x00000222ae972410 code [0x00000222ae972600, 0x00000222ae972868]
Event: 272.151 Thread 0x00000222bd2bb650 9254       1       org.springframework.boot.devtools.filewatch.FileSystemWatcher$Watcher::scan (63 bytes)
Event: 272.152 Thread 0x00000222bd2bb650 nmethod 9254 0x00000222ae971e90 code [0x00000222ae972080, 0x00000222ae9722b0]
Event: 272.754 Thread 0x00000222bd2bb650 9255       1       org.springframework.boot.devtools.filewatch.FileSystemWatcher$Watcher::getCurrentSnapshots (63 bytes)
Event: 272.755 Thread 0x00000222bd2bb650 nmethod 9255 0x00000222ae971510 code [0x00000222ae971740, 0x00000222ae971b50]

GC Heap History (20 events):
Event: 2.549 GC heap before
{Heap before GC invocations=10 (full 0):
 garbage-first heap   total 98304K, used 67409K [0x0000000604c00000, 0x0000000800000000)
  region size 4096K, 14 young (57344K), 2 survivors (8192K)
 Metaspace       used 29733K, committed 30208K, reserved 1114112K
  class space    used 3882K, committed 4096K, reserved 1048576K
}
Event: 2.555 GC heap after
{Heap after GC invocations=11 (full 0):
 garbage-first heap   total 98304K, used 20507K [0x0000000604c00000, 0x0000000800000000)
  region size 4096K, 2 young (8192K), 2 survivors (8192K)
 Metaspace       used 29733K, committed 30208K, reserved 1114112K
  class space    used 3882K, committed 4096K, reserved 1048576K
}
Event: 2.955 GC heap before
{Heap before GC invocations=11 (full 0):
 garbage-first heap   total 98304K, used 69659K [0x0000000604c00000, 0x0000000800000000)
  region size 4096K, 14 young (57344K), 2 survivors (8192K)
 Metaspace       used 33142K, committed 33664K, reserved 1114112K
  class space    used 4384K, committed 4608K, reserved 1048576K
}
Event: 2.961 GC heap after
{Heap after GC invocations=12 (full 0):
 garbage-first heap   total 98304K, used 22121K [0x0000000604c00000, 0x0000000800000000)
  region size 4096K, 2 young (8192K), 2 survivors (8192K)
 Metaspace       used 33142K, committed 33664K, reserved 1114112K
  class space    used 4384K, committed 4608K, reserved 1048576K
}
Event: 3.363 GC heap before
{Heap before GC invocations=12 (full 0):
 garbage-first heap   total 98304K, used 71273K [0x0000000604c00000, 0x0000000800000000)
  region size 4096K, 14 young (57344K), 2 survivors (8192K)
 Metaspace       used 37000K, committed 37632K, reserved 1114112K
  class space    used 4908K, committed 5184K, reserved 1048576K
}
Event: 3.369 GC heap after
{Heap after GC invocations=13 (full 0):
 garbage-first heap   total 311296K, used 23258K [0x0000000604c00000, 0x0000000800000000)
  region size 4096K, 2 young (8192K), 2 survivors (8192K)
 Metaspace       used 37000K, committed 37632K, reserved 1114112K
  class space    used 4908K, committed 5184K, reserved 1048576K
}
Event: 4.186 GC heap before
{Heap before GC invocations=13 (full 0):
 garbage-first heap   total 311296K, used 146138K [0x0000000604c00000, 0x0000000800000000)
  region size 4096K, 33 young (135168K), 2 survivors (8192K)
 Metaspace       used 46064K, committed 46656K, reserved 1114112K
  class space    used 5983K, committed 6272K, reserved 1048576K
}
Event: 4.195 GC heap after
{Heap after GC invocations=14 (full 0):
 garbage-first heap   total 311296K, used 28067K [0x0000000604c00000, 0x0000000800000000)
  region size 4096K, 3 young (12288K), 3 survivors (12288K)
 Metaspace       used 46064K, committed 46656K, reserved 1114112K
  class space    used 5983K, committed 6272K, reserved 1048576K
}
Event: 4.649 GC heap before
{Heap before GC invocations=15 (full 0):
 garbage-first heap   total 122880K, used 89507K [0x0000000604c00000, 0x0000000800000000)
  region size 4096K, 18 young (73728K), 3 survivors (12288K)
 Metaspace       used 49981K, committed 50624K, reserved 1114112K
  class space    used 6459K, committed 6720K, reserved 1048576K
}
Event: 4.656 GC heap after
{Heap after GC invocations=16 (full 0):
 garbage-first heap   total 122880K, used 29834K [0x0000000604c00000, 0x0000000800000000)
  region size 4096K, 2 young (8192K), 2 survivors (8192K)
 Metaspace       used 49981K, committed 50624K, reserved 1114112K
  class space    used 6459K, committed 6720K, reserved 1048576K
}
Event: 5.054 GC heap before
{Heap before GC invocations=16 (full 0):
 garbage-first heap   total 122880K, used 95370K [0x0000000604c00000, 0x0000000800000000)
  region size 4096K, 18 young (73728K), 2 survivors (8192K)
 Metaspace       used 52125K, committed 52736K, reserved 1114112K
  class space    used 6759K, committed 7040K, reserved 1048576K
}
Event: 5.063 GC heap after
{Heap after GC invocations=17 (full 0):
 garbage-first heap   total 122880K, used 31709K [0x0000000604c00000, 0x0000000800000000)
  region size 4096K, 3 young (12288K), 3 survivors (12288K)
 Metaspace       used 52125K, committed 52736K, reserved 1114112K
  class space    used 6759K, committed 7040K, reserved 1048576K
}
Event: 5.269 GC heap before
{Heap before GC invocations=17 (full 0):
 garbage-first heap   total 122880K, used 89053K [0x0000000604c00000, 0x0000000800000000)
  region size 4096K, 18 young (73728K), 3 survivors (12288K)
 Metaspace       used 53522K, committed 54208K, reserved 1114112K
  class space    used 6937K, committed 7232K, reserved 1048576K
}
Event: 5.275 GC heap after
{Heap after GC invocations=18 (full 0):
 garbage-first heap   total 323584K, used 40291K [0x0000000604c00000, 0x0000000800000000)
  region size 4096K, 3 young (12288K), 3 survivors (12288K)
 Metaspace       used 53522K, committed 54208K, reserved 1114112K
  class space    used 6937K, committed 7232K, reserved 1048576K
}
Event: 6.027 GC heap before
{Heap before GC invocations=18 (full 0):
 garbage-first heap   total 323584K, used 216419K [0x0000000604c00000, 0x0000000800000000)
  region size 4096K, 47 young (192512K), 3 survivors (12288K)
 Metaspace       used 55869K, committed 56640K, reserved 1114112K
  class space    used 7302K, committed 7680K, reserved 1048576K
}
Event: 6.036 GC heap after
{Heap after GC invocations=19 (full 0):
 garbage-first heap   total 323584K, used 43231K [0x0000000604c00000, 0x0000000800000000)
  region size 4096K, 4 young (16384K), 4 survivors (16384K)
 Metaspace       used 55869K, committed 56640K, reserved 1114112K
  class space    used 7302K, committed 7680K, reserved 1048576K
}
Event: 12.949 GC heap before
{Heap before GC invocations=19 (full 0):
 garbage-first heap   total 323584K, used 207071K [0x0000000604c00000, 0x0000000800000000)
  region size 4096K, 46 young (188416K), 4 survivors (16384K)
 Metaspace       used 66183K, committed 67264K, reserved 1114112K
  class space    used 8626K, committed 9152K, reserved 1048576K
}
Event: 12.980 GC heap after
{Heap after GC invocations=20 (full 0):
 garbage-first heap   total 323584K, used 51928K [0x0000000604c00000, 0x0000000800000000)
  region size 4096K, 6 young (24576K), 6 survivors (24576K)
 Metaspace       used 66183K, committed 67264K, reserved 1114112K
  class space    used 8626K, committed 9152K, reserved 1048576K
}
Event: 231.161 GC heap before
{Heap before GC invocations=21 (full 0):
 garbage-first heap   total 204800K, used 150232K [0x0000000604c00000, 0x0000000800000000)
  region size 4096K, 30 young (122880K), 6 survivors (24576K)
 Metaspace       used 69368K, committed 70592K, reserved 1114112K
  class space    used 9089K, committed 9664K, reserved 1048576K
}
Event: 231.176 GC heap after
{Heap after GC invocations=22 (full 0):
 garbage-first heap   total 204800K, used 51515K [0x0000000604c00000, 0x0000000800000000)
  region size 4096K, 2 young (8192K), 2 survivors (8192K)
 Metaspace       used 69368K, committed 70592K, reserved 1114112K
  class space    used 9089K, committed 9664K, reserved 1048576K
}

Dll operation events (12 events):
Event: 0.010 Loaded shared library C:\pleiades\2024-03\java\21\bin\java.dll
Event: 0.247 Loaded shared library C:\pleiades\2024-03\java\21\bin\zip.dll
Event: 0.252 Loaded shared library C:\pleiades\2024-03\java\21\bin\instrument.dll
Event: 0.257 Loaded shared library C:\pleiades\2024-03\java\21\bin\net.dll
Event: 0.259 Loaded shared library C:\pleiades\2024-03\java\21\bin\nio.dll
Event: 0.262 Loaded shared library C:\pleiades\2024-03\java\21\bin\zip.dll
Event: 0.413 Loaded shared library C:\pleiades\2024-03\java\21\bin\jimage.dll
Event: 0.451 Loaded shared library C:\pleiades\2024-03\java\21\bin\management.dll
Event: 0.458 Loaded shared library C:\pleiades\2024-03\java\21\bin\management_ext.dll
Event: 0.612 Loaded shared library C:\pleiades\2024-03\java\21\bin\verify.dll
Event: 0.696 Loaded shared library C:\pleiades\2024-03\java\21\bin\extnet.dll
Event: 1.926 Loaded shared library C:\pleiades\2024-03\java\21\bin\sunmscapi.dll

Deoptimization events (20 events):
Event: 21.400 Thread 0x00000222866467c0 DEOPT PACKING pc=0x00000222ae54ec5c sp=0x000000d5ba1fae80
Event: 21.400 Thread 0x00000222866467c0 DEOPT UNPACKING pc=0x00000222ad8188e2 sp=0x000000d5ba1fa3c0 mode 1
Event: 21.400 Thread 0x00000222866467c0 DEOPT PACKING pc=0x00000222ae1f7411 sp=0x000000d5ba1fac30
Event: 21.400 Thread 0x00000222866467c0 DEOPT UNPACKING pc=0x00000222ad8188e2 sp=0x000000d5ba1fa0e0 mode 1
Event: 21.400 Thread 0x00000222866467c0 DEOPT PACKING pc=0x00000222ae0f9344 sp=0x000000d5ba1fac90
Event: 21.400 Thread 0x00000222866467c0 DEOPT UNPACKING pc=0x00000222ad8188e2 sp=0x000000d5ba1fa160 mode 1
Event: 21.400 Thread 0x00000222866467c0 DEOPT PACKING pc=0x00000222ae2945f4 sp=0x000000d5ba1fad20
Event: 21.400 Thread 0x00000222866467c0 DEOPT UNPACKING pc=0x00000222ad8188e2 sp=0x000000d5ba1fa240 mode 1
Event: 21.400 Thread 0x00000222866467c0 DEOPT PACKING pc=0x00000222ae3f071c sp=0x000000d5ba1fae30
Event: 21.401 Thread 0x00000222866467c0 DEOPT UNPACKING pc=0x00000222ad8188e2 sp=0x000000d5ba1fa2d8 mode 1
Event: 21.401 Thread 0x00000222866467c0 DEOPT PACKING pc=0x00000222ae54ec5c sp=0x000000d5ba1fae80
Event: 21.401 Thread 0x00000222866467c0 DEOPT UNPACKING pc=0x00000222ad8188e2 sp=0x000000d5ba1fa3c0 mode 1
Event: 29.509 Thread 0x0000022286645410 DEOPT PACKING pc=0x00000222ae0eacec sp=0x000000d5b9ff94e0
Event: 29.509 Thread 0x0000022286645410 DEOPT UNPACKING pc=0x00000222ad8188e2 sp=0x000000d5b9ff8a18 mode 1
Event: 29.509 Thread 0x0000022286645410 DEOPT PACKING pc=0x00000222ae0ebcf4 sp=0x000000d5b9ff95d0
Event: 29.509 Thread 0x0000022286645410 DEOPT UNPACKING pc=0x00000222ad8188e2 sp=0x000000d5b9ff8b80 mode 1
Event: 29.509 Thread 0x0000022286645410 DEOPT PACKING pc=0x00000222ae0e902c sp=0x000000d5b9ff9740
Event: 29.509 Thread 0x0000022286645410 DEOPT UNPACKING pc=0x00000222ad8188e2 sp=0x000000d5b9ff8d00 mode 1
Event: 273.777 Thread 0x0000022286645410 DEOPT PACKING pc=0x00000222ae1eeec4 sp=0x000000d5b9ffa300
Event: 273.777 Thread 0x0000022286645410 DEOPT UNPACKING pc=0x00000222ad8188e2 sp=0x000000d5b9ff97a8 mode 0

Classes loaded (20 events):
Event: 14.230 Loading class java/util/concurrent/atomic/DoubleAdder
Event: 14.230 Loading class java/util/concurrent/atomic/DoubleAdder done
Event: 14.230 Loading class java/util/concurrent/atomic/LongAccumulator
Event: 14.230 Loading class java/util/concurrent/atomic/LongAccumulator done
Event: 14.306 Loading class java/lang/StringEditor
Event: 14.306 Loading class java/lang/StringEditor done
Event: 29.496 Loading class java/text/ParsePosition
Event: 29.496 Loading class java/text/ParsePosition done
Event: 29.496 Loading class java/time/format/DateTimeParseContext
Event: 29.496 Loading class java/time/format/DateTimeParseContext done
Event: 29.497 Loading class java/time/format/Parsed
Event: 29.497 Loading class java/time/format/Parsed done
Event: 206.254 Loading class java/lang/invoke/BoundMethodHandle$Species_LLLLLLLLLL
Event: 206.254 Loading class java/lang/invoke/BoundMethodHandle$Species_LLLLLLLLLL done
Event: 206.264 Loading class java/lang/invoke/BoundMethodHandle$Species_LLLLLLLLLLL
Event: 206.264 Loading class java/lang/invoke/BoundMethodHandle$Species_LLLLLLLLLLL done
Event: 206.275 Loading class java/lang/invoke/BoundMethodHandle$Species_LLLLLLLLLLLL
Event: 206.275 Loading class java/lang/invoke/BoundMethodHandle$Species_LLLLLLLLLLLL done
Event: 206.287 Loading class java/lang/invoke/BoundMethodHandle$Species_LLLLLLLLLLLLL
Event: 206.288 Loading class java/lang/invoke/BoundMethodHandle$Species_LLLLLLLLLLLLL done

Classes unloaded (2 events):
Event: 13.049 Thread 0x00000222a2e48830 Unloading class 0x00000222bf588000 'jdk/internal/reflect/GeneratedSerializationConstructorAccessor35'
Event: 13.049 Thread 0x00000222a2e48830 Unloading class 0x00000222bf55c400 'jdk/internal/reflect/GeneratedSerializationConstructorAccessor34'

Classes redefined (1 events):
Event: 273.793 Thread 0x00000222a2e48830 redefined class name=com.example.controller.KintaiListController, count=1

Internal exceptions (20 events):
Event: 14.121 Thread 0x0000022286645410 Exception <a 'java/lang/ClassNotFoundException'{0x000000060eb30970}: org/thymeleaf/standard/expression/TokenBeanInfo> (0x000000060eb30970) 
thrown [s\src\hotspot\share\classfile\systemDictionary.cpp, line 312]
Event: 14.124 Thread 0x0000022286645410 Exception <a 'java/lang/ClassNotFoundException'{0x000000060eb3c820}: org/thymeleaf/standard/expression/TokenCustomizer> (0x000000060eb3c820) 
thrown [s\src\hotspot\share\classfile\systemDictionary.cpp, line 312]
Event: 14.129 Thread 0x0000022286645410 Exception <a 'java/lang/ClassNotFoundException'{0x000000060eb4d6a8}: org/thymeleaf/standard/expression/GenericTokenExpressionCustomizer> (0x000000060eb4d6a8) 
thrown [s\src\hotspot\share\classfile\systemDictionary.cpp, line 312]
Event: 14.175 Thread 0x0000022286645410 Exception <a 'java/lang/ClassNotFoundException'{0x000000060e519498}: nz/net/ultraq/thymeleaf/layoutdialect/fragments/FragmentParameterVariableUpdaterBeanInfo> (0x000000060e519498) 
thrown [s\src\hotspot\share\classfile\systemDictionary.cpp, line 312]
Event: 14.178 Thread 0x0000022286645410 Exception <a 'java/lang/ClassNotFoundException'{0x000000060e5260e8}: nz/net/ultraq/thymeleaf/layoutdialect/fragments/FragmentParameterVariableUpdaterCustomizer> (0x000000060e5260e8) 
thrown [s\src\hotspot\share\classfile\systemDictionary.cpp, line 312]
Event: 14.180 Thread 0x0000022286645410 Exception <a 'java/lang/NoSuchMethodError'{0x000000060e5340f0}: 'void java.lang.invoke.DirectMethodHandle$Holder.invokeVirtual(java.lang.Object, java.lang.Object, java.lang.Object, java.lang.Object, java.lang.Object)'> (0x000000060e5340f0) 
thrown [s\src\hotspot\share\interpreter\linkResolver.cpp, line 773]
Event: 14.278 Thread 0x0000022286645410 Exception <a 'java/lang/NoSuchMethodError'{0x000000060e04e8c0}: 'java.lang.Object java.lang.invoke.Invokers$Holder.linkToCallSite(java.lang.Object, java.lang.Object, int, java.lang.Object)'> (0x000000060e04e8c0) 
thrown [s\src\hotspot\share\interpreter\linkResolver.cpp, line 773]
Event: 14.284 Thread 0x0000022286645410 Exception <a 'java/lang/ClassNotFoundException'{0x000000060e069930}: org/thymeleaf/engine/ElementTagStructureHandlerBeanInfo> (0x000000060e069930) 
thrown [s\src\hotspot\share\classfile\systemDictionary.cpp, line 312]
Event: 14.287 Thread 0x0000022286645410 Exception <a 'java/lang/ClassNotFoundException'{0x000000060e074f08}: org/thymeleaf/engine/ElementTagStructureHandlerCustomizer> (0x000000060e074f08) 
thrown [s\src\hotspot\share\classfile\systemDictionary.cpp, line 312]
Event: 14.289 Thread 0x0000022286645410 Exception <a 'java/lang/NoSuchMethodError'{0x000000060e0891a0}: 'void java.lang.invoke.DirectMethodHandle$Holder.invokeInterface(java.lang.Object, java.lang.Object, java.lang.Object, int)'> (0x000000060e0891a0) 
thrown [s\src\hotspot\share\interpreter\linkResolver.cpp, line 773]
Event: 14.290 Thread 0x0000022286645410 Exception <a 'java/lang/NoSuchMethodError'{0x000000060e08d490}: 'void java.lang.invoke.DirectMethodHandle$Holder.invokeSpecial(java.lang.Object, java.lang.Object, java.lang.Object, java.lang.Object, int)'> (0x000000060e08d490) 
thrown [s\src\hotspot\share\interpreter\linkResolver.cpp, line 773]
Event: 14.290 Thread 0x0000022286645410 Exception <a 'java/lang/NoSuchMethodError'{0x000000060e091188}: 'void java.lang.invoke.DelegatingMethodHandle$Holder.reinvoke_L(java.lang.Object, java.lang.Object, java.lang.Object, int)'> (0x000000060e091188) 
thrown [s\src\hotspot\share\interpreter\linkResolver.cpp, line 773]
Event: 14.291 Thread 0x0000022286645410 Exception <a 'java/lang/NoSuchMethodError'{0x000000060e09adf0}: 'java.lang.Object java.lang.invoke.DelegatingMethodHandle$Holder.delegate(java.lang.Object, java.lang.Object, java.lang.Object, java.lang.Object, int)'> (0x000000060e09adf0) 
thrown [s\src\hotspot\share\interpreter\linkResolver.cpp, line 773]
Event: 14.292 Thread 0x0000022286645410 Exception <a 'java/lang/NoSuchMethodError'{0x000000060e0aa188}: 'int java.lang.invoke.DirectMethodHandle$Holder.invokeSpecial(java.lang.Object, java.lang.Object, java.lang.Object, java.lang.Object, int)'> (0x000000060e0aa188) 
thrown [s\src\hotspot\share\interpreter\linkResolver.cpp, line 773]
Event: 21.453 Thread 0x00000222866467c0 Exception <a 'java/lang/NoSuchMethodError'{0x000000060d116300}: 'java.lang.Object java.lang.invoke.DelegatingMethodHandle$Holder.delegate(java.lang.Object, int, java.lang.Object)'> (0x000000060d116300) 
thrown [s\src\hotspot\share\interpreter\linkResolver.cpp, line 773]
Event: 206.260 Thread 0x0000022286645410 Exception <a 'java/lang/NoSuchMethodError'{0x000000060b0977b0}: 'java.lang.Object java.lang.invoke.DirectMethodHandle$Holder.invokeStatic(java.lang.Object, java.lang.Object, java.lang.Object, java.lang.Object, java.lang.Object, java.lang.Object, java.lang.Object, java.lang.Object, java.lang.Object, java.lang.Object, java.lang.Object, java.lang.Object, java.lang.Object)'> (0x000000060b0977b0) 
thrown [s\src\hotspot\share\interpreter\linkResolver.cpp, line 773]
Event: 206.270 Thread 0x0000022286645410 Exception <a 'java/lang/NoSuchMethodError'{0x000000060b0b7a98}: 'java.lang.Object java.lang.invoke.DirectMethodHandle$Holder.invokeStatic(java.lang.Object, java.lang.Object, java.lang.Object, java.lang.Object, java.lang.Object, java.lang.Object, java.lang.Object, java.lang.Object, java.lang.Object, java.lang.Object, java.lang.Object, java.lang.Object, java.lang.Object, java.lang.Object)'> (0x000000060b0b7a98) 
thrown [s\src\hotspot\share\interpreter\linkResolver.cpp, line 773]
Event: 206.281 Thread 0x0000022286645410 Exception <a 'java/lang/NoSuchMethodError'{0x000000060b0d8f20}: 'java.lang.Object java.lang.invoke.DirectMethodHandle$Holder.invokeStatic(java.lang.Object, java.lang.Object, java.lang.Object, java.lang.Object, java.lang.Object, java.lang.Object, java.lang.Object, java.lang.Object, java.lang.Object, java.lang.Object, java.lang.Object, java.lang.Object, java.lang.Object, java.lang.Object, java.lang.Object)'> (0x000000060b0d8f20) 
thrown [s\src\hotspot\share\interpreter\linkResolver.cpp, line 773]
Event: 206.294 Thread 0x0000022286645410 Exception <a 'java/lang/NoSuchMethodError'{0x0000000609c72bb0}: 'java.lang.Object java.lang.invoke.DirectMethodHandle$Holder.invokeStatic(java.lang.Object, java.lang.Object, java.lang.Object, java.lang.Object, java.lang.Object, java.lang.Object, java.lang.Object, java.lang.Object, java.lang.Object, java.lang.Object, java.lang.Object, java.lang.Object, java.lang.Object, java.lang.Object, java.lang.Object, java.lang.Object)'> (0x0000000609c72bb0) 
thrown [s\src\hotspot\share\interpreter\linkResolver.cpp, lin
Event: 206.302 Thread 0x0000022286645410 Exception <a 'java/lang/NoSuchMethodError'{0x0000000609c88ff8}: 'java.lang.Object java.lang.invoke.Invokers$Holder.linkToTargetMethod(java.lang.Object, java.lang.Object, java.lang.Object, java.lang.Object, java.lang.Object, java.lang.Object, java.lang.Object, java.lang.Object, java.lang.Object, java.lang.Object, java.lang.Object, java.lang.Object, java.lang.Object, java.lang.Object, java.lang.Object, java.lang.Object, java.lang.Object, java.lang.Object, java.lang.Object, java.lang.Object)'> (0x0000000609c8

ZGC Phase Switch (0 events):
No events

VM Operations (20 events):
Event: 257.446 Executing VM operation: get/set locals
Event: 257.446 Executing VM operation: get/set locals done
Event: 257.446 Executing VM operation: get/set locals
Event: 257.446 Executing VM operation: get/set locals done
Event: 257.451 Executing VM operation: get/set locals
Event: 257.451 Executing VM operation: get/set locals done
Event: 257.452 Executing VM operation: get/set locals
Event: 257.452 Executing VM operation: get/set locals done
Event: 273.776 Executing VM operation: ChangeSingleStep
Event: 273.776 Executing VM operation: ChangeSingleStep done
Event: 273.777 Executing VM operation: ChangeSingleStep
Event: 273.777 Executing VM operation: ChangeSingleStep done
Event: 273.786 Executing VM operation: RedefineClasses
Event: 273.806 Executing VM operation: RedefineClasses done
Event: 273.820 Executing VM operation: ChangeBreakpoints
Event: 273.822 Executing VM operation: ChangeBreakpoints done
Event: 273.835 Executing VM operation: ChangeBreakpoints
Event: 273.837 Executing VM operation: ChangeBreakpoints done
Event: 273.841 Executing VM operation: ChangeSingleStep
Event: 273.841 Executing VM operation: ChangeSingleStep done

Events (20 events):
Event: 13.076 Thread 0x00000222a2e48830 flushing nmethod 0x00000222ad902d10
Event: 13.076 Thread 0x00000222a2e48830 flushing nmethod 0x00000222ad8f6e10
Event: 13.259 Thread 0x0000022285f72c00 Thread added: 0x0000022285f72c00
Event: 13.259 Thread 0x00000222859165a0 Thread added: 0x00000222859165a0
Event: 15.622 Thread 0x00000222859165a0 Thread exited: 0x00000222859165a0
Event: 17.956 Thread 0x0000022285f72c00 Thread exited: 0x0000022285f72c00
Event: 21.378 Thread 0x00000222bd389e10 Thread exited: 0x00000222bd389e10
Event: 21.395 Thread 0x00000222bd389e10 Thread added: 0x00000222bd389e10
Event: 21.427 Thread 0x0000022286caa630 Thread added: 0x0000022286caa630
Event: 21.427 Thread 0x00000222869d4fb0 Thread added: 0x00000222869d4fb0
Event: 23.490 Thread 0x00000222869d4fb0 Thread exited: 0x00000222869d4fb0
Event: 28.069 Thread 0x0000022286caa630 Thread exited: 0x0000022286caa630
Event: 35.449 Thread 0x00000222bd389e10 Thread exited: 0x00000222bd389e10
Event: 91.031 Thread 0x0000022286648890 Thread exited: 0x0000022286648890
Event: 91.031 Thread 0x0000022286648f20 Thread exited: 0x0000022286648f20
Event: 91.031 Thread 0x000002228664b680 Thread exited: 0x000002228664b680
Event: 91.031 Thread 0x00000222844665d0 Thread exited: 0x00000222844665d0
Event: 91.031 Thread 0x00000222844486e0 Thread exited: 0x00000222844486e0
Event: 91.031 Thread 0x00000222866495b0 Thread exited: 0x00000222866495b0
Event: 91.031 Thread 0x0000022284026f40 Thread exited: 0x0000022284026f40


Dynamic libraries:
0x00007ff6fd340000 - 0x00007ff6fd34e000 	C:\pleiades\2024-03\java\21\bin\javaw.exe
0x00007ffd9b8c0000 - 0x00007ffd9bb25000 	C:\WINDOWS\SYSTEM32\ntdll.dll
0x00007ffd53cb0000 - 0x00007ffd53ccb000 	C:\Program Files\Avast Software\Avast\aswhook.dll
0x00007ffd9a1d0000 - 0x00007ffd9a299000 	C:\WINDOWS\System32\KERNEL32.DLL
0x00007ffd98ad0000 - 0x00007ffd98eb8000 	C:\WINDOWS\System32\KERNELBASE.dll
0x00007ffd99180000 - 0x00007ffd992cb000 	C:\WINDOWS\System32\ucrtbase.dll
0x00007ffd70880000 - 0x00007ffd7089b000 	C:\pleiades\2024-03\java\21\bin\VCRUNTIME140.dll
0x00007ffd8d9d0000 - 0x00007ffd8d9e8000 	C:\pleiades\2024-03\java\21\bin\jli.dll
0x00007ffd9b240000 - 0x00007ffd9b40a000 	C:\WINDOWS\System32\USER32.dll
0x00007ffd98a10000 - 0x00007ffd98a37000 	C:\WINDOWS\System32\win32u.dll
0x00007ffd70b00000 - 0x00007ffd70d9a000 	C:\WINDOWS\WinSxS\amd64_microsoft.windows.common-controls_6595b64144ccf1df_6.0.26100.4202_none_3e0698d4e335f517\COMCTL32.dll
0x00007ffd9a2a0000 - 0x00007ffd9a2cb000 	C:\WINDOWS\System32\GDI32.dll
0x00007ffd99ff0000 - 0x00007ffd9a099000 	C:\WINDOWS\System32\msvcrt.dll
0x00007ffd98ec0000 - 0x00007ffd98ff7000 	C:\WINDOWS\System32\gdi32full.dll
0x00007ffd99510000 - 0x00007ffd995b3000 	C:\WINDOWS\System32\msvcp_win.dll
0x00007ffd9b840000 - 0x00007ffd9b870000 	C:\WINDOWS\System32\IMM32.DLL
0x00007ffd833c0000 - 0x00007ffd833cc000 	C:\pleiades\2024-03\java\21\bin\vcruntime140_1.dll
0x00007ffd6f540000 - 0x00007ffd6f5ce000 	C:\pleiades\2024-03\java\21\bin\msvcp140.dll
0x00007ffcadc40000 - 0x00007ffcae9c3000 	C:\pleiades\2024-03\java\21\bin\server\jvm.dll
0x00007ffd9b5a0000 - 0x00007ffd9b653000 	C:\WINDOWS\System32\ADVAPI32.dll
0x00007ffd9b4a0000 - 0x00007ffd9b546000 	C:\WINDOWS\System32\sechost.dll
0x00007ffd9afb0000 - 0x00007ffd9b0c5000 	C:\WINDOWS\System32\RPCRT4.dll
0x00007ffd9b140000 - 0x00007ffd9b1b4000 	C:\WINDOWS\System32\WS2_32.dll
0x00007ffd88670000 - 0x00007ffd8867b000 	C:\WINDOWS\SYSTEM32\VERSION.dll
0x00007ffd8e330000 - 0x00007ffd8e365000 	C:\WINDOWS\SYSTEM32\WINMM.dll
0x00007ffd975f0000 - 0x00007ffd9764e000 	C:\WINDOWS\SYSTEM32\POWRPROF.dll
0x00007ffd975d0000 - 0x00007ffd975e4000 	C:\WINDOWS\SYSTEM32\UMPDC.dll
0x00007ffd978b0000 - 0x00007ffd978cb000 	C:\WINDOWS\SYSTEM32\kernel.appcore.dll
0x00007ffd93190000 - 0x00007ffd9319a000 	C:\pleiades\2024-03\java\21\bin\jimage.dll
0x00007ffd96090000 - 0x00007ffd962d1000 	C:\WINDOWS\SYSTEM32\DBGHELP.DLL
0x00007ffd9a770000 - 0x00007ffd9aaf5000 	C:\WINDOWS\System32\combase.dll
0x00007ffd9aec0000 - 0x00007ffd9afa1000 	C:\WINDOWS\System32\OLEAUT32.dll
0x00007ffd830e0000 - 0x00007ffd83119000 	C:\WINDOWS\SYSTEM32\dbgcore.DLL
0x00007ffd995c0000 - 0x00007ffd99659000 	C:\WINDOWS\System32\bcryptPrimitives.dll
0x00007ffd83d30000 - 0x00007ffd83d6c000 	C:\pleiades\2024-03\java\21\bin\jdwp.dll
0x00007ffd91960000 - 0x00007ffd9196f000 	C:\pleiades\2024-03\java\21\bin\instrument.dll
0x00007ffd91940000 - 0x00007ffd9195f000 	C:\pleiades\2024-03\java\21\bin\java.dll
0x00007ffd998a0000 - 0x00007ffd99fe2000 	C:\WINDOWS\System32\SHELL32.dll
0x00007ffd99390000 - 0x00007ffd99504000 	C:\WINDOWS\System32\wintypes.dll
0x00007ffd96650000 - 0x00007ffd96ea8000 	C:\WINDOWS\SYSTEM32\windows.storage.dll
0x00007ffd99670000 - 0x00007ffd99761000 	C:\WINDOWS\System32\SHCORE.dll
0x00007ffd9b0d0000 - 0x00007ffd9b13a000 	C:\WINDOWS\System32\shlwapi.dll
0x00007ffd98920000 - 0x00007ffd9894f000 	C:\WINDOWS\SYSTEM32\profapi.dll
0x00007ffd90140000 - 0x00007ffd9014c000 	C:\pleiades\2024-03\java\21\bin\dt_socket.dll
0x00007ffd97280000 - 0x00007ffd972b3000 	C:\WINDOWS\SYSTEM32\IPHLPAPI.DLL
0x00007ffd97e00000 - 0x00007ffd97e6a000 	C:\WINDOWS\system32\mswsock.dll
0x00007ffd972c0000 - 0x00007ffd973e7000 	C:\WINDOWS\SYSTEM32\DNSAPI.dll
0x00007ffd9ab00000 - 0x00007ffd9ab0a000 	C:\WINDOWS\System32\NSI.dll
0x00007ffd8faa0000 - 0x00007ffd8faab000 	C:\Windows\System32\rasadhlp.dll
0x00007ffd92090000 - 0x00007ffd92116000 	C:\WINDOWS\System32\fwpuclnt.dll
0x00007ffd71210000 - 0x00007ffd71228000 	C:\pleiades\2024-03\java\21\bin\zip.dll
0x00007ffd84a50000 - 0x00007ffd84a60000 	C:\pleiades\2024-03\java\21\bin\net.dll
0x00007ffd90c70000 - 0x00007ffd90d8e000 	C:\WINDOWS\SYSTEM32\WINHTTP.dll
0x00007ffd6f5f0000 - 0x00007ffd6f606000 	C:\pleiades\2024-03\java\21\bin\nio.dll
0x00007ffd833e0000 - 0x00007ffd833ea000 	C:\pleiades\2024-03\java\21\bin\management.dll
0x00007ffd833d0000 - 0x00007ffd833db000 	C:\pleiades\2024-03\java\21\bin\management_ext.dll
0x00007ffd9aeb0000 - 0x00007ffd9aeb8000 	C:\WINDOWS\System32\PSAPI.DLL
0x00007ffd61cd0000 - 0x00007ffd61ce8000 	C:\WINDOWS\system32\napinsp.dll
0x00007ffd61bc0000 - 0x00007ffd61bd2000 	C:\WINDOWS\System32\winrnr.dll
0x00007ffd61b80000 - 0x00007ffd61bb0000 	C:\WINDOWS\system32\nlansp_c.dll
0x00007ffd87900000 - 0x00007ffd87920000 	C:\WINDOWS\system32\wshbth.dll
0x00007ffd708b0000 - 0x00007ffd708c0000 	C:\pleiades\2024-03\java\21\bin\verify.dll
0x00007ffd981e0000 - 0x00007ffd981fb000 	C:\WINDOWS\SYSTEM32\CRYPTSP.dll
0x00007ffd97810000 - 0x00007ffd9784a000 	C:\WINDOWS\system32\rsaenh.dll
0x00007ffd97ea0000 - 0x00007ffd97ecb000 	C:\WINDOWS\SYSTEM32\USERENV.dll
0x00007ffd988f0000 - 0x00007ffd98916000 	C:\WINDOWS\SYSTEM32\bcrypt.dll
0x00007ffd98040000 - 0x00007ffd9804c000 	C:\WINDOWS\SYSTEM32\CRYPTBASE.dll
0x00007ffd83a80000 - 0x00007ffd83a89000 	C:\pleiades\2024-03\java\21\bin\extnet.dll
0x00007ffd7a4b0000 - 0x00007ffd7a4be000 	C:\pleiades\2024-03\java\21\bin\sunmscapi.dll
0x00007ffd99000000 - 0x00007ffd99177000 	C:\WINDOWS\System32\CRYPT32.dll
0x00007ffd98330000 - 0x00007ffd98360000 	C:\WINDOWS\SYSTEM32\ncrypt.dll
0x00007ffd982e0000 - 0x00007ffd9831f000 	C:\WINDOWS\SYSTEM32\NTASN1.dll
0x00007ffd84a80000 - 0x00007ffd84a88000 	C:\WINDOWS\system32\wshunix.dll

dbghelp: loaded successfully - version: 4.0.5 - missing functions: none
symbol engine: initialized successfully - sym options: 0x614 - pdb path: .;C:\pleiades\2024-03\java\21\bin;C:\WINDOWS\SYSTEM32;C:\Program Files\Avast Software\Avast;C:\WINDOWS\WinSxS\amd64_microsoft.windows.common-controls_6595b64144ccf1df_6.0.26100.4202_none_3e0698d4e335f517;C:\pleiades\2024-03\java\21\bin\server

VM Arguments:
jvm_args: -XX:+ShowCodeDetailsInExceptionMessages -agentlib:jdwp=transport=dt_socket,suspend=y,address=localhost:50057 -Dcom.sun.management.jmxremote -Dcom.sun.management.jmxremote.port=50056 -Dcom.sun.management.jmxremote.authenticate=false -Dcom.sun.management.jmxremote.ssl=false -Djava.rmi.server.hostname=localhost -Dspring.jmx.enabled=true -Dmanagement.endpoints.jmx.exposure.include=* -Dspring.application.admin.enabled=true -XX:TieredStopAtLevel=1 -Dspring.boot.project.name=KintaiSystem -javaagent:C:\pleiades\2024-03\eclipse\configuration\org.eclipse.osgi\251\0\.cp\lib\javaagent-shaded.jar -Dfile.encoding=UTF-8 -Dstdout.encoding=UTF-8 -Dstderr.encoding=UTF-8 
java_command: com.example.SpringBootSampleApplication --spring.output.ansi.enabled=always
java_class_path (initial): C:\pleiades\2024-03\workspace\KintaiSystem\target\classes;C:\pleiades\2024-03\workspace\KintaiSystem\target\test-classes;C:\Users\m83ai\.m2\repository\org\springframework\boot\spring-boot-starter-data-jdbc\3.4.1\spring-boot-starter-data-jdbc-3.4.1.jar;C:\Users\m83ai\.m2\repository\org\springframework\boot\spring-boot-starter-jdbc\3.4.1\spring-boot-starter-jdbc-3.4.1.jar;C:\Users\m83ai\.m2\repository\com\zaxxer\HikariCP\5.1.0\HikariCP-5.1.0.jar;C:\Users\m83ai\.m2\repository\org\springframework\spring-jdbc\6.2.1\spring-jdbc-6.2.1.jar;C:\Users\m83ai\.m2\repository\org\springframework\data\spring-data-jdbc\3.4.1\spring-data-jdbc-3.4.1.jar;C:\Users\m83ai\.m2\repository\org\springframework\data\spring-data-relational\3.4.1\spring-data-relational-3.4.1.jar;C:\Users\m83ai\.m2\repository\org\springframework\data\spring-data-commons\3.4.1\spring-data-commons-3.4.1.jar;C:\Users\m83ai\.m2\repository\org\springframework\spring-tx\6.2.1\spring-tx-6.2.1.jar;C:\Users\m83ai\.m2\repository\org\springframework\spring-context\6.2.1\spring-context-6.2.1.jar;C:\Users\m83ai\.m2\repository\org\springframework\boot\spring-boot-starter-thymeleaf\3.4.1\spring-boot-starter-thymeleaf-3.4.1.jar;C:\Users\m83ai\.m2\repository\org\springframework\boot\spring-boot-starter\3.4.1\spring-boot-starter-3.4.1.jar;C:\Users\m83ai\.m2\repository\org\springframework\boot\spring-boot-starter-logging\3.4.1\spring-boot-starter-logging-3.4.1.jar;C:\Users\m83ai\.m2\repository\ch\qos\logback\logback-classic\1.5.12\logback-classic-1.5.12.jar;C:\Users\m83ai\.m2\repository\ch\qos\logback\logback-core\1.5.12\logback-core-1.5.12.jar;C:\Users\m83ai\.m2\repository\org\apache\logging\log4j\log4j-to-slf4j\2.24.3\log4j-to-slf4j-2.24.3.jar;C:\Users\m83ai\.m2\repository\org\apache\logging\log4j\log4j-api\2.24.3\log4j-api-2.24.3.jar;C:\Users\m83ai\.m2\repository\org\slf4j\jul-to-slf4j\2.0.16\jul-to-slf4j-2.0.16.jar;C:\Users\m83ai\.m2\repository\jakarta\annotation\jakarta.annotation-api\2.1.1\jakarta.annotation-api-2.1.1.jar;C:\Users\m83ai\.m2\repository\org\yaml\snakeyaml\2.3\snakeyaml-2.3.jar;C:\Users\m83ai\.m2\repository\org\thymeleaf\thymeleaf-spring6\3.1.3.RELEASE\thymeleaf-spring6-3.1.3.RELEASE.jar;C:\Users\m83ai\.m2\repository\org\springframework\boot\spring-boot-starter-web\3.4.1\spring-boot-starter-web-3.4.1.jar;C:\Users\m83ai\.m2\repository\org\springframework\boot\spring-boot-starter-json\3.4.1\spring-boot-starter-json-3.4.1.jar;C:\Users\m83ai\.m2\repository\com\fasterxml\jackson\datatype\jackson-datatype-jdk8\2.18.2\jackson-datatype-jdk8-2.18.2.jar;C:\Users\m83ai\.m2\repository\com\fasterxml\jackson\datatype\jackson-datatype-jsr310\2.18.2\jackson-datatype-jsr310-2.18.2.jar;C:\Users\m83ai\.m2\repository\com\fasterxml\jackson\module\jackson-module-parameter-names\2.18.2\jackson-module-parameter-names-2.18.2.jar;C:\Users\m83ai\.m2\repository\org\springframework\boot\spring-boot-starter-tomcat\3.4.1\spring-boot-starter-tomcat-3.4.1.jar;C:\Users\m83ai\.m2\repository\org\apache\tomcat\embed\tomcat-embed-core\10.1.34\tomcat-embed-core-10.1.34.jar;C:\Users\m83ai\.m2\repository\org\apache\tomcat\embed\tomcat-embed-websocket\10.1.34\tomcat-embed-websocket-10.1.34.jar;C:\Users\m83ai\.m2\repository\org\springframework\spring-web\6.2.1\spring-web-6.2.1.jar;C:\Users\m83ai\.m2\repository\io\micrometer\micrometer-observation\1.14.2\micrometer-observation-1.14.2.jar;C:\Users\m83ai\.m2\repository\io\micrometer\micrometer-commons\1.14.2\micrometer-commons-1.14.2.jar;C:\Users\m83ai\.m2\repository\org\springframework\spring-webmvc\6.2.1\spring-webmvc-6.2.1.jar;C:\Users\m83ai\.m2\repository\org\springframework\spring-expression\6.2.1\spring-expression-6.2.1.jar;C:\Users\m83ai\.m2\repository\org\springframework\boot\spring-boot-devtools\3.4.1\spring-boot-devtools-3.4.1.jar;C:\Users\m83ai\.m2\repository\org\springframework\boot\spring-boot\3.4.1\spring-boot-3.4.1.jar;C:\Users\m83ai\.m2\repository\org\springframework\boot\spring-boot-autoconfigure\3.4.1\spring-boot-autoconfigure-3.4.1.jar;C:\Users\m83ai\.m2\repository\com\h2database\h2\2.3.232\h2-2.3.232.jar;C:\Users\m83ai\.m2\repository\org\projectlombok\lombok\1.18.36\lombok-1.18.36.jar;C:\Users\m83ai\.m2\repository\org\springframework\boot\spring-boot-starter-test\3.4.1\spring-boot-starter-test-3.4.1.jar;C:\Users\m83ai\.m2\repository\org\springframework\boot\spring-boot-test\3.4.1\spring-boot-test-3.4.1.jar;C:\Users\m83ai\.m2\repository\org\springframework\boot\spring-boot-test-autoconfigure\3.4.1\spring-boot-test-autoconfigure-3.4.1.jar;C:\Users\m83ai\.m2\repository\com\jayway\jsonpath\json-path\2.9.0\json-path-2.9.0.jar;C:\Users\m83ai\.m2\repository\jakarta\xml\bind\jakarta.xml.bind-api\4.0.2\jakarta.xml.bind-api-4.0.2.jar;C:\Users\m83ai\.m2\repository\jakarta\activation\jakarta.activation-api\2.1.3\jakarta.activation-api-2.1.3.jar;C:\Users\m83ai\.m2\repository\net\minidev\json-smart\2.5.1\json-smart-2.5.1.jar;C:\Users\m83ai\.m2\repository\net\minidev\accessors-smart\2.5.1\accessors-smart-2.5.1.jar;C:\Users\m83ai\.m2\repository\org\ow2\asm\asm\9.6\asm-9.6.jar;C:\Users\m83ai\.m2\repository\org\assertj\assertj-core\3.26.3\assertj-core-3.26.3.jar;C:\Users\m83ai\.m2\repository\net\bytebuddy\byte-buddy\1.15.11\byte-buddy-1.15.11.jar;C:\Users\m83ai\.m2\repository\org\awaitility\awaitility\4.2.2\awaitility-4.2.2.jar;C:\Users\m83ai\.m2\repository\org\hamcrest\hamcrest\2.2\hamcrest-2.2.jar;C:\Users\m83ai\.m2\repository\org\junit\jupiter\junit-jupiter\5.11.4\junit-jupiter-5.11.4.jar;C:\Users\m83ai\.m2\repository\org\junit\jupiter\junit-jupiter-api\5.11.4\junit-jupiter-api-5.11.4.jar;C:\Users\m83ai\.m2\repository\org\opentest4j\opentest4j\1.3.0\opentest4j-1.3.0.jar;C:\Users\m83ai\.m2\repository\org\junit\platform\junit-platform-commons\1.11.4\junit-platform-commons-1.11.4.jar;C:\Users\m83ai\.m2\repository\org\apiguardian\apiguardian-api\1.1.2\apiguardian-api-1.1.2.jar;C:\Users\m83ai\.m2\repository\org\junit\jupiter\junit-jupiter-params\5.11.4\junit-jupiter-params-5.11.4.jar;C:\Users\m83ai\.m2\repository\org\junit\jupiter\junit-jupiter-engine\5.11.4\junit-jupiter-engine-5.11.4.jar;C:\Users\m83ai\.m2\repository\org\junit\platform\junit-platform-engine\1.11.4\junit-platform-engine-1.11.4.jar;C:\Users\m83ai\.m2\repository\org\mockito\mockito-core\5.14.2\mockito-core-5.14.2.jar;C:\Users\m83ai\.m2\repository\net\bytebuddy\byte-buddy-agent\1.15.11\byte-buddy-agent-1.15.11.jar;C:\Users\m83ai\.m2\repository\org\objenesis\objenesis\3.3\objenesis-3.3.jar;C:\Users\m83ai\.m2\repository\org\mockito\mockito-junit-jupiter\5.14.2\mockito-junit-jupiter-5.14.2.jar;C:\Users\m83ai\.m2\repository\org\skyscreamer\jsonassert\1.5.3\jsonassert-1.5.3.jar;C:\Users\m83ai\.m2\repository\com\vaadin\external\google\android-json\0.0.20131108.vaadin1\android-json-0.0.20131108.vaadin1.jar;C:\Users\m83ai\.m2\repository\org\springframework\spring-core\6.2.1\spring-core-6.2.1.jar;C:\Users\m83ai\.m2\repository\org\springframework\spring-jcl\6.2.1\spring-jcl-6.2.1.jar;C:\Users\m83ai\.m2\repository\org\springframework\spring-test\6.2.1\spring-test-6.2.1.jar;C:\Users\m83ai\.m2\repository\org\xmlunit\xmlunit-core\2.10.0\xmlunit-core-2.10.0.jar;C:\Users\m83ai\.m2\repository\org\webjars\jquery\3.5.1\jquery-3.5.1.jar;C:\Users\m83ai\.m2\repository\org\webjars\bootstrap\4.5.3\bootstrap-4.5.3.jar;C:\Users\m83ai\.m2\repository\org\webjars\popper.js\1.16.0\popper.js-1.16.0.jar;C:\Users\m83ai\.m2\repository\org\webjars\webjars-locator\0.40\webjars-locator-0.40.jar;C:\Users\m83ai\.m2\repository\org\webjars\webjars-locator-core\0.59\webjars-locator-core-0.59.jar;C:\Users\m83ai\.m2\repository\io\github\classgraph\classgraph\4.8.173\classgraph-4.8.173.jar;C:\Users\m83ai\.m2\repository\com\fasterxml\jackson\core\jackson-core\2.18.2\jackson-core-2.18.2.jar;C:\Users\m83ai\.m2\repository\com\fasterxml\jackson\core\jackson-databind\2.18.2\jackson-databind-2.18.2.jar;C:\Users\m83ai\.m2\repository\com\fasterxml\jackson\core\jackson-annotations\2.18.2\jackson-annotations-2.18.2.jar;C:\Users\m83ai\.m2\repository\org\apache\commons\commons-lang3\3.17.0\commons-lang3-3.17.0.jar;C:\Users\m83ai\.m2\repository\org\springframework\boot\spring-boot-starter-validation\3.4.1\spring-boot-starter-validation-3.4.1.jar;C:\Users\m83ai\.m2\repository\org\apache\tomcat\embed\tomcat-embed-el\10.1.34\tomcat-embed-el-10.1.34.jar;C:\Users\m83ai\.m2\repository\org\hibernate\validator\hibernate-validator\8.0.2.Final\hibernate-validator-8.0.2.Final.jar;C:\Users\m83ai\.m2\repository\jakarta\validation\jakarta.validation-api\3.0.2\jakarta.validation-api-3.0.2.jar;C:\Users\m83ai\.m2\repository\org\jboss\logging\jboss-logging\3.6.1.Final\jboss-logging-3.6.1.Final.jar;C:\Users\m83ai\.m2\repository\com\fasterxml\classmate\1.7.0\classmate-1.7.0.jar;C:\Users\m83ai\.m2\repository\nz\net\ultraq\thymeleaf\thymeleaf-layout-dialect\3.3.0\thymeleaf-layout-dialect-3.3.0.jar;C:\Users\m83ai\.m2\repository\org\apache\groovy\groovy\4.0.24\groovy-4.0.24.jar;C:\Users\m83ai\.m2\repository\nz\net\ultraq\groovy\groovy-extensions\2.1.0\groovy-extensions-2.1.0.jar;C:\Users\m83ai\.m2\repository\nz\net\ultraq\thymeleaf\thymeleaf-expression-processor\3.2.0\thymeleaf-expression-processor-3.2.0.jar;C:\Users\m83ai\.m2\repository\org\thymeleaf\thymeleaf\3.1.3.RELEASE\thymeleaf-3.1.3.RELEASE.jar;C:\Users\m83ai\.m2\repository\ognl\ognl\3.3.4\ognl-3.3.4.jar;C:\Users\m83ai\.m2\repository\org\javassist\javassist\3.29.0-GA\javassist-3.29.0-GA.jar;C:\Users\m83ai\.m2\repository\org\attoparser\attoparser\2.0.7.RELEASE\attoparser-2.0.7.RELEASE.jar;C:\Users\m83ai\.m2\repository\org\unbescape\unbescape\1.1.6.RELEASE\unbescape-1.1.6.RELEASE.jar;C:\Users\m83ai\.m2\repository\org\slf4j\slf4j-api\2.0.16\slf4j-api-2.0.16.jar;C:\Users\m83ai\.m2\repository\org\mybatis\spring\boot\mybatis-spring-boot-starter\3.0.3\mybatis-spring-boot-starter-3.0.3.jar;C:\Users\m83ai\.m2\repository\org\mybatis\spring\boot\mybatis-spring-boot-autoconfigure\3.0.3\mybatis-spring-boot-autoconfigure-3.0.3.jar;C:\Users\m83ai\.m2\repository\org\mybatis\mybatis\3.5.14\mybatis-3.5.14.jar;C:\Users\m83ai\.m2\repository\org\mybatis\mybatis-spring\3.0.3\mybatis-spring-3.0.3.jar;C:\Users\m83ai\.m2\repository\org\modelmapper\extensions\modelmapper-spring\2.3.9\modelmapper-spring-2.3.9.jar;C:\Users\m83ai\.m2\repository\org\modelmapper\modelmapper\2.3.9\modelmapper-2.3.9.jar;C:\Users\m83ai\.m2\repository\org\springframework\spring-aop\6.2.1\spring-aop-6.2.1.jar;C:\Users\m83ai\.m2\repository\org\springframework\spring-beans\6.2.1\spring-beans-6.2.1.jar;C:\Users\m83ai\.m2\repository\org\aspectj\aspectjweaver\1.9.22.1\aspectjweaver-1.9.22.1.jar;C:\Users\m83ai\.m2\repository\org\springframework\boot\spring-boot-starter-security\3.4.1\spring-boot-starter-security-3.4.1.jar;C:\Users\m83ai\.m2\repository\org\springframework\security\spring-security-config\6.4.2\spring-security-config-6.4.2.jar;C:\Users\m83ai\.m2\repository\org\springframework\security\spring-security-core\6.4.2\spring-security-core-6.4.2.jar;C:\Users\m83ai\.m2\repository\org\springframework\security\spring-security-crypto\6.4.2\spring-security-crypto-6.4.2.jar;C:\Users\m83ai\.m2\repository\org\springframework\security\spring-security-web\6.4.2\spring-security-web-6.4.2.jar;C:\Users\m83ai\.m2\repository\org\thymeleaf\extras\thymeleaf-extras-springsecurity6\3.1.1.RELEASE\thymeleaf-extras-springsecurity6-3.1.1.RELEASE.jar;C:\Users\m83ai\.m2\repository\org\webjars\datatables-plugins\1.10.21\datatables-plugins-1.10.21.jar;C:\Users\m83ai\.m2\repository\org\webjars\datatables\1.10.21\datatables-1.10.21.jar
Launcher Type: SUN_STANDARD

[Global flags]
     intx CICompilerCount                          = 4                                         {product} {ergonomic}
     uint ConcGCThreads                            = 2                                         {product} {ergonomic}
     uint G1ConcRefinementThreads                  = 8                                         {product} {ergonomic}
   size_t G1HeapRegionSize                         = 4194304                                   {product} {ergonomic}
    uintx GCDrainStackTargetSize                   = 64                                        {product} {ergonomic}
   size_t InitialHeapSize                          = 532676608                                 {product} {ergonomic}
     bool ManagementServer                         = true                                      {product} {command line}
   size_t MarkStackSize                            = 4194304                                   {product} {ergonomic}
   size_t MaxHeapSize                              = 8510242816                                {product} {ergonomic}
   size_t MaxNewSize                               = 5104467968                                {product} {ergonomic}
   size_t MinHeapDeltaBytes                        = 4194304                                   {product} {ergonomic}
   size_t MinHeapSize                              = 8388608                                   {product} {ergonomic}
    uintx NonNMethodCodeHeapSize                   = 4096                                   {pd product} {ergonomic}
    uintx NonProfiledCodeHeapSize                  = 0                                      {pd product} {ergonomic}
     bool ProfileInterpreter                       = false                                  {pd product} {command line}
    uintx ProfiledCodeHeapSize                     = 0                                      {pd product} {ergonomic}
     bool ShowCodeDetailsInExceptionMessages       = true                                   {manageable} {command line}
   size_t SoftMaxHeapSize                          = 8510242816                             {manageable} {ergonomic}
     intx TieredStopAtLevel                        = 1                                         {product} {command line}
     bool UseCompressedOops                        = true                           {product lp64_product} {ergonomic}
     bool UseG1GC                                  = true                                      {product} {ergonomic}
     bool UseLargePagesIndividualAllocation        = false                                  {pd product} {ergonomic}

Logging:
Log output configuration:
 #0: stdout all=warning uptime,level,tags foldmultilines=false
 #1: stderr all=off uptime,level,tags foldmultilines=false

Environment Variables:
JAVA_HOME=C:\Program Files\Eclipse Adoptium\jdk-17.0.4.101-hotspot\
PATH=C:/pleiades/2024-03/java/21/bin/server;C:/pleiades/2024-03/java/21/bin;C:\Program Files\Eclipse Adoptium\jdk-21.0.7.6-hotspot\bin;C:\Program Files\Eclipse Adoptium\jdk-17.0.4.101-hotspot\bin;C:\app\m83ai\product\21c\dbhomeXE\bin;C:\WINDOWS\system32;C:\WINDOWS;C:\WINDOWS\System32\Wbem;C:\WINDOWS\System32\WindowsPowerShell\v1.0\;C:\WINDOWS\System32\OpenSSH\;C:\Program Files\Git\cmd;C:\Users\m83ai\AppData\Local\Microsoft\WindowsApps;C:\Program Files\MySQL\MySQL Server 8.4\bin;C:\Users\m83ai\AppData\Local\GitHubDesktop\bin;C:\pleiades\2024-03\eclipse;
USERNAME=m83ai
OS=Windows_NT
PROCESSOR_IDENTIFIER=Intel64 Family 6 Model 140 Stepping 1, GenuineIntel
TMP=C:\Users\m83ai\AppData\Local\Temp
TEMP=C:\Users\m83ai\AppData\Local\Temp




Periodic native trim disabled

---------------  S Y S T E M  ---------------

OS:
 Windows 11 , 64 bit Build 26100 (10.0.26100.4202)
OS uptime: 2 days 17:25 hours
Hyper-V role detected

CPU: total 8 (initial active 8) (4 cores per cpu, 2 threads per core) family 6 model 140 stepping 1 microcode 0xbc, cx8, cmov, fxsr, ht, mmx, 3dnowpref, sse, sse2, sse3, ssse3, sse4.1, sse4.2, popcnt, lzcnt, tsc, tscinvbit, avx, avx2, aes, erms, clmul, bmi1, bmi2, adx, avx512f, avx512dq, avx512cd, avx512bw, avx512vl, sha, fma, vzeroupper, avx512_vpopcntdq, avx512_vpclmulqdq, avx512_vaes, avx512_vnni, clflush, clflushopt, clwb, avx512_vbmi2, avx512_vbmi, hv, rdtscp, rdpid, fsrm, gfni, avx512_bitalg, f16c, cet_ibt, cet_ss, avx512_ifma
Processor Information for processor 0
  Max Mhz: 2419, Current Mhz: 2419, Mhz Limit: 2419
Processor Information for processor 1
  Max Mhz: 2419, Current Mhz: 2419, Mhz Limit: 2419
Processor Information for processor 2
  Max Mhz: 2419, Current Mhz: 2419, Mhz Limit: 2419
Processor Information for processor 3
  Max Mhz: 2419, Current Mhz: 2419, Mhz Limit: 2419
Processor Information for processor 4
  Max Mhz: 2419, Current Mhz: 1209, Mhz Limit: 2419
Processor Information for processor 5
  Max Mhz: 2419, Current Mhz: 1209, Mhz Limit: 2419
Processor Information for processor 6
  Max Mhz: 2419, Current Mhz: 2419, Mhz Limit: 2419
Processor Information for processor 7
  Max Mhz: 2419, Current Mhz: 2419, Mhz Limit: 2419

Memory: 4k page, system-wide physical 32448M (16763M free)
TotalPageFile size 34496M (AvailPageFile size 16306M)
current process WorkingSet (physical memory assigned to process): 377M, peak: 481M
current process commit charge ("private bytes"): 423M, peak: 634M

vm_info: OpenJDK 64-Bit Server VM (21.0.2+13-LTS) for windows-amd64 JRE (21.0.2+13-LTS), built on 2024-01-16T00:00:00Z by "admin" with unknown MS VC++:1937

END.
