#
# A fatal error has been detected by the Java Runtime Environment:
#
#  EXCEPTION_ACCESS_VIOLATION (0xc0000005) at pc=0x000001f9cf48ada4, pid=4580, tid=10480
#
# JRE version: OpenJDK Runtime Environment Temurin-21.0.2+13 (21.0.2+13) (build 21.0.2+13-LTS)
# Java VM: OpenJDK 64-Bit Server VM Temurin-21.0.2+13 (21.0.2+13-LTS, mixed mode, emulated-client, sharing, tiered, compressed oops, compressed class ptrs, g1 gc, windows-amd64)
# Problematic frame:
# v  ~BufferBlob::MethodHandles adapters 0x000001f9cf48ada4
#
# No core dump will be written. Minidumps are not enabled by default on client versions of Windows
#
# If you would like to submit a bug report, please visit:
#   https://github.com/adoptium/adoptium-support/issues
#

---------------  S U M M A R Y ------------

Command Line: -XX:+ShowCodeDetailsInExceptionMessages -agentlib:jdwp=transport=dt_socket,suspend=y,address=localhost:61640 -Dcom.sun.management.jmxremote -Dcom.sun.management.jmxremote.port=61639 -Dcom.sun.management.jmxremote.authenticate=false -Dcom.sun.management.jmxremote.ssl=false -Djava.rmi.server.hostname=localhost -Dspring.jmx.enabled=true -Dmanagement.endpoints.jmx.exposure.include=* -Dspring.application.admin.enabled=true -XX:TieredStopAtLevel=1 -Dspring.boot.project.name=KintaiSystem -javaagent:C:\pleiades\2024-03\eclipse\configuration\org.eclipse.osgi\251\0\.cp\lib\javaagent-shaded.jar -Dfile.encoding=UTF-8 -Dstdout.encoding=UTF-8 -Dstderr.encoding=UTF-8 com.example.SpringBootSampleApplication --spring.output.ansi.enabled=always

Host: 11th Gen Intel(R) Core(TM) i5-1135G7 @ 2.40GHz, 8 cores, 31G,  Windows 11 , 64 bit Build 26100 (10.0.26100.5074)
Time: Sat Sep 13 13:54:41 2025  Windows 11 , 64 bit Build 26100 (10.0.26100.5074) elapsed time: 88.901575 seconds (0d 0h 1m 28s)

---------------  T H R E A D  ---------------

Current thread (0x000001f9e4daeda0):  JavaThread "http-nio-8080-exec-8" daemon [_thread_in_Java, id=10480, stack(0x000000b5ca100000,0x000000b5ca200000) (1024K)]

Stack: [0x000000b5ca100000,0x000000b5ca200000],  sp=0x000000b5ca1fae98,  free space=1003k
Native frames: (J=compiled Java code, j=interpreted, Vv=VM code, C=native code)
C  0x000001f9cf48ada4

The last pc belongs to _linkToVirtual (printed below).

siginfo: EXCEPTION_ACCESS_VIOLATION (0xc0000005), reading address 0xffffffffffffffff


Registers:
RAX=0x000001f9cf45958b, RBX=0x000000060cfcfed8, RCX=0x000000b5ca1faeb0, RDX=0x0000000000000004
RSP=0x000000b5ca1fae98, RBP=0x000000b5ca1faef8, RSI=0x000001f9e4662138, RDI=0x000001f9e73dca80
R8 =0x0000000000000004, R9 =0x0000000000000004, R10=0x000001fa616fc276, R11=0xc19f9fde00000000
R12=0x0000000000000000, R13=0x000000b5ca1fae98, R14=0x000000b5ca1faf28, R15=0x000001f9e4daeda0
RIP=0x000001f9cf48ada4, EFLAGS=0x0000000000010202


Register to memory mapping:

RAX=0x000001f9cf45958b is at code_begin+4363 in an Interpreter codelet
return entry points  [0x000001f9cf458480, 0x000001f9cf45a298]  7704 bytes
RBX=0x000000060cfcfed8 is an oop: java.lang.String 
{0x000000060cfcfed8} - klass: 'java/lang/String'
 - string: "2025-09"
 - ---- fields (total size 3 words):
 - private 'hash' 'I' @12  -1447457195 (0xa9b98e55)
 - private final 'coder' 'B' @16  0 (0x00)
 - private 'hashIsZero' 'Z' @17  false (0x00)
 - injected 'flags' 'B' @18  0 (0x00)
 - private final 'value' '[B' @20  [B{0x000000060cfcfef0} (0xc19f9fde)
RCX=0x000000b5ca1faeb0 is pointing into the stack for thread: 0x000001f9e4daeda0
RDX=0x0000000000000004 is an unknown value
RSP=0x000000b5ca1fae98 is pointing into the stack for thread: 0x000001f9e4daeda0
RBP=0x000000b5ca1faef8 is pointing into the stack for thread: 0x000001f9e4daeda0
RSI=0x000001f9e4662138 points into unknown readable memory: 0x8800096f4f7d732f | 2f 73 7d 4f 6f 09 00 88
RDI=0x000001f9e73dca80 points into unknown readable memory: 0x0000002800000080 | 80 00 00 00 28 00 00 00
R8 =0x0000000000000004 is an unknown value
R9 =0x0000000000000004 is an unknown value
R10=0x000001fa616fc276 is an unknown value
R11=0xc19f9fde00000000 is an unknown value
R12=0x0 is null
R13=0x000000b5ca1fae98 is pointing into the stack for thread: 0x000001f9e4daeda0
R14=0x000000b5ca1faf28 is pointing into the stack for thread: 0x000001f9e4daeda0
R15=0x000001f9e4daeda0 is a thread

Top of Stack: (sp=0x000000b5ca1fae98)
0x000000b5ca1fae98:   000001f9cf45958b 000000060cfd1988
0x000000b5ca1faea8:   0000000606b6f998 000000b5ca1faeb0
0x000000b5ca1faeb8:   000001f9e16fc276 0000000000000006
0x000000b5ca1faec8:   000001f9e16fc3c8 000000b5ca1fafa0
0x000000b5ca1faed8:   00000006062ea0e8 000001f9e16fc288
0x000000b5ca1faee8:   000000b5ca1fae98 000000b5ca1faf30
0x000000b5ca1faef8:   000000b5ca1fafa0 000001f9cf45958b
0x000000b5ca1faf08:   000000060cfdca80 000000060cfcfed8
0x000000b5ca1faf18:   000000060cfd1988 0000000606b6f998
0x000000b5ca1faf28:   000000060cfdcbe8 000001f9cf45958b
0x000000b5ca1faf38:   000000060cfcfed8 000000060cfd1988
0x000000b5ca1faf48:   0000000606b6f998 000000060cfdcbe8
0x000000b5ca1faf58:   000000b5ca1faf58 000001f9e3a8cae3
0x000000b5ca1faf68:   000000000000000b 000001f9e3a8cc30
0x000000b5ca1faf78:   0000000000000000 000000060e8f7678
0x000000b5ca1faf88:   000001f9e3a8caf0 000000b5ca1faf38
0x000000b5ca1faf98:   000000b5ca1fb000 000000b5ca1fb2b0
0x000000b5ca1fafa8:   000001f9d00e8baa 000000060cfdcbe8
0x000000b5ca1fafb8:   0000000606b6f998 000000060cfdcdc8
0x000000b5ca1fafc8:   000000060cfd1988 000000060cfcfed8
0x000000b5ca1fafd8:   000000060cfdcec8 000000060cfcfed8
0x000000b5ca1fafe8:   000000060cfd1988 0000000606b6f998
0x000000b5ca1faff8:   000000060cfdcf18 000001f9d0022f60
0x000000b5ca1fb008:   00007fff2791eab8 000000b5ca1fa680
0x000000b5ca1fb018:   000000b5ca1fa684 00000006062cc728
0x000000b5ca1fb028:   00007fff00000001 00000006062cc728
0x000000b5ca1fb038:   0000000605b20e28 00000006068f34b8
0x000000b5ca1fb048:   000000b5ca1f9e20 000000b5ca1fb2b0
0x000000b5ca1fb058:   000001f9cf8b3c6c 000001f9d00225a0
0x000000b5ca1fb068:   00007fff000000da 000001f9d0020d10
0x000000b5ca1fb078:   0000000000000c00 0000000000000000
0x000000b5ca1fb088:   0000000000000000 0000000000000000 

Instructions: (pc=0x000001f9cf48ada4)
0x000001f9cf48aca4:   f9 01 00 00 00 ad 48 cf f9 01 00 00 80 bd 48 cf
0x000001f9cf48acb4:   f9 01 00 00 f0 ac 48 cf f9 01 00 00 f0 ac 48 cf
0x000001f9cf48acc4:   f9 01 00 00 00 00 00 00 00 00 00 00 b8 f6 c7 27
0x000001f9cf48acd4:   ff 7f 00 00 f0 10 00 00 60 00 00 00 ff ff ff ff
0x000001f9cf48ace4:   f0 10 00 00 00 00 00 00 00 00 00 00 00 00 00 00
0x000001f9cf48acf4:   00 00 00 00 00 00 00 00 00 00 00 00 f4 66 66 66
0x000001f9cf48ad04:   0f 1f 84 00 00 00 00 00 66 66 66 90 66 66 66 0f
0x000001f9cf48ad14:   1f 84 00 00 00 00 00 66 66 66 90 90 48 8b 53 08
0x000001f9cf48ad24:   0f b7 52 2e 48 8b 0c d4 8b 59 14 48 c1 e3 03 8b
0x000001f9cf48ad34:   5b 28 48 c1 e3 03 8b 5b 24 48 c1 e3 03 48 8b 5b
0x000001f9cf48ad44:   10 48 85 db 0f 84 10 00 00 00 41 80 bf e0 05 00
0x000001f9cf48ad54:   00 00 74 03 ff 63 38 ff 63 50 e9 9d 16 00 00 66
0x000001f9cf48ad64:   66 66 0f 1f 84 00 00 00 00 00 66 66 66 90 66 66
0x000001f9cf48ad74:   0f 1f 84 00 00 00 00 00 66 66 66 90 48 8b 53 08
0x000001f9cf48ad84:   0f b7 52 2e 48 8b 0c d4 58 5b 50 44 8b 51 08 49
0x000001f9cf48ad94:   bb 00 00 00 80 f9 01 00 00 4d 03 d3 4c 8b 5b 10
0x000001f9cf48ada4:   4b 8b 9c da c8 01 00 00 48 85 db 0f 84 10 00 00
0x000001f9cf48adb4:   00 41 80 bf e0 05 00 00 00 74 03 ff 63 38 ff 63
0x000001f9cf48adc4:   50 e9 36 16 00 00 66 66 66 0f 1f 84 00 00 00 00
0x000001f9cf48add4:   00 66 66 66 90 0f 1f 80 00 00 00 00 58 5b 50 8b
0x000001f9cf48ade4:   5b 24 48 c1 e3 03 48 8b 5b 10 48 85 db 0f 84 10
0x000001f9cf48adf4:   00 00 00 41 80 bf e0 05 00 00 00 74 03 ff 63 38
0x000001f9cf48ae04:   ff 63 50 e9 f4 15 00 00 66 66 66 0f 1f 84 00 00
0x000001f9cf48ae14:   00 00 00 66 66 66 90 0f 1f 44 00 00 48 8b 53 08
0x000001f9cf48ae24:   0f b7 52 2e 48 8b 0c d4 58 5b 50 48 3b 01 8b 5b
0x000001f9cf48ae34:   24 48 c1 e3 03 48 8b 5b 10 48 85 db 0f 84 10 00
0x000001f9cf48ae44:   00 00 41 80 bf e0 05 00 00 00 74 03 ff 63 38 ff
0x000001f9cf48ae54:   63 50 e9 a5 15 00 00 0f 1f 44 00 00 48 8b 53 08
0x000001f9cf48ae64:   0f b7 52 2e 48 8b 0c d4 58 5b 50 44 8b 51 08 49
0x000001f9cf48ae74:   bb 00 00 00 80 f9 01 00 00 4d 03 d3 8b 43 18 48
0x000001f9cf48ae84:   c1 e0 03 48 8b 40 10 48 8b 5b 10 45 8b 9a a0 00
0x000001f9cf48ae94:   00 00 4f 8d 9c da c8 01 00 00 4d 8d 14 da 49 8b 


Stack slot to memory mapping:

stack at sp + 0 slots: 0x000001f9cf45958b is at code_begin+4363 in an Interpreter codelet
return entry points  [0x000001f9cf458480, 0x000001f9cf45a298]  7704 bytes
stack at sp + 1 slots: 0x000000060cfd1988 is an oop: java.lang.String 
{0x000000060cfd1988} - klass: 'java/lang/String'
 - string: "gummy.sk3@gmail.com"
 - ---- fields (total size 3 words):
 - private 'hash' 'I' @12  -954567799 (0xc71a7389)
 - private final 'coder' 'B' @16  0 (0x00)
 - private 'hashIsZero' 'Z' @17  false (0x00)
 - injected 'flags' 'B' @18  0 (0x00)
 - private final 'value' '[B' @20  [B{0x000000060cfd19a0} (0xc19fa334)
stack at sp + 2 slots: 0x0000000606b6f998 is an oop: com.example.controller.KoutsuhiKeihiController 
{0x0000000606b6f998} - klass: 'com/example/controller/KoutsuhiKeihiController'
 - ---- fields (total size 4 words):
 - private 'userService' 'Lcom/example/domain/kintai/service/UserService;' @12  a 'com/example/domain/kintai/service/impl/UserServiceImpl$$SpringCGLIB$$0'{0x00000006069068a0} (0xc0d20d14)
 - private 'keihiService' 'Lcom/example/domain/kintai/service/KeihiService;' @16  a 'com/example/domain/kintai/service/impl/KeihiServiceImpl$$SpringCGLIB$$0'{0x0000000606aadf48} (0xc0d55be9)
 - private 'koutsuhiService' 'Lcom/example/domain/kintai/service/KoutsuhiService;' @20  a 'com/example/domain/kintai/service/impl/KoutsuhiServiceImpl'{0x0000000606a69858} (0xc0d4d30b)
 - private 'applicationService' 'Lcom/example/domain/kintai/service/ApplicationService;' @24  a 'com/example/domain/kintai/service/ApplicationService$$SpringCGLIB$$0'{0x0000000606a61108} (0xc0d4c221)
 - private 'mailService' 'Lcom/example/domain/kintai/service/MailService;' @28  a 'com/example/domain/kintai/service/impl/MailServiceImpl'{0x0000000606a651d0} (0xc0d4ca3a)
stack at sp + 3 slots: 0x000000b5ca1faeb0 is pointing into the stack for thread: 0x000001f9e4daeda0
stack at sp + 4 slots: 0x000001f9e16fc276 is pointing into metadata
stack at sp + 5 slots: 0x0000000000000006 is an unknown value
stack at sp + 6 slots: 0x000001f9e16fc3c8 is pointing into metadata
stack at sp + 7 slots: 0x000000b5ca1fafa0 is pointing into the stack for thread: 0x000001f9e4daeda0

MethodHandle::interpreter_entry::_linkToVirtual [0x000001f9cf48ad63, 0x000001f9cf48adca] (103 bytes)
[MachCode]
  0x000001f9cf48ad63: 6666 660f | 1f84 0000 | 0000 0066 | 6666 9066 | 660f 1f84 | 0000 0000 | 0066 6666 | 9048 8b53 
  0x000001f9cf48ad83: 080f b752 | 2e48 8b0c | d458 5b50 | 448b 5108 | 49bb 0000 | 0080 f901 | 0000 4d03 | d34c 8b5b 
  0x000001f9cf48ada3: 104b 8b9c | dac8 0100 | 0048 85db | 0f84 1000 | 0000 4180 | bfe0 0500 | 0000 7403 | ff63 38ff 
  0x000001f9cf48adc3: 6350 e936 | 
[/MachCode]

---------------  P R O C E S S  ---------------

Threads class SMR info:
_java_thread_list=0x000001f9e6cef7a0, length=44, elements={
0x000001f9df77cfa0, 0x000001f9df77e720, 0x000001f9df787390, 0x000001f9df787df0,
0x000001f9df791580, 0x000001f9df79bc00, 0x000001f9df7ab3f0, 0x000001f9df86e9e0,
0x000001f9df922240, 0x000001f9df926230, 0x000001f9df928ca0, 0x000001f9df86f070,
0x000001f9df86c910, 0x000001f9df86c280, 0x000001f9df86f700, 0x000001f9df86cfa0,
0x000001f9df86d630, 0x000001f9e4daac00, 0x000001f9e4da7e10, 0x000001f9e4da9ee0,
0x000001f9e4da84a0, 0x000001f9e4dac640, 0x000001f9e4da91c0, 0x000001f9e4dabfb0,
0x000001f9e4dab920, 0x000001f9e4da9850, 0x000001f9e4dad360, 0x000001f9e4dab290,
0x000001f9e4dad9f0, 0x000001f9e4daa570, 0x000001f9e4dae080, 0x000001f9e4dae710,
0x000001f9e4daeda0, 0x000001f9e57faee0, 0x000001f9e57fa850, 0x000001f9e57f94a0,
0x000001f9e57fb570, 0x000001f9e57f80f0, 0x000001f9e57f9b30, 0x000001f9e57fa1c0,
0x000001f9e57fbc00, 0x000001f9e57f8780, 0x000001f9e57fc920, 0x000001f9e57fdcd0
}

Java Threads: ( => current thread )
  0x000001f9df77cfa0 JavaThread "Reference Handler"          daemon [_thread_blocked, id=5080, stack(0x000000b5c7300000,0x000000b5c7400000) (1024K)]
  0x000001f9df77e720 JavaThread "Finalizer"                  daemon [_thread_blocked, id=5064, stack(0x000000b5c7400000,0x000000b5c7500000) (1024K)]
  0x000001f9df787390 JavaThread "Signal Dispatcher"          daemon [_thread_blocked, id=13628, stack(0x000000b5c7500000,0x000000b5c7600000) (1024K)]
  0x000001f9df787df0 JavaThread "Attach Listener"            daemon [_thread_blocked, id=15752, stack(0x000000b5c7600000,0x000000b5c7700000) (1024K)]
  0x000001f9df791580 JavaThread "Service Thread"             daemon [_thread_blocked, id=1912, stack(0x000000b5c7700000,0x000000b5c7800000) (1024K)]
  0x000001f9df79bc00 JavaThread "Monitor Deflation Thread"   daemon [_thread_blocked, id=6696, stack(0x000000b5c7800000,0x000000b5c7900000) (1024K)]
  0x000001f9df7ab3f0 JavaThread "C1 CompilerThread0"         daemon [_thread_blocked, id=1908, stack(0x000000b5c7900000,0x000000b5c7a00000) (1024K)]
  0x000001f9df86e9e0 JavaThread "Common-Cleaner"             daemon [_thread_blocked, id=14816, stack(0x000000b5c7a00000,0x000000b5c7b00000) (1024K)]
  0x000001f9df922240 JavaThread "JDWP Transport Listener: dt_socket" daemon [_thread_blocked, id=23348, stack(0x000000b5c7d00000,0x000000b5c7e00000) (1024K)]
  0x000001f9df926230 JavaThread "JDWP Event Helper Thread"   daemon [_thread_blocked, id=12952, stack(0x000000b5c7e00000,0x000000b5c7f00000) (1024K)]
  0x000001f9df928ca0 JavaThread "JDWP Command Reader"        daemon [_thread_in_native, id=6692, stack(0x000000b5c7f00000,0x000000b5c8000000) (1024K)]
  0x000001f9df86f070 JavaThread "Notification Thread"        daemon [_thread_blocked, id=11368, stack(0x000000b5c8000000,0x000000b5c8100000) (1024K)]
  0x000001f9df86c910 JavaThread "RMI TCP Accept-0"           daemon [_thread_in_native, id=10980, stack(0x000000b5c8900000,0x000000b5c8a00000) (1024K)]
  0x000001f9df86c280 JavaThread "RMI TCP Accept-61639"       daemon [_thread_in_native, id=17920, stack(0x000000b5c8a00000,0x000000b5c8b00000) (1024K)]
  0x000001f9df86f700 JavaThread "RMI TCP Accept-0"           daemon [_thread_in_native, id=5252, stack(0x000000b5c8b00000,0x000000b5c8c00000) (1024K)]
  0x000001f9df86cfa0 JavaThread "RMI TCP Connection(idle)"   daemon [_thread_blocked, id=2420, stack(0x000000b5c8e00000,0x000000b5c8f00000) (1024K)]
  0x000001f9df86d630 JavaThread "RMI Scheduler(0)"           daemon [_thread_blocked, id=956, stack(0x000000b5c8f00000,0x000000b5c9000000) (1024K)]
  0x000001f9e4daac00 JavaThread "RMI TCP Connection(idle)"   daemon [_thread_blocked, id=14404, stack(0x000000b5c9000000,0x000000b5c9100000) (1024K)]
  0x000001f9e4da7e10 JavaThread "JMX server connection timeout 41" daemon [_thread_blocked, id=20560, stack(0x000000b5c9100000,0x000000b5c9200000) (1024K)]
  0x000001f9e4da9ee0 JavaThread "Catalina-utility-1"                [_thread_blocked, id=8428, stack(0x000000b5c9200000,0x000000b5c9300000) (1024K)]
  0x000001f9e4da84a0 JavaThread "Catalina-utility-2"                [_thread_blocked, id=1884, stack(0x000000b5c9400000,0x000000b5c9500000) (1024K)]
  0x000001f9e4dac640 JavaThread "container-0"                       [_thread_blocked, id=3184, stack(0x000000b5c9500000,0x000000b5c9600000) (1024K)]
  0x000001f9e4da91c0 JavaThread "HikariPool-1 housekeeper"   daemon [_thread_blocked, id=17064, stack(0x000000b5c9600000,0x000000b5c9700000) (1024K)]
  0x000001f9e4dabfb0 JavaThread "File Watcher"               daemon [_thread_blocked, id=13968, stack(0x000000b5c9800000,0x000000b5c9900000) (1024K)]
  0x000001f9e4dab920 JavaThread "Live Reload Server"         daemon [_thread_in_native, id=3804, stack(0x000000b5c9900000,0x000000b5c9a00000) (1024K)]
  0x000001f9e4da9850 JavaThread "http-nio-8080-exec-1"       daemon [_thread_blocked, id=13988, stack(0x000000b5c9a00000,0x000000b5c9b00000) (1024K)]
  0x000001f9e4dad360 JavaThread "http-nio-8080-exec-2"       daemon [_thread_blocked, id=18424, stack(0x000000b5c9b00000,0x000000b5c9c00000) (1024K)]
  0x000001f9e4dab290 JavaThread "http-nio-8080-exec-3"       daemon [_thread_blocked, id=1520, stack(0x000000b5c9c00000,0x000000b5c9d00000) (1024K)]
  0x000001f9e4dad9f0 JavaThread "http-nio-8080-exec-4"       daemon [_thread_blocked, id=10260, stack(0x000000b5c9d00000,0x000000b5c9e00000) (1024K)]
  0x000001f9e4daa570 JavaThread "http-nio-8080-exec-5"       daemon [_thread_blocked, id=6492, stack(0x000000b5c9e00000,0x000000b5c9f00000) (1024K)]
  0x000001f9e4dae080 JavaThread "http-nio-8080-exec-6"       daemon [_thread_blocked, id=1612, stack(0x000000b5c9f00000,0x000000b5ca000000) (1024K)]
  0x000001f9e4dae710 JavaThread "http-nio-8080-exec-7"       daemon [_thread_blocked, id=12864, stack(0x000000b5ca000000,0x000000b5ca100000) (1024K)]
=>0x000001f9e4daeda0 JavaThread "http-nio-8080-exec-8"       daemon [_thread_in_Java, id=10480, stack(0x000000b5ca100000,0x000000b5ca200000) (1024K)]
  0x000001f9e57faee0 JavaThread "http-nio-8080-exec-9"       daemon [_thread_blocked, id=13448, stack(0x000000b5ca200000,0x000000b5ca300000) (1024K)]
  0x000001f9e57fa850 JavaThread "http-nio-8080-exec-10"      daemon [_thread_blocked, id=23328, stack(0x000000b5ca300000,0x000000b5ca400000) (1024K)]
  0x000001f9e57f94a0 JavaThread "http-nio-8080-Poller"       daemon [_thread_in_native, id=4552, stack(0x000000b5ca400000,0x000000b5ca500000) (1024K)]
  0x000001f9e57fb570 JavaThread "http-nio-8080-Acceptor"     daemon [_thread_in_native, id=17220, stack(0x000000b5ca500000,0x000000b5ca600000) (1024K)]
  0x000001f9e57f80f0 JavaThread "DestroyJavaVM"                     [_thread_blocked, id=11748, stack(0x000000b5c6b00000,0x000000b5c6c00000) (1024K)]
  0x000001f9e57f9b30 JavaThread "RMI TCP Connection(idle)"   daemon [_thread_blocked, id=22736, stack(0x000000b5c8c00000,0x000000b5c8d00000) (1024K)]
  0x000001f9e57fa1c0 JavaThread "RMI TCP Connection(idle)"   daemon [_thread_blocked, id=3848, stack(0x000000b5ca600000,0x000000b5ca700000) (1024K)]
  0x000001f9e57fbc00 JavaThread "RMI TCP Connection(idle)"   daemon [_thread_blocked, id=19108, stack(0x000000b5ca700000,0x000000b5ca800000) (1024K)]
  0x000001f9e57f8780 JavaThread "RMI TCP Connection(idle)"   daemon [_thread_blocked, id=8040, stack(0x000000b5ca800000,0x000000b5ca900000) (1024K)]
  0x000001f9e57fc920 JavaThread "RMI TCP Connection(idle)"   daemon [_thread_blocked, id=7888, stack(0x000000b5caa00000,0x000000b5cab00000) (1024K)]
  0x000001f9e57fdcd0 JavaThread "RMI TCP Connection(idle)"   daemon [_thread_blocked, id=12564, stack(0x000000b5cac00000,0x000000b5cad00000) (1024K)]
Total: 44

Other Threads:
  0x000001f9dce390a0 VMThread "VM Thread"                           [id=2192, stack(0x000000b5c7200000,0x000000b5c7300000) (1024K)]
  0x000001f9dce25030 WatcherThread "VM Periodic Task Thread"        [id=6004, stack(0x000000b5c7100000,0x000000b5c7200000) (1024K)]
  0x000001f9dcc90780 WorkerThread "GC Thread#0"                     [id=20004, stack(0x000000b5c6c00000,0x000000b5c6d00000) (1024K)]
  0x000001f9e462da00 WorkerThread "GC Thread#1"                     [id=14528, stack(0x000000b5c8200000,0x000000b5c8300000) (1024K)]
  0x000001f9e45cddb0 WorkerThread "GC Thread#2"                     [id=12548, stack(0x000000b5c8300000,0x000000b5c8400000) (1024K)]
  0x000001f9e45ce150 WorkerThread "GC Thread#3"                     [id=9412, stack(0x000000b5c8400000,0x000000b5c8500000) (1024K)]
  0x000001f9e46232e0 WorkerThread "GC Thread#4"                     [id=11040, stack(0x000000b5c8500000,0x000000b5c8600000) (1024K)]
  0x000001f9e4624690 WorkerThread "GC Thread#5"                     [id=19820, stack(0x000000b5c8600000,0x000000b5c8700000) (1024K)]
  0x000001f9e4624a30 WorkerThread "GC Thread#6"                     [id=8264, stack(0x000000b5c8700000,0x000000b5c8800000) (1024K)]
  0x000001f9e45c7210 WorkerThread "GC Thread#7"                     [id=14680, stack(0x000000b5c8800000,0x000000b5c8900000) (1024K)]
  0x000001f9c55dfcb0 ConcurrentGCThread "G1 Main Marker"            [id=9440, stack(0x000000b5c6d00000,0x000000b5c6e00000) (1024K)]
  0x000001f9c55e06c0 WorkerThread "G1 Conc#0"                       [id=20288, stack(0x000000b5c6e00000,0x000000b5c6f00000) (1024K)]
  0x000001f9e4d2b570 WorkerThread "G1 Conc#1"                       [id=13664, stack(0x000000b5c9300000,0x000000b5c9400000) (1024K)]
  0x000001f9dccf7db0 ConcurrentGCThread "G1 Refine#0"               [id=20332, stack(0x000000b5c6f00000,0x000000b5c7000000) (1024K)]
  0x000001f9dccf96e0 ConcurrentGCThread "G1 Service"                [id=4360, stack(0x000000b5c7000000,0x000000b5c7100000) (1024K)]
Total: 15

Threads with active compile tasks:
Total: 0

VM state: not at safepoint (normal execution)

VM Mutex/Monitor currently owned by a thread: None

Heap address: 0x0000000604c00000, size: 8116 MB, Compressed Oops mode: Zero based, Oop shift amount: 3

CDS archive(s) mapped at: [0x000001f980000000-0x000001f980c90000-0x000001f980c90000), size 13172736, SharedBaseAddress: 0x000001f980000000, ArchiveRelocationMode: 1.
Compressed class space mapped at: 0x000001f981000000-0x000001f9c1000000, reserved size: 1073741824
Narrow klass base: 0x000001f980000000, Narrow klass shift: 0, Narrow klass range: 0x100000000

GC Precious Log:
 CardTable entry size: 512
 Card Set container configuration: InlinePtr #cards 4 size 8 Array Of Cards #cards 32 size 80 Howl #buckets 8 coarsen threshold 7372 Howl Bitmap #cards 1024 size 144 coarsen threshold 921 Card regions per heap region 1 cards per card region 8192
 CPUs: 8 total, 8 available
 Memory: 32448M
 Large Page Support: Disabled
 NUMA Support: Disabled
 Compressed Oops: Enabled (Zero based)
 Heap Region Size: 4M
 Heap Min Capacity: 8M
 Heap Initial Capacity: 508M
 Heap Max Capacity: 8116M
 Pre-touch: Disabled
 Parallel Workers: 8
 Concurrent Workers: 2
 Concurrent Refinement Workers: 8
 Periodic GC: Disabled

Heap:
 garbage-first heap   total 163840K, used 86068K [0x0000000604c00000, 0x0000000800000000)
  region size 4096K, 14 young (57344K), 3 survivors (12288K)
 Metaspace       used 69201K, committed 70464K, reserved 1114112K
  class space    used 9093K, committed 9664K, reserved 1048576K

Heap Regions: E=young(eden), S=young(survivor), O=old, HS=humongous(starts), HC=humongous(continues), CS=collection set, F=free, TAMS=top-at-mark-start, PB=parsable bottom
|   0|0x0000000604c00000, 0x0000000605000000, 0x0000000605000000|100%| O|  |TAMS 0x0000000604c00000| PB 0x0000000604c00000| Untracked 
|   1|0x0000000605000000, 0x0000000605400000, 0x0000000605400000|100%| O|  |TAMS 0x0000000605000000| PB 0x0000000605000000| Untracked 
|   2|0x0000000605400000, 0x0000000605800000, 0x0000000605800000|100%| O|  |TAMS 0x0000000605400000| PB 0x0000000605400000| Untracked 
|   3|0x0000000605800000, 0x0000000605bdcdd8, 0x0000000605c00000| 96%| O|  |TAMS 0x0000000605800000| PB 0x0000000605800000| Untracked 
|   4|0x0000000605c00000, 0x0000000605e47010, 0x0000000606000000| 56%| O|Cm|TAMS 0x0000000605c00000| PB 0x0000000605c00000| Complete 
|   5|0x0000000606000000, 0x0000000606400000, 0x0000000606400000|100%| O|  |TAMS 0x0000000606000000| PB 0x0000000606000000| Untracked 
|   6|0x0000000606400000, 0x0000000606800000, 0x0000000606800000|100%| O|  |TAMS 0x0000000606400000| PB 0x0000000606400000| Untracked 
|   7|0x0000000606800000, 0x0000000606c00000, 0x0000000606c00000|100%| O|  |TAMS 0x0000000606800000| PB 0x0000000606800000| Untracked 
|   8|0x0000000606c00000, 0x0000000606de95d0, 0x0000000607000000| 47%| O|  |TAMS 0x0000000606c00000| PB 0x0000000606c00000| Untracked 
|   9|0x0000000607000000, 0x0000000607000000, 0x0000000607400000|  0%| F|  |TAMS 0x0000000607000000| PB 0x0000000607000000| Untracked 
|  10|0x0000000607400000, 0x0000000607400000, 0x0000000607800000|  0%| F|  |TAMS 0x0000000607400000| PB 0x0000000607400000| Untracked 
|  11|0x0000000607800000, 0x0000000607800000, 0x0000000607c00000|  0%| F|  |TAMS 0x0000000607800000| PB 0x0000000607800000| Untracked 
|  12|0x0000000607c00000, 0x0000000607c00000, 0x0000000608000000|  0%| F|  |TAMS 0x0000000607c00000| PB 0x0000000607c00000| Untracked 
|  13|0x0000000608000000, 0x0000000608400000, 0x0000000608400000|100%| S|CS|TAMS 0x0000000608000000| PB 0x0000000608000000| Complete 
|  14|0x0000000608400000, 0x0000000608800000, 0x0000000608800000|100%| S|CS|TAMS 0x0000000608400000| PB 0x0000000608400000| Complete 
|  15|0x0000000608800000, 0x0000000608c00000, 0x0000000608c00000|100%| S|CS|TAMS 0x0000000608800000| PB 0x0000000608800000| Complete 
|  16|0x0000000608c00000, 0x0000000608c00000, 0x0000000609000000|  0%| F|  |TAMS 0x0000000608c00000| PB 0x0000000608c00000| Untracked 
|  17|0x0000000609000000, 0x0000000609000000, 0x0000000609400000|  0%| F|  |TAMS 0x0000000609000000| PB 0x0000000609000000| Untracked 
|  18|0x0000000609400000, 0x0000000609400000, 0x0000000609800000|  0%| F|  |TAMS 0x0000000609400000| PB 0x0000000609400000| Untracked 
|  19|0x0000000609800000, 0x0000000609800000, 0x0000000609c00000|  0%| F|  |TAMS 0x0000000609800000| PB 0x0000000609800000| Untracked 
|  20|0x0000000609c00000, 0x0000000609c00000, 0x000000060a000000|  0%| F|  |TAMS 0x0000000609c00000| PB 0x0000000609c00000| Untracked 
|  21|0x000000060a000000, 0x000000060a000000, 0x000000060a400000|  0%| F|  |TAMS 0x000000060a000000| PB 0x000000060a000000| Untracked 
|  22|0x000000060a400000, 0x000000060a400000, 0x000000060a800000|  0%| F|  |TAMS 0x000000060a400000| PB 0x000000060a400000| Untracked 
|  23|0x000000060a800000, 0x000000060a800000, 0x000000060ac00000|  0%| F|  |TAMS 0x000000060a800000| PB 0x000000060a800000| Untracked 
|  24|0x000000060ac00000, 0x000000060ac00000, 0x000000060b000000|  0%| F|  |TAMS 0x000000060ac00000| PB 0x000000060ac00000| Untracked 
|  25|0x000000060b000000, 0x000000060b000000, 0x000000060b400000|  0%| F|  |TAMS 0x000000060b000000| PB 0x000000060b000000| Untracked 
|  26|0x000000060b400000, 0x000000060b400000, 0x000000060b800000|  0%| F|  |TAMS 0x000000060b400000| PB 0x000000060b400000| Untracked 
|  27|0x000000060b800000, 0x000000060b800000, 0x000000060bc00000|  0%| F|  |TAMS 0x000000060b800000| PB 0x000000060b800000| Untracked 
|  28|0x000000060bc00000, 0x000000060bc00000, 0x000000060c000000|  0%| F|  |TAMS 0x000000060bc00000| PB 0x000000060bc00000| Untracked 
|  29|0x000000060c000000, 0x000000060c2d3118, 0x000000060c400000| 70%| E|  |TAMS 0x000000060c000000| PB 0x000000060c000000| Complete 
|  30|0x000000060c400000, 0x000000060c800000, 0x000000060c800000|100%| E|CS|TAMS 0x000000060c400000| PB 0x000000060c400000| Complete 
|  31|0x000000060c800000, 0x000000060cc00000, 0x000000060cc00000|100%| E|CS|TAMS 0x000000060c800000| PB 0x000000060c800000| Complete 
|  32|0x000000060cc00000, 0x000000060d000000, 0x000000060d000000|100%| E|CS|TAMS 0x000000060cc00000| PB 0x000000060cc00000| Complete 
|  33|0x000000060d000000, 0x000000060d400000, 0x000000060d400000|100%| E|CS|TAMS 0x000000060d000000| PB 0x000000060d000000| Complete 
|  34|0x000000060d400000, 0x000000060d800000, 0x000000060d800000|100%| E|CS|TAMS 0x000000060d400000| PB 0x000000060d400000| Complete 
|  37|0x000000060e000000, 0x000000060e400000, 0x000000060e400000|100%| E|CS|TAMS 0x000000060e000000| PB 0x000000060e000000| Complete 
|  38|0x000000060e400000, 0x000000060e800000, 0x000000060e800000|100%| E|CS|TAMS 0x000000060e400000| PB 0x000000060e400000| Complete 
|  39|0x000000060e800000, 0x000000060ec00000, 0x000000060ec00000|100%| E|CS|TAMS 0x000000060e800000| PB 0x000000060e800000| Complete 
|  40|0x000000060ec00000, 0x000000060f000000, 0x000000060f000000|100%| E|CS|TAMS 0x000000060ec00000| PB 0x000000060ec00000| Complete 
| 126|0x0000000624400000, 0x0000000624800000, 0x0000000624800000|100%| E|CS|TAMS 0x0000000624400000| PB 0x0000000624400000| Complete 

Card table byte_map: [0x000001f9d3d10000,0x000001f9d4cf0000] _byte_map_base: 0x000001f9d0cea000

Marking Bits: (CMBitMap*) 0x000001f9c55cd170
 Bits: [0x000001f9d4cf0000, 0x000001f9dcbc0000)

Polling page: 0x000001f9c5610000

Metaspace:

Usage:
  Non-class:     58.70 MB used.
      Class:      8.88 MB used.
       Both:     67.58 MB used.

Virtual space:
  Non-class space:       64.00 MB reserved,      59.38 MB ( 93%) committed,  1 nodes.
      Class space:        1.00 GB reserved,       9.44 MB ( <1%) committed,  1 nodes.
             Both:        1.06 GB reserved,      68.81 MB (  6%) committed. 

Chunk freelists:
   Non-Class:  4.25 MB
       Class:  6.42 MB
        Both:  10.67 MB

MaxMetaspaceSize: unlimited
CompressedClassSpaceSize: 1.00 GB
Initial GC threshold: 21.00 MB
Current GC threshold: 104.38 MB
CDS: on
 - commit_granule_bytes: 65536.
 - commit_granule_words: 8192.
 - virtual_space_node_default_size: 8388608.
 - enlarge_chunks_in_place: 1.
 - use_allocation_guard: 0.


Internal statistics:

num_allocs_failed_limit: 6.
num_arena_births: 2072.
num_arena_deaths: 2.
num_vsnodes_births: 2.
num_vsnodes_deaths: 0.
num_space_committed: 1101.
num_space_uncommitted: 0.
num_chunks_returned_to_freelist: 9.
num_chunks_taken_from_freelist: 4774.
num_chunk_merges: 6.
num_chunk_splits: 3213.
num_chunks_enlarged: 2178.
num_inconsistent_stats: 0.

CodeCache: size=49152Kb used=18875Kb max_used=19973Kb free=30276Kb
 bounds [0x000001f9cf450000, 0x000001f9d07e0000, 0x000001f9d2450000]
 total_blobs=9788 nmethods=8841 adapters=870
 compilation: enabled
              stopped_count=0, restarted_count=0
 full_count=0

Compilation events (20 events):
Event: 64.198 Thread 0x000001f9df7ab3f0 9442       1       jdk.internal.event.ThreadSleepEvent::isEnabled (2 bytes)
Event: 64.198 Thread 0x000001f9df7ab3f0 nmethod 9442 0x000001f9cf644e10 code [0x000001f9cf644fa0, 0x000001f9cf645068]
Event: 65.387 Thread 0x000001f9df7ab3f0 9443       1       java.util.concurrent.ScheduledThreadPoolExecutor$ScheduledFutureTask::getDelay (16 bytes)
Event: 65.387 Thread 0x000001f9df7ab3f0 nmethod 9443 0x000001f9cf644a90 code [0x000001f9cf644c40, 0x000001f9cf644d78]
Event: 65.387 Thread 0x000001f9df7ab3f0 9444       1       java.util.concurrent.TimeUnit::convert (73 bytes)
Event: 65.388 Thread 0x000001f9df7ab3f0 nmethod 9444 0x000001f9cf644410 code [0x000001f9cf644620, 0x000001f9cf6448b8]
Event: 72.891 Thread 0x000001f9df7ab3f0 9445       1       org.springframework.boot.devtools.filewatch.DirectorySnapshot::equals (46 bytes)
Event: 72.891 Thread 0x000001f9df7ab3f0 nmethod 9445 0x000001f9cf643d10 code [0x000001f9cf643ee0, 0x000001f9cf6441b8]
Event: 72.892 Thread 0x000001f9df7ab3f0 9446       1       java.util.Collections$UnmodifiableSet::equals (24 bytes)
Event: 72.892 Thread 0x000001f9df7ab3f0 nmethod 9446 0x000001f9cf643990 code [0x000001f9cf643b40, 0x000001f9cf643c70]
Event: 73.604 Thread 0x000001f9df7ab3f0 9447       1       org.apache.catalina.LifecycleEvent::getType (5 bytes)
Event: 73.604 Thread 0x000001f9df7ab3f0 nmethod 9447 0x000001f9cf643690 code [0x000001f9cf643820, 0x000001f9cf6438f0]
Event: 76.388 Thread 0x000001f9df7ab3f0 9448       1       java.util.concurrent.locks.AbstractQueuedSynchronizer$ConditionObject::unlinkCancelledWaiters (91 bytes)
Event: 76.389 Thread 0x000001f9df7ab3f0 nmethod 9448 0x000001f9cf643110 code [0x000001f9cf6432c0, 0x000001f9cf643580]
Event: 82.595 Thread 0x000001f9df7ab3f0 9449   !   1       sun.nio.ch.SelectorImpl::processDeregisterQueue (145 bytes)
Event: 82.596 Thread 0x000001f9df7ab3f0 nmethod 9449 0x000001f9cf642390 code [0x000001f9cf6425c0, 0x000001f9cf642bc0]
Event: 83.389 Thread 0x000001f9df7ab3f0 9450       1       java.util.concurrent.ThreadPoolExecutor::getQueue (5 bytes)
Event: 83.389 Thread 0x000001f9df7ab3f0 nmethod 9450 0x000001f9cf642090 code [0x000001f9cf642220, 0x000001f9cf6422f0]
Event: 83.889 Thread 0x000001f9df7ab3f0 9451       1       java.util.Date::<init> (10 bytes)
Event: 83.889 Thread 0x000001f9df7ab3f0 nmethod 9451 0x000001f9cf641d90 code [0x000001f9cf641f20, 0x000001f9cf641fe8]

GC Heap History (20 events):
Event: 2.437 GC heap before
{Heap before GC invocations=11 (full 0):
 garbage-first heap   total 81920K, used 60511K [0x0000000604c00000, 0x0000000800000000)
  region size 4096K, 12 young (49152K), 2 survivors (8192K)
 Metaspace       used 30905K, committed 31360K, reserved 1114112K
  class space    used 4036K, committed 4224K, reserved 1048576K
}
Event: 2.441 GC heap after
{Heap after GC invocations=12 (full 0):
 garbage-first heap   total 81920K, used 20397K [0x0000000604c00000, 0x0000000800000000)
  region size 4096K, 2 young (8192K), 2 survivors (8192K)
 Metaspace       used 30905K, committed 31360K, reserved 1114112K
  class space    used 4036K, committed 4224K, reserved 1048576K
}
Event: 2.778 GC heap before
{Heap before GC invocations=12 (full 0):
 garbage-first heap   total 81920K, used 61357K [0x0000000604c00000, 0x0000000800000000)
  region size 4096K, 12 young (49152K), 2 survivors (8192K)
 Metaspace       used 33902K, committed 34496K, reserved 1114112K
  class space    used 4476K, committed 4736K, reserved 1048576K
}
Event: 2.782 GC heap after
{Heap after GC invocations=13 (full 0):
 garbage-first heap   total 81920K, used 22464K [0x0000000604c00000, 0x0000000800000000)
  region size 4096K, 2 young (8192K), 2 survivors (8192K)
 Metaspace       used 33902K, committed 34496K, reserved 1114112K
  class space    used 4476K, committed 4736K, reserved 1048576K
}
Event: 3.128 GC heap before
{Heap before GC invocations=13 (full 0):
 garbage-first heap   total 81920K, used 59328K [0x0000000604c00000, 0x0000000800000000)
  region size 4096K, 12 young (49152K), 2 survivors (8192K)
 Metaspace       used 36991K, committed 37568K, reserved 1114112K
  class space    used 4866K, committed 5120K, reserved 1048576K
}
Event: 3.133 GC heap after
{Heap after GC invocations=14 (full 0):
 garbage-first heap   total 303104K, used 23920K [0x0000000604c00000, 0x0000000800000000)
  region size 4096K, 2 young (8192K), 2 survivors (8192K)
 Metaspace       used 36991K, committed 37568K, reserved 1114112K
  class space    used 4866K, committed 5120K, reserved 1048576K
}
Event: 3.909 GC heap before
{Heap before GC invocations=14 (full 0):
 garbage-first heap   total 303104K, used 134512K [0x0000000604c00000, 0x0000000800000000)
  region size 4096K, 30 young (122880K), 2 survivors (8192K)
 Metaspace       used 44939K, committed 45568K, reserved 1114112K
  class space    used 5829K, committed 6144K, reserved 1048576K
}
Event: 3.914 GC heap after
{Heap after GC invocations=15 (full 0):
 garbage-first heap   total 303104K, used 27114K [0x0000000604c00000, 0x0000000800000000)
  region size 4096K, 2 young (8192K), 2 survivors (8192K)
 Metaspace       used 44939K, committed 45568K, reserved 1114112K
  class space    used 5829K, committed 6144K, reserved 1048576K
}
Event: 4.355 GC heap before
{Heap before GC invocations=16 (full 0):
 garbage-first heap   total 122880K, used 92650K [0x0000000604c00000, 0x0000000800000000)
  region size 4096K, 18 young (73728K), 2 survivors (8192K)
 Metaspace       used 49821K, committed 50432K, reserved 1114112K
  class space    used 6456K, committed 6720K, reserved 1048576K
}
Event: 4.360 GC heap after
{Heap after GC invocations=17 (full 0):
 garbage-first heap   total 122880K, used 28606K [0x0000000604c00000, 0x0000000800000000)
  region size 4096K, 2 young (8192K), 2 survivors (8192K)
 Metaspace       used 49821K, committed 50432K, reserved 1114112K
  class space    used 6456K, committed 6720K, reserved 1048576K
}
Event: 4.776 GC heap before
{Heap before GC invocations=17 (full 0):
 garbage-first heap   total 122880K, used 94142K [0x0000000604c00000, 0x0000000800000000)
  region size 4096K, 18 young (73728K), 2 survivors (8192K)
 Metaspace       used 52101K, committed 52736K, reserved 1114112K
  class space    used 6770K, committed 7040K, reserved 1048576K
}
Event: 4.783 GC heap after
{Heap after GC invocations=18 (full 0):
 garbage-first heap   total 122880K, used 30849K [0x0000000604c00000, 0x0000000800000000)
  region size 4096K, 2 young (8192K), 2 survivors (8192K)
 Metaspace       used 52101K, committed 52736K, reserved 1114112K
  class space    used 6770K, committed 7040K, reserved 1048576K
}
Event: 5.139 GC heap before
{Heap before GC invocations=18 (full 0):
 garbage-first heap   total 122880K, used 92289K [0x0000000604c00000, 0x0000000800000000)
  region size 4096K, 18 young (73728K), 2 survivors (8192K)
 Metaspace       used 54227K, committed 54912K, reserved 1114112K
  class space    used 7046K, committed 7360K, reserved 1048576K
}
Event: 5.147 GC heap after
{Heap after GC invocations=19 (full 0):
 garbage-first heap   total 323584K, used 35753K [0x0000000604c00000, 0x0000000800000000)
  region size 4096K, 3 young (12288K), 3 survivors (12288K)
 Metaspace       used 54227K, committed 54912K, reserved 1114112K
  class space    used 7046K, committed 7360K, reserved 1048576K
}
Event: 5.814 GC heap before
{Heap before GC invocations=19 (full 0):
 garbage-first heap   total 323584K, used 211881K [0x0000000604c00000, 0x0000000800000000)
  region size 4096K, 47 young (192512K), 3 survivors (12288K)
 Metaspace       used 55635K, committed 56384K, reserved 1114112K
  class space    used 7279K, committed 7616K, reserved 1048576K
}
Event: 5.819 GC heap after
{Heap after GC invocations=20 (full 0):
 garbage-first heap   total 323584K, used 34218K [0x0000000604c00000, 0x0000000800000000)
  region size 4096K, 2 young (8192K), 2 survivors (8192K)
 Metaspace       used 55635K, committed 56384K, reserved 1114112K
  class space    used 7279K, committed 7616K, reserved 1048576K
}
Event: 7.001 GC heap before
{Heap before GC invocations=20 (full 0):
 garbage-first heap   total 323584K, used 181674K [0x0000000604c00000, 0x0000000800000000)
  region size 4096K, 40 young (163840K), 2 survivors (8192K)
 Metaspace       used 63137K, committed 64000K, reserved 1114112K
  class space    used 8318K, committed 8704K, reserved 1048576K
}
Event: 7.009 GC heap after
{Heap after GC invocations=21 (full 0):
 garbage-first heap   total 323584K, used 39932K [0x0000000604c00000, 0x0000000800000000)
  region size 4096K, 4 young (16384K), 4 survivors (16384K)
 Metaspace       used 63137K, committed 64000K, reserved 1114112K
  class space    used 8318K, committed 8704K, reserved 1048576K
}
Event: 14.486 GC heap before
{Heap before GC invocations=22 (full 0):
 garbage-first heap   total 163840K, used 117756K [0x0000000604c00000, 0x0000000800000000)
  region size 4096K, 24 young (98304K), 4 survivors (16384K)
 Metaspace       used 67483K, committed 68672K, reserved 1114112K
  class space    used 8829K, committed 9344K, reserved 1048576K
}
Event: 14.497 GC heap after
{Heap after GC invocations=23 (full 0):
 garbage-first heap   total 163840K, used 45108K [0x0000000604c00000, 0x0000000800000000)
  region size 4096K, 3 young (12288K), 3 survivors (12288K)
 Metaspace       used 67483K, committed 68672K, reserved 1114112K
  class space    used 8829K, committed 9344K, reserved 1048576K
}

Dll operation events (12 events):
Event: 0.009 Loaded shared library C:\pleiades\2024-03\java\21\bin\java.dll
Event: 0.272 Loaded shared library C:\pleiades\2024-03\java\21\bin\zip.dll
Event: 0.276 Loaded shared library C:\pleiades\2024-03\java\21\bin\instrument.dll
Event: 0.280 Loaded shared library C:\pleiades\2024-03\java\21\bin\net.dll
Event: 0.281 Loaded shared library C:\pleiades\2024-03\java\21\bin\nio.dll
Event: 0.284 Loaded shared library C:\pleiades\2024-03\java\21\bin\zip.dll
Event: 0.405 Loaded shared library C:\pleiades\2024-03\java\21\bin\jimage.dll
Event: 0.442 Loaded shared library C:\pleiades\2024-03\java\21\bin\management.dll
Event: 0.449 Loaded shared library C:\pleiades\2024-03\java\21\bin\management_ext.dll
Event: 0.582 Loaded shared library C:\pleiades\2024-03\java\21\bin\verify.dll
Event: 0.660 Loaded shared library C:\pleiades\2024-03\java\21\bin\extnet.dll
Event: 1.782 Loaded shared library C:\pleiades\2024-03\java\21\bin\sunmscapi.dll

Deoptimization events (20 events):
Event: 15.818 Thread 0x000001f9e4da9850 DEOPT PACKING pc=0x000001f9cfdbc1c4 sp=0x000000b5c9afad30
Event: 15.818 Thread 0x000001f9e4da9850 DEOPT UNPACKING pc=0x000001f9cf4a88e2 sp=0x000000b5c9afa200 mode 1
Event: 15.818 Thread 0x000001f9e4da9850 DEOPT PACKING pc=0x000001f9cff47df4 sp=0x000000b5c9afadc0
Event: 15.818 Thread 0x000001f9e4da9850 DEOPT UNPACKING pc=0x000001f9cf4a88e2 sp=0x000000b5c9afa2e0 mode 1
Event: 15.818 Thread 0x000001f9e4da9850 DEOPT PACKING pc=0x000001f9d00bc81c sp=0x000000b5c9afaed0
Event: 15.818 Thread 0x000001f9e4da9850 DEOPT UNPACKING pc=0x000001f9cf4a88e2 sp=0x000000b5c9afa378 mode 1
Event: 15.818 Thread 0x000001f9e4da9850 DEOPT PACKING pc=0x000001f9d02837dc sp=0x000000b5c9afaf20
Event: 15.818 Thread 0x000001f9e4da9850 DEOPT UNPACKING pc=0x000001f9cf4a88e2 sp=0x000000b5c9afa460 mode 1
Event: 15.818 Thread 0x000001f9e4da9850 DEOPT PACKING pc=0x000001f9cfeaa991 sp=0x000000b5c9afacd0
Event: 15.818 Thread 0x000001f9e4da9850 DEOPT UNPACKING pc=0x000001f9cf4a88e2 sp=0x000000b5c9afa180 mode 1
Event: 15.818 Thread 0x000001f9e4da9850 DEOPT PACKING pc=0x000001f9cfdbc1c4 sp=0x000000b5c9afad30
Event: 15.818 Thread 0x000001f9e4da9850 DEOPT UNPACKING pc=0x000001f9cf4a88e2 sp=0x000000b5c9afa200 mode 1
Event: 15.818 Thread 0x000001f9e4da9850 DEOPT PACKING pc=0x000001f9cff47df4 sp=0x000000b5c9afadc0
Event: 15.818 Thread 0x000001f9e4da9850 DEOPT UNPACKING pc=0x000001f9cf4a88e2 sp=0x000000b5c9afa2e0 mode 1
Event: 15.818 Thread 0x000001f9e4da9850 DEOPT PACKING pc=0x000001f9d00bc81c sp=0x000000b5c9afaed0
Event: 15.818 Thread 0x000001f9e4da9850 DEOPT UNPACKING pc=0x000001f9cf4a88e2 sp=0x000000b5c9afa378 mode 1
Event: 15.818 Thread 0x000001f9e4da9850 DEOPT PACKING pc=0x000001f9d02837dc sp=0x000000b5c9afaf20
Event: 15.818 Thread 0x000001f9e4da9850 DEOPT UNPACKING pc=0x000001f9cf4a88e2 sp=0x000000b5c9afa460 mode 1
Event: 88.821 Thread 0x000001f9e4daeda0 DEOPT PACKING pc=0x000001f9d077c3c4 sp=0x000000b5ca1faeb0
Event: 88.821 Thread 0x000001f9e4daeda0 DEOPT UNPACKING pc=0x000001f9cf4a88e2 sp=0x000000b5ca1fa358 mode 0

Classes loaded (20 events):
Event: 14.693 Loading class java/util/concurrent/atomic/AtomicStampedReference
Event: 14.693 Loading class java/util/concurrent/atomic/AtomicStampedReference done
Event: 14.693 Loading class java/util/concurrent/atomic/DoubleAccumulator
Event: 14.693 Loading class java/util/concurrent/atomic/DoubleAccumulator done
Event: 14.693 Loading class java/util/concurrent/atomic/DoubleAdder
Event: 14.693 Loading class java/util/concurrent/atomic/DoubleAdder done
Event: 14.693 Loading class java/util/concurrent/atomic/LongAccumulator
Event: 14.693 Loading class java/util/concurrent/atomic/LongAccumulator done
Event: 14.755 Loading class java/util/stream/Streams$ConcatSpliterator$OfRef
Event: 14.756 Loading class java/util/stream/Streams$ConcatSpliterator
Event: 14.756 Loading class java/util/stream/Streams$ConcatSpliterator done
Event: 14.756 Loading class java/util/stream/Streams$ConcatSpliterator$OfRef done
Event: 14.756 Loading class java/util/stream/Streams$2
Event: 14.756 Loading class java/util/stream/Streams$2 done
Event: 14.865 Loading class java/text/ParsePosition
Event: 14.865 Loading class java/text/ParsePosition done
Event: 14.865 Loading class java/time/format/DateTimeParseContext
Event: 14.865 Loading class java/time/format/DateTimeParseContext done
Event: 14.865 Loading class java/time/format/Parsed
Event: 14.865 Loading class java/time/format/Parsed done

Classes unloaded (1 events):
Event: 7.032 Thread 0x000001f9dce390a0 Unloading class 0x000001f9815a8000 'jdk/internal/reflect/GeneratedSerializationConstructorAccessor34'

Classes redefined (1 events):
Event: 88.841 Thread 0x000001f9dce390a0 redefined class name=com.example.controller.KoutsuhiKeihiController, count=1

Internal exceptions (20 events):
Event: 14.663 Thread 0x000001f9e4daeda0 Exception <a 'java/lang/ClassNotFoundException'{0x000000060e9f6230}: java/util/Collections$UnmodifiableRandomAccessListBeanInfo> (0x000000060e9f6230) 
thrown [s\src\hotspot\share\classfile\systemDictionary.cpp, line 312]
Event: 14.665 Thread 0x000001f9e4daeda0 Exception <a 'java/lang/ClassNotFoundException'{0x000000060e9fc340}: java/util/Collections$UnmodifiableListBeanInfo> (0x000000060e9fc340) 
thrown [s\src\hotspot\share\classfile\systemDictionary.cpp, line 312]
Event: 14.666 Thread 0x000001f9e4daeda0 Exception <a 'java/lang/ClassNotFoundException'{0x000000060ea02450}: java/util/Collections$UnmodifiableListCustomizer> (0x000000060ea02450) 
thrown [s\src\hotspot\share\classfile\systemDictionary.cpp, line 312]
Event: 14.667 Thread 0x000001f9e4daeda0 Exception <a 'java/lang/ClassNotFoundException'{0x000000060ea460d0}: java/util/Collections$UnmodifiableRandomAccessListCustomizer> (0x000000060ea460d0) 
thrown [s\src\hotspot\share\classfile\systemDictionary.cpp, line 312]
Event: 14.699 Thread 0x000001f9e4daeda0 Exception <a 'java/lang/ClassNotFoundException'{0x000000060e564610}: org/thymeleaf/standard/expression/GenericTokenExpressionBeanInfo> (0x000000060e564610) 
thrown [s\src\hotspot\share\classfile\systemDictionary.cpp, line 312]
Event: 14.701 Thread 0x000001f9e4daeda0 Exception <a 'java/lang/ClassNotFoundException'{0x000000060e570160}: org/thymeleaf/standard/expression/TokenBeanInfo> (0x000000060e570160) 
thrown [s\src\hotspot\share\classfile\systemDictionary.cpp, line 312]
Event: 14.702 Thread 0x000001f9e4daeda0 Exception <a 'java/lang/ClassNotFoundException'{0x000000060e57c010}: org/thymeleaf/standard/expression/TokenCustomizer> (0x000000060e57c010) 
thrown [s\src\hotspot\share\classfile\systemDictionary.cpp, line 312]
Event: 14.704 Thread 0x000001f9e4daeda0 Exception <a 'java/lang/ClassNotFoundException'{0x000000060e58cec8}: org/thymeleaf/standard/expression/GenericTokenExpressionCustomizer> (0x000000060e58cec8) 
thrown [s\src\hotspot\share\classfile\systemDictionary.cpp, line 312]
Event: 14.734 Thread 0x000001f9e4daeda0 Exception <a 'java/lang/ClassNotFoundException'{0x000000060e08fb18}: nz/net/ultraq/thymeleaf/layoutdialect/fragments/FragmentParameterVariableUpdaterBeanInfo> (0x000000060e08fb18) 
thrown [s\src\hotspot\share\classfile\systemDictionary.cpp, line 312]
Event: 14.735 Thread 0x000001f9e4daeda0 Exception <a 'java/lang/ClassNotFoundException'{0x000000060e09c768}: nz/net/ultraq/thymeleaf/layoutdialect/fragments/FragmentParameterVariableUpdaterCustomizer> (0x000000060e09c768) 
thrown [s\src\hotspot\share\classfile\systemDictionary.cpp, line 312]
Event: 14.736 Thread 0x000001f9e4daeda0 Exception <a 'java/lang/NoSuchMethodError'{0x000000060e0aa770}: 'void java.lang.invoke.DirectMethodHandle$Holder.invokeVirtual(java.lang.Object, java.lang.Object, java.lang.Object, java.lang.Object, java.lang.Object)'> (0x000000060e0aa770) 
thrown [s\src\hotspot\share\interpreter\linkResolver.cpp, line 773]
Event: 14.772 Thread 0x000001f9e4daeda0 Exception <a 'java/lang/NoSuchMethodError'{0x000000060e382bf0}: 'java.lang.Object java.lang.invoke.Invokers$Holder.linkToCallSite(java.lang.Object, java.lang.Object, int, java.lang.Object)'> (0x000000060e382bf0) 
thrown [s\src\hotspot\share\interpreter\linkResolver.cpp, line 773]
Event: 14.774 Thread 0x000001f9e4daeda0 Exception <a 'java/lang/ClassNotFoundException'{0x000000060e39dc60}: org/thymeleaf/engine/ElementTagStructureHandlerBeanInfo> (0x000000060e39dc60) 
thrown [s\src\hotspot\share\classfile\systemDictionary.cpp, line 312]
Event: 14.775 Thread 0x000001f9e4daeda0 Exception <a 'java/lang/ClassNotFoundException'{0x000000060e3a9238}: org/thymeleaf/engine/ElementTagStructureHandlerCustomizer> (0x000000060e3a9238) 
thrown [s\src\hotspot\share\classfile\systemDictionary.cpp, line 312]
Event: 14.776 Thread 0x000001f9e4daeda0 Exception <a 'java/lang/NoSuchMethodError'{0x000000060e3bd488}: 'void java.lang.invoke.DirectMethodHandle$Holder.invokeInterface(java.lang.Object, java.lang.Object, java.lang.Object, int)'> (0x000000060e3bd488) 
thrown [s\src\hotspot\share\interpreter\linkResolver.cpp, line 773]
Event: 14.776 Thread 0x000001f9e4daeda0 Exception <a 'java/lang/NoSuchMethodError'{0x000000060e3c1778}: 'void java.lang.invoke.DirectMethodHandle$Holder.invokeSpecial(java.lang.Object, java.lang.Object, java.lang.Object, java.lang.Object, int)'> (0x000000060e3c1778) 
thrown [s\src\hotspot\share\interpreter\linkResolver.cpp, line 773]
Event: 14.776 Thread 0x000001f9e4daeda0 Exception <a 'java/lang/NoSuchMethodError'{0x000000060e3c5470}: 'void java.lang.invoke.DelegatingMethodHandle$Holder.reinvoke_L(java.lang.Object, java.lang.Object, java.lang.Object, int)'> (0x000000060e3c5470) 
thrown [s\src\hotspot\share\interpreter\linkResolver.cpp, line 773]
Event: 14.776 Thread 0x000001f9e4daeda0 Exception <a 'java/lang/NoSuchMethodError'{0x000000060e3cf0d8}: 'java.lang.Object java.lang.invoke.DelegatingMethodHandle$Holder.delegate(java.lang.Object, java.lang.Object, java.lang.Object, java.lang.Object, int)'> (0x000000060e3cf0d8) 
thrown [s\src\hotspot\share\interpreter\linkResolver.cpp, line 773]
Event: 14.777 Thread 0x000001f9e4daeda0 Exception <a 'java/lang/NoSuchMethodError'{0x000000060e3de470}: 'int java.lang.invoke.DirectMethodHandle$Holder.invokeSpecial(java.lang.Object, java.lang.Object, java.lang.Object, java.lang.Object, int)'> (0x000000060e3de470) 
thrown [s\src\hotspot\share\interpreter\linkResolver.cpp, line 773]
Event: 15.837 Thread 0x000001f9e4da9850 Exception <a 'java/lang/NoSuchMethodError'{0x000000060cc5d778}: 'java.lang.Object java.lang.invoke.DelegatingMethodHandle$Holder.delegate(java.lang.Object, int, java.lang.Object)'> (0x000000060cc5d778) 
thrown [s\src\hotspot\share\interpreter\linkResolver.cpp, line 773]

ZGC Phase Switch (0 events):
No events

VM Operations (20 events):
Event: 71.151 Executing VM operation: get/set locals
Event: 71.151 Executing VM operation: get/set locals done
Event: 71.152 Executing VM operation: get/set locals
Event: 71.152 Executing VM operation: get/set locals done
Event: 71.153 Executing VM operation: get/set locals
Event: 71.153 Executing VM operation: get/set locals done
Event: 78.215 Executing VM operation: Cleanup
Event: 78.215 Executing VM operation: Cleanup done
Event: 88.821 Executing VM operation: ChangeSingleStep
Event: 88.821 Executing VM operation: ChangeSingleStep done
Event: 88.822 Executing VM operation: ChangeSingleStep
Event: 88.822 Executing VM operation: ChangeSingleStep done
Event: 88.834 Executing VM operation: RedefineClasses
Event: 88.854 Executing VM operation: RedefineClasses done
Event: 88.870 Executing VM operation: ChangeBreakpoints
Event: 88.872 Executing VM operation: ChangeBreakpoints done
Event: 88.890 Executing VM operation: ChangeBreakpoints
Event: 88.892 Executing VM operation: ChangeBreakpoints done
Event: 88.897 Executing VM operation: ChangeSingleStep
Event: 88.897 Executing VM operation: ChangeSingleStep done

Events (20 events):
Event: 7.041 Thread 0x000001f9dce390a0 flushing nmethod 0x000001f9cf6dab10
Event: 7.041 Thread 0x000001f9dce390a0 flushing nmethod 0x000001f9cf5b6c90
Event: 7.041 Thread 0x000001f9dce390a0 flushing nmethod 0x000001f9cf592990
Event: 7.041 Thread 0x000001f9dce390a0 flushing nmethod 0x000001f9cf586590
Event: 7.041 Thread 0x000001f9dce390a0 flushing nmethod 0x000001f9cf586190
Event: 7.041 Thread 0x000001f9dce390a0 flushing nmethod 0x000001f9cf597c10
Event: 7.041 Thread 0x000001f9dce390a0 flushing nmethod 0x000001f9cf597190
Event: 7.041 Thread 0x000001f9dce390a0 flushing nmethod 0x000001f9cf58c090
Event: 7.041 Thread 0x000001f9dce390a0 flushing nmethod 0x000001f9cf588910
Event: 7.041 Thread 0x000001f9dce390a0 flushing nmethod 0x000001f9cf594b90
Event: 7.041 Thread 0x000001f9dce390a0 flushing nmethod 0x000001f9cf594890
Event: 7.041 Thread 0x000001f9dce390a0 flushing nmethod 0x000001f9cf582d10
Event: 7.797 Thread 0x000001f9e57ff710 Thread exited: 0x000001f9e57ff710
Event: 7.798 Thread 0x000001f9e57ff080 Thread exited: 0x000001f9e57ff080
Event: 9.313 Thread 0x000001f9e4daccd0 Thread exited: 0x000001f9e4daccd0
Event: 13.551 Thread 0x000001f9e44aa760 Thread exited: 0x000001f9e44aa760
Event: 14.345 Thread 0x000001f9e7262c30 Thread added: 0x000001f9e7262c30
Event: 15.798 Thread 0x000001f9e7262c30 Thread exited: 0x000001f9e7262c30
Event: 29.067 Thread 0x000001f9df873110 Thread exited: 0x000001f9df873110
Event: 47.210 Thread 0x000001f9df872250 Thread exited: 0x000001f9df872250


Dynamic libraries:
0x00007ff7e1880000 - 0x00007ff7e188e000 	C:\pleiades\2024-03\java\21\bin\javaw.exe
0x00007ff832420000 - 0x00007ff832689000 	C:\WINDOWS\SYSTEM32\ntdll.dll
0x00007fffd4f20000 - 0x00007fffd4f40000 	C:\Program Files\Avast Software\Avast\aswhook.dll
0x00007ff831120000 - 0x00007ff8311e9000 	C:\WINDOWS\System32\KERNEL32.DLL
0x00007ff82fc80000 - 0x00007ff830073000 	C:\WINDOWS\System32\KERNELBASE.dll
0x00007ff82f670000 - 0x00007ff82f7bb000 	C:\WINDOWS\System32\ucrtbase.dll
0x00007ff813a00000 - 0x00007ff813a18000 	C:\pleiades\2024-03\java\21\bin\jli.dll
0x00007ff80c600000 - 0x00007ff80c61b000 	C:\pleiades\2024-03\java\21\bin\VCRUNTIME140.dll
0x00007ff830320000 - 0x00007ff8304e4000 	C:\WINDOWS\System32\USER32.dll
0x00007ff82f7c0000 - 0x00007ff82f7e7000 	C:\WINDOWS\System32\win32u.dll
0x00007ff831640000 - 0x00007ff83166b000 	C:\WINDOWS\System32\GDI32.dll
0x00007ff802cf0000 - 0x00007ff802f83000 	C:\WINDOWS\WinSxS\amd64_microsoft.windows.common-controls_6595b64144ccf1df_6.0.26100.5074_none_3e0d6f78e32fd63f\COMCTL32.dll
0x00007ff830f60000 - 0x00007ff831009000 	C:\WINDOWS\System32\msvcrt.dll
0x00007ff82fb50000 - 0x00007ff82fc7d000 	C:\WINDOWS\System32\gdi32full.dll
0x00007ff82fa00000 - 0x00007ff82faa3000 	C:\WINDOWS\System32\msvcp_win.dll
0x00007ff830e60000 - 0x00007ff830e8f000 	C:\WINDOWS\System32\IMM32.DLL
0x00007ff80cfb0000 - 0x00007ff80cfbc000 	C:\pleiades\2024-03\java\21\bin\vcruntime140_1.dll
0x00007ff80a3f0000 - 0x00007ff80a47e000 	C:\pleiades\2024-03\java\21\bin\msvcp140.dll
0x00007fff27280000 - 0x00007fff28003000 	C:\pleiades\2024-03\java\21\bin\server\jvm.dll
0x00007ff8301f0000 - 0x00007ff8302a4000 	C:\WINDOWS\System32\ADVAPI32.dll
0x00007ff831d30000 - 0x00007ff831dd6000 	C:\WINDOWS\System32\sechost.dll
0x00007ff831750000 - 0x00007ff831868000 	C:\WINDOWS\System32\RPCRT4.dll
0x00007ff831280000 - 0x00007ff8312f4000 	C:\WINDOWS\System32\WS2_32.dll
0x00007ff826710000 - 0x00007ff826745000 	C:\WINDOWS\SYSTEM32\WINMM.dll
0x00007ff82f410000 - 0x00007ff82f46e000 	C:\WINDOWS\SYSTEM32\POWRPROF.dll
0x00007ff81e730000 - 0x00007ff81e73b000 	C:\WINDOWS\SYSTEM32\VERSION.dll
0x00007ff82f3f0000 - 0x00007ff82f404000 	C:\WINDOWS\SYSTEM32\UMPDC.dll
0x00007ff82e350000 - 0x00007ff82e36b000 	C:\WINDOWS\SYSTEM32\kernel.appcore.dll
0x00007ff82a080000 - 0x00007ff82a08a000 	C:\pleiades\2024-03\java\21\bin\jimage.dll
0x00007ff82ca70000 - 0x00007ff82ccb2000 	C:\WINDOWS\SYSTEM32\DBGHELP.DLL
0x00007ff831f60000 - 0x00007ff8322db000 	C:\WINDOWS\System32\combase.dll
0x00007ff831670000 - 0x00007ff831747000 	C:\WINDOWS\System32\OLEAUT32.dll
0x00007ff81dce0000 - 0x00007ff81dd1d000 	C:\WINDOWS\SYSTEM32\dbgcore.DLL
0x00007ff82fab0000 - 0x00007ff82fb49000 	C:\WINDOWS\System32\bcryptPrimitives.dll
0x00007ff829f00000 - 0x00007ff829f3c000 	C:\pleiades\2024-03\java\21\bin\jdwp.dll
0x00007ff81fbd0000 - 0x00007ff81fbdf000 	C:\pleiades\2024-03\java\21\bin\instrument.dll
0x00007ff813a20000 - 0x00007ff813a3f000 	C:\pleiades\2024-03\java\21\bin\java.dll
0x00007ff8304f0000 - 0x00007ff830c3d000 	C:\WINDOWS\System32\SHELL32.dll
0x00007ff830080000 - 0x00007ff8301ec000 	C:\WINDOWS\System32\wintypes.dll
0x00007ff82d1d0000 - 0x00007ff82da29000 	C:\WINDOWS\SYSTEM32\windows.storage.dll
0x00007ff8322e0000 - 0x00007ff8323d0000 	C:\WINDOWS\System32\SHCORE.dll
0x00007ff8302b0000 - 0x00007ff830312000 	C:\WINDOWS\System32\shlwapi.dll
0x00007ff82f4d0000 - 0x00007ff82f4f9000 	C:\WINDOWS\SYSTEM32\profapi.dll
0x00007ff829ef0000 - 0x00007ff829efc000 	C:\pleiades\2024-03\java\21\bin\dt_socket.dll
0x00007ff82de00000 - 0x00007ff82de34000 	C:\WINDOWS\SYSTEM32\IPHLPAPI.DLL
0x00007ff82e8b0000 - 0x00007ff82e91b000 	C:\WINDOWS\system32\mswsock.dll
0x00007ff82de40000 - 0x00007ff82df66000 	C:\WINDOWS\SYSTEM32\DNSAPI.dll
0x00007ff830f00000 - 0x00007ff830f0a000 	C:\WINDOWS\System32\NSI.dll
0x00007ff8278b0000 - 0x00007ff8278bb000 	C:\Windows\System32\rasadhlp.dll
0x00007ff828ca0000 - 0x00007ff828d26000 	C:\WINDOWS\System32\fwpuclnt.dll
0x00007ff80d030000 - 0x00007ff80d048000 	C:\pleiades\2024-03\java\21\bin\zip.dll
0x00007ff813c30000 - 0x00007ff813c40000 	C:\pleiades\2024-03\java\21\bin\net.dll
0x00007ff825bd0000 - 0x00007ff825cef000 	C:\WINDOWS\SYSTEM32\WINHTTP.dll
0x00007ff80c970000 - 0x00007ff80c986000 	C:\pleiades\2024-03\java\21\bin\nio.dll
0x00007ff81fbf0000 - 0x00007ff81fbfa000 	C:\pleiades\2024-03\java\21\bin\management.dll
0x00007ff814d10000 - 0x00007ff814d1b000 	C:\pleiades\2024-03\java\21\bin\management_ext.dll
0x00007ff831300000 - 0x00007ff831308000 	C:\WINDOWS\System32\PSAPI.DLL
0x00007ffff6530000 - 0x00007ffff6548000 	C:\WINDOWS\system32\napinsp.dll
0x00007ffff6510000 - 0x00007ffff6522000 	C:\WINDOWS\System32\winrnr.dll
0x00007ffff64e0000 - 0x00007ffff6508000 	C:\WINDOWS\system32\nlansp_c.dll
0x00007ff81f330000 - 0x00007ff81f346000 	C:\WINDOWS\system32\wshbth.dll
0x00007ff814d00000 - 0x00007ff814d10000 	C:\pleiades\2024-03\java\21\bin\verify.dll
0x00007ff82ec80000 - 0x00007ff82ec9b000 	C:\WINDOWS\SYSTEM32\CRYPTSP.dll
0x00007ff82e2b0000 - 0x00007ff82e2eb000 	C:\WINDOWS\system32\rsaenh.dll
0x00007ff82e950000 - 0x00007ff82e97b000 	C:\WINDOWS\SYSTEM32\USERENV.dll
0x00007ff82f4a0000 - 0x00007ff82f4c6000 	C:\WINDOWS\SYSTEM32\bcrypt.dll
0x00007ff82eae0000 - 0x00007ff82eaec000 	C:\WINDOWS\SYSTEM32\CRYPTBASE.dll
0x00007ff81fbe0000 - 0x00007ff81fbe9000 	C:\pleiades\2024-03\java\21\bin\extnet.dll
0x00007ff80d020000 - 0x00007ff80d02e000 	C:\pleiades\2024-03\java\21\bin\sunmscapi.dll
0x00007ff82f880000 - 0x00007ff82f9f7000 	C:\WINDOWS\System32\CRYPT32.dll
0x00007ff82edc0000 - 0x00007ff82edf0000 	C:\WINDOWS\SYSTEM32\ncrypt.dll
0x00007ff82ed70000 - 0x00007ff82edaf000 	C:\WINDOWS\SYSTEM32\NTASN1.dll
0x00007fff433a0000 - 0x00007fff433a8000 	C:\WINDOWS\system32\wshunix.dll

dbghelp: loaded successfully - version: 4.0.5 - missing functions: none
symbol engine: initialized successfully - sym options: 0x614 - pdb path: .;C:\pleiades\2024-03\java\21\bin;C:\WINDOWS\SYSTEM32;C:\Program Files\Avast Software\Avast;C:\WINDOWS\WinSxS\amd64_microsoft.windows.common-controls_6595b64144ccf1df_6.0.26100.5074_none_3e0d6f78e32fd63f;C:\pleiades\2024-03\java\21\bin\server

VM Arguments:
jvm_args: -XX:+ShowCodeDetailsInExceptionMessages -agentlib:jdwp=transport=dt_socket,suspend=y,address=localhost:61640 -Dcom.sun.management.jmxremote -Dcom.sun.management.jmxremote.port=61639 -Dcom.sun.management.jmxremote.authenticate=false -Dcom.sun.management.jmxremote.ssl=false -Djava.rmi.server.hostname=localhost -Dspring.jmx.enabled=true -Dmanagement.endpoints.jmx.exposure.include=* -Dspring.application.admin.enabled=true -XX:TieredStopAtLevel=1 -Dspring.boot.project.name=KintaiSystem -javaagent:C:\pleiades\2024-03\eclipse\configuration\org.eclipse.osgi\251\0\.cp\lib\javaagent-shaded.jar -Dfile.encoding=UTF-8 -Dstdout.encoding=UTF-8 -Dstderr.encoding=UTF-8 
java_command: com.example.SpringBootSampleApplication --spring.output.ansi.enabled=always
java_class_path (initial): C:\pleiades\2024-03\workspace\KintaiSystem\target\classes;C:\pleiades\2024-03\workspace\KintaiSystem\target\test-classes;C:\Users\m83ai\.m2\repository\org\springframework\boot\spring-boot-starter-data-jdbc\3.4.1\spring-boot-starter-data-jdbc-3.4.1.jar;C:\Users\m83ai\.m2\repository\org\springframework\boot\spring-boot-starter-jdbc\3.4.1\spring-boot-starter-jdbc-3.4.1.jar;C:\Users\m83ai\.m2\repository\com\zaxxer\HikariCP\5.1.0\HikariCP-5.1.0.jar;C:\Users\m83ai\.m2\repository\org\springframework\spring-jdbc\6.2.1\spring-jdbc-6.2.1.jar;C:\Users\m83ai\.m2\repository\org\springframework\data\spring-data-jdbc\3.4.1\spring-data-jdbc-3.4.1.jar;C:\Users\m83ai\.m2\repository\org\springframework\data\spring-data-relational\3.4.1\spring-data-relational-3.4.1.jar;C:\Users\m83ai\.m2\repository\org\springframework\data\spring-data-commons\3.4.1\spring-data-commons-3.4.1.jar;C:\Users\m83ai\.m2\repository\org\springframework\spring-tx\6.2.1\spring-tx-6.2.1.jar;C:\Users\m83ai\.m2\repository\org\springframework\spring-context\6.2.1\spring-context-6.2.1.jar;C:\Users\m83ai\.m2\repository\org\springframework\boot\spring-boot-starter-thymeleaf\3.4.1\spring-boot-starter-thymeleaf-3.4.1.jar;C:\Users\m83ai\.m2\repository\org\springframework\boot\spring-boot-starter\3.4.1\spring-boot-starter-3.4.1.jar;C:\Users\m83ai\.m2\repository\org\springframework\boot\spring-boot-starter-logging\3.4.1\spring-boot-starter-logging-3.4.1.jar;C:\Users\m83ai\.m2\repository\ch\qos\logback\logback-classic\1.5.12\logback-classic-1.5.12.jar;C:\Users\m83ai\.m2\repository\ch\qos\logback\logback-core\1.5.12\logback-core-1.5.12.jar;C:\Users\m83ai\.m2\repository\org\apache\logging\log4j\log4j-to-slf4j\2.24.3\log4j-to-slf4j-2.24.3.jar;C:\Users\m83ai\.m2\repository\org\apache\logging\log4j\log4j-api\2.24.3\log4j-api-2.24.3.jar;C:\Users\m83ai\.m2\repository\org\slf4j\jul-to-slf4j\2.0.16\jul-to-slf4j-2.0.16.jar;C:\Users\m83ai\.m2\repository\jakarta\annotation\jakarta.annotation-api\2.1.1\jakarta.annotation-api-2.1.1.jar;C:\Users\m83ai\.m2\repository\org\yaml\snakeyaml\2.3\snakeyaml-2.3.jar;C:\Users\m83ai\.m2\repository\org\thymeleaf\thymeleaf-spring6\3.1.3.RELEASE\thymeleaf-spring6-3.1.3.RELEASE.jar;C:\Users\m83ai\.m2\repository\org\springframework\boot\spring-boot-starter-web\3.4.1\spring-boot-starter-web-3.4.1.jar;C:\Users\m83ai\.m2\repository\org\springframework\boot\spring-boot-starter-json\3.4.1\spring-boot-starter-json-3.4.1.jar;C:\Users\m83ai\.m2\repository\com\fasterxml\jackson\datatype\jackson-datatype-jdk8\2.18.2\jackson-datatype-jdk8-2.18.2.jar;C:\Users\m83ai\.m2\repository\com\fasterxml\jackson\datatype\jackson-datatype-jsr310\2.18.2\jackson-datatype-jsr310-2.18.2.jar;C:\Users\m83ai\.m2\repository\com\fasterxml\jackson\module\jackson-module-parameter-names\2.18.2\jackson-module-parameter-names-2.18.2.jar;C:\Users\m83ai\.m2\repository\org\springframework\boot\spring-boot-starter-tomcat\3.4.1\spring-boot-starter-tomcat-3.4.1.jar;C:\Users\m83ai\.m2\repository\org\apache\tomcat\embed\tomcat-embed-core\10.1.34\tomcat-embed-core-10.1.34.jar;C:\Users\m83ai\.m2\repository\org\apache\tomcat\embed\tomcat-embed-websocket\10.1.34\tomcat-embed-websocket-10.1.34.jar;C:\Users\m83ai\.m2\repository\org\springframework\spring-web\6.2.1\spring-web-6.2.1.jar;C:\Users\m83ai\.m2\repository\io\micrometer\micrometer-observation\1.14.2\micrometer-observation-1.14.2.jar;C:\Users\m83ai\.m2\repository\io\micrometer\micrometer-commons\1.14.2\micrometer-commons-1.14.2.jar;C:\Users\m83ai\.m2\repository\org\springframework\spring-webmvc\6.2.1\spring-webmvc-6.2.1.jar;C:\Users\m83ai\.m2\repository\org\springframework\spring-expression\6.2.1\spring-expression-6.2.1.jar;C:\Users\m83ai\.m2\repository\org\springframework\boot\spring-boot-devtools\3.4.1\spring-boot-devtools-3.4.1.jar;C:\Users\m83ai\.m2\repository\org\springframework\boot\spring-boot\3.4.1\spring-boot-3.4.1.jar;C:\Users\m83ai\.m2\repository\org\springframework\boot\spring-boot-autoconfigure\3.4.1\spring-boot-autoconfigure-3.4.1.jar;C:\Users\m83ai\.m2\repository\com\h2database\h2\2.3.232\h2-2.3.232.jar;C:\Users\m83ai\.m2\repository\org\projectlombok\lombok\1.18.36\lombok-1.18.36.jar;C:\Users\m83ai\.m2\repository\org\springframework\boot\spring-boot-starter-test\3.4.1\spring-boot-starter-test-3.4.1.jar;C:\Users\m83ai\.m2\repository\org\springframework\boot\spring-boot-test\3.4.1\spring-boot-test-3.4.1.jar;C:\Users\m83ai\.m2\repository\org\springframework\boot\spring-boot-test-autoconfigure\3.4.1\spring-boot-test-autoconfigure-3.4.1.jar;C:\Users\m83ai\.m2\repository\com\jayway\jsonpath\json-path\2.9.0\json-path-2.9.0.jar;C:\Users\m83ai\.m2\repository\jakarta\xml\bind\jakarta.xml.bind-api\4.0.2\jakarta.xml.bind-api-4.0.2.jar;C:\Users\m83ai\.m2\repository\jakarta\activation\jakarta.activation-api\2.1.3\jakarta.activation-api-2.1.3.jar;C:\Users\m83ai\.m2\repository\net\minidev\json-smart\2.5.1\json-smart-2.5.1.jar;C:\Users\m83ai\.m2\repository\net\minidev\accessors-smart\2.5.1\accessors-smart-2.5.1.jar;C:\Users\m83ai\.m2\repository\org\ow2\asm\asm\9.6\asm-9.6.jar;C:\Users\m83ai\.m2\repository\org\assertj\assertj-core\3.26.3\assertj-core-3.26.3.jar;C:\Users\m83ai\.m2\repository\net\bytebuddy\byte-buddy\1.15.11\byte-buddy-1.15.11.jar;C:\Users\m83ai\.m2\repository\org\awaitility\awaitility\4.2.2\awaitility-4.2.2.jar;C:\Users\m83ai\.m2\repository\org\hamcrest\hamcrest\2.2\hamcrest-2.2.jar;C:\Users\m83ai\.m2\repository\org\junit\jupiter\junit-jupiter\5.11.4\junit-jupiter-5.11.4.jar;C:\Users\m83ai\.m2\repository\org\junit\jupiter\junit-jupiter-api\5.11.4\junit-jupiter-api-5.11.4.jar;C:\Users\m83ai\.m2\repository\org\opentest4j\opentest4j\1.3.0\opentest4j-1.3.0.jar;C:\Users\m83ai\.m2\repository\org\junit\platform\junit-platform-commons\1.11.4\junit-platform-commons-1.11.4.jar;C:\Users\m83ai\.m2\repository\org\apiguardian\apiguardian-api\1.1.2\apiguardian-api-1.1.2.jar;C:\Users\m83ai\.m2\repository\org\junit\jupiter\junit-jupiter-params\5.11.4\junit-jupiter-params-5.11.4.jar;C:\Users\m83ai\.m2\repository\org\junit\jupiter\junit-jupiter-engine\5.11.4\junit-jupiter-engine-5.11.4.jar;C:\Users\m83ai\.m2\repository\org\junit\platform\junit-platform-engine\1.11.4\junit-platform-engine-1.11.4.jar;C:\Users\m83ai\.m2\repository\org\mockito\mockito-core\5.14.2\mockito-core-5.14.2.jar;C:\Users\m83ai\.m2\repository\net\bytebuddy\byte-buddy-agent\1.15.11\byte-buddy-agent-1.15.11.jar;C:\Users\m83ai\.m2\repository\org\objenesis\objenesis\3.3\objenesis-3.3.jar;C:\Users\m83ai\.m2\repository\org\mockito\mockito-junit-jupiter\5.14.2\mockito-junit-jupiter-5.14.2.jar;C:\Users\m83ai\.m2\repository\org\skyscreamer\jsonassert\1.5.3\jsonassert-1.5.3.jar;C:\Users\m83ai\.m2\repository\com\vaadin\external\google\android-json\0.0.20131108.vaadin1\android-json-0.0.20131108.vaadin1.jar;C:\Users\m83ai\.m2\repository\org\springframework\spring-core\6.2.1\spring-core-6.2.1.jar;C:\Users\m83ai\.m2\repository\org\springframework\spring-jcl\6.2.1\spring-jcl-6.2.1.jar;C:\Users\m83ai\.m2\repository\org\springframework\spring-test\6.2.1\spring-test-6.2.1.jar;C:\Users\m83ai\.m2\repository\org\xmlunit\xmlunit-core\2.10.0\xmlunit-core-2.10.0.jar;C:\Users\m83ai\.m2\repository\org\webjars\jquery\3.5.1\jquery-3.5.1.jar;C:\Users\m83ai\.m2\repository\org\webjars\bootstrap\4.5.3\bootstrap-4.5.3.jar;C:\Users\m83ai\.m2\repository\org\webjars\popper.js\1.16.0\popper.js-1.16.0.jar;C:\Users\m83ai\.m2\repository\org\webjars\webjars-locator\0.40\webjars-locator-0.40.jar;C:\Users\m83ai\.m2\repository\org\webjars\webjars-locator-core\0.59\webjars-locator-core-0.59.jar;C:\Users\m83ai\.m2\repository\io\github\classgraph\classgraph\4.8.173\classgraph-4.8.173.jar;C:\Users\m83ai\.m2\repository\com\fasterxml\jackson\core\jackson-core\2.18.2\jackson-core-2.18.2.jar;C:\Users\m83ai\.m2\repository\com\fasterxml\jackson\core\jackson-databind\2.18.2\jackson-databind-2.18.2.jar;C:\Users\m83ai\.m2\repository\com\fasterxml\jackson\core\jackson-annotations\2.18.2\jackson-annotations-2.18.2.jar;C:\Users\m83ai\.m2\repository\org\apache\commons\commons-lang3\3.17.0\commons-lang3-3.17.0.jar;C:\Users\m83ai\.m2\repository\org\springframework\boot\spring-boot-starter-validation\3.4.1\spring-boot-starter-validation-3.4.1.jar;C:\Users\m83ai\.m2\repository\org\apache\tomcat\embed\tomcat-embed-el\10.1.34\tomcat-embed-el-10.1.34.jar;C:\Users\m83ai\.m2\repository\org\hibernate\validator\hibernate-validator\8.0.2.Final\hibernate-validator-8.0.2.Final.jar;C:\Users\m83ai\.m2\repository\jakarta\validation\jakarta.validation-api\3.0.2\jakarta.validation-api-3.0.2.jar;C:\Users\m83ai\.m2\repository\org\jboss\logging\jboss-logging\3.6.1.Final\jboss-logging-3.6.1.Final.jar;C:\Users\m83ai\.m2\repository\com\fasterxml\classmate\1.7.0\classmate-1.7.0.jar;C:\Users\m83ai\.m2\repository\nz\net\ultraq\thymeleaf\thymeleaf-layout-dialect\3.3.0\thymeleaf-layout-dialect-3.3.0.jar;C:\Users\m83ai\.m2\repository\org\apache\groovy\groovy\4.0.24\groovy-4.0.24.jar;C:\Users\m83ai\.m2\repository\nz\net\ultraq\groovy\groovy-extensions\2.1.0\groovy-extensions-2.1.0.jar;C:\Users\m83ai\.m2\repository\nz\net\ultraq\thymeleaf\thymeleaf-expression-processor\3.2.0\thymeleaf-expression-processor-3.2.0.jar;C:\Users\m83ai\.m2\repository\org\thymeleaf\thymeleaf\3.1.3.RELEASE\thymeleaf-3.1.3.RELEASE.jar;C:\Users\m83ai\.m2\repository\ognl\ognl\3.3.4\ognl-3.3.4.jar;C:\Users\m83ai\.m2\repository\org\javassist\javassist\3.29.0-GA\javassist-3.29.0-GA.jar;C:\Users\m83ai\.m2\repository\org\attoparser\attoparser\2.0.7.RELEASE\attoparser-2.0.7.RELEASE.jar;C:\Users\m83ai\.m2\repository\org\unbescape\unbescape\1.1.6.RELEASE\unbescape-1.1.6.RELEASE.jar;C:\Users\m83ai\.m2\repository\org\slf4j\slf4j-api\2.0.16\slf4j-api-2.0.16.jar;C:\Users\m83ai\.m2\repository\org\mybatis\spring\boot\mybatis-spring-boot-starter\3.0.3\mybatis-spring-boot-starter-3.0.3.jar;C:\Users\m83ai\.m2\repository\org\mybatis\spring\boot\mybatis-spring-boot-autoconfigure\3.0.3\mybatis-spring-boot-autoconfigure-3.0.3.jar;C:\Users\m83ai\.m2\repository\org\mybatis\mybatis\3.5.14\mybatis-3.5.14.jar;C:\Users\m83ai\.m2\repository\org\mybatis\mybatis-spring\3.0.3\mybatis-spring-3.0.3.jar;C:\Users\m83ai\.m2\repository\org\modelmapper\extensions\modelmapper-spring\2.3.9\modelmapper-spring-2.3.9.jar;C:\Users\m83ai\.m2\repository\org\modelmapper\modelmapper\2.3.9\modelmapper-2.3.9.jar;C:\Users\m83ai\.m2\repository\org\springframework\spring-aop\6.2.1\spring-aop-6.2.1.jar;C:\Users\m83ai\.m2\repository\org\springframework\spring-beans\6.2.1\spring-beans-6.2.1.jar;C:\Users\m83ai\.m2\repository\org\aspectj\aspectjweaver\1.9.22.1\aspectjweaver-1.9.22.1.jar;C:\Users\m83ai\.m2\repository\org\springframework\boot\spring-boot-starter-security\3.4.1\spring-boot-starter-security-3.4.1.jar;C:\Users\m83ai\.m2\repository\org\springframework\security\spring-security-config\6.4.2\spring-security-config-6.4.2.jar;C:\Users\m83ai\.m2\repository\org\springframework\security\spring-security-core\6.4.2\spring-security-core-6.4.2.jar;C:\Users\m83ai\.m2\repository\org\springframework\security\spring-security-crypto\6.4.2\spring-security-crypto-6.4.2.jar;C:\Users\m83ai\.m2\repository\org\springframework\security\spring-security-web\6.4.2\spring-security-web-6.4.2.jar;C:\Users\m83ai\.m2\repository\org\thymeleaf\extras\thymeleaf-extras-springsecurity6\3.1.1.RELEASE\thymeleaf-extras-springsecurity6-3.1.1.RELEASE.jar;C:\Users\m83ai\.m2\repository\org\webjars\datatables-plugins\1.10.21\datatables-plugins-1.10.21.jar;C:\Users\m83ai\.m2\repository\org\webjars\datatables\1.10.21\datatables-1.10.21.jar;C:\Users\m83ai\.m2\repository\org\springframework\boot\spring-boot-starter-mail\3.4.1\spring-boot-starter-mail-3.4.1.jar;C:\Users\m83ai\.m2\repository\org\springframework\spring-context-support\6.2.1\spring-context-support-6.2.1.jar;C:\Users\m83ai\.m2\repository\org\eclipse\angus\jakarta.mail\2.0.3\jakarta.mail-2.0.3.jar;C:\Users\m83ai\.m2\repository\org\eclipse\angus\angus-activation\2.0.2\angus-activation-2.0.2.jar
Launcher Type: SUN_STANDARD

[Global flags]
     intx CICompilerCount                          = 4                                         {product} {ergonomic}
     uint ConcGCThreads                            = 2                                         {product} {ergonomic}
     uint G1ConcRefinementThreads                  = 8                                         {product} {ergonomic}
   size_t G1HeapRegionSize                         = 4194304                                   {product} {ergonomic}
    uintx GCDrainStackTargetSize                   = 64                                        {product} {ergonomic}
   size_t InitialHeapSize                          = 532676608                                 {product} {ergonomic}
     bool ManagementServer                         = true                                      {product} {command line}
   size_t MarkStackSize                            = 4194304                                   {product} {ergonomic}
   size_t MaxHeapSize                              = 8510242816                                {product} {ergonomic}
   size_t MaxNewSize                               = 5104467968                                {product} {ergonomic}
   size_t MinHeapDeltaBytes                        = 4194304                                   {product} {ergonomic}
   size_t MinHeapSize                              = 8388608                                   {product} {ergonomic}
    uintx NonNMethodCodeHeapSize                   = 4096                                   {pd product} {ergonomic}
    uintx NonProfiledCodeHeapSize                  = 0                                      {pd product} {ergonomic}
     bool ProfileInterpreter                       = false                                  {pd product} {command line}
    uintx ProfiledCodeHeapSize                     = 0                                      {pd product} {ergonomic}
     bool ShowCodeDetailsInExceptionMessages       = true                                   {manageable} {command line}
   size_t SoftMaxHeapSize                          = 8510242816                             {manageable} {ergonomic}
     intx TieredStopAtLevel                        = 1                                         {product} {command line}
     bool UseCompressedOops                        = true                           {product lp64_product} {ergonomic}
     bool UseG1GC                                  = true                                      {product} {ergonomic}
     bool UseLargePagesIndividualAllocation        = false                                  {pd product} {ergonomic}

Logging:
Log output configuration:
 #0: stdout all=warning uptime,level,tags foldmultilines=false
 #1: stderr all=off uptime,level,tags foldmultilines=false

Environment Variables:
JAVA_HOME=C:\Program Files\Eclipse Adoptium\jdk-17.0.4.101-hotspot\
PATH=C:/pleiades/2024-03/java/21/bin/server;C:/pleiades/2024-03/java/21/bin;C:\Program Files\Eclipse Adoptium\jdk-21.0.7.6-hotspot\bin;C:\Program Files\Eclipse Adoptium\jdk-17.0.4.101-hotspot\bin;C:\app\m83ai\product\21c\dbhomeXE\bin;C:\WINDOWS\system32;C:\WINDOWS;C:\WINDOWS\System32\Wbem;C:\WINDOWS\System32\WindowsPowerShell\v1.0\;C:\WINDOWS\System32\OpenSSH\;C:\Program Files\Git\cmd;C:\Users\m83ai\AppData\Local\Programs\Python\Python310\Scripts\;C:\Users\m83ai\AppData\Local\Programs\Python\Python310\;C:\Users\m83ai\AppData\Local\Programs\Python\Python313\Scripts\;C:\Users\m83ai\AppData\Local\Programs\Python\Python313\;C:\Users\m83ai\AppData\Local\Microsoft\WindowsApps;C:\Program Files\MySQL\MySQL Server 8.4\bin;C:\Users\m83ai\AppData\Local\GitHubDesktop\bin;C:\Users\m83ai\AppData\Local\Programs\Python\Python310\Scripts;;C:\pleiades\2024-03\eclipse;
USERNAME=m83ai
OS=Windows_NT
PROCESSOR_IDENTIFIER=Intel64 Family 6 Model 140 Stepping 1, GenuineIntel
TMP=C:\Users\m83ai\AppData\Local\Temp
TEMP=C:\Users\m83ai\AppData\Local\Temp




Periodic native trim disabled

---------------  S Y S T E M  ---------------

OS:
 Windows 11 , 64 bit Build 26100 (10.0.26100.5074)
OS uptime: 0 days 9:42 hours
Hyper-V role detected

CPU: total 8 (initial active 8) (4 cores per cpu, 2 threads per core) family 6 model 140 stepping 1 microcode 0xbc, cx8, cmov, fxsr, ht, mmx, 3dnowpref, sse, sse2, sse3, ssse3, sse4.1, sse4.2, popcnt, lzcnt, tsc, tscinvbit, avx, avx2, aes, erms, clmul, bmi1, bmi2, adx, avx512f, avx512dq, avx512cd, avx512bw, avx512vl, sha, fma, vzeroupper, avx512_vpopcntdq, avx512_vpclmulqdq, avx512_vaes, avx512_vnni, clflush, clflushopt, clwb, avx512_vbmi2, avx512_vbmi, hv, rdtscp, rdpid, fsrm, gfni, avx512_bitalg, f16c, cet_ibt, cet_ss, avx512_ifma
Processor Information for all 8 processors :
  Max Mhz: 2419, Current Mhz: 2419, Mhz Limit: 2419

Memory: 4k page, system-wide physical 32448M (16338M free)
TotalPageFile size 34496M (AvailPageFile size 16788M)
current process WorkingSet (physical memory assigned to process): 343M, peak: 454M
current process commit charge ("private bytes"): 382M, peak: 633M

vm_info: OpenJDK 64-Bit Server VM (21.0.2+13-LTS) for windows-amd64 JRE (21.0.2+13-LTS), built on 2024-01-16T00:00:00Z by "admin" with unknown MS VC++:1937

END.
