#
# A fatal error has been detected by the Java Runtime Environment:
#
#  EXCEPTION_ACCESS_VIOLATION (0xc0000005) at pc=0x0000016af3d8ada4, pid=25476, tid=27392
#
# JRE version: OpenJDK Runtime Environment Temurin-21.0.2+13 (21.0.2+13) (build 21.0.2+13-LTS)
# Java VM: OpenJDK 64-Bit Server VM Temurin-21.0.2+13 (21.0.2+13-LTS, mixed mode, emulated-client, sharing, tiered, compressed oops, compressed class ptrs, g1 gc, windows-amd64)
# Problematic frame:
# v  ~BufferBlob::MethodHandles adapters 0x0000016af3d8ada4
#
# No core dump will be written. Minidumps are not enabled by default on client versions of Windows
#
# If you would like to submit a bug report, please visit:
#   https://github.com/adoptium/adoptium-support/issues
#

---------------  S U M M A R Y ------------

Command Line: -XX:+ShowCodeDetailsInExceptionMessages -agentlib:jdwp=transport=dt_socket,suspend=y,address=localhost:64973 -Dcom.sun.management.jmxremote -Dcom.sun.management.jmxremote.port=64971 -Dcom.sun.management.jmxremote.authenticate=false -Dcom.sun.management.jmxremote.ssl=false -Djava.rmi.server.hostname=localhost -Dspring.jmx.enabled=true -Dmanagement.endpoints.jmx.exposure.include=* -Dspring.application.admin.enabled=true -XX:TieredStopAtLevel=1 -Dspring.boot.project.name=KintaiSystem -javaagent:C:\pleiades\2024-03\eclipse\configuration\org.eclipse.osgi\251\0\.cp\lib\javaagent-shaded.jar -Dfile.encoding=UTF-8 -Dstdout.encoding=UTF-8 -Dstderr.encoding=UTF-8 com.example.SpringBootSampleApplication --spring.output.ansi.enabled=always

Host: 11th Gen Intel(R) Core(TM) i5-1135G7 @ 2.40GHz, 8 cores, 31G,  Windows 11 , 64 bit Build 26100 (10.0.26100.4484)
Time: Tue Jul 22 18:44:00 2025  Windows 11 , 64 bit Build 26100 (10.0.26100.4484) elapsed time: 403.710976 seconds (0d 0h 6m 43s)

---------------  T H R E A D  ---------------

Current thread (0x0000016ad030fda0):  JavaThread "http-nio-8080-exec-4" daemon [_thread_in_Java, id=27392, stack(0x00000020d8800000,0x00000020d8900000) (1024K)]

Stack: [0x00000020d8800000,0x00000020d8900000],  sp=0x00000020d88faad8,  free space=1002k
Native frames: (J=compiled Java code, j=interpreted, Vv=VM code, C=native code)
C  0x0000016af3d8ada4

The last pc belongs to _linkToVirtual (printed below).

siginfo: EXCEPTION_ACCESS_VIOLATION (0xc0000005), reading address 0x0000017b526d1c3e


Registers:
RAX=0x0000016af3d5958b, RBX=0x000000061446b7a8, RCX=0x00000020d88faaf0, RDX=0x0000000000000004
RSP=0x00000020d88faad8, RBP=0x00000020d88fab38, RSI=0x0000016ace667058, RDI=0x0000016ad079b2c0
R8 =0x0000000000000004, R9 =0x0000000000000004, R10=0x0000016b526d1a76, R11=0x0000000200000000
R12=0x0000000000000000, R13=0x00000020d88faad8, R14=0x00000020d88fab68, R15=0x0000016ad030fda0
RIP=0x0000016af3d8ada4, EFLAGS=0x0000000000010202


Register to memory mapping:

RAX=0x0000016af3d5958b is at code_begin+4363 in an Interpreter codelet
return entry points  [0x0000016af3d58480, 0x0000016af3d5a298]  7704 bytes
RBX=0x000000061446b7a8 is an oop: org.springframework.validation.support.BindingAwareModelMap 
{0x000000061446b7a8} - klass: 'org/springframework/validation/support/BindingAwareModelMap'
 - ---- fields (total size 8 words):
 - transient 'keySet' 'Ljava/util/Set;' @12  null (0x00000000)
 - transient 'values' 'Ljava/util/Collection;' @16  null (0x00000000)
 - transient 'size' 'I' @20  2 (0x00000002)
 - transient 'modCount' 'I' @24  2 (0x00000002)
 - 'threshold' 'I' @28  12 (0x0000000c)
 - final 'loadFactor' 'F' @32  0.750000 (0x3f400000)
 - transient 'table' '[Ljava/util/HashMap$Node;' @36  a 'java/util/HashMap$Node'[16] {0x000000061446c478} (0xc288d88f)
 - transient 'entrySet' 'Ljava/util/Set;' @40  null (0x00000000)
 - transient 'putMode' 'I' @44  0 (0x00000000)
 - final 'accessOrder' 'Z' @48  false (0x00)
 - transient 'head' 'Ljava/util/LinkedHashMap$Entry;' @52  a 'java/util/LinkedHashMap$Entry'{0x000000061446c4c8} (0xc288d899)
 - transient 'tail' 'Ljava/util/LinkedHashMap$Entry;' @56  a 'java/util/LinkedHashMap$Entry'{0x000000061446d050} (0xc288da0a)
RCX=0x00000020d88faaf0 is pointing into the stack for thread: 0x0000016ad030fda0
RDX=0x0000000000000004 is an unknown value
RSP=0x00000020d88faad8 is pointing into the stack for thread: 0x0000016ad030fda0
RBP=0x00000020d88fab38 is pointing into the stack for thread: 0x0000016ad030fda0
RSI=0x0000016ace667058 points into unknown readable memory: 0x8000136adc7ddd96 | 96 dd 7d dc 6a 13 00 80
RDI=0x0000016ad079b2c0 points into unknown readable memory: 0x0000002800000080 | 80 00 00 00 28 00 00 00
R8 =0x0000000000000004 is an unknown value
R9 =0x0000000000000004 is an unknown value
R10=0x0000016b526d1a76 is an unknown value
R11=0x0000000200000000 is an unknown value
R12=0x0 is null
R13=0x00000020d88faad8 is pointing into the stack for thread: 0x0000016ad030fda0
R14=0x00000020d88fab68 is pointing into the stack for thread: 0x0000016ad030fda0
R15=0x0000016ad030fda0 is a thread

Top of Stack: (sp=0x00000020d88faad8)
0x00000020d88faad8:   0000016af3d5958b 0000000614466120
0x00000020d88faae8:   00000006063d8af8 00000020d88faaf0
0x00000020d88faaf8:   0000016aca6d1a76 0000000000000006
0x00000020d88fab08:   0000016aca6d1bc8 00000020d88fabd8
0x00000020d88fab18:   0000000605b739e0 0000016aca6d1a88
0x00000020d88fab28:   00000020d88faad8 00000020d88fab70
0x00000020d88fab38:   00000020d88fabd8 0000016af3d5958b
0x00000020d88fab48:   0000000614472800 000000061446b7a8
0x00000020d88fab58:   0000000614466120 00000006063d8af8
0x00000020d88fab68:   0000000614472980 000000061446b7a8
0x00000020d88fab78:   0000000614466120 00000006063d8af8
0x00000020d88fab88:   0000000614472980 00000020d88fab90
0x00000020d88fab98:   0000016acc10cb01 000000000000000c
0x00000020d88faba8:   0000016acc10cc50 0000000000000000
0x00000020d88fabb8:   0000000608df97e0 0000016acc10cb10
0x00000020d88fabc8:   00000020d88fab70 00000020d88fac40
0x00000020d88fabd8:   00000020d88faef0 0000016af49dbc2a
0x00000020d88fabe8:   0000000614472980 000000061446b7a8
0x00000020d88fabf8:   0000000614472b80 0000000614466120
0x00000020d88fac08:   0000000614472c80 00000006063d8af8
0x00000020d88fac18:   0000000614472d88 000000061446b7a8
0x00000020d88fac28:   0000000614466120 00000006063d8af8
0x00000020d88fac38:   0000000614472dd8 0000000000000000
0x00000020d88fac48:   0000000000000000 00000020d88fb568
0x00000020d88fac58:   0000016af4201023 00000006055886b0
0x00000020d88fac68:   0000000000000001 00000006055886b0
0x00000020d88fac78:   0000000605edc4e0 0000000606b10b30
0x00000020d88fac88:   0000000200000000 00000020d88faef0
0x00000020d88fac98:   0000016af41aceec 0000000614474f28
0x00000020d88faca8:   0000000614474f48 0000000000000002
0x00000020d88facb8:   0000000000000c00 0000000000000000
0x00000020d88facc8:   0000000000000000 0000000000000000 

Instructions: (pc=0x0000016af3d8ada4)
0x0000016af3d8aca4:   6a 01 00 00 00 ad d8 f3 6a 01 00 00 80 bd d8 f3
0x0000016af3d8acb4:   6a 01 00 00 f0 ac d8 f3 6a 01 00 00 f0 ac d8 f3
0x0000016af3d8acc4:   6a 01 00 00 00 00 00 00 00 00 00 00 b8 f6 69 ee
0x0000016af3d8acd4:   fc 7f 00 00 f0 10 00 00 60 00 00 00 ff ff ff ff
0x0000016af3d8ace4:   f0 10 00 00 00 00 00 00 00 00 00 00 00 00 00 00
0x0000016af3d8acf4:   00 00 00 00 00 00 00 00 00 00 00 00 f4 66 66 66
0x0000016af3d8ad04:   0f 1f 84 00 00 00 00 00 66 66 66 90 66 66 66 0f
0x0000016af3d8ad14:   1f 84 00 00 00 00 00 66 66 66 90 90 48 8b 53 08
0x0000016af3d8ad24:   0f b7 52 2e 48 8b 0c d4 8b 59 14 48 c1 e3 03 8b
0x0000016af3d8ad34:   5b 28 48 c1 e3 03 8b 5b 24 48 c1 e3 03 48 8b 5b
0x0000016af3d8ad44:   10 48 85 db 0f 84 10 00 00 00 41 80 bf e0 05 00
0x0000016af3d8ad54:   00 00 74 03 ff 63 38 ff 63 50 e9 9d 16 00 00 66
0x0000016af3d8ad64:   66 66 0f 1f 84 00 00 00 00 00 66 66 66 90 66 66
0x0000016af3d8ad74:   0f 1f 84 00 00 00 00 00 66 66 66 90 48 8b 53 08
0x0000016af3d8ad84:   0f b7 52 2e 48 8b 0c d4 58 5b 50 44 8b 51 08 49
0x0000016af3d8ad94:   bb 00 00 00 88 6a 01 00 00 4d 03 d3 4c 8b 5b 10
0x0000016af3d8ada4:   4b 8b 9c da c8 01 00 00 48 85 db 0f 84 10 00 00
0x0000016af3d8adb4:   00 41 80 bf e0 05 00 00 00 74 03 ff 63 38 ff 63
0x0000016af3d8adc4:   50 e9 36 16 00 00 66 66 66 0f 1f 84 00 00 00 00
0x0000016af3d8add4:   00 66 66 66 90 0f 1f 80 00 00 00 00 58 5b 50 8b
0x0000016af3d8ade4:   5b 24 48 c1 e3 03 48 8b 5b 10 48 85 db 0f 84 10
0x0000016af3d8adf4:   00 00 00 41 80 bf e0 05 00 00 00 74 03 ff 63 38
0x0000016af3d8ae04:   ff 63 50 e9 f4 15 00 00 66 66 66 0f 1f 84 00 00
0x0000016af3d8ae14:   00 00 00 66 66 66 90 0f 1f 44 00 00 48 8b 53 08
0x0000016af3d8ae24:   0f b7 52 2e 48 8b 0c d4 58 5b 50 48 3b 01 8b 5b
0x0000016af3d8ae34:   24 48 c1 e3 03 48 8b 5b 10 48 85 db 0f 84 10 00
0x0000016af3d8ae44:   00 00 41 80 bf e0 05 00 00 00 74 03 ff 63 38 ff
0x0000016af3d8ae54:   63 50 e9 a5 15 00 00 0f 1f 44 00 00 48 8b 53 08
0x0000016af3d8ae64:   0f b7 52 2e 48 8b 0c d4 58 5b 50 44 8b 51 08 49
0x0000016af3d8ae74:   bb 00 00 00 88 6a 01 00 00 4d 03 d3 8b 43 18 48
0x0000016af3d8ae84:   c1 e0 03 48 8b 40 10 48 8b 5b 10 45 8b 9a a0 00
0x0000016af3d8ae94:   00 00 4f 8d 9c da c8 01 00 00 4d 8d 14 da 49 8b 


Stack slot to memory mapping:

stack at sp + 0 slots: 0x0000016af3d5958b is at code_begin+4363 in an Interpreter codelet
return entry points  [0x0000016af3d58480, 0x0000016af3d5a298]  7704 bytes
stack at sp + 1 slots: 0x0000000614466120 is an oop: java.lang.String 
{0x0000000614466120} - klass: 'java/lang/String'
 - string: "user@co.jp"
 - ---- fields (total size 3 words):
 - private 'hash' 'I' @12  1032328531 (0x3d881553)
 - private final 'coder' 'B' @16  0 (0x00)
 - private 'hashIsZero' 'Z' @17  false (0x00)
 - injected 'flags' 'B' @18  0 (0x00)
 - private final 'value' '[B' @20  [B{0x0000000614466138} (0xc288cc27)
stack at sp + 2 slots: 0x00000006063d8af8 is an oop: com.example.controller.KoutsuhiKeihiController 
{0x00000006063d8af8} - klass: 'com/example/controller/KoutsuhiKeihiController'
 - ---- fields (total size 3 words):
 - private 'userService' 'Lcom/example/domain/kintai/service/UserService;' @12  a 'com/example/domain/kintai/service/impl/UserServiceImpl$$SpringCGLIB$$0'{0x00000006063d8b10} (0xc0c7b162)
 - private 'keihiService' 'Lcom/example/domain/kintai/service/KeihiService;' @16  a 'com/example/domain/kintai/service/impl/KeihiServiceImpl$$SpringCGLIB$$0'{0x00000006063d9308} (0xc0c7b261)
 - private 'koutsuhiService' 'Lcom/example/domain/kintai/service/KoutsuhiService;' @20  a 'com/example/domain/kintai/service/impl/KoutsuhiServiceImpl'{0x0000000606931fe8} (0xc0d263fd)
stack at sp + 3 slots: 0x00000020d88faaf0 is pointing into the stack for thread: 0x0000016ad030fda0
stack at sp + 4 slots: 0x0000016aca6d1a76 is pointing into metadata
stack at sp + 5 slots: 0x0000000000000006 is an unknown value
stack at sp + 6 slots: 0x0000016aca6d1bc8 is pointing into metadata
stack at sp + 7 slots: 0x00000020d88fabd8 is pointing into the stack for thread: 0x0000016ad030fda0

MethodHandle::interpreter_entry::_linkToVirtual [0x0000016af3d8ad63, 0x0000016af3d8adca] (103 bytes)
[MachCode]
  0x0000016af3d8ad63: 6666 660f | 1f84 0000 | 0000 0066 | 6666 9066 | 660f 1f84 | 0000 0000 | 0066 6666 | 9048 8b53 
  0x0000016af3d8ad83: 080f b752 | 2e48 8b0c | d458 5b50 | 448b 5108 | 49bb 0000 | 0088 6a01 | 0000 4d03 | d34c 8b5b 
  0x0000016af3d8ada3: 104b 8b9c | dac8 0100 | 0048 85db | 0f84 1000 | 0000 4180 | bfe0 0500 | 0000 7403 | ff63 38ff 
  0x0000016af3d8adc3: 6350 e936 | 
[/MachCode]

---------------  P R O C E S S  ---------------

Threads class SMR info:
_java_thread_list=0x0000016ad0a0cf30, length=37, elements={
0x0000016acd00a750, 0x0000016acd00d8e0, 0x0000016acd0136d0, 0x0000016acd017c00,
0x0000016acd01b980, 0x0000016acd021000, 0x0000016acd0309c0, 0x0000016acd123f30,
0x0000016acd1a0ea0, 0x0000016acd1c8bb0, 0x0000016acd1c9230, 0x0000016acdab33f0,
0x0000016acdc65a90, 0x0000016acdddd450, 0x0000016acdde5e90, 0x0000016ace4582e0,
0x0000016ace476a40, 0x0000016ace486ee0, 0x0000016ace4861c0, 0x0000016ace487c00,
0x0000016ace484e10, 0x0000016ace4854a0, 0x0000016ace486850, 0x0000016ad0310430,
0x0000016ad0311150, 0x0000016ad03117e0, 0x0000016ad0310ac0, 0x0000016ad030fda0,
0x0000016ad0311e70, 0x0000016ad0312500, 0x0000016ad030f080, 0x0000016ad030f710,
0x0000016acdf50e00, 0x0000016acdf53560, 0x0000016acdf521b0, 0x0000016acdf52840,
0x0000016acdf51490
}

Java Threads: ( => current thread )
  0x0000016acd00a750 JavaThread "Reference Handler"          daemon [_thread_blocked, id=23464, stack(0x00000020d5e00000,0x00000020d5f00000) (1024K)]
  0x0000016acd00d8e0 JavaThread "Finalizer"                  daemon [_thread_blocked, id=14664, stack(0x00000020d5f00000,0x00000020d6000000) (1024K)]
  0x0000016acd0136d0 JavaThread "Signal Dispatcher"          daemon [_thread_blocked, id=21384, stack(0x00000020d6000000,0x00000020d6100000) (1024K)]
  0x0000016acd017c00 JavaThread "Attach Listener"            daemon [_thread_blocked, id=728, stack(0x00000020d6100000,0x00000020d6200000) (1024K)]
  0x0000016acd01b980 JavaThread "Service Thread"             daemon [_thread_blocked, id=32216, stack(0x00000020d6200000,0x00000020d6300000) (1024K)]
  0x0000016acd021000 JavaThread "Monitor Deflation Thread"   daemon [_thread_blocked, id=12336, stack(0x00000020d6300000,0x00000020d6400000) (1024K)]
  0x0000016acd0309c0 JavaThread "C1 CompilerThread0"         daemon [_thread_blocked, id=32272, stack(0x00000020d6400000,0x00000020d6500000) (1024K)]
  0x0000016acd123f30 JavaThread "Common-Cleaner"             daemon [_thread_blocked, id=10160, stack(0x00000020d6500000,0x00000020d6600000) (1024K)]
  0x0000016acd1a0ea0 JavaThread "JDWP Transport Listener: dt_socket" daemon [_thread_blocked, id=16332, stack(0x00000020d6900000,0x00000020d6a00000) (1024K)]
  0x0000016acd1c8bb0 JavaThread "JDWP Event Helper Thread"   daemon [_thread_blocked, id=25684, stack(0x00000020d6a00000,0x00000020d6b00000) (1024K)]
  0x0000016acd1c9230 JavaThread "JDWP Command Reader"        daemon [_thread_in_native, id=9448, stack(0x00000020d6b00000,0x00000020d6c00000) (1024K)]
  0x0000016acdab33f0 JavaThread "Notification Thread"        daemon [_thread_blocked, id=12756, stack(0x00000020d6c00000,0x00000020d6d00000) (1024K)]
  0x0000016acdc65a90 JavaThread "RMI TCP Accept-0"           daemon [_thread_in_native, id=28072, stack(0x00000020d7400000,0x00000020d7500000) (1024K)]
  0x0000016acdddd450 JavaThread "RMI TCP Accept-64971"       daemon [_thread_in_native, id=31564, stack(0x00000020d7500000,0x00000020d7600000) (1024K)]
  0x0000016acdde5e90 JavaThread "RMI TCP Accept-0"           daemon [_thread_in_native, id=17112, stack(0x00000020d7600000,0x00000020d7700000) (1024K)]
  0x0000016ace4582e0 JavaThread "RMI Scheduler(0)"           daemon [_thread_blocked, id=26660, stack(0x00000020d7a00000,0x00000020d7b00000) (1024K)]
  0x0000016ace476a40 JavaThread "RMI TCP Connection(idle)"   daemon [_thread_blocked, id=29276, stack(0x00000020d7b00000,0x00000020d7c00000) (1024K)]
  0x0000016ace486ee0 JavaThread "JMX server connection timeout 41" daemon [_thread_blocked, id=12632, stack(0x00000020d7c00000,0x00000020d7d00000) (1024K)]
  0x0000016ace4861c0 JavaThread "Catalina-utility-1"                [_thread_blocked, id=10860, stack(0x00000020d7d00000,0x00000020d7e00000) (1024K)]
  0x0000016ace487c00 JavaThread "Catalina-utility-2"                [_thread_blocked, id=12872, stack(0x00000020d7f00000,0x00000020d8000000) (1024K)]
  0x0000016ace484e10 JavaThread "container-0"                       [_thread_blocked, id=25168, stack(0x00000020d8000000,0x00000020d8100000) (1024K)]
  0x0000016ace4854a0 JavaThread "HikariPool-1 housekeeper"   daemon [_thread_blocked, id=24168, stack(0x00000020d8100000,0x00000020d8200000) (1024K)]
  0x0000016ace486850 JavaThread "File Watcher"               daemon [_thread_blocked, id=4980, stack(0x00000020d8300000,0x00000020d8400000) (1024K)]
  0x0000016ad0310430 JavaThread "Live Reload Server"         daemon [_thread_in_native, id=24436, stack(0x00000020d8400000,0x00000020d8500000) (1024K)]
  0x0000016ad0311150 JavaThread "http-nio-8080-exec-1"       daemon [_thread_blocked, id=31824, stack(0x00000020d8500000,0x00000020d8600000) (1024K)]
  0x0000016ad03117e0 JavaThread "http-nio-8080-exec-2"       daemon [_thread_blocked, id=16600, stack(0x00000020d8600000,0x00000020d8700000) (1024K)]
  0x0000016ad0310ac0 JavaThread "http-nio-8080-exec-3"       daemon [_thread_blocked, id=24320, stack(0x00000020d8700000,0x00000020d8800000) (1024K)]
=>0x0000016ad030fda0 JavaThread "http-nio-8080-exec-4"       daemon [_thread_in_Java, id=27392, stack(0x00000020d8800000,0x00000020d8900000) (1024K)]
  0x0000016ad0311e70 JavaThread "http-nio-8080-exec-5"       daemon [_thread_blocked, id=8840, stack(0x00000020d8900000,0x00000020d8a00000) (1024K)]
  0x0000016ad0312500 JavaThread "http-nio-8080-exec-6"       daemon [_thread_blocked, id=5648, stack(0x00000020d8a00000,0x00000020d8b00000) (1024K)]
  0x0000016ad030f080 JavaThread "http-nio-8080-exec-7"       daemon [_thread_blocked, id=7676, stack(0x00000020d8b00000,0x00000020d8c00000) (1024K)]
  0x0000016ad030f710 JavaThread "http-nio-8080-exec-8"       daemon [_thread_blocked, id=31336, stack(0x00000020d8c00000,0x00000020d8d00000) (1024K)]
  0x0000016acdf50e00 JavaThread "http-nio-8080-exec-9"       daemon [_thread_blocked, id=24152, stack(0x00000020d8d00000,0x00000020d8e00000) (1024K)]
  0x0000016acdf53560 JavaThread "http-nio-8080-exec-10"      daemon [_thread_blocked, id=4152, stack(0x00000020d8e00000,0x00000020d8f00000) (1024K)]
  0x0000016acdf521b0 JavaThread "http-nio-8080-Poller"       daemon [_thread_in_native, id=21576, stack(0x00000020d8f00000,0x00000020d9000000) (1024K)]
  0x0000016acdf52840 JavaThread "http-nio-8080-Acceptor"     daemon [_thread_in_native, id=4124, stack(0x00000020d9000000,0x00000020d9100000) (1024K)]
  0x0000016acdf51490 JavaThread "DestroyJavaVM"                     [_thread_blocked, id=26508, stack(0x00000020d5600000,0x00000020d5700000) (1024K)]
Total: 37

Other Threads:
  0x0000016af9099410 VMThread "VM Thread"                           [id=3112, stack(0x00000020d5d00000,0x00000020d5e00000) (1024K)]
  0x0000016af9083da0 WatcherThread "VM Periodic Task Thread"        [id=27200, stack(0x00000020d5c00000,0x00000020d5d00000) (1024K)]
  0x0000016af8ef0780 WorkerThread "GC Thread#0"                     [id=572, stack(0x00000020d5700000,0x00000020d5800000) (1024K)]
  0x0000016acdcb6270 WorkerThread "GC Thread#1"                     [id=6884, stack(0x00000020d6d00000,0x00000020d6e00000) (1024K)]
  0x0000016acdc404e0 WorkerThread "GC Thread#2"                     [id=5328, stack(0x00000020d6e00000,0x00000020d6f00000) (1024K)]
  0x0000016acdc40880 WorkerThread "GC Thread#3"                     [id=23056, stack(0x00000020d6f00000,0x00000020d7000000) (1024K)]
  0x0000016acdc40c20 WorkerThread "GC Thread#4"                     [id=20316, stack(0x00000020d7000000,0x00000020d7100000) (1024K)]
  0x0000016acdc40fc0 WorkerThread "GC Thread#5"                     [id=13288, stack(0x00000020d7100000,0x00000020d7200000) (1024K)]
  0x0000016acdc491a0 WorkerThread "GC Thread#6"                     [id=13596, stack(0x00000020d7200000,0x00000020d7300000) (1024K)]
  0x0000016acdc49540 WorkerThread "GC Thread#7"                     [id=24944, stack(0x00000020d7300000,0x00000020d7400000) (1024K)]
  0x0000016ae946df10 ConcurrentGCThread "G1 Main Marker"            [id=31204, stack(0x00000020d5800000,0x00000020d5900000) (1024K)]
  0x0000016ae946ec30 WorkerThread "G1 Conc#0"                       [id=16944, stack(0x00000020d5900000,0x00000020d5a00000) (1024K)]
  0x0000016ace43b730 WorkerThread "G1 Conc#1"                       [id=17508, stack(0x00000020d7e00000,0x00000020d7f00000) (1024K)]
  0x0000016af8f54c20 ConcurrentGCThread "G1 Refine#0"               [id=27472, stack(0x00000020d5a00000,0x00000020d5b00000) (1024K)]
  0x0000016af8f56450 ConcurrentGCThread "G1 Service"                [id=9420, stack(0x00000020d5b00000,0x00000020d5c00000) (1024K)]
Total: 15

Threads with active compile tasks:
Total: 0

VM state: not at safepoint (normal execution)

VM Mutex/Monitor currently owned by a thread: None

Heap address: 0x0000000604c00000, size: 8116 MB, Compressed Oops mode: Zero based, Oop shift amount: 3

CDS archive(s) mapped at: [0x0000016a88000000-0x0000016a88c90000-0x0000016a88c90000), size 13172736, SharedBaseAddress: 0x0000016a88000000, ArchiveRelocationMode: 1.
Compressed class space mapped at: 0x0000016a89000000-0x0000016ac9000000, reserved size: 1073741824
Narrow klass base: 0x0000016a88000000, Narrow klass shift: 0, Narrow klass range: 0x100000000

GC Precious Log:
 CardTable entry size: 512
 Card Set container configuration: InlinePtr #cards 4 size 8 Array Of Cards #cards 32 size 80 Howl #buckets 8 coarsen threshold 7372 Howl Bitmap #cards 1024 size 144 coarsen threshold 921 Card regions per heap region 1 cards per card region 8192
 CPUs: 8 total, 8 available
 Memory: 32448M
 Large Page Support: Disabled
 NUMA Support: Disabled
 Compressed Oops: Enabled (Zero based)
 Heap Region Size: 4M
 Heap Min Capacity: 8M
 Heap Initial Capacity: 508M
 Heap Max Capacity: 8116M
 Pre-touch: Disabled
 Parallel Workers: 8
 Concurrent Workers: 2
 Concurrent Refinement Workers: 8
 Periodic GC: Disabled

Heap:
 garbage-first heap   total 180224K, used 108736K [0x0000000604c00000, 0x0000000800000000)
  region size 4096K, 19 young (77824K), 4 survivors (16384K)
 Metaspace       used 68357K, committed 69632K, reserved 1114112K
  class space    used 8980K, committed 9536K, reserved 1048576K

Heap Regions: E=young(eden), S=young(survivor), O=old, HS=humongous(starts), HC=humongous(continues), CS=collection set, F=free, TAMS=top-at-mark-start, PB=parsable bottom
|   0|0x0000000604c00000, 0x0000000605000000, 0x0000000605000000|100%| O|  |TAMS 0x0000000604c00000| PB 0x0000000604c00000| Untracked 
|   1|0x0000000605000000, 0x0000000605400000, 0x0000000605400000|100%| O|  |TAMS 0x0000000605000000| PB 0x0000000605000000| Untracked 
|   2|0x0000000605400000, 0x0000000605800000, 0x0000000605800000|100%| O|  |TAMS 0x0000000605400000| PB 0x0000000605400000| Untracked 
|   3|0x0000000605800000, 0x0000000605c00000, 0x0000000605c00000|100%| O|  |TAMS 0x0000000605800000| PB 0x0000000605800000| Untracked 
|   4|0x0000000605c00000, 0x0000000606000000, 0x0000000606000000|100%| O|  |TAMS 0x0000000605c00000| PB 0x0000000605c00000| Untracked 
|   5|0x0000000606000000, 0x0000000606400000, 0x0000000606400000|100%| O|  |TAMS 0x0000000606000000| PB 0x0000000606000000| Untracked 
|   6|0x0000000606400000, 0x0000000606800000, 0x0000000606800000|100%| O|  |TAMS 0x0000000606400000| PB 0x0000000606400000| Untracked 
|   7|0x0000000606800000, 0x0000000606c00000, 0x0000000606c00000|100%| O|  |TAMS 0x0000000606800000| PB 0x0000000606800000| Untracked 
|   8|0x0000000606c00000, 0x0000000606e10480, 0x0000000607000000| 51%| O|Cm|TAMS 0x0000000606c00000| PB 0x0000000606c00000| Complete 
|   9|0x0000000607000000, 0x00000006070bb0f0, 0x0000000607400000| 18%| O|  |TAMS 0x0000000607000000| PB 0x0000000607000000| Untracked 
|  10|0x0000000607400000, 0x0000000607400000, 0x0000000607800000|  0%| F|  |TAMS 0x0000000607400000| PB 0x0000000607400000| Untracked 
|  11|0x0000000607800000, 0x0000000607800000, 0x0000000607c00000|  0%| F|  |TAMS 0x0000000607800000| PB 0x0000000607800000| Untracked 
|  12|0x0000000607c00000, 0x0000000607c00000, 0x0000000608000000|  0%| F|  |TAMS 0x0000000607c00000| PB 0x0000000607c00000| Untracked 
|  13|0x0000000608000000, 0x0000000608000000, 0x0000000608400000|  0%| F|  |TAMS 0x0000000608000000| PB 0x0000000608000000| Untracked 
|  14|0x0000000608400000, 0x0000000608764cf0, 0x0000000608800000| 84%| S|CS|TAMS 0x0000000608400000| PB 0x0000000608400000| Complete 
|  15|0x0000000608800000, 0x0000000608c00000, 0x0000000608c00000|100%| S|CS|TAMS 0x0000000608800000| PB 0x0000000608800000| Complete 
|  16|0x0000000608c00000, 0x0000000609000000, 0x0000000609000000|100%| S|CS|TAMS 0x0000000608c00000| PB 0x0000000608c00000| Complete 
|  17|0x0000000609000000, 0x0000000609400000, 0x0000000609400000|100%| S|CS|TAMS 0x0000000609000000| PB 0x0000000609000000| Complete 
|  18|0x0000000609400000, 0x0000000609400000, 0x0000000609800000|  0%| F|  |TAMS 0x0000000609400000| PB 0x0000000609400000| Untracked 
|  19|0x0000000609800000, 0x0000000609800000, 0x0000000609c00000|  0%| F|  |TAMS 0x0000000609800000| PB 0x0000000609800000| Untracked 
|  20|0x0000000609c00000, 0x0000000609c00000, 0x000000060a000000|  0%| F|  |TAMS 0x0000000609c00000| PB 0x0000000609c00000| Untracked 
|  21|0x000000060a000000, 0x000000060a000000, 0x000000060a400000|  0%| F|  |TAMS 0x000000060a000000| PB 0x000000060a000000| Untracked 
|  22|0x000000060a400000, 0x000000060a400000, 0x000000060a800000|  0%| F|  |TAMS 0x000000060a400000| PB 0x000000060a400000| Untracked 
|  23|0x000000060a800000, 0x000000060a800000, 0x000000060ac00000|  0%| F|  |TAMS 0x000000060a800000| PB 0x000000060a800000| Untracked 
|  24|0x000000060ac00000, 0x000000060ac00000, 0x000000060b000000|  0%| F|  |TAMS 0x000000060ac00000| PB 0x000000060ac00000| Untracked 
|  25|0x000000060b000000, 0x000000060b000000, 0x000000060b400000|  0%| F|  |TAMS 0x000000060b000000| PB 0x000000060b000000| Untracked 
|  26|0x000000060b400000, 0x000000060b400000, 0x000000060b800000|  0%| F|  |TAMS 0x000000060b400000| PB 0x000000060b400000| Untracked 
|  27|0x000000060b800000, 0x000000060b800000, 0x000000060bc00000|  0%| F|  |TAMS 0x000000060b800000| PB 0x000000060b800000| Untracked 
|  28|0x000000060bc00000, 0x000000060bc00000, 0x000000060c000000|  0%| F|  |TAMS 0x000000060bc00000| PB 0x000000060bc00000| Untracked 
|  29|0x000000060c000000, 0x000000060c387098, 0x000000060c400000| 88%| E|  |TAMS 0x000000060c000000| PB 0x000000060c000000| Complete 
|  30|0x000000060c400000, 0x000000060c800000, 0x000000060c800000|100%| E|CS|TAMS 0x000000060c400000| PB 0x000000060c400000| Complete 
|  31|0x000000060c800000, 0x000000060cc00000, 0x000000060cc00000|100%| E|CS|TAMS 0x000000060c800000| PB 0x000000060c800000| Complete 
|  32|0x000000060cc00000, 0x000000060d000000, 0x000000060d000000|100%| E|CS|TAMS 0x000000060cc00000| PB 0x000000060cc00000| Complete 
|  33|0x000000060d000000, 0x000000060d400000, 0x000000060d400000|100%| E|CS|TAMS 0x000000060d000000| PB 0x000000060d000000| Complete 
|  34|0x000000060d400000, 0x000000060d800000, 0x000000060d800000|100%| E|CS|TAMS 0x000000060d400000| PB 0x000000060d400000| Complete 
|  35|0x000000060d800000, 0x000000060dc00000, 0x000000060dc00000|100%| E|CS|TAMS 0x000000060d800000| PB 0x000000060d800000| Complete 
|  36|0x000000060dc00000, 0x000000060e000000, 0x000000060e000000|100%| E|CS|TAMS 0x000000060dc00000| PB 0x000000060dc00000| Complete 
|  37|0x000000060e000000, 0x000000060e400000, 0x000000060e400000|100%| E|CS|TAMS 0x000000060e000000| PB 0x000000060e000000| Complete 
|  38|0x000000060e400000, 0x000000060e800000, 0x000000060e800000|100%| E|CS|TAMS 0x000000060e400000| PB 0x000000060e400000| Complete 
|  39|0x000000060e800000, 0x000000060ec00000, 0x000000060ec00000|100%| E|CS|TAMS 0x000000060e800000| PB 0x000000060e800000| Complete 
|  62|0x0000000614400000, 0x0000000614800000, 0x0000000614800000|100%| E|CS|TAMS 0x0000000614400000| PB 0x0000000614400000| Complete 
|  63|0x0000000614800000, 0x0000000614c00000, 0x0000000614c00000|100%| E|CS|TAMS 0x0000000614800000| PB 0x0000000614800000| Complete 
|  64|0x0000000614c00000, 0x0000000615000000, 0x0000000615000000|100%| E|CS|TAMS 0x0000000614c00000| PB 0x0000000614c00000| Complete 
| 126|0x0000000624400000, 0x0000000624800000, 0x0000000624800000|100%| E|CS|TAMS 0x0000000624400000| PB 0x0000000624400000| Complete 

Card table byte_map: [0x0000016af7e40000,0x0000016af8e20000] _byte_map_base: 0x0000016af4e1a000

Marking Bits: (CMBitMap*) 0x0000016aeb701c10
 Bits: [0x0000016a80000000, 0x0000016a87ed0000)

Polling page: 0x0000016ae9590000

Metaspace:

Usage:
  Non-class:     57.99 MB used.
      Class:      8.77 MB used.
       Both:     66.76 MB used.

Virtual space:
  Non-class space:       64.00 MB reserved,      58.69 MB ( 92%) committed,  1 nodes.
      Class space:        1.00 GB reserved,       9.31 MB ( <1%) committed,  1 nodes.
             Both:        1.06 GB reserved,      68.00 MB (  6%) committed. 

Chunk freelists:
   Non-Class:  4.97 MB
       Class:  6.53 MB
        Both:  11.50 MB

MaxMetaspaceSize: unlimited
CompressedClassSpaceSize: 1.00 GB
Initial GC threshold: 21.00 MB
Current GC threshold: 103.12 MB
CDS: on
 - commit_granule_bytes: 65536.
 - commit_granule_words: 8192.
 - virtual_space_node_default_size: 8388608.
 - enlarge_chunks_in_place: 1.
 - use_allocation_guard: 0.


Internal statistics:

num_allocs_failed_limit: 6.
num_arena_births: 2012.
num_arena_deaths: 36.
num_vsnodes_births: 2.
num_vsnodes_deaths: 0.
num_space_committed: 1088.
num_space_uncommitted: 0.
num_chunks_returned_to_freelist: 60.
num_chunks_taken_from_freelist: 4653.
num_chunk_merges: 25.
num_chunk_splits: 3141.
num_chunks_enlarged: 2150.
num_inconsistent_stats: 0.

CodeCache: size=49152Kb used=18439Kb max_used=19870Kb free=30712Kb
 bounds [0x0000016af3d50000, 0x0000016af50c0000, 0x0000016af6d50000]
 total_blobs=9621 nmethods=8675 adapters=867
 compilation: enabled
              stopped_count=0, restarted_count=0
 full_count=0

Compilation events (20 events):
Event: 314.987 Thread 0x0000016acd0309c0 9296       1       org.attoparser.MarkupEventProcessorHandler::autoClose (250 bytes)
Event: 314.988 Thread 0x0000016acd0309c0 nmethod 9296 0x0000016af3f9d810 code [0x0000016af3f9dac0, 0x0000016af3f9e4d8]
Event: 314.988 Thread 0x0000016acd0309c0 9300       1       org.attoparser.ParsingMarkupUtil::findNextOperatorCharWildcard (131 bytes)
Event: 314.988 Thread 0x0000016acd0309c0 nmethod 9300 0x0000016af3f9d190 code [0x0000016af3f9d360, 0x0000016af3f9d5f8]
Event: 314.988 Thread 0x0000016acd0309c0 9301       1       org.attoparser.MarkupEventProcessorHandler::handleAttribute (347 bytes)
Event: 314.991 Thread 0x0000016acd0309c0 nmethod 9301 0x0000016af3f9b090 code [0x0000016af3f9b440, 0x0000016af3f9c608]
Event: 314.991 Thread 0x0000016acd0309c0 9295       1       org.attoparser.HtmlElement::handleInnerWhiteSpace (15 bytes)
Event: 314.991 Thread 0x0000016acd0309c0 nmethod 9295 0x0000016af3f9ad10 code [0x0000016af3f9aec0, 0x0000016af3f9afe8]
Event: 314.991 Thread 0x0000016acd0309c0 9297       1       org.attoparser.MarkupEventProcessorHandler$StructureNamesRepository::storeStructureName (114 bytes)
Event: 314.992 Thread 0x0000016acd0309c0 nmethod 9297 0x0000016af3f9a390 code [0x0000016af3f9a580, 0x0000016af3f9aab8]
Event: 314.992 Thread 0x0000016acd0309c0 9298       1       org.attoparser.MarkupEventProcessorHandler$StandardNamesRepository::getStructureName (38 bytes)
Event: 314.992 Thread 0x0000016acd0309c0 nmethod 9298 0x0000016af3f99d90 code [0x0000016af3f99f60, 0x0000016af3f9a238]
Event: 314.992 Thread 0x0000016acd0309c0 9299       1       org.attoparser.util.TextUtil::binarySearch (27 bytes)
Event: 314.993 Thread 0x0000016acd0309c0 nmethod 9299 0x0000016af3f99910 code [0x0000016af3f99ac0, 0x0000016af3f99c78]
Event: 323.911 Thread 0x0000016acd0309c0 9303   !   1       java.util.zip.ZipFile::close (44 bytes)
Event: 323.911 Thread 0x0000016acd0309c0 nmethod 9303 0x0000016af3f98c10 code [0x0000016af3f98e00, 0x0000016af3f991c8]
Event: 323.911 Thread 0x0000016acd0309c0 9304       1       org.apache.catalina.core.ContainerBase::getBackgroundProcessorDelay (5 bytes)
Event: 323.911 Thread 0x0000016acd0309c0 nmethod 9304 0x0000016af3f98910 code [0x0000016af3f98aa0, 0x0000016af3f98b68]
Event: 373.934 Thread 0x0000016acd0309c0 9305       1       org.apache.catalina.valves.ValveBase::backgroundProcess (1 bytes)
Event: 373.934 Thread 0x0000016acd0309c0 nmethod 9305 0x0000016af3f98610 code [0x0000016af3f987a0, 0x0000016af3f98868]

GC Heap History (20 events):
Event: 3.543 GC heap before
{Heap before GC invocations=13 (full 0):
 garbage-first heap   total 98304K, used 72689K [0x0000000604c00000, 0x0000000800000000)
  region size 4096K, 14 young (57344K), 2 survivors (8192K)
 Metaspace       used 39261K, committed 39872K, reserved 1114112K
  class space    used 5172K, committed 5440K, reserved 1048576K
}
Event: 3.547 GC heap after
{Heap after GC invocations=14 (full 0):
 garbage-first heap   total 98304K, used 25157K [0x0000000604c00000, 0x0000000800000000)
  region size 4096K, 2 young (8192K), 2 survivors (8192K)
 Metaspace       used 39261K, committed 39872K, reserved 1114112K
  class space    used 5172K, committed 5440K, reserved 1048576K
}
Event: 3.865 GC heap before
{Heap before GC invocations=14 (full 0):
 garbage-first heap   total 98304K, used 74309K [0x0000000604c00000, 0x0000000800000000)
  region size 4096K, 14 young (57344K), 2 survivors (8192K)
 Metaspace       used 43177K, committed 43840K, reserved 1114112K
  class space    used 5593K, committed 5888K, reserved 1048576K
}
Event: 3.870 GC heap after
{Heap after GC invocations=15 (full 0):
 garbage-first heap   total 311296K, used 27275K [0x0000000604c00000, 0x0000000800000000)
  region size 4096K, 2 young (8192K), 2 survivors (8192K)
 Metaspace       used 43177K, committed 43840K, reserved 1114112K
  class space    used 5593K, committed 5888K, reserved 1048576K
}
Event: 4.031 GC heap before
{Heap before GC invocations=15 (full 0):
 garbage-first heap   total 311296K, used 51851K [0x0000000604c00000, 0x0000000800000000)
  region size 4096K, 9 young (36864K), 2 survivors (8192K)
 Metaspace       used 45376K, committed 46016K, reserved 1114112K
  class space    used 5874K, committed 6144K, reserved 1048576K
}
Event: 4.035 GC heap after
{Heap after GC invocations=16 (full 0):
 garbage-first heap   total 311296K, used 27592K [0x0000000604c00000, 0x0000000800000000)
  region size 4096K, 2 young (8192K), 2 survivors (8192K)
 Metaspace       used 45376K, committed 46016K, reserved 1114112K
  class space    used 5874K, committed 6144K, reserved 1048576K
}
Event: 4.522 GC heap before
{Heap before GC invocations=17 (full 0):
 garbage-first heap   total 122880K, used 93128K [0x0000000604c00000, 0x0000000800000000)
  region size 4096K, 18 young (73728K), 2 survivors (8192K)
 Metaspace       used 49890K, committed 50496K, reserved 1114112K
  class space    used 6440K, committed 6720K, reserved 1048576K
}
Event: 4.527 GC heap after
{Heap after GC invocations=18 (full 0):
 garbage-first heap   total 122880K, used 29341K [0x0000000604c00000, 0x0000000800000000)
  region size 4096K, 2 young (8192K), 2 survivors (8192K)
 Metaspace       used 49890K, committed 50496K, reserved 1114112K
  class space    used 6440K, committed 6720K, reserved 1048576K
}
Event: 4.960 GC heap before
{Heap before GC invocations=18 (full 0):
 garbage-first heap   total 122880K, used 94877K [0x0000000604c00000, 0x0000000800000000)
  region size 4096K, 18 young (73728K), 2 survivors (8192K)
 Metaspace       used 52178K, committed 52864K, reserved 1114112K
  class space    used 6769K, committed 7104K, reserved 1048576K
}
Event: 4.966 GC heap after
{Heap after GC invocations=19 (full 0):
 garbage-first heap   total 122880K, used 31356K [0x0000000604c00000, 0x0000000800000000)
  region size 4096K, 3 young (12288K), 3 survivors (12288K)
 Metaspace       used 52178K, committed 52864K, reserved 1114112K
  class space    used 6769K, committed 7104K, reserved 1048576K
}
Event: 5.180 GC heap before
{Heap before GC invocations=19 (full 0):
 garbage-first heap   total 122880K, used 92796K [0x0000000604c00000, 0x0000000800000000)
  region size 4096K, 18 young (73728K), 3 survivors (12288K)
 Metaspace       used 53578K, committed 54208K, reserved 1114112K
  class space    used 6950K, committed 7232K, reserved 1048576K
}
Event: 5.186 GC heap after
{Heap after GC invocations=20 (full 0):
 garbage-first heap   total 122880K, used 39611K [0x0000000604c00000, 0x0000000800000000)
  region size 4096K, 3 young (12288K), 3 survivors (12288K)
 Metaspace       used 53578K, committed 54208K, reserved 1114112K
  class space    used 6950K, committed 7232K, reserved 1048576K
}
Event: 5.317 GC heap before
{Heap before GC invocations=20 (full 0):
 garbage-first heap   total 122880K, used 101051K [0x0000000604c00000, 0x0000000800000000)
  region size 4096K, 18 young (73728K), 3 survivors (12288K)
 Metaspace       used 53691K, committed 54400K, reserved 1114112K
  class space    used 6967K, committed 7296K, reserved 1048576K
}
Event: 5.323 GC heap after
{Heap after GC invocations=21 (full 0):
 garbage-first heap   total 323584K, used 45014K [0x0000000604c00000, 0x0000000800000000)
  region size 4096K, 3 young (12288K), 3 survivors (12288K)
 Metaspace       used 53691K, committed 54400K, reserved 1114112K
  class space    used 6967K, committed 7296K, reserved 1048576K
}
Event: 6.511 GC heap before
{Heap before GC invocations=21 (full 0):
 garbage-first heap   total 323584K, used 225238K [0x0000000604c00000, 0x0000000800000000)
  region size 4096K, 47 young (192512K), 3 survivors (12288K)
 Metaspace       used 59189K, committed 60032K, reserved 1114112K
  class space    used 7794K, committed 8192K, reserved 1048576K
}
Event: 6.518 GC heap after
{Heap after GC invocations=22 (full 0):
 garbage-first heap   total 323584K, used 41032K [0x0000000604c00000, 0x0000000800000000)
  region size 4096K, 2 young (8192K), 2 survivors (8192K)
 Metaspace       used 59189K, committed 60032K, reserved 1114112K
  class space    used 7794K, committed 8192K, reserved 1048576K
}
Event: 7.213 GC heap before
{Heap before GC invocations=22 (full 0):
 garbage-first heap   total 323584K, used 94280K [0x0000000604c00000, 0x0000000800000000)
  region size 4096K, 16 young (65536K), 2 survivors (8192K)
 Metaspace       used 62467K, committed 63360K, reserved 1114112K
  class space    used 8236K, committed 8640K, reserved 1048576K
}
Event: 7.218 GC heap after
{Heap after GC invocations=23 (full 0):
 garbage-first heap   total 323584K, used 45013K [0x0000000604c00000, 0x0000000800000000)
  region size 4096K, 3 young (12288K), 3 survivors (12288K)
 Metaspace       used 62467K, committed 63360K, reserved 1114112K
  class space    used 8236K, committed 8640K, reserved 1048576K
}
Event: 12.001 GC heap before
{Heap before GC invocations=24 (full 0):
 garbage-first heap   total 180224K, used 135125K [0x0000000604c00000, 0x0000000800000000)
  region size 4096K, 26 young (106496K), 3 survivors (12288K)
 Metaspace       used 67411K, committed 68672K, reserved 1114112K
  class space    used 8839K, committed 9408K, reserved 1048576K
}
Event: 12.011 GC heap after
{Heap after GC invocations=25 (full 0):
 garbage-first heap   total 180224K, used 51392K [0x0000000604c00000, 0x0000000800000000)
  region size 4096K, 4 young (16384K), 4 survivors (16384K)
 Metaspace       used 67411K, committed 68672K, reserved 1114112K
  class space    used 8839K, committed 9408K, reserved 1048576K
}

Dll operation events (12 events):
Event: 0.011 Loaded shared library C:\pleiades\2024-03\java\21\bin\java.dll
Event: 0.199 Loaded shared library C:\pleiades\2024-03\java\21\bin\zip.dll
Event: 0.204 Loaded shared library C:\pleiades\2024-03\java\21\bin\instrument.dll
Event: 0.209 Loaded shared library C:\pleiades\2024-03\java\21\bin\net.dll
Event: 0.210 Loaded shared library C:\pleiades\2024-03\java\21\bin\nio.dll
Event: 0.212 Loaded shared library C:\pleiades\2024-03\java\21\bin\zip.dll
Event: 0.343 Loaded shared library C:\pleiades\2024-03\java\21\bin\jimage.dll
Event: 0.378 Loaded shared library C:\pleiades\2024-03\java\21\bin\management.dll
Event: 0.384 Loaded shared library C:\pleiades\2024-03\java\21\bin\management_ext.dll
Event: 0.537 Loaded shared library C:\pleiades\2024-03\java\21\bin\verify.dll
Event: 0.630 Loaded shared library C:\pleiades\2024-03\java\21\bin\extnet.dll
Event: 1.822 Loaded shared library C:\pleiades\2024-03\java\21\bin\sunmscapi.dll

Deoptimization events (20 events):
Event: 291.172 Thread 0x0000016ad0311150 DEOPT PACKING pc=0x0000016af42a7a94 sp=0x00000020d85fc1a0
Event: 291.172 Thread 0x0000016ad0311150 DEOPT UNPACKING pc=0x0000016af3da88e2 sp=0x00000020d85fb668 mode 1
Event: 291.172 Thread 0x0000016ad0311150 DEOPT PACKING pc=0x0000016af42a770c sp=0x00000020d85fc230
Event: 291.172 Thread 0x0000016ad0311150 DEOPT UNPACKING pc=0x0000016af3da88e2 sp=0x00000020d85fb708 mode 1
Event: 291.172 Thread 0x0000016ad0311150 DEOPT PACKING pc=0x0000016af42cc52c sp=0x00000020d85fc380
Event: 291.172 Thread 0x0000016ad0311150 DEOPT UNPACKING pc=0x0000016af3da88e2 sp=0x00000020d85fb838 mode 1
Event: 291.172 Thread 0x0000016ad0311150 DEOPT PACKING pc=0x0000016af3ebdaec sp=0x00000020d85fc030
Event: 291.172 Thread 0x0000016ad0311150 DEOPT UNPACKING pc=0x0000016af3da88e2 sp=0x00000020d85fb568 mode 1
Event: 291.172 Thread 0x0000016ad0311150 DEOPT PACKING pc=0x0000016af429eaf4 sp=0x00000020d85fc120
Event: 291.172 Thread 0x0000016ad0311150 DEOPT UNPACKING pc=0x0000016af3da88e2 sp=0x00000020d85fb6d0 mode 1
Event: 291.172 Thread 0x0000016ad0311150 DEOPT PACKING pc=0x0000016af4118fac sp=0x00000020d85fc290
Event: 291.172 Thread 0x0000016ad0311150 DEOPT UNPACKING pc=0x0000016af3da88e2 sp=0x00000020d85fb850 mode 1
Event: 291.172 Thread 0x0000016ad0311150 DEOPT PACKING pc=0x0000016af42a7a94 sp=0x00000020d85fc260
Event: 291.172 Thread 0x0000016ad0311150 DEOPT UNPACKING pc=0x0000016af3da88e2 sp=0x00000020d85fb728 mode 1
Event: 291.172 Thread 0x0000016ad0311150 DEOPT PACKING pc=0x0000016af42a770c sp=0x00000020d85fc2f0
Event: 291.172 Thread 0x0000016ad0311150 DEOPT UNPACKING pc=0x0000016af3da88e2 sp=0x00000020d85fb7c8 mode 1
Event: 291.172 Thread 0x0000016ad0311150 DEOPT PACKING pc=0x0000016af42cc52c sp=0x00000020d85fc440
Event: 291.172 Thread 0x0000016ad0311150 DEOPT UNPACKING pc=0x0000016af3da88e2 sp=0x00000020d85fb8f8 mode 1
Event: 403.632 Thread 0x0000016ad030fda0 DEOPT PACKING pc=0x0000016af50388c4 sp=0x00000020d88faaf0
Event: 403.632 Thread 0x0000016ad030fda0 DEOPT UNPACKING pc=0x0000016af3da88e2 sp=0x00000020d88f9f98 mode 0

Classes loaded (20 events):
Event: 11.965 Loading class java/util/concurrent/atomic/AtomicStampedReference
Event: 11.966 Loading class java/util/concurrent/atomic/AtomicStampedReference done
Event: 11.966 Loading class java/util/concurrent/atomic/DoubleAccumulator
Event: 11.966 Loading class java/util/concurrent/atomic/DoubleAccumulator done
Event: 11.966 Loading class java/util/concurrent/atomic/DoubleAdder
Event: 11.966 Loading class java/util/concurrent/atomic/DoubleAdder done
Event: 11.966 Loading class java/util/concurrent/atomic/LongAccumulator
Event: 11.966 Loading class java/util/concurrent/atomic/LongAccumulator done
Event: 12.062 Loading class java/util/stream/Streams$ConcatSpliterator$OfRef
Event: 12.062 Loading class java/util/stream/Streams$ConcatSpliterator
Event: 12.062 Loading class java/util/stream/Streams$ConcatSpliterator done
Event: 12.062 Loading class java/util/stream/Streams$ConcatSpliterator$OfRef done
Event: 12.062 Loading class java/util/stream/Streams$2
Event: 12.062 Loading class java/util/stream/Streams$2 done
Event: 12.205 Loading class java/text/ParsePosition
Event: 12.205 Loading class java/text/ParsePosition done
Event: 12.205 Loading class java/time/format/DateTimeParseContext
Event: 12.206 Loading class java/time/format/DateTimeParseContext done
Event: 12.206 Loading class java/time/format/Parsed
Event: 12.206 Loading class java/time/format/Parsed done

Classes unloaded (18 events):
Event: 7.243 Thread 0x0000016af9099410 Unloading class 0x0000016a89691400 'jdk/internal/reflect/GeneratedSerializationConstructorAccessor39'
Event: 7.243 Thread 0x0000016af9099410 Unloading class 0x0000016a89691000 'jdk/internal/reflect/GeneratedSerializationConstructorAccessor38'
Event: 7.243 Thread 0x0000016af9099410 Unloading class 0x0000016a89690c00 'jdk/internal/reflect/GeneratedSerializationConstructorAccessor37'
Event: 7.243 Thread 0x0000016af9099410 Unloading class 0x0000016a89690800 'jdk/internal/reflect/GeneratedSerializationConstructorAccessor36'
Event: 7.243 Thread 0x0000016af9099410 Unloading class 0x0000016a89690400 'jdk/internal/reflect/GeneratedSerializationConstructorAccessor35'
Event: 7.243 Thread 0x0000016af9099410 Unloading class 0x0000016a89690000 'jdk/internal/reflect/GeneratedSerializationConstructorAccessor34'
Event: 7.243 Thread 0x0000016af9099410 Unloading class 0x0000016a8968dc00 'jdk/internal/reflect/GeneratedSerializationConstructorAccessor33'
Event: 7.243 Thread 0x0000016af9099410 Unloading class 0x0000016a8968d800 'jdk/internal/reflect/GeneratedSerializationConstructorAccessor32'
Event: 7.243 Thread 0x0000016af9099410 Unloading class 0x0000016a8968d400 'jdk/internal/reflect/GeneratedSerializationConstructorAccessor31'
Event: 7.243 Thread 0x0000016af9099410 Unloading class 0x0000016a8968d000 'jdk/internal/reflect/GeneratedSerializationConstructorAccessor30'
Event: 7.243 Thread 0x0000016af9099410 Unloading class 0x0000016a8968cc00 'jdk/internal/reflect/GeneratedSerializationConstructorAccessor29'
Event: 7.243 Thread 0x0000016af9099410 Unloading class 0x0000016a8968c800 'jdk/internal/reflect/GeneratedSerializationConstructorAccessor28'
Event: 7.243 Thread 0x0000016af9099410 Unloading class 0x0000016a8968c400 'jdk/internal/reflect/GeneratedSerializationConstructorAccessor27'
Event: 7.243 Thread 0x0000016af9099410 Unloading class 0x0000016a8968c000 'jdk/internal/reflect/GeneratedSerializationConstructorAccessor26'
Event: 7.243 Thread 0x0000016af9099410 Unloading class 0x0000016a89680800 'jdk/internal/reflect/GeneratedSerializationConstructorAccessor25'
Event: 7.243 Thread 0x0000016af9099410 Unloading class 0x0000016a89680400 'jdk/internal/reflect/GeneratedSerializationConstructorAccessor24'
Event: 7.243 Thread 0x0000016af9099410 Unloading class 0x0000016a89680000 'jdk/internal/reflect/GeneratedSerializationConstructorAccessor23'
Event: 7.243 Thread 0x0000016af9099410 Unloading class 0x0000016a89594c00 'jdk/internal/reflect/GeneratedSerializationConstructorAccessor22'

Classes redefined (1 events):
Event: 403.650 Thread 0x0000016af9099410 redefined class name=com.example.controller.KoutsuhiKeihiController, count=1

Internal exceptions (20 events):
Event: 12.039 Thread 0x0000016ad0311150 Exception <a 'java/lang/ClassNotFoundException'{0x0000000624605b38}: nz/net/ultraq/thymeleaf/layoutdialect/fragments/FragmentParameterVariableUpdaterBeanInfo> (0x0000000624605b38) 
thrown [s\src\hotspot\share\classfile\systemDictionary.cpp, line 312]
Event: 12.041 Thread 0x0000016ad0311150 Exception <a 'java/lang/ClassNotFoundException'{0x0000000624612788}: nz/net/ultraq/thymeleaf/layoutdialect/fragments/FragmentParameterVariableUpdaterCustomizer> (0x0000000624612788) 
thrown [s\src\hotspot\share\classfile\systemDictionary.cpp, line 312]
Event: 12.043 Thread 0x0000016ad0311150 Exception <a 'java/lang/NoSuchMethodError'{0x0000000624620790}: 'void java.lang.invoke.DirectMethodHandle$Holder.invokeVirtual(java.lang.Object, java.lang.Object, java.lang.Object, java.lang.Object, java.lang.Object)'> (0x0000000624620790) 
thrown [s\src\hotspot\share\interpreter\linkResolver.cpp, line 773]
Event: 12.082 Thread 0x0000016ad0311150 Exception <a 'java/lang/NoSuchMethodError'{0x0000000614d040b8}: 'java.lang.Object java.lang.invoke.Invokers$Holder.linkToCallSite(java.lang.Object, java.lang.Object, int, java.lang.Object)'> (0x0000000614d040b8) 
thrown [s\src\hotspot\share\interpreter\linkResolver.cpp, line 773]
Event: 12.086 Thread 0x0000016ad0311150 Exception <a 'java/lang/ClassNotFoundException'{0x0000000614d1f120}: org/thymeleaf/engine/ElementTagStructureHandlerBeanInfo> (0x0000000614d1f120) 
thrown [s\src\hotspot\share\classfile\systemDictionary.cpp, line 312]
Event: 12.089 Thread 0x0000016ad0311150 Exception <a 'java/lang/ClassNotFoundException'{0x0000000614d2a720}: org/thymeleaf/engine/ElementTagStructureHandlerCustomizer> (0x0000000614d2a720) 
thrown [s\src\hotspot\share\classfile\systemDictionary.cpp, line 312]
Event: 12.091 Thread 0x0000016ad0311150 Exception <a 'java/lang/NoSuchMethodError'{0x0000000614d3e9b8}: 'void java.lang.invoke.DirectMethodHandle$Holder.invokeInterface(java.lang.Object, java.lang.Object, java.lang.Object, int)'> (0x0000000614d3e9b8) 
thrown [s\src\hotspot\share\interpreter\linkResolver.cpp, line 773]
Event: 12.091 Thread 0x0000016ad0311150 Exception <a 'java/lang/NoSuchMethodError'{0x0000000614d42ca8}: 'void java.lang.invoke.DirectMethodHandle$Holder.invokeSpecial(java.lang.Object, java.lang.Object, java.lang.Object, java.lang.Object, int)'> (0x0000000614d42ca8) 
thrown [s\src\hotspot\share\interpreter\linkResolver.cpp, line 773]
Event: 12.092 Thread 0x0000016ad0311150 Exception <a 'java/lang/NoSuchMethodError'{0x0000000614d469a0}: 'void java.lang.invoke.DelegatingMethodHandle$Holder.reinvoke_L(java.lang.Object, java.lang.Object, java.lang.Object, int)'> (0x0000000614d469a0) 
thrown [s\src\hotspot\share\interpreter\linkResolver.cpp, line 773]
Event: 12.093 Thread 0x0000016ad0311150 Exception <a 'java/lang/NoSuchMethodError'{0x0000000614d50608}: 'java.lang.Object java.lang.invoke.DelegatingMethodHandle$Holder.delegate(java.lang.Object, java.lang.Object, java.lang.Object, java.lang.Object, int)'> (0x0000000614d50608) 
thrown [s\src\hotspot\share\interpreter\linkResolver.cpp, line 773]
Event: 12.094 Thread 0x0000016ad0311150 Exception <a 'java/lang/NoSuchMethodError'{0x0000000614d5f9a0}: 'int java.lang.invoke.DirectMethodHandle$Holder.invokeSpecial(java.lang.Object, java.lang.Object, java.lang.Object, java.lang.Object, int)'> (0x0000000614d5f9a0) 
thrown [s\src\hotspot\share\interpreter\linkResolver.cpp, line 773]
Event: 291.167 Thread 0x0000016ad0311150 Exception <a 'java/lang/ClassNotFoundException'{0x0000000614d89680}: i18n/messages> (0x0000000614d89680) 
thrown [s\src\hotspot\share\prims\jni.cpp, line 539]
Event: 291.168 Thread 0x0000016ad0311150 Exception <a 'java/lang/ClassNotFoundException'{0x0000000614d930b8}: i18n/messages_ja> (0x0000000614d930b8) 
thrown [s\src\hotspot\share\prims\jni.cpp, line 539]
Event: 291.169 Thread 0x0000016ad0311150 Exception <a 'java/lang/ClassNotFoundException'{0x0000000614d96df8}: i18n/messages_ja_JP> (0x0000000614d96df8) 
thrown [s\src\hotspot\share\prims\jni.cpp, line 539]
Event: 291.170 Thread 0x0000016ad0311150 Exception <a 'java/lang/ClassNotFoundException'{0x0000000614d9d448}: i18n/ValidationMessages> (0x0000000614d9d448) 
thrown [s\src\hotspot\share\prims\jni.cpp, line 539]
Event: 291.172 Thread 0x0000016ad0311150 Exception <a 'java/lang/ClassNotFoundException'{0x0000000614da6970}: i18n/ValidationMessages_ja> (0x0000000614da6970) 
thrown [s\src\hotspot\share\prims\jni.cpp, line 539]
Event: 291.172 Thread 0x0000016ad0311150 Exception <a 'java/lang/ClassNotFoundException'{0x0000000614daa960}: i18n/ValidationMessages_ja_JP> (0x0000000614daa960) 
thrown [s\src\hotspot\share\prims\jni.cpp, line 539]
Event: 305.701 Thread 0x0000016acdf53560 Exception <a 'java/lang/ArrayIndexOutOfBoundsException'{0x0000000624665d10}: Index -1 out of bounds for length 128> (0x0000000624665d10) 
thrown [s\src\hotspot\share\interpreter\interpreterRuntime.cpp, line 439]
Event: 311.867 Thread 0x0000016acdf50e00 Exception <a 'java/lang/ArrayIndexOutOfBoundsException'{0x0000000624596e98}: Index -1 out of bounds for length 128> (0x0000000624596e98) 
thrown [s\src\hotspot\share\interpreter\interpreterRuntime.cpp, line 439]
Event: 311.871 Thread 0x0000016ad0310ac0 Exception <a 'java/lang/ArrayIndexOutOfBoundsException'{0x0000000624683800}: Index -1 out of bounds for length 128> (0x0000000624683800) 
thrown [s\src\hotspot\share\interpreter\interpreterRuntime.cpp, line 439]

ZGC Phase Switch (0 events):
No events

VM Operations (20 events):
Event: 301.678 Executing VM operation: Cleanup
Event: 301.678 Executing VM operation: Cleanup done
Event: 315.791 Executing VM operation: Cleanup
Event: 315.791 Executing VM operation: Cleanup done
Event: 360.702 Executing VM operation: HandshakeAllThreads (HandshakeForDeflation)
Event: 360.702 Executing VM operation: HandshakeAllThreads (HandshakeForDeflation) done
Event: 360.702 Executing VM operation: RendezvousGCThreads
Event: 360.702 Executing VM operation: RendezvousGCThreads done
Event: 403.631 Executing VM operation: ChangeSingleStep
Event: 403.631 Executing VM operation: ChangeSingleStep done
Event: 403.632 Executing VM operation: ChangeSingleStep
Event: 403.632 Executing VM operation: ChangeSingleStep done
Event: 403.641 Executing VM operation: RedefineClasses
Event: 403.667 Executing VM operation: RedefineClasses done
Event: 403.682 Executing VM operation: ChangeBreakpoints
Event: 403.684 Executing VM operation: ChangeBreakpoints done
Event: 403.701 Executing VM operation: ChangeBreakpoints
Event: 403.703 Executing VM operation: ChangeBreakpoints done
Event: 403.707 Executing VM operation: ChangeSingleStep
Event: 403.707 Executing VM operation: ChangeSingleStep done

Events (20 events):
Event: 7.255 Thread 0x0000016af9099410 flushing nmethod 0x0000016af3e93090
Event: 7.255 Thread 0x0000016af9099410 flushing nmethod 0x0000016af3e86710
Event: 7.255 Thread 0x0000016af9099410 flushing nmethod 0x0000016af3e8c790
Event: 7.255 Thread 0x0000016af9099410 flushing nmethod 0x0000016af3e89010
Event: 7.255 Thread 0x0000016af9099410 flushing nmethod 0x0000016af3e83110
Event: 7.255 Thread 0x0000016af9099410 flushing nmethod 0x0000016af3e87490
Event: 7.255 Thread 0x0000016af9099410 flushing nmethod 0x0000016af3e87190
Event: 7.873 Thread 0x0000016acdf55cc0 Thread exited: 0x0000016acdf55cc0
Event: 7.873 Thread 0x0000016acdf500e0 Thread exited: 0x0000016acdf500e0
Event: 9.398 Thread 0x0000016ace485b30 Thread exited: 0x0000016ace485b30
Event: 22.693 Thread 0x0000016acd13d8e0 Thread exited: 0x0000016acd13d8e0
Event: 22.693 Thread 0x0000016acd130f50 Thread exited: 0x0000016acd130f50
Event: 24.709 Thread 0x0000016acd12e890 Thread exited: 0x0000016acd12e890
Event: 91.071 Thread 0x0000016acdf51b20 Thread exited: 0x0000016acdf51b20
Event: 91.071 Thread 0x0000016acdf53bf0 Thread exited: 0x0000016acdf53bf0
Event: 91.071 Thread 0x0000016ace43d2a0 Thread exited: 0x0000016ace43d2a0
Event: 91.071 Thread 0x0000016acdf52ed0 Thread exited: 0x0000016acdf52ed0
Event: 91.087 Thread 0x0000016acdf569e0 Thread exited: 0x0000016acdf569e0
Event: 91.087 Thread 0x0000016acdf55630 Thread exited: 0x0000016acdf55630
Event: 91.087 Thread 0x0000016acdf57070 Thread exited: 0x0000016acdf57070


Dynamic libraries:
0x00007ff7d5750000 - 0x00007ff7d575e000 	C:\pleiades\2024-03\java\21\bin\javaw.exe
0x00007ffd85ea0000 - 0x00007ffd86108000 	C:\WINDOWS\SYSTEM32\ntdll.dll
0x00007ffd4da90000 - 0x00007ffd4dab0000 	C:\Program Files\Avast Software\Avast\aswhook.dll
0x00007ffd85c00000 - 0x00007ffd85cc9000 	C:\WINDOWS\System32\KERNEL32.DLL
0x00007ffd83400000 - 0x00007ffd837ed000 	C:\WINDOWS\System32\KERNELBASE.dll
0x00007ffd83890000 - 0x00007ffd839db000 	C:\WINDOWS\System32\ucrtbase.dll
0x00007ffd6c940000 - 0x00007ffd6c958000 	C:\pleiades\2024-03\java\21\bin\jli.dll
0x00007ffd6f960000 - 0x00007ffd6f97b000 	C:\pleiades\2024-03\java\21\bin\VCRUNTIME140.dll
0x00007ffd853b0000 - 0x00007ffd8557c000 	C:\WINDOWS\System32\USER32.dll
0x00007ffd83a90000 - 0x00007ffd83ab7000 	C:\WINDOWS\System32\win32u.dll
0x00007ffd85dd0000 - 0x00007ffd85dfb000 	C:\WINDOWS\System32\GDI32.dll
0x00007ffd57350000 - 0x00007ffd575ea000 	C:\WINDOWS\WinSxS\amd64_microsoft.windows.common-controls_6595b64144ccf1df_6.0.26100.4484_none_3e0e6d4ce32ef3b3\COMCTL32.dll
0x00007ffd82ff0000 - 0x00007ffd83127000 	C:\WINDOWS\System32\gdi32full.dll
0x00007ffd85850000 - 0x00007ffd858f9000 	C:\WINDOWS\System32\msvcrt.dll
0x00007ffd839e0000 - 0x00007ffd83a83000 	C:\WINDOWS\System32\msvcp_win.dll
0x00007ffd84fe0000 - 0x00007ffd8500f000 	C:\WINDOWS\System32\IMM32.DLL
0x00007ffd7ae10000 - 0x00007ffd7ae1c000 	C:\pleiades\2024-03\java\21\bin\vcruntime140_1.dll
0x00007ffd5f280000 - 0x00007ffd5f30e000 	C:\pleiades\2024-03\java\21\bin\msvcp140.dll
0x00007ffcedca0000 - 0x00007ffceea23000 	C:\pleiades\2024-03\java\21\bin\server\jvm.dll
0x00007ffd85580000 - 0x00007ffd85634000 	C:\WINDOWS\System32\ADVAPI32.dll
0x00007ffd85cd0000 - 0x00007ffd85d76000 	C:\WINDOWS\System32\sechost.dll
0x00007ffd83cc0000 - 0x00007ffd83dd8000 	C:\WINDOWS\System32\RPCRT4.dll
0x00007ffd857a0000 - 0x00007ffd85814000 	C:\WINDOWS\System32\WS2_32.dll
0x00007ffd81bb0000 - 0x00007ffd81c0e000 	C:\WINDOWS\SYSTEM32\POWRPROF.dll
0x00007ffd784c0000 - 0x00007ffd784cb000 	C:\WINDOWS\SYSTEM32\VERSION.dll
0x00007ffd78df0000 - 0x00007ffd78e25000 	C:\WINDOWS\SYSTEM32\WINMM.dll
0x00007ffd81b90000 - 0x00007ffd81ba4000 	C:\WINDOWS\SYSTEM32\UMPDC.dll
0x00007ffd81e70000 - 0x00007ffd81e8b000 	C:\WINDOWS\SYSTEM32\kernel.appcore.dll
0x00007ffd6fad0000 - 0x00007ffd6fada000 	C:\pleiades\2024-03\java\21\bin\jimage.dll
0x00007ffd800e0000 - 0x00007ffd80321000 	C:\WINDOWS\SYSTEM32\DBGHELP.DLL
0x00007ffd85020000 - 0x00007ffd853a6000 	C:\WINDOWS\System32\combase.dll
0x00007ffd84550000 - 0x00007ffd84630000 	C:\WINDOWS\System32\OLEAUT32.dll
0x00007ffd6d310000 - 0x00007ffd6d353000 	C:\WINDOWS\SYSTEM32\dbgcore.DLL
0x00007ffd837f0000 - 0x00007ffd83889000 	C:\WINDOWS\System32\bcryptPrimitives.dll
0x00007ffd40520000 - 0x00007ffd4055c000 	C:\pleiades\2024-03\java\21\bin\jdwp.dll
0x00007ffd6e610000 - 0x00007ffd6e61f000 	C:\pleiades\2024-03\java\21\bin\instrument.dll
0x00007ffd6c960000 - 0x00007ffd6c97f000 	C:\pleiades\2024-03\java\21\bin\java.dll
0x00007ffd84820000 - 0x00007ffd84f6a000 	C:\WINDOWS\System32\SHELL32.dll
0x00007ffd83ac0000 - 0x00007ffd83c34000 	C:\WINDOWS\System32\wintypes.dll
0x00007ffd80c10000 - 0x00007ffd8146b000 	C:\WINDOWS\SYSTEM32\windows.storage.dll
0x00007ffd83de0000 - 0x00007ffd83ed5000 	C:\WINDOWS\System32\SHCORE.dll
0x00007ffd84f70000 - 0x00007ffd84fda000 	C:\WINDOWS\System32\shlwapi.dll
0x00007ffd82f00000 - 0x00007ffd82f2f000 	C:\WINDOWS\SYSTEM32\profapi.dll
0x00007ffd7ade0000 - 0x00007ffd7adec000 	C:\pleiades\2024-03\java\21\bin\dt_socket.dll
0x00007ffd81840000 - 0x00007ffd81873000 	C:\WINDOWS\SYSTEM32\IPHLPAPI.DLL
0x00007ffd823e0000 - 0x00007ffd8244a000 	C:\WINDOWS\system32\mswsock.dll
0x00007ffd81880000 - 0x00007ffd819a6000 	C:\WINDOWS\SYSTEM32\DNSAPI.dll
0x00007ffd85820000 - 0x00007ffd8582a000 	C:\WINDOWS\System32\NSI.dll
0x00007ffd7c250000 - 0x00007ffd7c25b000 	C:\Windows\System32\rasadhlp.dll
0x00007ffd7c590000 - 0x00007ffd7c616000 	C:\WINDOWS\System32\fwpuclnt.dll
0x00007ffd6c920000 - 0x00007ffd6c938000 	C:\pleiades\2024-03\java\21\bin\zip.dll
0x00007ffd6e600000 - 0x00007ffd6e610000 	C:\pleiades\2024-03\java\21\bin\net.dll
0x00007ffd78530000 - 0x00007ffd7864e000 	C:\WINDOWS\SYSTEM32\WINHTTP.dll
0x00007ffd6c900000 - 0x00007ffd6c916000 	C:\pleiades\2024-03\java\21\bin\nio.dll
0x00007ffd7ada0000 - 0x00007ffd7adaa000 	C:\pleiades\2024-03\java\21\bin\management.dll
0x00007ffd7ad50000 - 0x00007ffd7ad5b000 	C:\pleiades\2024-03\java\21\bin\management_ext.dll
0x00007ffd85980000 - 0x00007ffd85988000 	C:\WINDOWS\System32\PSAPI.DLL
0x00007ffd55770000 - 0x00007ffd55788000 	C:\WINDOWS\system32\napinsp.dll
0x00007ffd55750000 - 0x00007ffd55762000 	C:\WINDOWS\System32\winrnr.dll
0x00007ffd55710000 - 0x00007ffd55740000 	C:\WINDOWS\system32\nlansp_c.dll
0x00007ffd6c570000 - 0x00007ffd6c590000 	C:\WINDOWS\system32\wshbth.dll
0x00007ffd6faa0000 - 0x00007ffd6fab0000 	C:\pleiades\2024-03\java\21\bin\verify.dll
0x00007ffd827c0000 - 0x00007ffd827db000 	C:\WINDOWS\SYSTEM32\CRYPTSP.dll
0x00007ffd81dd0000 - 0x00007ffd81e0b000 	C:\WINDOWS\system32\rsaenh.dll
0x00007ffd82480000 - 0x00007ffd824ab000 	C:\WINDOWS\SYSTEM32\USERENV.dll
0x00007ffd82ed0000 - 0x00007ffd82ef6000 	C:\WINDOWS\SYSTEM32\bcrypt.dll
0x00007ffd82620000 - 0x00007ffd8262c000 	C:\WINDOWS\SYSTEM32\CRYPTBASE.dll
0x00007ffd70460000 - 0x00007ffd70469000 	C:\pleiades\2024-03\java\21\bin\extnet.dll
0x00007ffd7c8f0000 - 0x00007ffd7c8fe000 	C:\pleiades\2024-03\java\21\bin\sunmscapi.dll
0x00007ffd83130000 - 0x00007ffd832a7000 	C:\WINDOWS\System32\CRYPT32.dll
0x00007ffd82910000 - 0x00007ffd82940000 	C:\WINDOWS\SYSTEM32\ncrypt.dll
0x00007ffd828c0000 - 0x00007ffd828ff000 	C:\WINDOWS\SYSTEM32\NTASN1.dll
0x00007ffd6c9d0000 - 0x00007ffd6c9d8000 	C:\WINDOWS\system32\wshunix.dll

dbghelp: loaded successfully - version: 4.0.5 - missing functions: none
symbol engine: initialized successfully - sym options: 0x614 - pdb path: .;C:\pleiades\2024-03\java\21\bin;C:\WINDOWS\SYSTEM32;C:\Program Files\Avast Software\Avast;C:\WINDOWS\WinSxS\amd64_microsoft.windows.common-controls_6595b64144ccf1df_6.0.26100.4484_none_3e0e6d4ce32ef3b3;C:\pleiades\2024-03\java\21\bin\server

VM Arguments:
jvm_args: -XX:+ShowCodeDetailsInExceptionMessages -agentlib:jdwp=transport=dt_socket,suspend=y,address=localhost:64973 -Dcom.sun.management.jmxremote -Dcom.sun.management.jmxremote.port=64971 -Dcom.sun.management.jmxremote.authenticate=false -Dcom.sun.management.jmxremote.ssl=false -Djava.rmi.server.hostname=localhost -Dspring.jmx.enabled=true -Dmanagement.endpoints.jmx.exposure.include=* -Dspring.application.admin.enabled=true -XX:TieredStopAtLevel=1 -Dspring.boot.project.name=KintaiSystem -javaagent:C:\pleiades\2024-03\eclipse\configuration\org.eclipse.osgi\251\0\.cp\lib\javaagent-shaded.jar -Dfile.encoding=UTF-8 -Dstdout.encoding=UTF-8 -Dstderr.encoding=UTF-8 
java_command: com.example.SpringBootSampleApplication --spring.output.ansi.enabled=always
java_class_path (initial): C:\pleiades\2024-03\workspace\KintaiSystem\target\classes;C:\pleiades\2024-03\workspace\KintaiSystem\target\test-classes;C:\Users\m83ai\.m2\repository\org\springframework\boot\spring-boot-starter-data-jdbc\3.4.1\spring-boot-starter-data-jdbc-3.4.1.jar;C:\Users\m83ai\.m2\repository\org\springframework\boot\spring-boot-starter-jdbc\3.4.1\spring-boot-starter-jdbc-3.4.1.jar;C:\Users\m83ai\.m2\repository\com\zaxxer\HikariCP\5.1.0\HikariCP-5.1.0.jar;C:\Users\m83ai\.m2\repository\org\springframework\spring-jdbc\6.2.1\spring-jdbc-6.2.1.jar;C:\Users\m83ai\.m2\repository\org\springframework\data\spring-data-jdbc\3.4.1\spring-data-jdbc-3.4.1.jar;C:\Users\m83ai\.m2\repository\org\springframework\data\spring-data-relational\3.4.1\spring-data-relational-3.4.1.jar;C:\Users\m83ai\.m2\repository\org\springframework\data\spring-data-commons\3.4.1\spring-data-commons-3.4.1.jar;C:\Users\m83ai\.m2\repository\org\springframework\spring-tx\6.2.1\spring-tx-6.2.1.jar;C:\Users\m83ai\.m2\repository\org\springframework\spring-context\6.2.1\spring-context-6.2.1.jar;C:\Users\m83ai\.m2\repository\org\springframework\boot\spring-boot-starter-thymeleaf\3.4.1\spring-boot-starter-thymeleaf-3.4.1.jar;C:\Users\m83ai\.m2\repository\org\springframework\boot\spring-boot-starter\3.4.1\spring-boot-starter-3.4.1.jar;C:\Users\m83ai\.m2\repository\org\springframework\boot\spring-boot-starter-logging\3.4.1\spring-boot-starter-logging-3.4.1.jar;C:\Users\m83ai\.m2\repository\ch\qos\logback\logback-classic\1.5.12\logback-classic-1.5.12.jar;C:\Users\m83ai\.m2\repository\ch\qos\logback\logback-core\1.5.12\logback-core-1.5.12.jar;C:\Users\m83ai\.m2\repository\org\apache\logging\log4j\log4j-to-slf4j\2.24.3\log4j-to-slf4j-2.24.3.jar;C:\Users\m83ai\.m2\repository\org\apache\logging\log4j\log4j-api\2.24.3\log4j-api-2.24.3.jar;C:\Users\m83ai\.m2\repository\org\slf4j\jul-to-slf4j\2.0.16\jul-to-slf4j-2.0.16.jar;C:\Users\m83ai\.m2\repository\jakarta\annotation\jakarta.annotation-api\2.1.1\jakarta.annotation-api-2.1.1.jar;C:\Users\m83ai\.m2\repository\org\yaml\snakeyaml\2.3\snakeyaml-2.3.jar;C:\Users\m83ai\.m2\repository\org\thymeleaf\thymeleaf-spring6\3.1.3.RELEASE\thymeleaf-spring6-3.1.3.RELEASE.jar;C:\Users\m83ai\.m2\repository\org\springframework\boot\spring-boot-starter-web\3.4.1\spring-boot-starter-web-3.4.1.jar;C:\Users\m83ai\.m2\repository\org\springframework\boot\spring-boot-starter-json\3.4.1\spring-boot-starter-json-3.4.1.jar;C:\Users\m83ai\.m2\repository\com\fasterxml\jackson\datatype\jackson-datatype-jdk8\2.18.2\jackson-datatype-jdk8-2.18.2.jar;C:\Users\m83ai\.m2\repository\com\fasterxml\jackson\datatype\jackson-datatype-jsr310\2.18.2\jackson-datatype-jsr310-2.18.2.jar;C:\Users\m83ai\.m2\repository\com\fasterxml\jackson\module\jackson-module-parameter-names\2.18.2\jackson-module-parameter-names-2.18.2.jar;C:\Users\m83ai\.m2\repository\org\springframework\boot\spring-boot-starter-tomcat\3.4.1\spring-boot-starter-tomcat-3.4.1.jar;C:\Users\m83ai\.m2\repository\org\apache\tomcat\embed\tomcat-embed-core\10.1.34\tomcat-embed-core-10.1.34.jar;C:\Users\m83ai\.m2\repository\org\apache\tomcat\embed\tomcat-embed-websocket\10.1.34\tomcat-embed-websocket-10.1.34.jar;C:\Users\m83ai\.m2\repository\org\springframework\spring-web\6.2.1\spring-web-6.2.1.jar;C:\Users\m83ai\.m2\repository\io\micrometer\micrometer-observation\1.14.2\micrometer-observation-1.14.2.jar;C:\Users\m83ai\.m2\repository\io\micrometer\micrometer-commons\1.14.2\micrometer-commons-1.14.2.jar;C:\Users\m83ai\.m2\repository\org\springframework\spring-webmvc\6.2.1\spring-webmvc-6.2.1.jar;C:\Users\m83ai\.m2\repository\org\springframework\spring-expression\6.2.1\spring-expression-6.2.1.jar;C:\Users\m83ai\.m2\repository\org\springframework\boot\spring-boot-devtools\3.4.1\spring-boot-devtools-3.4.1.jar;C:\Users\m83ai\.m2\repository\org\springframework\boot\spring-boot\3.4.1\spring-boot-3.4.1.jar;C:\Users\m83ai\.m2\repository\org\springframework\boot\spring-boot-autoconfigure\3.4.1\spring-boot-autoconfigure-3.4.1.jar;C:\Users\m83ai\.m2\repository\com\h2database\h2\2.3.232\h2-2.3.232.jar;C:\Users\m83ai\.m2\repository\org\projectlombok\lombok\1.18.36\lombok-1.18.36.jar;C:\Users\m83ai\.m2\repository\org\springframework\boot\spring-boot-starter-test\3.4.1\spring-boot-starter-test-3.4.1.jar;C:\Users\m83ai\.m2\repository\org\springframework\boot\spring-boot-test\3.4.1\spring-boot-test-3.4.1.jar;C:\Users\m83ai\.m2\repository\org\springframework\boot\spring-boot-test-autoconfigure\3.4.1\spring-boot-test-autoconfigure-3.4.1.jar;C:\Users\m83ai\.m2\repository\com\jayway\jsonpath\json-path\2.9.0\json-path-2.9.0.jar;C:\Users\m83ai\.m2\repository\jakarta\xml\bind\jakarta.xml.bind-api\4.0.2\jakarta.xml.bind-api-4.0.2.jar;C:\Users\m83ai\.m2\repository\jakarta\activation\jakarta.activation-api\2.1.3\jakarta.activation-api-2.1.3.jar;C:\Users\m83ai\.m2\repository\net\minidev\json-smart\2.5.1\json-smart-2.5.1.jar;C:\Users\m83ai\.m2\repository\net\minidev\accessors-smart\2.5.1\accessors-smart-2.5.1.jar;C:\Users\m83ai\.m2\repository\org\ow2\asm\asm\9.6\asm-9.6.jar;C:\Users\m83ai\.m2\repository\org\assertj\assertj-core\3.26.3\assertj-core-3.26.3.jar;C:\Users\m83ai\.m2\repository\net\bytebuddy\byte-buddy\1.15.11\byte-buddy-1.15.11.jar;C:\Users\m83ai\.m2\repository\org\awaitility\awaitility\4.2.2\awaitility-4.2.2.jar;C:\Users\m83ai\.m2\repository\org\hamcrest\hamcrest\2.2\hamcrest-2.2.jar;C:\Users\m83ai\.m2\repository\org\junit\jupiter\junit-jupiter\5.11.4\junit-jupiter-5.11.4.jar;C:\Users\m83ai\.m2\repository\org\junit\jupiter\junit-jupiter-api\5.11.4\junit-jupiter-api-5.11.4.jar;C:\Users\m83ai\.m2\repository\org\opentest4j\opentest4j\1.3.0\opentest4j-1.3.0.jar;C:\Users\m83ai\.m2\repository\org\junit\platform\junit-platform-commons\1.11.4\junit-platform-commons-1.11.4.jar;C:\Users\m83ai\.m2\repository\org\apiguardian\apiguardian-api\1.1.2\apiguardian-api-1.1.2.jar;C:\Users\m83ai\.m2\repository\org\junit\jupiter\junit-jupiter-params\5.11.4\junit-jupiter-params-5.11.4.jar;C:\Users\m83ai\.m2\repository\org\junit\jupiter\junit-jupiter-engine\5.11.4\junit-jupiter-engine-5.11.4.jar;C:\Users\m83ai\.m2\repository\org\junit\platform\junit-platform-engine\1.11.4\junit-platform-engine-1.11.4.jar;C:\Users\m83ai\.m2\repository\org\mockito\mockito-core\5.14.2\mockito-core-5.14.2.jar;C:\Users\m83ai\.m2\repository\net\bytebuddy\byte-buddy-agent\1.15.11\byte-buddy-agent-1.15.11.jar;C:\Users\m83ai\.m2\repository\org\objenesis\objenesis\3.3\objenesis-3.3.jar;C:\Users\m83ai\.m2\repository\org\mockito\mockito-junit-jupiter\5.14.2\mockito-junit-jupiter-5.14.2.jar;C:\Users\m83ai\.m2\repository\org\skyscreamer\jsonassert\1.5.3\jsonassert-1.5.3.jar;C:\Users\m83ai\.m2\repository\com\vaadin\external\google\android-json\0.0.20131108.vaadin1\android-json-0.0.20131108.vaadin1.jar;C:\Users\m83ai\.m2\repository\org\springframework\spring-core\6.2.1\spring-core-6.2.1.jar;C:\Users\m83ai\.m2\repository\org\springframework\spring-jcl\6.2.1\spring-jcl-6.2.1.jar;C:\Users\m83ai\.m2\repository\org\springframework\spring-test\6.2.1\spring-test-6.2.1.jar;C:\Users\m83ai\.m2\repository\org\xmlunit\xmlunit-core\2.10.0\xmlunit-core-2.10.0.jar;C:\Users\m83ai\.m2\repository\org\webjars\jquery\3.5.1\jquery-3.5.1.jar;C:\Users\m83ai\.m2\repository\org\webjars\bootstrap\4.5.3\bootstrap-4.5.3.jar;C:\Users\m83ai\.m2\repository\org\webjars\popper.js\1.16.0\popper.js-1.16.0.jar;C:\Users\m83ai\.m2\repository\org\webjars\webjars-locator\0.40\webjars-locator-0.40.jar;C:\Users\m83ai\.m2\repository\org\webjars\webjars-locator-core\0.59\webjars-locator-core-0.59.jar;C:\Users\m83ai\.m2\repository\io\github\classgraph\classgraph\4.8.173\classgraph-4.8.173.jar;C:\Users\m83ai\.m2\repository\com\fasterxml\jackson\core\jackson-core\2.18.2\jackson-core-2.18.2.jar;C:\Users\m83ai\.m2\repository\com\fasterxml\jackson\core\jackson-databind\2.18.2\jackson-databind-2.18.2.jar;C:\Users\m83ai\.m2\repository\com\fasterxml\jackson\core\jackson-annotations\2.18.2\jackson-annotations-2.18.2.jar;C:\Users\m83ai\.m2\repository\org\apache\commons\commons-lang3\3.17.0\commons-lang3-3.17.0.jar;C:\Users\m83ai\.m2\repository\org\springframework\boot\spring-boot-starter-validation\3.4.1\spring-boot-starter-validation-3.4.1.jar;C:\Users\m83ai\.m2\repository\org\apache\tomcat\embed\tomcat-embed-el\10.1.34\tomcat-embed-el-10.1.34.jar;C:\Users\m83ai\.m2\repository\org\hibernate\validator\hibernate-validator\8.0.2.Final\hibernate-validator-8.0.2.Final.jar;C:\Users\m83ai\.m2\repository\jakarta\validation\jakarta.validation-api\3.0.2\jakarta.validation-api-3.0.2.jar;C:\Users\m83ai\.m2\repository\org\jboss\logging\jboss-logging\3.6.1.Final\jboss-logging-3.6.1.Final.jar;C:\Users\m83ai\.m2\repository\com\fasterxml\classmate\1.7.0\classmate-1.7.0.jar;C:\Users\m83ai\.m2\repository\nz\net\ultraq\thymeleaf\thymeleaf-layout-dialect\3.3.0\thymeleaf-layout-dialect-3.3.0.jar;C:\Users\m83ai\.m2\repository\org\apache\groovy\groovy\4.0.24\groovy-4.0.24.jar;C:\Users\m83ai\.m2\repository\nz\net\ultraq\groovy\groovy-extensions\2.1.0\groovy-extensions-2.1.0.jar;C:\Users\m83ai\.m2\repository\nz\net\ultraq\thymeleaf\thymeleaf-expression-processor\3.2.0\thymeleaf-expression-processor-3.2.0.jar;C:\Users\m83ai\.m2\repository\org\thymeleaf\thymeleaf\3.1.3.RELEASE\thymeleaf-3.1.3.RELEASE.jar;C:\Users\m83ai\.m2\repository\ognl\ognl\3.3.4\ognl-3.3.4.jar;C:\Users\m83ai\.m2\repository\org\javassist\javassist\3.29.0-GA\javassist-3.29.0-GA.jar;C:\Users\m83ai\.m2\repository\org\attoparser\attoparser\2.0.7.RELEASE\attoparser-2.0.7.RELEASE.jar;C:\Users\m83ai\.m2\repository\org\unbescape\unbescape\1.1.6.RELEASE\unbescape-1.1.6.RELEASE.jar;C:\Users\m83ai\.m2\repository\org\slf4j\slf4j-api\2.0.16\slf4j-api-2.0.16.jar;C:\Users\m83ai\.m2\repository\org\mybatis\spring\boot\mybatis-spring-boot-starter\3.0.3\mybatis-spring-boot-starter-3.0.3.jar;C:\Users\m83ai\.m2\repository\org\mybatis\spring\boot\mybatis-spring-boot-autoconfigure\3.0.3\mybatis-spring-boot-autoconfigure-3.0.3.jar;C:\Users\m83ai\.m2\repository\org\mybatis\mybatis\3.5.14\mybatis-3.5.14.jar;C:\Users\m83ai\.m2\repository\org\mybatis\mybatis-spring\3.0.3\mybatis-spring-3.0.3.jar;C:\Users\m83ai\.m2\repository\org\modelmapper\extensions\modelmapper-spring\2.3.9\modelmapper-spring-2.3.9.jar;C:\Users\m83ai\.m2\repository\org\modelmapper\modelmapper\2.3.9\modelmapper-2.3.9.jar;C:\Users\m83ai\.m2\repository\org\springframework\spring-aop\6.2.1\spring-aop-6.2.1.jar;C:\Users\m83ai\.m2\repository\org\springframework\spring-beans\6.2.1\spring-beans-6.2.1.jar;C:\Users\m83ai\.m2\repository\org\aspectj\aspectjweaver\1.9.22.1\aspectjweaver-1.9.22.1.jar;C:\Users\m83ai\.m2\repository\org\springframework\boot\spring-boot-starter-security\3.4.1\spring-boot-starter-security-3.4.1.jar;C:\Users\m83ai\.m2\repository\org\springframework\security\spring-security-config\6.4.2\spring-security-config-6.4.2.jar;C:\Users\m83ai\.m2\repository\org\springframework\security\spring-security-core\6.4.2\spring-security-core-6.4.2.jar;C:\Users\m83ai\.m2\repository\org\springframework\security\spring-security-crypto\6.4.2\spring-security-crypto-6.4.2.jar;C:\Users\m83ai\.m2\repository\org\springframework\security\spring-security-web\6.4.2\spring-security-web-6.4.2.jar;C:\Users\m83ai\.m2\repository\org\thymeleaf\extras\thymeleaf-extras-springsecurity6\3.1.1.RELEASE\thymeleaf-extras-springsecurity6-3.1.1.RELEASE.jar;C:\Users\m83ai\.m2\repository\org\webjars\datatables-plugins\1.10.21\datatables-plugins-1.10.21.jar;C:\Users\m83ai\.m2\repository\org\webjars\datatables\1.10.21\datatables-1.10.21.jar
Launcher Type: SUN_STANDARD

[Global flags]
     intx CICompilerCount                          = 4                                         {product} {ergonomic}
     uint ConcGCThreads                            = 2                                         {product} {ergonomic}
     uint G1ConcRefinementThreads                  = 8                                         {product} {ergonomic}
   size_t G1HeapRegionSize                         = 4194304                                   {product} {ergonomic}
    uintx GCDrainStackTargetSize                   = 64                                        {product} {ergonomic}
   size_t InitialHeapSize                          = 532676608                                 {product} {ergonomic}
     bool ManagementServer                         = true                                      {product} {command line}
   size_t MarkStackSize                            = 4194304                                   {product} {ergonomic}
   size_t MaxHeapSize                              = 8510242816                                {product} {ergonomic}
   size_t MaxNewSize                               = 5104467968                                {product} {ergonomic}
   size_t MinHeapDeltaBytes                        = 4194304                                   {product} {ergonomic}
   size_t MinHeapSize                              = 8388608                                   {product} {ergonomic}
    uintx NonNMethodCodeHeapSize                   = 4096                                   {pd product} {ergonomic}
    uintx NonProfiledCodeHeapSize                  = 0                                      {pd product} {ergonomic}
     bool ProfileInterpreter                       = false                                  {pd product} {command line}
    uintx ProfiledCodeHeapSize                     = 0                                      {pd product} {ergonomic}
     bool ShowCodeDetailsInExceptionMessages       = true                                   {manageable} {command line}
   size_t SoftMaxHeapSize                          = 8510242816                             {manageable} {ergonomic}
     intx TieredStopAtLevel                        = 1                                         {product} {command line}
     bool UseCompressedOops                        = true                           {product lp64_product} {ergonomic}
     bool UseG1GC                                  = true                                      {product} {ergonomic}
     bool UseLargePagesIndividualAllocation        = false                                  {pd product} {ergonomic}

Logging:
Log output configuration:
 #0: stdout all=warning uptime,level,tags foldmultilines=false
 #1: stderr all=off uptime,level,tags foldmultilines=false

Environment Variables:
JAVA_HOME=C:\Program Files\Eclipse Adoptium\jdk-17.0.4.101-hotspot\
PATH=C:/pleiades/2024-03/java/21/bin/server;C:/pleiades/2024-03/java/21/bin;C:\Program Files\Eclipse Adoptium\jdk-21.0.7.6-hotspot\bin;C:\Program Files\Eclipse Adoptium\jdk-17.0.4.101-hotspot\bin;C:\app\m83ai\product\21c\dbhomeXE\bin;C:\WINDOWS\system32;C:\WINDOWS;C:\WINDOWS\System32\Wbem;C:\WINDOWS\System32\WindowsPowerShell\v1.0\;C:\WINDOWS\System32\OpenSSH\;C:\Program Files\Git\cmd;C:\Users\m83ai\AppData\Local\Microsoft\WindowsApps;C:\Program Files\MySQL\MySQL Server 8.4\bin;C:\Users\m83ai\AppData\Local\GitHubDesktop\bin;C:\pleiades\2024-03\eclipse;
USERNAME=m83ai
OS=Windows_NT
PROCESSOR_IDENTIFIER=Intel64 Family 6 Model 140 Stepping 1, GenuineIntel
TMP=C:\Users\m83ai\AppData\Local\Temp
TEMP=C:\Users\m83ai\AppData\Local\Temp




Periodic native trim disabled

---------------  S Y S T E M  ---------------

OS:
 Windows 11 , 64 bit Build 26100 (10.0.26100.4484)
OS uptime: 12 days 14:01 hours
Hyper-V role detected

CPU: total 8 (initial active 8) (4 cores per cpu, 2 threads per core) family 6 model 140 stepping 1 microcode 0xbc, cx8, cmov, fxsr, ht, mmx, 3dnowpref, sse, sse2, sse3, ssse3, sse4.1, sse4.2, popcnt, lzcnt, tsc, tscinvbit, avx, avx2, aes, erms, clmul, bmi1, bmi2, adx, avx512f, avx512dq, avx512cd, avx512bw, avx512vl, sha, fma, vzeroupper, avx512_vpopcntdq, avx512_vpclmulqdq, avx512_vaes, avx512_vnni, clflush, clflushopt, clwb, avx512_vbmi2, avx512_vbmi, hv, rdtscp, rdpid, fsrm, gfni, avx512_bitalg, f16c, cet_ibt, cet_ss, avx512_ifma
Processor Information for all 8 processors :
  Max Mhz: 2419, Current Mhz: 2419, Mhz Limit: 2419

Memory: 4k page, system-wide physical 32448M (17273M free)
TotalPageFile size 34496M (AvailPageFile size 13728M)
current process WorkingSet (physical memory assigned to process): 356M, peak: 452M
current process commit charge ("private bytes"): 394M, peak: 634M

vm_info: OpenJDK 64-Bit Server VM (21.0.2+13-LTS) for windows-amd64 JRE (21.0.2+13-LTS), built on 2024-01-16T00:00:00Z by "admin" with unknown MS VC++:1937

END.
